Header: 15 6367 27941
Seed pair (12, 14): inliers E=1053 H=120
camera[12]
{
	 r_vec : (0, 0, 0)
	 t_vec : (0, 0, 0)
}
camera[14]
{
	 r_vec : (-0.000699126, 0.0237821, 0.00802447)
	 t_vec : (-0.99925, 0.0305355, -0.0238207)
}
****************** OPTIM FOUND 12 OUTLIERS : redoing optim!!
camera[14]
{
	 r_vec : (-0.000957976, 0.0188388, 0.0079352)
	 t_vec : (-0.916448, 0.0254396, -0.0343061)
}
ADDED 987 new points
Using 3 over 15 cameras
0 0 0 0 0 0 0 0 0 0 0 0 1 1 1 
****************** OPTIM FOUND 32 OUTLIERS : redoing optim!!
camera[13]
{
	 r_vec : (-0.0175855, -0.0447132, 0.0107679)
	 t_vec : (0.045594, -1.16114, -0.148246)
}
Diverged: only 1 valid points remain.
Try to look for a better seed pair
Seed pair (12, 13): inliers E=735 H=72
camera[12]
{
	 r_vec : (0, 0, 0)
	 t_vec : (0, 0, 0)
}
camera[13]
{
	 r_vec : (-0.0194103, -0.0602788, 0.0135262)
	 t_vec : (0.246622, -0.962516, -0.112871)
}
****************** OPTIM FOUND 10 OUTLIERS : redoing optim!!
camera[13]
{
	 r_vec : (-0.0176666, -0.0588613, 0.0133258)
	 t_vec : (0.232443, -0.940221, -0.12214)
}
ADDED 1476 new points
Using 3 over 15 cameras
0 0 0 0 0 0 0 0 0 0 0 0 1 1 1 
****************** OPTIM FOUND 35 OUTLIERS : redoing optim!!
camera[14]
{
	 r_vec : (-0.00198888, -0.00353052, 0.00820538)
	 t_vec : (-0.459613, 0.0155504, 9.11925e-05)
}
ADDED 0 new points
Using 4 over 15 cameras
0 0 0 0 0 0 0 1 0 0 0 0 1 1 1 
****************** OPTIM CHEIRALITY VIOLATION for 15 points : redoing optim!!
camera[7]
{
	 r_vec : (-2.06781, -2.08577, -0.584281)
	 t_vec : (0.526912, -3.1718, -3.60719)
}
ADDED 288 new points
Using 5 over 15 cameras
0 0 0 0 0 0 0 1 1 0 0 0 1 1 1 
****************** OPTIM CHEIRALITY VIOLATION for 153 points : redoing optim!!
camera[8]
{
	 r_vec : (0.019934, -0.038909, 0.0198221)
	 t_vec : (0.859263, -1.01361, 2.11102)
}
ADDED 342 new points
Using 6 over 15 cameras
0 0 0 0 0 0 0 1 1 1 0 0 1 1 1 
****************** OPTIM CHEIRALITY VIOLATION for 163 points : redoing optim!!
camera[9]
{
	 r_vec : (0.0105164, -0.12283, 0.0122479)
	 t_vec : (4.51674, -0.761718, 2.57905)
}
ADDED 546 new points
Using 7 over 15 cameras
0 0 0 0 0 0 1 1 1 1 0 0 1 1 1 
WARNING: Logging before InitGoogleLogging() is written to STDERR
W0512 21:48:13.732748 49497 levenberg_marquardt_strategy.cc:115] Linear solver failure. Failed to compute a step: Eigen failure. Unable to perform dense Cholesky factorization.
W0512 21:48:13.735693 49497 levenberg_marquardt_strategy.cc:115] Linear solver failure. Failed to compute a step: Eigen failure. Unable to perform dense Cholesky factorization.
W0512 21:48:13.737414 49497 levenberg_marquardt_strategy.cc:115] Linear solver failure. Failed to compute a step: Eigen failure. Unable to perform dense Cholesky factorization.
W0512 21:48:13.737982 49497 levenberg_marquardt_strategy.cc:115] Linear solver failure. Failed to compute a step: Eigen failure. Unable to perform dense Cholesky factorization.
****************** OPTIM CHEIRALITY VIOLATION for 163 points : redoing optim!!
camera[6]
{
	 r_vec : (0.0400683, -0.119739, -0.0163051)
	 t_vec : (3.94581, 0.660947, 3.61736)
}
ADDED 238 new points
Using 8 over 15 cameras
0 0 0 0 0 1 1 1 1 1 0 0 1 1 1 
****************** OPTIM CHEIRALITY VIOLATION for 44 points : redoing optim!!
camera[5]
{
	 r_vec : (0.0467243, -0.23201, -0.069034)
	 t_vec : (6.16449, 0.472509, 3.95404)
}
ADDED 474 new points
Using 9 over 15 cameras
0 0 0 0 0 1 1 1 1 1 1 0 1 1 1 
****************** OPTIM CHEIRALITY VIOLATION for 13 points : redoing optim!!
****************** OPTIM FOUND 7 OUTLIERS : redoing optim!!
camera[10]
{
	 r_vec : (0.0166295, -0.157153, -0.0283672)
	 t_vec : (6.5692, -0.374599, 3.04754)
}
ADDED 203 new points
Using 10 over 15 cameras
0 0 0 0 1 1 1 1 1 1 1 0 1 1 1 
****************** OPTIM FOUND 6 OUTLIERS : redoing optim!!
camera[4]
{
	 r_vec : (0.0369516, -0.308266, -0.0986248)
	 t_vec : (8.4199, 0.515124, 4.15107)
}
ADDED 328 new points
Using 11 over 15 cameras
0 0 0 1 1 1 1 1 1 1 1 0 1 1 1 
****************** OPTIM CHEIRALITY VIOLATION for 7 points : redoing optim!!
W0512 21:48:14.312389 49497 levenberg_marquardt_strategy.cc:115] Linear solver failure. Failed to compute a step: Eigen failure. Unable to perform dense Cholesky factorization.
W0512 21:48:14.313601 49497 levenberg_marquardt_strategy.cc:115] Linear solver failure. Failed to compute a step: Eigen failure. Unable to perform dense Cholesky factorization.
W0512 21:48:14.319919 49497 levenberg_marquardt_strategy.cc:115] Linear solver failure. Failed to compute a step: Eigen failure. Unable to perform dense Cholesky factorization.
W0512 21:48:14.321079 49497 levenberg_marquardt_strategy.cc:115] Linear solver failure. Failed to compute a step: Eigen failure. Unable to perform dense Cholesky factorization.
****************** OPTIM FOUND 6 OUTLIERS : redoing optim!!
camera[3]
{
	 r_vec : (0.042319, -0.379755, -0.121955)
	 t_vec : (10.581, 0.228335, 4.37841)
}
ADDED 464 new points
Using 12 over 15 cameras
0 0 1 1 1 1 1 1 1 1 1 0 1 1 1 
****************** OPTIM FOUND 7 OUTLIERS : redoing optim!!
camera[2]
{
	 r_vec : (0.0530773, -0.442003, -0.13525)
	 t_vec : (12.4068, -0.05376, 4.59556)
}
ADDED 322 new points
Using 13 over 15 cameras
0 1 1 1 1 1 1 1 1 1 1 0 1 1 1 
****************** OPTIM FOUND 6 OUTLIERS : redoing optim!!
camera[1]
{
	 r_vec : (0.0653743, -0.503069, -0.136591)
	 t_vec : (14.5529, -0.137626, 4.97653)
}
ADDED 567 new points
Using 14 over 15 cameras
1 1 1 1 1 1 1 1 1 1 1 0 1 1 1 
****************** OPTIM FOUND 15 OUTLIERS : redoing optim!!
camera[0]
{
	 r_vec : (0.0863704, -0.541728, -0.16223)
	 t_vec : (14.8817, 1.0236, 4.96294)
}
ADDED 77 new points
Using 15 over 15 cameras
1 1 1 1 1 1 1 1 1 1 1 1 1 1 1 
****************** OPTIM FOUND 9 OUTLIERS : redoing optim!!
camera[11]
{
	 r_vec : (-0.00460893, -0.224019, -0.100055)
	 t_vec : (9.98094, -0.780031, 3.83623)
}
===== FINAL METRICS =====
Registered cameras  : 15 / 15  (success rate 100 %)
Valid 3D points     : 3263
Mean reprojection err: 2.03519 px  (focal = 1296 px)
=========================
Recostruction completed, exiting
