Header: 9 7416 37746
Seed pair (0, 8): inliers E=2136 H=220
camera[0]
{
	 r_vec : (0, 0, 0)
	 t_vec : (0, 0, 0)
}
camera[8]
{
	 r_vec : (0.0148112, 0.0196042, 0.00580111)
	 t_vec : (-0.228565, 0.972435, -0.0461285)
}
camera[8]
{
	 r_vec : (0.0149313, 0.02023, 0.00535649)
	 t_vec : (-0.252568, 0.974068, -0.0357868)
}
ADDED 2023 new points
Using 3 over 9 cameras
1 0 0 0 1 0 0 0 1 
****************** OPTIM FOUND 8 OUTLIERS : redoing optim!!
camera[4]
{
	 r_vec : (-0.0326895, -0.0263937, -0.0163752)
	 t_vec : (0.748597, 0.187207, 0.606004)
}
Diverged: only 0 valid points remain.
Try to look for a better seed pair
Seed pair (0, 4): inliers E=2300 H=331
camera[0]
{
	 r_vec : (0, 0, 0)
	 t_vec : (0, 0, 0)
}
camera[4]
{
	 r_vec : (-0.0333912, -0.0215442, -0.0184488)
	 t_vec : (0.727, 0.191648, 0.65935)
}
camera[4]
{
	 r_vec : (-0.0335366, -0.0218192, -0.0182708)
	 t_vec : (0.753171, 0.185683, 0.657873)
}
ADDED 1922 new points
Using 3 over 9 cameras
1 0 0 0 1 0 0 0 1 
****************** OPTIM FOUND 10 OUTLIERS : redoing optim!!
camera[8]
{
	 r_vec : (0.0105794, 0.0236786, 0.00282441)
	 t_vec : (-0.286542, 0.96188, 0.00828317)
}
Diverged: only 0 valid points remain.
Try to look for a better seed pair
Seed pair (1, 5): inliers E=1958 H=297
Forward-dominant motion detected, rejecting.
Try to look for a better seed pair
Seed pair (4, 8): inliers E=1538 H=151
camera[4]
{
	 r_vec : (0, 0, 0)
	 t_vec : (0, 0, 0)
}
camera[8]
{
	 r_vec : (0.0450333, 0.0525861, 0.0224847)
	 t_vec : (-0.768726, 0.519974, -0.372408)
}
camera[8]
{
	 r_vec : (0.0451356, 0.0516566, 0.0220428)
	 t_vec : (-0.765882, 0.521118, -0.373928)
}
ADDED 2858 new points
Using 3 over 9 cameras
1 0 0 0 1 0 0 0 1 
****************** OPTIM FOUND 9 OUTLIERS : redoing optim!!
camera[0]
{
	 r_vec : (0.0333632, 0.026531, 0.0175892)
	 t_vec : (-0.543865, -0.116267, -0.368827)
}
ADDED 0 new points
Using 4 over 9 cameras
1 0 0 0 1 0 0 1 1 
****************** OPTIM CHEIRALITY VIOLATION for 410 points : redoing optim!!
camera[7]
{
	 r_vec : (0.425438, 0.899845, -2.96862)
	 t_vec : (3.35983, 4.56877, -18.3192)
}
ADDED 0 new points
Using 5 over 9 cameras
1 0 1 0 1 0 0 1 1 
****************** OPTIM CHEIRALITY VIOLATION for 104 points : redoing optim!!
camera[2]
{
	 r_vec : (-0.581383, -0.812402, 2.98497)
	 t_vec : (2.78357, 4.19387, -16.1825)
}
ADDED 1 new points
Using 6 over 9 cameras
1 0 1 0 1 1 0 1 1 
****************** OPTIM CHEIRALITY VIOLATION for 45 points : redoing optim!!
camera[5]
{
	 r_vec : (0.425669, 0.882654, -3.00062)
	 t_vec : (15.0808, -3.17957, -32.9723)
}
Diverged: geometry exploded (max_dist = 189.131)
Try to look for a better seed pair
Seed pair (5, 6): inliers E=1881 H=261
camera[5]
{
	 r_vec : (0, 0, 0)
	 t_vec : (0, 0, 0)
}
camera[6]
{
	 r_vec : (-0.0120124, 0.00714681, -0.00500498)
	 t_vec : (-0.907403, 0.0769388, 0.413159)
}
camera[6]
{
	 r_vec : (-0.0112549, 0.00898205, -0.00485967)
	 t_vec : (-0.921663, 0.0983128, 0.441761)
}
ADDED 2044 new points
Using 3 over 9 cameras
0 1 0 0 0 1 1 0 0 
camera[1]
{
	 r_vec : (-0.00237243, -0.0894171, -0.011456)
	 t_vec : (1.10778, -0.1811, -0.872715)
}
Diverged: only 0 valid points remain.
Try to look for a better seed pair
Seed pair (5, 7): inliers E=1801 H=376
Forward-dominant motion detected, rejecting.
Try to look for a better seed pair
Seed pair (1, 7): inliers E=1622 H=267
Forward-dominant motion detected, rejecting.
Try to look for a better seed pair
Seed pair (1, 6): inliers E=1529 H=148
camera[1]
{
	 r_vec : (0, 0, 0)
	 t_vec : (0, 0, 0)
}
camera[6]
{
	 r_vec : (-0.00675591, 0.0941617, 0.00368328)
	 t_vec : (-0.763634, 0.14955, 0.628091)
}
camera[6]
{
	 r_vec : (-0.00677838, 0.096724, 0.00403605)
	 t_vec : (-0.783719, 0.149313, 0.640234)
}
ADDED 2407 new points
Using 3 over 9 cameras
0 1 0 0 0 1 1 0 0 
****************** OPTIM FOUND 7 OUTLIERS : redoing optim!!
camera[5]
{
	 r_vec : (0.00128665, 0.0866064, 0.00940047)
	 t_vec : (-0.354224, 0.068759, 0.483676)
}
ADDED 724 new points
Using 4 over 9 cameras
0 1 0 0 0 1 1 1 0 
camera[7]
{
	 r_vec : (-0.0184125, 0.0930421, 0.00818306)
	 t_vec : (-0.170843, 0.261176, 0.849295)
}
ADDED 514 new points
Using 5 over 9 cameras
1 1 0 0 0 1 1 1 0 
camera[0]
{
	 r_vec : (0.0426185, -0.0211899, -0.0118215)
	 t_vec : (1.41592, -0.231936, -0.291574)
}
ADDED 697 new points
Using 6 over 9 cameras
1 1 0 0 0 1 1 1 1 
****************** OPTIM FOUND 6 OUTLIERS : redoing optim!!
camera[8]
{
	 r_vec : (0.0544602, 0.00120219, -0.00889028)
	 t_vec : (1.24679, 0.333449, -0.342244)
}
ADDED 386 new points
Using 7 over 9 cameras
1 1 0 0 1 1 1 1 1 
camera[4]
{
	 r_vec : (0.00832513, -0.0462161, -0.0286708)
	 t_vec : (1.85984, -0.167639, 0.105139)
}
ADDED 193 new points
Using 8 over 9 cameras
1 1 1 0 1 1 1 1 1 
****************** OPTIM FOUND 7 OUTLIERS : redoing optim!!
camera[2]
{
	 r_vec : (-0.00835065, -0.147819, -0.0156179)
	 t_vec : (3.21288, 0.171334, -0.371744)
}
ADDED 951 new points
Using 9 over 9 cameras
1 1 1 1 1 1 1 1 1 
camera[3]
{
	 r_vec : (-0.0102391, -0.124011, -0.0396538)
	 t_vec : (3.05788, 0.811577, -0.0211077)
}
===== FINAL METRICS =====
Registered cameras  : 9 / 9  (success rate 100 %)
Valid 3D points     : 4967
Mean reprojection err: 1.79256 px  (focal = 1296 px)
=========================
Recostruction completed, exiting
