Header: 13 2174 11547
Seed pair (0, 5): inliers E=626 H=260
Forward-dominant motion detected, rejecting.
Try to look for a better seed pair
Seed pair (2, 4): inliers E=453 H=172
Forward-dominant motion detected, rejecting.
Try to look for a better seed pair
Seed pair (3, 4): inliers E=398 H=115
camera[3]
{
	 r_vec : (0, 0, 0)
	 t_vec : (0, 0, 0)
}
camera[4]
{
	 r_vec : (-0.00477374, 0.114493, -0.0193926)
	 t_vec : (-0.977377, -0.0876147, 0.192503)
}
camera[4]
{
	 r_vec : (0.00110238, 0.0888185, -0.0167027)
	 t_vec : (-0.833332, -0.0495913, 0.165052)
}
ADDED 0 new points
Using 3 over 13 cameras
0 0 1 1 1 0 0 0 0 0 0 0 0 
****************** OPTIM CHEIRALITY VIOLATION for 322 points : redoing optim!!
camera[2]
{
	 r_vec : (-8.70469, 3.86381, 11.6489)
	 t_vec : (1.5497, -16.4995, -112.864)
}
Diverged: geometry exploded (max_dist = 571.314)
Try to look for a better seed pair
Seed pair (0, 1): inliers E=462 H=155
camera[0]
{
	 r_vec : (0, 0, 0)
	 t_vec : (0, 0, 0)
}
camera[1]
{
	 r_vec : (0.0050864, -0.0936195, 0.00481737)
	 t_vec : (0.983215, 0.110345, 0.145303)
}
camera[1]
{
	 r_vec : (0.00468241, -0.0893674, 0.00333921)
	 t_vec : (0.940325, 0.106137, 0.125902)
}
ADDED 0 new points
Using 3 over 13 cameras
1 1 0 0 0 1 0 0 0 0 0 0 0 
****************** OPTIM CHEIRALITY VIOLATION for 375 points : redoing optim!!
camera[5]
{
	 r_vec : (0.0127425, 0.23059, 3.12181)
	 t_vec : (0.0499832, -1.12208, -19.4907)
}
ADDED 476 new points
Using 4 over 13 cameras
1 1 1 0 0 1 0 0 0 0 0 0 0 
****************** OPTIM CHEIRALITY VIOLATION for 252 points : redoing optim!!
****************** OPTIM FOUND 7 OUTLIERS : redoing optim!!
camera[2]
{
	 r_vec : (0.0109462, -0.106005, -0.0275258)
	 t_vec : (1.16342, -0.076499, -1.00665)
}
ADDED 284 new points
Using 5 over 13 cameras
1 1 1 0 1 1 0 0 0 0 0 0 0 
****************** OPTIM CHEIRALITY VIOLATION for 60 points : redoing optim!!
****************** OPTIM FOUND 11 OUTLIERS : redoing optim!!
camera[4]
{
	 r_vec : (0.0236807, -0.121486, -0.0484679)
	 t_vec : (1.42648, -0.182059, -0.598347)
}
ADDED 216 new points
Using 6 over 13 cameras
1 1 1 1 1 1 0 0 0 0 0 0 0 
****************** OPTIM CHEIRALITY VIOLATION for 31 points : redoing optim!!
****************** OPTIM FOUND 8 OUTLIERS : redoing optim!!
camera[3]
{
	 r_vec : (0.0128045, -0.126161, -0.0469247)
	 t_vec : (1.83174, -0.175967, -0.684716)
}
ADDED 64 new points
Using 7 over 13 cameras
1 1 1 1 1 1 0 0 0 0 0 1 0 
****************** OPTIM CHEIRALITY VIOLATION for 15 points : redoing optim!!
****************** OPTIM FOUND 8 OUTLIERS : redoing optim!!
camera[11]
{
	 r_vec : (0.180062, -0.20026, -0.0905225)
	 t_vec : (1.87534, 1.15471, -0.0345338)
}
ADDED 106 new points
Using 8 over 13 cameras
1 1 1 1 1 1 0 0 0 0 1 1 0 
camera[10]
{
	 r_vec : (0.140408, -0.317954, -0.129331)
	 t_vec : (2.80235, 0.80427, 0.437537)
}
ADDED 112 new points
Using 9 over 13 cameras
1 1 1 1 1 1 0 0 0 0 1 1 1 
****************** OPTIM CHEIRALITY VIOLATION for 59 points : redoing optim!!
****************** OPTIM FOUND 11 OUTLIERS : redoing optim!!
camera[12]
{
	 r_vec : (0.130547, -0.036412, 0.0204952)
	 t_vec : (0.321845, 0.941055, -0.64313)
}
ADDED 90 new points
Using 10 over 13 cameras
1 1 1 1 1 1 1 0 0 0 1 1 1 
****************** OPTIM CHEIRALITY VIOLATION for 50 points : redoing optim!!
camera[6]
{
	 r_vec : (0.00131995, -0.000810924, 0.0270553)
	 t_vec : (-0.410086, -0.171325, -0.313872)
}
ADDED 0 new points
Using 11 over 13 cameras
1 1 1 1 1 1 1 1 0 0 1 1 1 
****************** OPTIM CHEIRALITY VIOLATION for 63 points : redoing optim!!
camera[7]
{
	 r_vec : (0.228233, -0.0784053, -3.06182)
	 t_vec : (1.83372, -0.426297, -16.2263)
}
ADDED 0 new points
Using 12 over 13 cameras
1 1 1 1 1 1 1 1 0 1 1 1 1 
****************** OPTIM CHEIRALITY VIOLATION for 49 points : redoing optim!!
camera[9]
{
	 r_vec : (0.452457, 0.135282, 2.95201)
	 t_vec : (-2.6052, -0.0929555, -15.9439)
}
ADDED 0 new points
Using 13 over 13 cameras
1 1 1 1 1 1 1 1 1 1 1 1 1 
****************** OPTIM CHEIRALITY VIOLATION for 23 points : redoing optim!!
camera[8]
{
	 r_vec : (0.385253, -0.269375, -2.98229)
	 t_vec : (2.5583, -1.32598, -16.5371)
}
===== FINAL METRICS =====
Registered cameras  : 13 / 13  (success rate 100 %)
Valid 3D points     : 776
Mean reprojection err: 2.4698 px  (focal = 1296 px)
=========================
Recostruction completed, exiting
