Header: 13 2321 12010
Seed pair (0, 5): inliers E=688 H=487
Forward-dominant motion detected, rejecting.
Try to look for a better seed pair
Seed pair (0, 1): inliers E=652 H=240
camera[0]
{
	 r_vec : (0, 0, 0)
	 t_vec : (0, 0, 0)
}
camera[1]
{
	 r_vec : (-0.00205864, -0.0858197, 0.000156908)
	 t_vec : (0.98552, 0.0512439, 0.161631)
}
camera[1]
{
	 r_vec : (-0.00219248, -0.0677785, -0.00276581)
	 t_vec : (0.82116, 0.0560593, 0.0756186)
}
ADDED 0 new points
Using 3 over 13 cameras
1 1 0 0 0 1 0 0 0 0 0 0 0 
****************** OPTIM CHEIRALITY VIOLATION for 488 points : redoing optim!!
camera[5]
{
	 r_vec : (-0.136758, 0.120157, 3.13418)
	 t_vec : (1.03188, -0.473297, -20.8095)
}
Diverged: geometry exploded (max_dist = 104.558)
Try to look for a better seed pair
Seed pair (2, 4): inliers E=617 H=346
Forward-dominant motion detected, rejecting.
Try to look for a better seed pair
Seed pair (1, 5): inliers E=594 H=264
Forward-dominant motion detected, rejecting.
Try to look for a better seed pair
Seed pair (1, 2): inliers E=592 H=217
camera[1]
{
	 r_vec : (0, 0, 0)
	 t_vec : (0, 0, 0)
}
camera[2]
{
	 r_vec : (-0.0117462, -0.160573, -0.0176467)
	 t_vec : (0.992799, -0.114283, 0.0359018)
}
camera[2]
{
	 r_vec : (-0.00575603, -0.11734, -0.0165295)
	 t_vec : (0.818954, -0.0745981, -0.0202903)
}
ADDED 1 new points
Using 3 over 13 cameras
0 1 1 0 1 0 0 0 0 0 0 0 0 
****************** OPTIM CHEIRALITY VIOLATION for 421 points : redoing optim!!
camera[4]
{
	 r_vec : (0.260673, 0.0755397, 3.10204)
	 t_vec : (-1.19677, 0.00278301, -10.5269)
}
ADDED 0 new points
Using 4 over 13 cameras
1 1 1 0 1 0 0 0 0 0 0 0 0 
****************** OPTIM CHEIRALITY VIOLATION for 93 points : redoing optim!!
camera[0]
{
	 r_vec : (0.207513, -0.128189, -3.12112)
	 t_vec : (0.814775, -0.412223, -10.7662)
}
ADDED 0 new points
Using 5 over 13 cameras
1 1 1 0 1 0 0 0 0 0 0 1 0 
****************** OPTIM CHEIRALITY VIOLATION for 30 points : redoing optim!!
camera[11]
{
	 r_vec : (96.6703, 131.412, -178.482)
	 t_vec : (-11.5012, -58.4508, -1882.14)
}
Diverged: geometry exploded (max_dist = 9415.34)
Try to look for a better seed pair
Seed pair (3, 4): inliers E=567 H=209
camera[3]
{
	 r_vec : (0, 0, 0)
	 t_vec : (0, 0, 0)
}
camera[4]
{
	 r_vec : (0.0199956, 0.15113, -0.0184676)
	 t_vec : (-0.971869, 0.0464602, 0.230895)
}
camera[4]
{
	 r_vec : (0.015366, 0.0947445, -0.0126886)
	 t_vec : (-0.736783, 0.0305291, 0.139408)
}
ADDED 77 new points
Using 3 over 13 cameras
0 0 1 1 1 0 0 0 0 0 0 0 0 
camera[2]
{
	 r_vec : (-60.0382, 140.67, -99.0264)
	 t_vec : (-0.441494, 0.552752, 11.9778)
}
ADDED 218 new points
Using 4 over 13 cameras
0 1 1 1 1 0 0 0 0 0 0 0 0 
camera[1]
{
	 r_vec : (-0.0625463, 0.159758, -0.0621307)
	 t_vec : (-130.34, 65.1133, 1878.61)
}
Diverged: geometry exploded (max_dist = 1395.15)
Try to look for a better seed pair
Seed pair (0, 6): inliers E=542 H=206
Forward-dominant motion detected, rejecting.
Try to look for a better seed pair
Seed pair (2, 3): inliers E=542 H=161
camera[2]
{
	 r_vec : (0, 0, 0)
	 t_vec : (0, 0, 0)
}
camera[3]
{
	 r_vec : (-0.0233819, -0.0648859, -0.0124127)
	 t_vec : (0.949551, -0.30346, 0.0791487)
}
camera[3]
{
	 r_vec : (-0.015192, -0.0509251, -0.0105369)
	 t_vec : (0.869456, -0.242674, 0.122738)
}
ADDED 1 new points
Using 3 over 13 cameras
0 0 1 1 1 0 0 0 0 0 0 0 0 
****************** OPTIM CHEIRALITY VIOLATION for 422 points : redoing optim!!
camera[4]
{
	 r_vec : (0.0932841, 0.0562265, 3.12667)
	 t_vec : (-0.545069, -0.0308728, -15.058)
}
ADDED 0 new points
Using 4 over 13 cameras
0 1 1 1 1 0 0 0 0 0 0 0 0 
****************** OPTIM CHEIRALITY VIOLATION for 53 points : redoing optim!!
camera[1]
{
	 r_vec : (37.7397, -20.8393, -30.9441)
	 t_vec : (-30.1202, -286.404, -6263.1)
}
Diverged: geometry exploded (max_dist = 31349.5)
Try to look for a better seed pair
Seed pair (0, 12): inliers E=468 H=175
Forward-dominant motion detected, rejecting.
Try to look for a better seed pair
Seed pair (1, 4): inliers E=539 H=154
camera[1]
{
	 r_vec : (0, 0, 0)
	 t_vec : (0, 0, 0)
}
camera[4]
{
	 r_vec : (0.0124162, -0.0831955, -0.0270274)
	 t_vec : (0.956502, -0.209933, 0.202565)
}
camera[4]
{
	 r_vec : (0.0118239, -0.0839367, -0.0324053)
	 t_vec : (0.957764, -0.214463, 0.196613)
}
ADDED 0 new points
Using 3 over 13 cameras
0 1 1 0 1 0 0 0 0 0 0 0 0 
****************** OPTIM CHEIRALITY VIOLATION for 426 points : redoing optim!!
camera[2]
{
	 r_vec : (-0.0739461, -0.196337, -3.14701)
	 t_vec : (-0.600285, -0.809508, -14.1863)
}
ADDED 0 new points
Using 4 over 13 cameras
1 1 1 0 1 0 0 0 0 0 0 0 0 
****************** OPTIM CHEIRALITY VIOLATION for 75 points : redoing optim!!
camera[0]
{
	 r_vec : (-87.063, 144.425, 91.1677)
	 t_vec : (204.968, -391.579, -7513.47)
}
Diverged: geometry exploded (max_dist = 37633.4)
Try to look for a better seed pair
Seed pair (0, 2): inliers E=499 H=126
camera[0]
{
	 r_vec : (0, 0, 0)
	 t_vec : (0, 0, 0)
}
camera[2]
{
	 r_vec : (-0.0120384, -0.0845871, -0.0354732)
	 t_vec : (0.984515, -0.115048, 0.132262)
}
camera[2]
{
	 r_vec : (-0.00672661, -0.0769529, -0.0303419)
	 t_vec : (0.941794, -0.0722554, 0.120656)
}
ADDED 0 new points
Using 3 over 13 cameras
1 1 1 0 0 0 0 0 0 0 0 0 0 
****************** OPTIM CHEIRALITY VIOLATION for 401 points : redoing optim!!
camera[1]
{
	 r_vec : (-8.6401, 0.735302, 4.04961)
	 t_vec : (5.75065, 0.311015, -3.978)
}
ADDED 0 new points
Using 4 over 13 cameras
1 1 1 0 1 0 0 0 0 0 0 0 0 
****************** OPTIM CHEIRALITY VIOLATION for 61 points : redoing optim!!
camera[4]
{
	 r_vec : (-0.232262, -0.145306, -3.17435)
	 t_vec : (-1.58416, -0.383254, -15.3745)
}
ADDED 2 new points
Using 5 over 13 cameras
1 1 1 0 1 1 0 0 0 0 0 0 0 
WARNING: Logging before InitGoogleLogging() is written to STDERR
W0512 21:49:01.454677 50723 levenberg_marquardt_strategy.cc:115] Linear solver failure. Failed to compute a step: Eigen failure. Unable to perform dense Cholesky factorization.
W0512 21:49:01.454883 50723 levenberg_marquardt_strategy.cc:115] Linear solver failure. Failed to compute a step: Eigen failure. Unable to perform dense Cholesky factorization.
W0512 21:49:01.455054 50723 levenberg_marquardt_strategy.cc:115] Linear solver failure. Failed to compute a step: Eigen failure. Unable to perform dense Cholesky factorization.
W0512 21:49:01.455219 50723 levenberg_marquardt_strategy.cc:115] Linear solver failure. Failed to compute a step: Eigen failure. Unable to perform dense Cholesky factorization.
W0512 21:49:01.455389 50723 levenberg_marquardt_strategy.cc:115] Linear solver failure. Failed to compute a step: Eigen failure. Unable to perform dense Cholesky factorization.
W0512 21:49:01.455557 50723 levenberg_marquardt_strategy.cc:115] Linear solver failure. Failed to compute a step: Eigen failure. Unable to perform dense Cholesky factorization.
W0512 21:49:01.455607 50723 levenberg_marquardt_strategy.cc:115] Linear solver failure. Failed to compute a step: Eigen failure. Unable to perform dense Cholesky factorization.
****************** OPTIM CHEIRALITY VIOLATION for 24 points : redoing optim!!
W0512 21:49:01.457116 50723 levenberg_marquardt_strategy.cc:115] Linear solver failure. Failed to compute a step: Eigen failure. Unable to perform dense Cholesky factorization.
W0512 21:49:01.457207 50723 levenberg_marquardt_strategy.cc:115] Linear solver failure. Failed to compute a step: Eigen failure. Unable to perform dense Cholesky factorization.
W0512 21:49:01.457293 50723 levenberg_marquardt_strategy.cc:115] Linear solver failure. Failed to compute a step: Eigen failure. Unable to perform dense Cholesky factorization.
W0512 21:49:01.457319 50723 levenberg_marquardt_strategy.cc:115] Linear solver failure. Failed to compute a step: Eigen failure. Unable to perform dense Cholesky factorization.
camera[5]
{
	 r_vec : (0.179443, -0.120384, -3.30656)
	 t_vec : (1.20948, -0.340919, -13.9831)
}
Diverged: geometry exploded (max_dist = 170.057)
Try to look for a better seed pair
Seed pair (0, 7): inliers E=456 H=119
Forward-dominant motion detected, rejecting.
Try to look for a better seed pair
Seed pair (0, 4): inliers E=471 H=137
camera[0]
{
	 r_vec : (0, 0, 0)
	 t_vec : (0, 0, 0)
}
camera[4]
{
	 r_vec : (0.033389, -0.248522, -0.0232267)
	 t_vec : (0.977685, -0.0142, 0.209594)
}
camera[4]
{
	 r_vec : (0.024647, -0.202312, -0.0437483)
	 t_vec : (0.880043, -0.0391192, 0.224291)
}
ADDED 0 new points
Using 3 over 13 cameras
1 1 0 0 1 0 0 0 0 0 0 0 0 
****************** OPTIM CHEIRALITY VIOLATION for 366 points : redoing optim!!
camera[1]
{
	 r_vec : (-2.9849, 0.218048, 0.347335)
	 t_vec : (1.34132, -4.54906, -62.2117)
}
Diverged: geometry exploded (max_dist = 313.05)
Try to look for a better seed pair
Seed pair (6, 7): inliers E=496 H=208
camera[6]
{
	 r_vec : (0, 0, 0)
	 t_vec : (0, 0, 0)
}
camera[7]
{
	 r_vec : (-0.042341, 0.0888688, 0.0410228)
	 t_vec : (-0.919711, -0.141221, 0.366317)
}
camera[7]
{
	 r_vec : (-0.0407626, 0.0760862, 0.0429206)
	 t_vec : (-0.826338, -0.125654, 0.355025)
}
ADDED 0 new points
Using 3 over 13 cameras
1 0 0 0 0 0 1 1 0 0 0 0 0 
****************** OPTIM CHEIRALITY VIOLATION for 360 points : redoing optim!!
camera[0]
{
	 r_vec : (0.174864, -0.188206, -3.13477)
	 t_vec : (0.364905, -1.10067, -16.1746)
}
ADDED 0 new points
Using 4 over 13 cameras
1 0 0 0 0 0 1 1 1 0 0 0 0 
****************** OPTIM CHEIRALITY VIOLATION for 57 points : redoing optim!!
camera[8]
{
	 r_vec : (-6.75838, 1.82548, 6.28722)
	 t_vec : (36.7915, -15.9786, -308.726)
}
Diverged: geometry exploded (max_dist = 1558.95)
Try to look for a better seed pair
Seed pair (5, 6): inliers E=452 H=170
camera[5]
{
	 r_vec : (0, 0, 0)
	 t_vec : (0, 0, 0)
}
camera[6]
{
	 r_vec : (-0.00389705, 0.235772, 0.00960003)
	 t_vec : (-0.988244, 0.0287056, 0.150164)
}
camera[6]
{
	 r_vec : (-0.00813122, 0.164378, 0.0340729)
	 t_vec : (-0.8121, 0.0194022, 0.192987)
}
ADDED 0 new points
Using 3 over 13 cameras
1 0 0 0 0 1 1 0 0 0 0 0 0 
****************** OPTIM CHEIRALITY VIOLATION for 380 points : redoing optim!!
camera[0]
{
	 r_vec : (73.5808, 69.7715, 42.7044)
	 t_vec : (37.6078, -86.4803, -1864.5)
}
Diverged: geometry exploded (max_dist = 9335.65)
Try to look for a better seed pair
Seed pair (1, 12): inliers E=443 H=133
camera[1]
{
	 r_vec : (0, 0, 0)
	 t_vec : (0, 0, 0)
}
camera[12]
{
	 r_vec : (0.162973, 0.0451262, 0.0172485)
	 t_vec : (-0.369693, 0.919431, 0.134067)
}
camera[12]
{
	 r_vec : (0.162096, 0.0435539, 0.0169266)
	 t_vec : (-0.361191, 0.915403, 0.121476)
}
ADDED 0 new points
Using 3 over 13 cameras
1 1 0 0 0 0 0 0 0 0 0 0 1 
****************** OPTIM CHEIRALITY VIOLATION for 373 points : redoing optim!!
camera[0]
{
	 r_vec : (0.793585, -0.297881, -3.11353)
	 t_vec : (2.9782, -1.53058, -16.9839)
}
ADDED 0 new points
Using 4 over 13 cameras
1 1 1 0 0 0 0 0 0 0 0 0 1 
****************** OPTIM CHEIRALITY VIOLATION for 43 points : redoing optim!!
camera[2]
{
	 r_vec : (-19.1921, -23.2342, 73.0132)
	 t_vec : (-26.612, -41.6232, -819.892)
}
Diverged: geometry exploded (max_dist = 4108.72)
Try to look for a better seed pair
Seed pair (2, 5): inliers E=427 H=133
camera[2]
{
	 r_vec : (0, 0, 0)
	 t_vec : (0, 0, 0)
}
camera[5]
{
	 r_vec : (-0.0356209, 0.206982, 0.00481372)
	 t_vec : (-0.923457, -0.212933, 0.319198)
}
camera[5]
{
	 r_vec : (-0.0202901, 0.151768, 0.00338505)
	 t_vec : (-0.794706, -0.158352, 0.355079)
}
ADDED 0 new points
Using 3 over 13 cameras
0 1 1 0 0 1 0 0 0 0 0 0 0 
****************** OPTIM CHEIRALITY VIOLATION for 342 points : redoing optim!!
camera[1]
{
	 r_vec : (65577.7, -35285.1, -112902)
	 t_vec : (905.319, -10392.3, -166642)
}
Diverged: geometry exploded (max_dist = 834840)
Try to look for a better seed pair
Seed pair (1, 3): inliers E=440 H=104
camera[1]
{
	 r_vec : (0, 0, 0)
	 t_vec : (0, 0, 0)
}
camera[3]
{
	 r_vec : (0.0170997, -0.0890512, -0.02439)
	 t_vec : (0.99739, -0.0615086, 0.0378011)
}
camera[3]
{
	 r_vec : (0.0126384, -0.0890775, -0.0319596)
	 t_vec : (0.994736, -0.0858801, 0.0316513)
}
ADDED 0 new points
Using 3 over 13 cameras
0 1 0 1 1 0 0 0 0 0 0 0 0 
****************** OPTIM CHEIRALITY VIOLATION for 345 points : redoing optim!!
camera[4]
{
	 r_vec : (0.151373, 0.0747576, 3.10269)
	 t_vec : (-0.771732, -0.0252873, -10.5275)
}
ADDED 46 new points
Using 4 over 13 cameras
0 1 0 1 1 1 0 0 0 0 0 0 0 
****************** OPTIM CHEIRALITY VIOLATION for 12 points : redoing optim!!
camera[5]
{
	 r_vec : (0.178462, -0.343507, -0.282009)
	 t_vec : (1.98094, 0.619909, -1.82809)
}
ADDED 602 new points
Using 5 over 13 cameras
1 1 0 1 1 1 0 0 0 0 0 0 0 
****************** OPTIM CHEIRALITY VIOLATION for 212 points : redoing optim!!
****************** OPTIM CHEIRALITY VIOLATION for 8 points : redoing optim!!
camera[0]
{
	 r_vec : (0.124226, -0.137825, -0.300303)
	 t_vec : (0.800553, 0.496151, -4.43433)
}
ADDED 0 new points
Using 6 over 13 cameras
1 1 0 1 1 1 1 0 0 0 0 0 0 
****************** OPTIM CHEIRALITY VIOLATION for 259 points : redoing optim!!
camera[6]
{
	 r_vec : (-0.16708, -0.637874, 2.5555)
	 t_vec : (1.0523, 1.89805, -4.76543)
}
ADDED 0 new points
Using 7 over 13 cameras
1 1 0 1 1 1 1 0 0 0 0 0 1 
****************** OPTIM CHEIRALITY VIOLATION for 93 points : redoing optim!!
camera[12]
{
	 r_vec : (-0.229251, 1.0674, -1.00735)
	 t_vec : (-1.71607, -0.986318, -65.2483)
}
Diverged: geometry exploded (max_dist = 304)
Try to look for a better seed pair
Seed pair (1, 6): inliers E=419 H=123
camera[1]
{
	 r_vec : (0, 0, 0)
	 t_vec : (0, 0, 0)
}
camera[6]
{
	 r_vec : (-0.00129075, 0.101739, 0.0220702)
	 t_vec : (-0.926076, -0.115023, 0.359378)
}
camera[6]
{
	 r_vec : (-0.00121399, 0.0961622, 0.0217611)
	 t_vec : (-0.906863, -0.113536, 0.382887)
}
ADDED 59 new points
Using 3 over 13 cameras
1 1 0 0 0 0 1 0 0 0 0 0 0 
****************** OPTIM CHEIRALITY VIOLATION for 270 points : redoing optim!!
****************** OPTIM CHEIRALITY VIOLATION for 72 points : redoing optim!!
****************** OPTIM CHEIRALITY VIOLATION for 22 points : redoing optim!!
W0512 21:49:02.718210 50723 levenberg_marquardt_strategy.cc:115] Linear solver failure. Failed to compute a step: Eigen failure. Unable to perform dense Cholesky factorization.
W0512 21:49:02.718607 50723 levenberg_marquardt_strategy.cc:115] Linear solver failure. Failed to compute a step: Eigen failure. Unable to perform dense Cholesky factorization.
W0512 21:49:02.718745 50723 levenberg_marquardt_strategy.cc:115] Linear solver failure. Failed to compute a step: Eigen failure. Unable to perform dense Cholesky factorization.
****************** OPTIM CHEIRALITY VIOLATION for 6 points : redoing optim!!
****************** OPTIM CHEIRALITY VIOLATION for 14 points : redoing optim!!
W0512 21:49:02.743060 50723 levenberg_marquardt_strategy.cc:115] Linear solver failure. Failed to compute a step: Eigen failure. Unable to perform dense Cholesky factorization.
W0512 21:49:02.743492 50723 levenberg_marquardt_strategy.cc:115] Linear solver failure. Failed to compute a step: Eigen failure. Unable to perform dense Cholesky factorization.
W0512 21:49:02.743575 50723 levenberg_marquardt_strategy.cc:115] Linear solver failure. Failed to compute a step: Eigen failure. Unable to perform dense Cholesky factorization.
W0512 21:49:02.744679 50723 levenberg_marquardt_strategy.cc:115] Linear solver failure. Failed to compute a step: Eigen failure. Unable to perform dense Cholesky factorization.
W0512 21:49:02.744756 50723 levenberg_marquardt_strategy.cc:115] Linear solver failure. Failed to compute a step: Eigen failure. Unable to perform dense Cholesky factorization.
W0512 21:49:02.745013 50723 levenberg_marquardt_strategy.cc:115] Linear solver failure. Failed to compute a step: Eigen failure. Unable to perform dense Cholesky factorization.
W0512 21:49:02.745265 50723 levenberg_marquardt_strategy.cc:115] Linear solver failure. Failed to compute a step: Eigen failure. Unable to perform dense Cholesky factorization.
W0512 21:49:02.745527 50723 levenberg_marquardt_strategy.cc:115] Linear solver failure. Failed to compute a step: Eigen failure. Unable to perform dense Cholesky factorization.
W0512 21:49:02.745611 50723 levenberg_marquardt_strategy.cc:115] Linear solver failure. Failed to compute a step: Eigen failure. Unable to perform dense Cholesky factorization.
W0512 21:49:02.745904 50723 levenberg_marquardt_strategy.cc:115] Linear solver failure. Failed to compute a step: Eigen failure. Unable to perform dense Cholesky factorization.
W0512 21:49:02.746186 50723 levenberg_marquardt_strategy.cc:115] Linear solver failure. Failed to compute a step: Eigen failure. Unable to perform dense Cholesky factorization.
W0512 21:49:02.746630 50723 levenberg_marquardt_strategy.cc:115] Linear solver failure. Failed to compute a step: Eigen failure. Unable to perform dense Cholesky factorization.
W0512 21:49:02.746706 50723 levenberg_marquardt_strategy.cc:115] Linear solver failure. Failed to compute a step: Eigen failure. Unable to perform dense Cholesky factorization.
W0512 21:49:02.746778 50723 levenberg_marquardt_strategy.cc:115] Linear solver failure. Failed to compute a step: Eigen failure. Unable to perform dense Cholesky factorization.
camera[0]
{
	 r_vec : (-0.0110044, 0.118104, -0.0440612)
	 t_vec : (-0.790296, -0.201878, -3.09355)
}
ADDED 118 new points
Using 4 over 13 cameras
1 1 0 0 0 1 1 0 0 0 0 0 0 
****************** OPTIM CHEIRALITY VIOLATION for 59 points : redoing optim!!
****************** OPTIM CHEIRALITY VIOLATION for 73 points : redoing optim!!
****************** OPTIM CHEIRALITY VIOLATION for 11 points : redoing optim!!
****************** OPTIM CHEIRALITY VIOLATION for 7 points : redoing optim!!
camera[5]
{
	 r_vec : (-0.0860506, 0.254168, -0.022715)
	 t_vec : (-1.19094, -0.423513, -2.85475)
}
ADDED 0 new points
Using 5 over 13 cameras
1 1 1 0 0 1 1 0 0 0 0 0 0 
camera[2]
{
	 r_vec : (-3.6802, -3.08564, -4.12191)
	 t_vec : (-0.237655, -0.346589, -3.45581)
}
ADDED 0 new points
Using 6 over 13 cameras
1 1 1 0 1 1 1 0 0 0 0 0 0 
****************** OPTIM CHEIRALITY VIOLATION for 32 points : redoing optim!!
camera[4]
{
	 r_vec : (150.052, -155.834, -133.829)
	 t_vec : (-75.9722, 67.8131, -1381.45)
}
Diverged: geometry exploded (max_dist = 6909.52)
Try to look for a better seed pair
Seed pair (5, 12): inliers E=412 H=130
camera[5]
{
	 r_vec : (0, 0, 0)
	 t_vec : (0, 0, 0)
}
camera[12]
{
	 r_vec : (0.050445, 0.00713054, 0.0243716)
	 t_vec : (0.0175341, 0.952627, -0.303634)
}
camera[12]
{
	 r_vec : (0.0776035, 0.00768406, 0.0183758)
	 t_vec : (0.00837644, 1.22231, -0.194607)
}
ADDED 537 new points
Using 3 over 13 cameras
1 0 0 0 0 1 0 0 0 0 0 0 1 
camera[0]
{
	 r_vec : (13.0613, -13.3799, -1.93222)
	 t_vec : (-0.196918, -0.155886, -0.58854)
}
ADDED 0 new points
Using 4 over 13 cameras
1 1 0 0 0 1 0 0 0 0 0 0 1 
****************** OPTIM CHEIRALITY VIOLATION for 21 points : redoing optim!!
camera[1]
{
	 r_vec : (-0.12761, -0.226923, 3.10676)
	 t_vec : (0.493154, 1.165, -19.2785)
}
ADDED 0 new points
Using 5 over 13 cameras
1 1 0 0 0 1 1 0 0 0 0 0 1 
****************** OPTIM CHEIRALITY VIOLATION for 8 points : redoing optim!!
camera[6]
{
	 r_vec : (0.439028, -0.280578, -3.16835)
	 t_vec : (3.07188, -1.73937, -18.9373)
}
Diverged: only 6 valid points remain.
Try to look for a better seed pair
Seed pair (4, 5): inliers E=437 H=100
camera[4]
{
	 r_vec : (0, 0, 0)
	 t_vec : (0, 0, 0)
}
camera[5]
{
	 r_vec : (-0.0102245, 0.101568, 0.0240145)
	 t_vec : (-0.979217, -0.0383061, 0.199164)
}
camera[5]
{
	 r_vec : (-0.00704673, 0.105145, 0.025252)
	 t_vec : (-0.993577, -0.0212518, 0.196418)
}
ADDED 0 new points
Using 3 over 13 cameras
1 0 0 0 1 1 0 0 0 0 0 0 0 
****************** OPTIM CHEIRALITY VIOLATION for 364 points : redoing optim!!
camera[0]
{
	 r_vec : (3.01047, -0.597905, -0.0566179)
	 t_vec : (0.184954, 0.277228, 0.213641)
}
ADDED 0 new points
Using 4 over 13 cameras
1 0 1 0 1 1 0 0 0 0 0 0 0 
****************** OPTIM CHEIRALITY VIOLATION for 53 points : redoing optim!!
camera[2]
{
	 r_vec : (13.2395, -19.8821, -14.792)
	 t_vec : (-69.5335, -116.271, -1732.2)
}
Diverged: geometry exploded (max_dist = 8688.64)
Try to look for a better seed pair
Seed pair (0, 3): inliers E=398 H=78
camera[0]
{
	 r_vec : (0, 0, 0)
	 t_vec : (0, 0, 0)
}
camera[3]
{
	 r_vec : (-0.0187793, -0.313748, -0.0265459)
	 t_vec : (0.980814, -0.101794, 0.166256)
}
camera[3]
{
	 r_vec : (-0.0135396, -0.251937, -0.0289631)
	 t_vec : (0.901707, -0.087167, 0.270283)
}
ADDED 0 new points
Using 3 over 13 cameras
1 0 0 1 1 0 0 0 0 0 0 0 0 
****************** OPTIM CHEIRALITY VIOLATION for 320 points : redoing optim!!
camera[4]
{
	 r_vec : (0.395122, 0.0757647, 3.07764)
	 t_vec : (-0.77464, -0.0247631, -5.0731)
}
ADDED 0 new points
Using 4 over 13 cameras
1 0 0 1 1 1 0 0 0 0 0 0 0 
****************** OPTIM CHEIRALITY VIOLATION for 48 points : redoing optim!!
camera[5]
{
	 r_vec : (0.0533839, -0.132193, -3.14213)
	 t_vec : (0.130754, -0.135174, -5.08264)
}
ADDED 360 new points
Using 5 over 13 cameras
1 0 0 1 1 1 0 1 0 0 0 0 0 
****************** OPTIM CHEIRALITY VIOLATION for 275 points : redoing optim!!
camera[7]
{
	 r_vec : (3.33911, 4.90481, -1.36638)
	 t_vec : (0.295675, -0.264175, -0.52782)
}
ADDED 303 new points
Using 6 over 13 cameras
1 0 0 1 1 1 1 1 0 0 0 0 0 
****************** OPTIM CHEIRALITY VIOLATION for 161 points : redoing optim!!
camera[6]
{
	 r_vec : (-0.0934605, -0.121925, 0.00552076)
	 t_vec : (0.247129, -0.287761, -0.599224)
}
ADDED 162 new points
Using 7 over 13 cameras
1 0 0 1 1 1 1 1 1 0 0 0 0 
****************** OPTIM CHEIRALITY VIOLATION for 49 points : redoing optim!!
W0512 21:49:03.350608 50723 levenberg_marquardt_strategy.cc:115] Linear solver failure. Failed to compute a step: Eigen failure. Unable to perform dense Cholesky factorization.
W0512 21:49:03.350858 50723 levenberg_marquardt_strategy.cc:115] Linear solver failure. Failed to compute a step: Eigen failure. Unable to perform dense Cholesky factorization.
W0512 21:49:03.352108 50723 levenberg_marquardt_strategy.cc:115] Linear solver failure. Failed to compute a step: Eigen failure. Unable to perform dense Cholesky factorization.
W0512 21:49:03.352355 50723 levenberg_marquardt_strategy.cc:115] Linear solver failure. Failed to compute a step: Eigen failure. Unable to perform dense Cholesky factorization.
W0512 21:49:03.354441 50723 levenberg_marquardt_strategy.cc:115] Linear solver failure. Failed to compute a step: Eigen failure. Unable to perform dense Cholesky factorization.
W0512 21:49:03.355190 50723 levenberg_marquardt_strategy.cc:115] Linear solver failure. Failed to compute a step: Eigen failure. Unable to perform dense Cholesky factorization.
W0512 21:49:03.355448 50723 levenberg_marquardt_strategy.cc:115] Linear solver failure. Failed to compute a step: Eigen failure. Unable to perform dense Cholesky factorization.
W0512 21:49:03.356230 50723 levenberg_marquardt_strategy.cc:115] Linear solver failure. Failed to compute a step: Eigen failure. Unable to perform dense Cholesky factorization.
W0512 21:49:03.357018 50723 levenberg_marquardt_strategy.cc:115] Linear solver failure. Failed to compute a step: Eigen failure. Unable to perform dense Cholesky factorization.
W0512 21:49:03.357790 50723 levenberg_marquardt_strategy.cc:115] Linear solver failure. Failed to compute a step: Eigen failure. Unable to perform dense Cholesky factorization.
W0512 21:49:03.358556 50723 levenberg_marquardt_strategy.cc:115] Linear solver failure. Failed to compute a step: Eigen failure. Unable to perform dense Cholesky factorization.
W0512 21:49:03.358798 50723 levenberg_marquardt_strategy.cc:115] Linear solver failure. Failed to compute a step: Eigen failure. Unable to perform dense Cholesky factorization.
W0512 21:49:03.359584 50723 levenberg_marquardt_strategy.cc:115] Linear solver failure. Failed to compute a step: Eigen failure. Unable to perform dense Cholesky factorization.
W0512 21:49:03.360356 50723 levenberg_marquardt_strategy.cc:115] Linear solver failure. Failed to compute a step: Eigen failure. Unable to perform dense Cholesky factorization.
W0512 21:49:03.361869 50723 levenberg_marquardt_strategy.cc:115] Linear solver failure. Failed to compute a step: Eigen failure. Unable to perform dense Cholesky factorization.
W0512 21:49:03.362121 50723 levenberg_marquardt_strategy.cc:115] Linear solver failure. Failed to compute a step: Eigen failure. Unable to perform dense Cholesky factorization.
W0512 21:49:03.363489 50723 levenberg_marquardt_strategy.cc:115] Linear solver failure. Failed to compute a step: Eigen failure. Unable to perform dense Cholesky factorization.
W0512 21:49:03.363793 50723 levenberg_marquardt_strategy.cc:115] Linear solver failure. Failed to compute a step: Eigen failure. Unable to perform dense Cholesky factorization.
W0512 21:49:03.364670 50723 levenberg_marquardt_strategy.cc:115] Linear solver failure. Failed to compute a step: Eigen failure. Unable to perform dense Cholesky factorization.
W0512 21:49:03.364952 50723 levenberg_marquardt_strategy.cc:115] Linear solver failure. Failed to compute a step: Eigen failure. Unable to perform dense Cholesky factorization.
W0512 21:49:03.366415 50723 levenberg_marquardt_strategy.cc:115] Linear solver failure. Failed to compute a step: Eigen failure. Unable to perform dense Cholesky factorization.
camera[8]
{
	 r_vec : (-0.0988529, -0.157658, 0.0840316)
	 t_vec : (0.343791, -0.242746, -0.538283)
}
ADDED 232 new points
Using 8 over 13 cameras
1 1 0 1 1 1 1 1 1 0 0 0 0 
****************** OPTIM CHEIRALITY VIOLATION for 163 points : redoing optim!!
camera[1]
{
	 r_vec : (-0.127022, 0.00717979, -0.0157268)
	 t_vec : (0.0694435, -0.345773, -0.791984)
}
ADDED 103 new points
Using 9 over 13 cameras
1 1 0 1 1 1 1 1 1 0 0 0 1 
****************** OPTIM CHEIRALITY VIOLATION for 57 points : redoing optim!!
camera[12]
{
	 r_vec : (-0.161052, -0.020894, -0.00125152)
	 t_vec : (0.110488, -0.427328, -0.772958)
}
ADDED 207 new points
Using 10 over 13 cameras
1 1 1 1 1 1 1 1 1 0 0 0 1 
****************** OPTIM CHEIRALITY VIOLATION for 124 points : redoing optim!!
camera[2]
{
	 r_vec : (-0.111625, 0.0523323, -0.028002)
	 t_vec : (0.0151329, -0.326616, -0.818753)
}
ADDED 113 new points
Using 11 over 13 cameras
1 1 1 1 1 1 1 1 1 0 0 1 1 
****************** OPTIM CHEIRALITY VIOLATION for 38 points : redoing optim!!
camera[11]
{
	 r_vec : (-0.246066, 0.166313, -0.0714467)
	 t_vec : (-0.240048, -0.578487, -0.608547)
}
ADDED 0 new points
Using 12 over 13 cameras
1 1 1 1 1 1 1 1 1 0 1 1 1 
****************** OPTIM FOUND 66 OUTLIERS : redoing optim!!
camera[10]
{
	 r_vec : (-7.40238e+06, -7.43435e+06, -1.30683e+07)
	 t_vec : (753208, 1.70232e+06, 3.72924e+07)
}
Diverged: geometry exploded (max_dist = 1.86694e+08)
Try to look for a better seed pair
Seed pair (7, 8): inliers E=441 H=141
camera[7]
{
	 r_vec : (0, 0, 0)
	 t_vec : (0, 0, 0)
}
camera[8]
{
	 r_vec : (-0.00699204, 0.055023, 0.0326134)
	 t_vec : (-0.933177, -0.165895, 0.318841)
}
camera[8]
{
	 r_vec : (-0.012267, 0.0950239, 0.026797)
	 t_vec : (-1.92571, -0.327648, 1.11164)
}
ADDED 352 new points
Using 3 over 13 cameras
1 0 0 0 0 0 0 1 1 0 0 0 0 
camera[0]
{
	 r_vec : (-0.0274718, -0.26692, 0.027719)
	 t_vec : (11.1557, -0.645565, 0.516455)
}
ADDED 0 new points
Using 4 over 13 cameras
1 0 0 0 0 0 1 1 1 0 0 0 0 
****************** OPTIM CHEIRALITY VIOLATION for 504 points : redoing optim!!
camera[6]
{
	 r_vec : (0.02031, -0.109888, -3.09741)
	 t_vec : (1.30305, -2.21799, -73.4405)
}
Diverged: geometry exploded (max_dist = 393.094)
Try to look for a better seed pair
Seed pair (2, 11): inliers E=350 H=88
camera[2]
{
	 r_vec : (0, 0, 0)
	 t_vec : (0, 0, 0)
}
camera[11]
{
	 r_vec : (0.260618, -0.113801, -0.0530654)
	 t_vec : (0.353705, 0.859754, 0.368396)
}
camera[11]
{
	 r_vec : (0.231118, -0.106825, -0.0682206)
	 t_vec : (0.344888, 0.788484, 0.265507)
}
ADDED 0 new points
Using 3 over 13 cameras
0 0 1 0 1 0 0 0 0 0 0 1 0 
****************** OPTIM CHEIRALITY VIOLATION for 274 points : redoing optim!!
camera[4]
{
	 r_vec : (673.43, -512.161, -204.775)
	 t_vec : (-232.825, -47.1556, -5183.24)
}
Diverged: geometry exploded (max_dist = 25944.9)
Try to look for a better seed pair
Seed pair (5, 7): inliers E=356 H=103
camera[5]
{
	 r_vec : (0, 0, 0)
	 t_vec : (0, 0, 0)
}
camera[7]
{
	 r_vec : (-0.0698088, 0.0553792, 0.0471674)
	 t_vec : (-0.875322, -0.198067, 0.441113)
}
camera[7]
{
	 r_vec : (-0.0693307, 0.0941779, 0.0200766)
	 t_vec : (-1.05191, -0.199009, 0.317051)
}
ADDED 0 new points
Using 3 over 13 cameras
1 0 0 0 0 1 0 1 0 0 0 0 0 
****************** OPTIM CHEIRALITY VIOLATION for 303 points : redoing optim!!
camera[0]
{
	 r_vec : (1.00267, -0.974512, -2.65763)
	 t_vec : (3.74834, -3.31912, -8.87955)
}
ADDED 7 new points
Using 4 over 13 cameras
1 1 0 0 0 1 0 1 0 0 0 0 0 
camera[1]
{
	 r_vec : (-17751, 19508.8, 14101.1)
	 t_vec : (-2385.51, 1890.96, 91908.9)
}
Diverged: geometry exploded (max_dist = 102324)
Try to look for a better seed pair
Seed pair (3, 11): inliers E=380 H=87
camera[3]
{
	 r_vec : (0, 0, 0)
	 t_vec : (0, 0, 0)
}
camera[11]
{
	 r_vec : (0.266499, -0.0320082, -0.0367226)
	 t_vec : (-0.146263, 0.937214, 0.316604)
}
camera[11]
{
	 r_vec : (0.237748, -0.0436908, -0.0572982)
	 t_vec : (-0.0999906, 0.872105, 0.301862)
}
ADDED 0 new points
Using 3 over 13 cameras
0 0 1 1 0 0 0 0 0 0 0 1 0 
****************** OPTIM CHEIRALITY VIOLATION for 279 points : redoing optim!!
camera[2]
{
	 r_vec : (16.8609, -14.0674, -26.5527)
	 t_vec : (-5.99272, -15.5236, -271.219)
}
Diverged: geometry exploded (max_dist = 1360.41)
Try to look for a better seed pair
Seed pair (4, 11): inliers E=346 H=97
camera[4]
{
	 r_vec : (0, 0, 0)
	 t_vec : (0, 0, 0)
}
camera[11]
{
	 r_vec : (0.240118, -0.100564, -0.034073)
	 t_vec : (0.268423, 0.933668, 0.237092)
}
camera[11]
{
	 r_vec : (0.209164, -0.0899927, -0.0340588)
	 t_vec : (0.242622, 0.85886, 0.173607)
}
ADDED 0 new points
Using 3 over 13 cameras
0 0 1 0 1 0 0 0 0 0 0 1 0 
****************** OPTIM CHEIRALITY VIOLATION for 268 points : redoing optim!!
camera[2]
{
	 r_vec : (15.3588, -16.746, -17.4453)
	 t_vec : (-0.909912, -7.68946, -87.7392)
}
Diverged: geometry exploded (max_dist = 441.572)
Try to look for a better seed pair
Seed pair (2, 12): inliers E=344 H=91
camera[2]
{
	 r_vec : (0, 0, 0)
	 t_vec : (0, 0, 0)
}
camera[12]
{
	 r_vec : (0.149362, 0.125348, 0.0272917)
	 t_vec : (-0.753815, 0.626269, 0.198872)
}
camera[12]
{
	 r_vec : (0.142652, 0.108764, 0.021574)
	 t_vec : (-0.695215, 0.616718, 0.18837)
}
ADDED 1 new points
Using 3 over 13 cameras
0 1 1 0 0 0 0 0 0 0 0 0 1 
****************** OPTIM CHEIRALITY VIOLATION for 283 points : redoing optim!!
camera[1]
{
	 r_vec : (0.250912, -0.220508, -3.1268)
	 t_vec : (0.863716, -0.607807, -8.35104)
}
ADDED 0 new points
Using 4 over 13 cameras
0 1 1 0 1 0 0 0 0 0 0 0 1 
****************** OPTIM FOUND 45 OUTLIERS : redoing optim!!
camera[4]
{
	 r_vec : (-101644, -116690, 99732.3)
	 t_vec : (88206.2, 49007.5, 1.73246e+06)
}
Diverged: geometry exploded (max_dist = 8.67701e+06)
Try to look for a better seed pair
Seed pair (1, 7): inliers E=373 H=89
camera[1]
{
	 r_vec : (0, 0, 0)
	 t_vec : (0, 0, 0)
}
camera[7]
{
	 r_vec : (-0.048421, 0.102745, 0.046149)
	 t_vec : (-0.838906, -0.178036, 0.514335)
}
camera[7]
{
	 r_vec : (-0.0464685, 0.124399, 0.0392895)
	 t_vec : (-0.895741, -0.17184, 0.464355)
}
ADDED 38 new points
Using 3 over 13 cameras
1 1 0 0 0 0 0 1 0 0 0 0 0 
camera[0]
{
	 r_vec : (-0.0550144, 0.100394, 0.165107)
	 t_vec : (-0.35222, -0.391582, -2.75111)
}
ADDED 617 new points
Using 4 over 13 cameras
1 1 0 0 0 1 0 1 0 0 0 0 0 
camera[5]
{
	 r_vec : (-0.0277393, 0.0795352, 0.170707)
	 t_vec : (-0.323037, -0.319084, -2.39566)
}
ADDED 0 new points
Using 5 over 13 cameras
1 1 0 0 0 1 1 1 0 0 0 0 0 
****************** OPTIM CHEIRALITY VIOLATION for 565 points : redoing optim!!
W0512 21:49:05.126976 50723 levenberg_marquardt_strategy.cc:115] Linear solver failure. Failed to compute a step: Eigen failure. Unable to perform dense Cholesky factorization.
W0512 21:49:05.128063 50723 levenberg_marquardt_strategy.cc:115] Linear solver failure. Failed to compute a step: Eigen failure. Unable to perform dense Cholesky factorization.
W0512 21:49:05.128443 50723 levenberg_marquardt_strategy.cc:115] Linear solver failure. Failed to compute a step: Eigen failure. Unable to perform dense Cholesky factorization.
W0512 21:49:05.129532 50723 levenberg_marquardt_strategy.cc:115] Linear solver failure. Failed to compute a step: Eigen failure. Unable to perform dense Cholesky factorization.
W0512 21:49:05.130635 50723 levenberg_marquardt_strategy.cc:115] Linear solver failure. Failed to compute a step: Eigen failure. Unable to perform dense Cholesky factorization.
W0512 21:49:05.131798 50723 levenberg_marquardt_strategy.cc:115] Linear solver failure. Failed to compute a step: Eigen failure. Unable to perform dense Cholesky factorization.
W0512 21:49:05.132187 50723 levenberg_marquardt_strategy.cc:115] Linear solver failure. Failed to compute a step: Eigen failure. Unable to perform dense Cholesky factorization.
W0512 21:49:05.133309 50723 levenberg_marquardt_strategy.cc:115] Linear solver failure. Failed to compute a step: Eigen failure. Unable to perform dense Cholesky factorization.
W0512 21:49:05.134387 50723 levenberg_marquardt_strategy.cc:115] Linear solver failure. Failed to compute a step: Eigen failure. Unable to perform dense Cholesky factorization.
camera[6]
{
	 r_vec : (18.7676, 16.6278, -23.462)
	 t_vec : (47.5619, -15.1393, -515.331)
}
Diverged: geometry exploded (max_dist = 2577.89)
Try to look for a better seed pair
Seed pair (0, 11): inliers E=317 H=65
camera[0]
{
	 r_vec : (0, 0, 0)
	 t_vec : (0, 0, 0)
}
camera[11]
{
	 r_vec : (0.138856, -0.0814967, -0.0627368)
	 t_vec : (0.577395, 0.606479, 0.546624)
}
camera[11]
{
	 r_vec : (0.154929, -0.110486, -0.0871466)
	 t_vec : (0.687754, 0.637784, 0.574195)
}
ADDED 0 new points
Using 3 over 13 cameras
1 0 0 0 1 0 0 0 0 0 0 1 0 
****************** OPTIM CHEIRALITY VIOLATION for 242 points : redoing optim!!
camera[4]
{
	 r_vec : (0.136578, 0.140304, 3.08667)
	 t_vec : (-0.707679, -0.228846, -9.23415)
}
ADDED 0 new points
Using 4 over 13 cameras
1 0 0 0 1 1 0 0 0 0 0 1 0 
****************** OPTIM CHEIRALITY VIOLATION for 45 points : redoing optim!!
camera[5]
{
	 r_vec : (65.0835, -25.9333, -35.7399)
	 t_vec : (36.0127, -4.5705, -1253.04)
}
Diverged: geometry exploded (max_dist = 6270.63)
Try to look for a better seed pair
Seed pair (1, 11): inliers E=317 H=79
camera[1]
{
	 r_vec : (0, 0, 0)
	 t_vec : (0, 0, 0)
}
camera[11]
{
	 r_vec : (0.254683, -0.287316, -0.0814104)
	 t_vec : (0.765898, 0.554817, 0.324927)
}
camera[11]
{
	 r_vec : (0.242052, -0.260832, -0.0619924)
	 t_vec : (0.718011, 0.549808, 0.287871)
}
ADDED 0 new points
Using 3 over 13 cameras
0 1 1 0 0 0 0 0 0 0 0 1 0 
****************** OPTIM CHEIRALITY VIOLATION for 250 points : redoing optim!!
camera[2]
{
	 r_vec : (4000.25, -5343.31, 1681.43)
	 t_vec : (-4538.19, -4064.32, -137663)
}
Diverged: geometry exploded (max_dist = 688990)
Try to look for a better seed pair
Seed pair (0, 8): inliers E=351 H=101
camera[0]
{
	 r_vec : (0, 0, 0)
	 t_vec : (0, 0, 0)
}
camera[8]
{
	 r_vec : (-0.098881, 0.400255, 0.0600515)
	 t_vec : (-0.870311, -0.180816, 0.45811)
}
camera[8]
{
	 r_vec : (-0.0823823, 0.333435, 0.0685639)
	 t_vec : (-0.80229, -0.150754, 0.486796)
}
ADDED 0 new points
Using 3 over 13 cameras
1 0 0 0 0 0 0 1 1 0 0 0 0 
****************** OPTIM CHEIRALITY VIOLATION for 267 points : redoing optim!!
camera[7]
{
	 r_vec : (-1.92955, 0.192432, 2.59738)
	 t_vec : (2.126, -0.109543, -2.89313)
}
ADDED 551 new points
Using 4 over 13 cameras
1 0 0 0 0 1 0 1 1 0 0 0 0 
****************** OPTIM CHEIRALITY VIOLATION for 226 points : redoing optim!!
camera[5]
{
	 r_vec : (-0.00124029, 0.0332609, -0.00819558)
	 t_vec : (-0.0878977, -0.0483349, 0.207731)
}
ADDED 252 new points
Using 5 over 13 cameras
1 1 0 0 0 1 0 1 1 0 0 0 0 
****************** OPTIM CHEIRALITY VIOLATION for 69 points : redoing optim!!
camera[1]
{
	 r_vec : (-0.0163765, 0.0245432, 0.0010436)
	 t_vec : (-0.0070467, -0.00387318, 0.0980913)
}
ADDED 189 new points
Using 6 over 13 cameras
1 1 1 0 0 1 0 1 1 0 0 0 0 
****************** OPTIM CHEIRALITY VIOLATION for 32 points : redoing optim!!
camera[2]
{
	 r_vec : (-0.0115295, -0.0236445, -0.0281022)
	 t_vec : (0.169526, -0.0163823, 0.0812274)
}
ADDED 187 new points
Using 7 over 13 cameras
1 1 1 0 1 1 0 1 1 0 0 0 0 
****************** OPTIM CHEIRALITY VIOLATION for 10 points : redoing optim!!
camera[4]
{
	 r_vec : (-0.000792245, -0.0372708, -0.0469016)
	 t_vec : (0.223807, -0.064698, 0.140915)
}
ADDED 173 new points
Using 8 over 13 cameras
1 1 1 1 1 1 0 1 1 0 0 0 0 
****************** OPTIM CHEIRALITY VIOLATION for 10 points : redoing optim!!
camera[3]
{
	 r_vec : (-0.0109089, -0.048861, -0.0432553)
	 t_vec : (0.351549, -0.0582313, 0.100051)
}
ADDED 71 new points
Using 9 over 13 cameras
1 1 1 1 1 1 0 1 1 0 0 0 1 
****************** OPTIM CHEIRALITY VIOLATION for 17 points : redoing optim!!
camera[12]
{
	 r_vec : (0.132911, 0.0695346, 0.0132908)
	 t_vec : (-0.130489, 0.275155, 0.128003)
}
ADDED 0 new points
Using 10 over 13 cameras
1 1 1 1 1 1 0 1 1 0 0 1 1 
****************** OPTIM CHEIRALITY VIOLATION for 324 points : redoing optim!!
camera[11]
{
	 r_vec : (11.0595, -8.68275, -7.36492)
	 t_vec : (0.898946, -1.90744, -14.6916)
}
ADDED 113 new points
Using 11 over 13 cameras
1 1 1 1 1 1 1 1 1 0 0 1 1 
****************** OPTIM CHEIRALITY VIOLATION for 48 points : redoing optim!!
camera[6]
{
	 r_vec : (-0.00788065, 0.115526, 0.208454)
	 t_vec : (-0.344154, -0.0484498, 0.234429)
}
ADDED 0 new points
Using 12 over 13 cameras
1 1 1 1 1 1 1 1 1 1 0 1 1 
****************** OPTIM CHEIRALITY VIOLATION for 100 points : redoing optim!!
camera[9]
{
	 r_vec : (0.596314, -0.031999, 3.12321)
	 t_vec : (-0.821316, 0.105976, -4.27055)
}
ADDED 0 new points
Using 13 over 13 cameras
1 1 1 1 1 1 1 1 1 1 1 1 1 
****************** OPTIM CHEIRALITY VIOLATION for 54 points : redoing optim!!
camera[10]
{
	 r_vec : (3.27715, -0.0963934, 1.64486)
	 t_vec : (-1.56704, -1.08691, -5.97127)
}
===== FINAL METRICS =====
Registered cameras  : 13 / 13  (success rate 100 %)
Valid 3D points     : 718
Mean reprojection err: 0.549113 px  (focal = 1296 px)
=========================
Recostruction completed, exiting
