Header: 9 9910 36146
Seed pair (5, 7): inliers E=2664 H=868
Forward-dominant motion detected, rejecting.
Try to look for a better seed pair
Seed pair (5, 6): inliers E=2574 H=553
camera[5]
{
	 r_vec : (0, 0, 0)
	 t_vec : (0, 0, 0)
}
camera[6]
{
	 r_vec : (-0.00391372, 0.0145353, -0.00531925)
	 t_vec : (-0.879234, 0.224902, 0.419961)
}
camera[6]
{
	 r_vec : (-0.00571167, 0.0138688, -0.00501862)
	 t_vec : (-0.913322, 0.198082, 0.38254)
}
ADDED 2092 new points
Using 3 over 9 cameras
0 0 0 0 0 1 1 1 0 
****************** OPTIM FOUND 8 OUTLIERS : redoing optim!!
camera[7]
{
	 r_vec : (-0.0201696, -0.00832802, -0.00363627)
	 t_vec : (-0.600503, 0.261897, -4.23635)
}
Diverged: only 2 valid points remain.
Try to look for a better seed pair
Seed pair (1, 5): inliers E=2250 H=509
Forward-dominant motion detected, rejecting.
Try to look for a better seed pair
Seed pair (6, 7): inliers E=2285 H=455
camera[6]
{
	 r_vec : (0, 0, 0)
	 t_vec : (0, 0, 0)
}
camera[7]
{
	 r_vec : (-0.0175601, 0.00212247, 0.0054472)
	 t_vec : (0.917616, 0.0739426, 0.39053)
}
camera[7]
{
	 r_vec : (-0.016087, -0.000366014, 0.00517563)
	 t_vec : (1.01198, 0.0980105, 0.409258)
}
ADDED 2420 new points
Using 3 over 9 cameras
0 0 0 0 0 1 1 1 0 
****************** OPTIM FOUND 8 OUTLIERS : redoing optim!!
camera[5]
{
	 r_vec : (0.00603281, -0.00762589, 0.00476074)
	 t_vec : (0.763544, -0.165012, -0.196712)
}
Diverged: only 1 valid points remain.
Try to look for a better seed pair
Seed pair (1, 7): inliers E=2377 H=494
Forward-dominant motion detected, rejecting.
Try to look for a better seed pair
Seed pair (0, 8): inliers E=2406 H=336
camera[0]
{
	 r_vec : (0, 0, 0)
	 t_vec : (0, 0, 0)
}
camera[8]
{
	 r_vec : (0.0161154, 0.0257103, 0.00226224)
	 t_vec : (-0.31451, 0.948944, -0.0242677)
}
camera[8]
{
	 r_vec : (0.0155007, 0.0251476, 0.00281042)
	 t_vec : (-0.286283, 0.936666, -0.0221292)
}
ADDED 1536 new points
Using 3 over 9 cameras
1 0 0 0 1 0 0 0 1 
camera[4]
{
	 r_vec : (-0.0326312, -0.0243342, -0.017914)
	 t_vec : (0.724908, 0.179891, 0.570914)
}
Diverged: only 0 valid points remain.
Try to look for a better seed pair
Seed pair (0, 4): inliers E=2178 H=587
Forward-dominant motion detected, rejecting.
Try to look for a better seed pair
Seed pair (1, 6): inliers E=2028 H=279
camera[1]
{
	 r_vec : (0, 0, 0)
	 t_vec : (0, 0, 0)
}
camera[6]
{
	 r_vec : (-0.00204407, 0.10096, 0.00532568)
	 t_vec : (-0.768567, 0.172583, 0.616051)
}
camera[6]
{
	 r_vec : (-0.00342973, 0.103245, 0.00564945)
	 t_vec : (-0.793064, 0.161244, 0.619454)
}
ADDED 2454 new points
Using 3 over 9 cameras
0 1 0 0 0 1 1 0 0 
camera[5]
{
	 r_vec : (0.00263573, 0.0828533, 0.0100865)
	 t_vec : (-0.46202, 0.0963844, -0.480884)
}
ADDED 1305 new points
Using 4 over 9 cameras
0 1 0 0 0 1 1 1 0 
****************** OPTIM FOUND 7 OUTLIERS : redoing optim!!
camera[7]
{
	 r_vec : (-0.017226, 0.0899363, 0.00926014)
	 t_vec : (-0.348497, 0.216929, -0.218899)
}
ADDED 660 new points
Using 5 over 9 cameras
1 1 0 0 0 1 1 1 0 
****************** OPTIM FOUND 6 OUTLIERS : redoing optim!!
camera[0]
{
	 r_vec : (0.0433865, -0.0241559, -0.0114558)
	 t_vec : (0.892105, -0.0848837, -1.06154)
}
ADDED 1219 new points
Using 6 over 9 cameras
1 1 0 0 0 1 1 1 1 
****************** OPTIM FOUND 8 OUTLIERS : redoing optim!!
camera[8]
{
	 r_vec : (0.0554213, -0.00235962, -0.00795834)
	 t_vec : (0.75633, 0.332723, -1.09893)
}
ADDED 896 new points
Using 7 over 9 cameras
1 1 0 0 1 1 1 1 1 
****************** OPTIM FOUND 8 OUTLIERS : redoing optim!!
camera[4]
{
	 r_vec : (0.00869127, -0.0509761, -0.0276551)
	 t_vec : (1.24713, -0.0689955, -0.782501)
}
ADDED 451 new points
Using 8 over 9 cameras
1 1 1 0 1 1 1 1 1 
****************** OPTIM FOUND 18 OUTLIERS : redoing optim!!
camera[2]
{
	 r_vec : (-0.00672844, -0.154669, -0.0144675)
	 t_vec : (2.32169, 0.167594, -1.13801)
}
ADDED 866 new points
Using 9 over 9 cameras
1 1 1 1 1 1 1 1 1 
****************** OPTIM FOUND 14 OUTLIERS : redoing optim!!
camera[3]
{
	 r_vec : (-0.0104322, -0.12952, -0.0387038)
	 t_vec : (2.18048, 0.613197, -0.883645)
}
===== FINAL METRICS =====
Registered cameras  : 9 / 9  (success rate 100 %)
Valid 3D points     : 9792
Mean reprojection err: 0.841707 px  (focal = 1296 px)
=========================
Recostruction completed, exiting
