Header: 9 9910 36146
Seed pair (5, 7): inliers E=2664 H=868
Forward-dominant motion detected, rejecting.
Try to look for a better seed pair
Seed pair (5, 6): inliers E=2574 H=553
camera[5]
{
	 r_vec : (0, 0, 0)
	 t_vec : (0, 0, 0)
}
camera[6]
{
	 r_vec : (-0.00391372, 0.0145353, -0.00531925)
	 t_vec : (-0.879234, 0.224902, 0.419961)
}
camera[6]
{
	 r_vec : (-0.00571167, 0.0138688, -0.00501862)
	 t_vec : (-0.913322, 0.198082, 0.38254)
}
ADDED 2092 new points
Using 3 over 9 cameras
0 0 0 0 0 1 1 1 0 
****************** OPTIM FOUND 9 OUTLIERS : redoing optim!!
camera[7]
{
	 r_vec : (-0.0182587, 0.00526759, -0.000478797)
	 t_vec : (0.304063, 0.385388, 0.693971)
}
Diverged: only 1 valid points remain.
Try to look for a better seed pair
Seed pair (1, 5): inliers E=2250 H=509
Forward-dominant motion detected, rejecting.
Try to look for a better seed pair
Seed pair (6, 7): inliers E=2285 H=455
camera[6]
{
	 r_vec : (0, 0, 0)
	 t_vec : (0, 0, 0)
}
camera[7]
{
	 r_vec : (-0.0175601, 0.00212247, 0.0054472)
	 t_vec : (0.917616, 0.0739426, 0.39053)
}
camera[7]
{
	 r_vec : (-0.016087, -0.000366014, 0.00517563)
	 t_vec : (1.01198, 0.0980105, 0.409258)
}
ADDED 2420 new points
Using 3 over 9 cameras
0 0 0 0 0 1 1 1 0 
****************** OPTIM FOUND 9 OUTLIERS : redoing optim!!
camera[5]
{
	 r_vec : (0.00590146, -0.00725463, 0.00483583)
	 t_vec : (0.757301, -0.168811, -0.195299)
}
Diverged: only 1 valid points remain.
Try to look for a better seed pair
Seed pair (1, 7): inliers E=2377 H=494
Forward-dominant motion detected, rejecting.
Try to look for a better seed pair
Seed pair (0, 8): inliers E=2406 H=336
camera[0]
{
	 r_vec : (0, 0, 0)
	 t_vec : (0, 0, 0)
}
camera[8]
{
	 r_vec : (0.0161154, 0.0257103, 0.00226224)
	 t_vec : (-0.31451, 0.948944, -0.0242677)
}
camera[8]
{
	 r_vec : (0.0153495, 0.0250367, 0.0027424)
	 t_vec : (-0.285517, 0.934708, -0.0231517)
}
ADDED 1536 new points
Using 3 over 9 cameras
1 0 0 0 1 0 0 0 1 
camera[4]
{
	 r_vec : (-0.0324465, -0.0306389, -0.0178485)
	 t_vec : (0.834209, 0.181185, 0.549841)
}
Diverged: only 0 valid points remain.
Try to look for a better seed pair
Seed pair (0, 4): inliers E=2178 H=587
Forward-dominant motion detected, rejecting.
Try to look for a better seed pair
Seed pair (1, 6): inliers E=2028 H=279
camera[1]
{
	 r_vec : (0, 0, 0)
	 t_vec : (0, 0, 0)
}
camera[6]
{
	 r_vec : (-0.00204407, 0.10096, 0.00532568)
	 t_vec : (-0.768567, 0.172583, 0.616051)
}
camera[6]
{
	 r_vec : (-0.00342973, 0.103245, 0.00564945)
	 t_vec : (-0.793064, 0.161244, 0.619454)
}
ADDED 2454 new points
Using 3 over 9 cameras
0 1 0 0 0 1 1 0 0 
****************** OPTIM FOUND 6 OUTLIERS : redoing optim!!
camera[5]
{
	 r_vec : (0.00392991, 0.0896764, 0.0103963)
	 t_vec : (-0.377699, 0.0826367, 0.445497)
}
ADDED 1305 new points
Using 4 over 9 cameras
0 1 0 0 0 1 1 1 0 
****************** OPTIM FOUND 8 OUTLIERS : redoing optim!!
camera[7]
{
	 r_vec : (-0.0161065, 0.0960475, 0.00945355)
	 t_vec : (-0.210532, 0.255656, 0.78056)
}
ADDED 660 new points
Using 5 over 9 cameras
1 1 0 0 0 1 1 1 0 
camera[0]
{
	 r_vec : (0.0440834, -0.0199369, -0.0110123)
	 t_vec : (1.26439, -0.201687, -0.279243)
}
ADDED 1219 new points
Using 6 over 9 cameras
1 1 0 0 0 1 1 1 1 
****************** OPTIM FOUND 13 OUTLIERS : redoing optim!!
camera[8]
{
	 r_vec : (0.0563271, 0.00331488, -0.00743638)
	 t_vec : (1.10221, 0.319786, -0.331621)
}
ADDED 896 new points
Using 7 over 9 cameras
1 1 0 0 1 1 1 1 1 
****************** OPTIM FOUND 72 OUTLIERS : redoing optim!!
camera[4]
{
	 r_vec : (0.00946138, -0.0455016, -0.0273279)
	 t_vec : (1.67617, -0.145631, 0.0795608)
}
ADDED 451 new points
Using 8 over 9 cameras
1 1 1 0 1 1 1 1 1 
****************** OPTIM FOUND 150 OUTLIERS : redoing optim!!
camera[2]
{
	 r_vec : (-0.0054692, -0.147751, -0.0139105)
	 t_vec : (2.91982, 0.179561, -0.368848)
}
ADDED 866 new points
Using 9 over 9 cameras
1 1 1 1 1 1 1 1 1 
****************** OPTIM FOUND 15 OUTLIERS : redoing optim!!
camera[3]
{
	 r_vec : (-0.00965787, -0.123045, -0.0382934)
	 t_vec : (2.77024, 0.744431, -0.0447183)
}
===== FINAL METRICS =====
Registered cameras  : 9 / 9  (success rate 100 %)
Valid 3D points     : 9180
Mean reprojection err: 0.816368 px  (focal = 1296 px)
=========================
Recostruction completed, exiting
