Header: 13 2321 12010
Seed pair (0, 5): inliers E=688 H=487
Forward-dominant motion detected, rejecting.
Try to look for a better seed pair
Seed pair (0, 1): inliers E=652 H=240
camera[0]
{
	 r_vec : (0, 0, 0)
	 t_vec : (0, 0, 0)
}
camera[1]
{
	 r_vec : (-0.00205864, -0.0858197, 0.000156908)
	 t_vec : (0.98552, 0.0512439, 0.161631)
}
camera[1]
{
	 r_vec : (-0.0021925, -0.0677854, -0.00276474)
	 t_vec : (0.821217, 0.0560556, 0.0756932)
}
ADDED 0 new points
Using 3 over 13 cameras
1 1 0 0 0 1 0 0 0 0 0 0 0 
****************** OPTIM CHEIRALITY VIOLATION for 488 points : redoing optim!!
camera[5]
{
	 r_vec : (-0.136767, 0.120144, 3.13418)
	 t_vec : (1.03192, -0.473201, -20.8091)
}
Diverged: geometry exploded (max_dist = 104.557)
Try to look for a better seed pair
Seed pair (2, 4): inliers E=617 H=346
Forward-dominant motion detected, rejecting.
Try to look for a better seed pair
Seed pair (1, 5): inliers E=594 H=264
Forward-dominant motion detected, rejecting.
Try to look for a better seed pair
Seed pair (1, 2): inliers E=592 H=217
camera[1]
{
	 r_vec : (0, 0, 0)
	 t_vec : (0, 0, 0)
}
camera[2]
{
	 r_vec : (-0.0117462, -0.160573, -0.0176467)
	 t_vec : (0.992799, -0.114283, 0.0359018)
}
camera[2]
{
	 r_vec : (-0.00575649, -0.117343, -0.0165286)
	 t_vec : (0.818967, -0.0745993, -0.0202842)
}
ADDED 1 new points
Using 3 over 13 cameras
0 1 1 0 1 0 0 0 0 0 0 0 0 
****************** OPTIM CHEIRALITY VIOLATION for 421 points : redoing optim!!
camera[4]
{
	 r_vec : (-0.267841, -0.083023, -3.17391)
	 t_vec : (-1.19609, -0.0585611, -10.5051)
}
ADDED 0 new points
Using 4 over 13 cameras
1 1 1 0 1 0 0 0 0 0 0 0 0 
****************** OPTIM CHEIRALITY VIOLATION for 93 points : redoing optim!!
camera[0]
{
	 r_vec : (0.207493, -0.128287, -3.12123)
	 t_vec : (0.814703, -0.412383, -10.7653)
}
ADDED 0 new points
Using 5 over 13 cameras
1 1 1 0 1 0 0 0 0 0 0 1 0 
****************** OPTIM CHEIRALITY VIOLATION for 30 points : redoing optim!!
camera[11]
{
	 r_vec : (-100.165, 63.8206, -134.814)
	 t_vec : (-42.3014, -52.8579, -2001.84)
}
Diverged: geometry exploded (max_dist = 10014.9)
Try to look for a better seed pair
Seed pair (3, 4): inliers E=567 H=209
camera[3]
{
	 r_vec : (0, 0, 0)
	 t_vec : (0, 0, 0)
}
camera[4]
{
	 r_vec : (0.0199956, 0.15113, -0.0184676)
	 t_vec : (-0.971869, 0.0464602, 0.230895)
}
camera[4]
{
	 r_vec : (0.0153654, 0.094707, -0.0126739)
	 t_vec : (-0.736561, 0.0305167, 0.139706)
}
ADDED 0 new points
Using 3 over 13 cameras
0 0 1 1 1 0 0 0 0 0 0 0 0 
****************** OPTIM CHEIRALITY VIOLATION for 406 points : redoing optim!!
camera[2]
{
	 r_vec : (-30.387, 16.3013, -21.7357)
	 t_vec : (-17.1354, -19.6677, -457.525)
}
Diverged: geometry exploded (max_dist = 2291.98)
Try to look for a better seed pair
Seed pair (0, 6): inliers E=542 H=206
Forward-dominant motion detected, rejecting.
Try to look for a better seed pair
Seed pair (2, 3): inliers E=542 H=161
camera[2]
{
	 r_vec : (0, 0, 0)
	 t_vec : (0, 0, 0)
}
camera[3]
{
	 r_vec : (-0.0233819, -0.0648859, -0.0124127)
	 t_vec : (0.949551, -0.30346, 0.0791487)
}
camera[3]
{
	 r_vec : (-0.0151998, -0.0509902, -0.0105091)
	 t_vec : (0.869856, -0.242747, 0.122645)
}
ADDED 1 new points
Using 3 over 13 cameras
0 0 1 1 1 0 0 0 0 0 0 0 0 
****************** OPTIM CHEIRALITY VIOLATION for 422 points : redoing optim!!
camera[4]
{
	 r_vec : (0.0931731, 0.0560949, 3.12668)
	 t_vec : (-0.544504, -0.0302631, -15.0564)
}
ADDED 1 new points
Using 4 over 13 cameras
0 1 1 1 1 0 0 0 0 0 0 0 0 
****************** OPTIM FOUND 24 OUTLIERS : redoing optim!!
camera[1]
{
	 r_vec : (-17657.3, -12841.6, 2295.43)
	 t_vec : (-10.1035, 14.8244, 480.349)
}
Diverged: geometry exploded (max_dist = 2606.01)
Try to look for a better seed pair
Seed pair (0, 12): inliers E=468 H=175
Forward-dominant motion detected, rejecting.
Try to look for a better seed pair
Seed pair (1, 4): inliers E=539 H=154
camera[1]
{
	 r_vec : (0, 0, 0)
	 t_vec : (0, 0, 0)
}
camera[4]
{
	 r_vec : (0.0124162, -0.0831955, -0.0270274)
	 t_vec : (0.956502, -0.209933, 0.202565)
}
camera[4]
{
	 r_vec : (0.011823, -0.0839412, -0.0324054)
	 t_vec : (0.957789, -0.214471, 0.196609)
}
ADDED 0 new points
Using 3 over 13 cameras
0 1 1 0 1 0 0 0 0 0 0 0 0 
****************** OPTIM CHEIRALITY VIOLATION for 426 points : redoing optim!!
camera[2]
{
	 r_vec : (-0.073947, -0.196336, -3.14701)
	 t_vec : (-0.600285, -0.809494, -14.1862)
}
ADDED 0 new points
Using 4 over 13 cameras
1 1 1 0 1 0 0 0 0 0 0 0 0 
****************** OPTIM CHEIRALITY VIOLATION for 75 points : redoing optim!!
camera[0]
{
	 r_vec : (-82.4145, 143.899, 119.641)
	 t_vec : (199.554, -382.666, -7177.75)
}
Diverged: geometry exploded (max_dist = 35954.6)
Try to look for a better seed pair
Seed pair (0, 2): inliers E=499 H=126
camera[0]
{
	 r_vec : (0, 0, 0)
	 t_vec : (0, 0, 0)
}
camera[2]
{
	 r_vec : (-0.0120384, -0.0845871, -0.0354732)
	 t_vec : (0.984515, -0.115048, 0.132262)
}
camera[2]
{
	 r_vec : (-0.00672951, -0.0769566, -0.0303448)
	 t_vec : (0.941813, -0.0722765, 0.120658)
}
ADDED 0 new points
Using 3 over 13 cameras
1 1 1 0 0 0 0 0 0 0 0 0 0 
****************** OPTIM CHEIRALITY VIOLATION for 401 points : redoing optim!!
camera[1]
{
	 r_vec : (-8.63919, 0.73482, 4.05132)
	 t_vec : (5.75235, 0.310297, -3.97881)
}
ADDED 0 new points
Using 4 over 13 cameras
1 1 1 0 1 0 0 0 0 0 0 0 0 
****************** OPTIM CHEIRALITY VIOLATION for 61 points : redoing optim!!
camera[4]
{
	 r_vec : (-0.232269, -0.145301, -3.17435)
	 t_vec : (-1.58418, -0.383227, -15.3744)
}
ADDED 2 new points
Using 5 over 13 cameras
1 1 1 0 1 1 0 0 0 0 0 0 0 
****************** OPTIM CHEIRALITY VIOLATION for 25 points : redoing optim!!
camera[5]
{
	 r_vec : (0.186737, -0.119188, -3.14534)
	 t_vec : (1.05162, -0.362639, -15.8839)
}
ADDED 329 new points
Using 6 over 13 cameras
1 1 1 0 1 1 0 1 0 0 0 0 0 
WARNING: Logging before InitGoogleLogging() is written to STDERR
W0512 21:49:07.105952 51226 levenberg_marquardt_strategy.cc:115] Linear solver failure. Failed to compute a step: Eigen failure. Unable to perform dense Cholesky factorization.
W0512 21:49:07.107044 51226 levenberg_marquardt_strategy.cc:115] Linear solver failure. Failed to compute a step: Eigen failure. Unable to perform dense Cholesky factorization.
W0512 21:49:07.107353 51226 levenberg_marquardt_strategy.cc:115] Linear solver failure. Failed to compute a step: Eigen failure. Unable to perform dense Cholesky factorization.
****************** OPTIM CHEIRALITY VIOLATION for 268 points : redoing optim!!
camera[7]
{
	 r_vec : (0.0217042, -0.191725, 0.38371)
	 t_vec : (1.26553, 1.48484, 3.65728)
}
Diverged: geometry exploded (max_dist = 106.541)
Try to look for a better seed pair
Seed pair (0, 7): inliers E=456 H=119
Forward-dominant motion detected, rejecting.
Try to look for a better seed pair
Seed pair (0, 4): inliers E=471 H=137
camera[0]
{
	 r_vec : (0, 0, 0)
	 t_vec : (0, 0, 0)
}
camera[4]
{
	 r_vec : (0.033389, -0.248522, -0.0232267)
	 t_vec : (0.977685, -0.0142, 0.209594)
}
camera[4]
{
	 r_vec : (0.0246628, -0.202462, -0.0437222)
	 t_vec : (0.880377, -0.0390903, 0.224289)
}
ADDED 0 new points
Using 3 over 13 cameras
1 1 0 0 1 0 0 0 0 0 0 0 0 
****************** OPTIM CHEIRALITY VIOLATION for 366 points : redoing optim!!
camera[1]
{
	 r_vec : (-2.99234, 0.233446, 0.360962)
	 t_vec : (1.37858, -4.65748, -64.3061)
}
Diverged: geometry exploded (max_dist = 323.535)
Try to look for a better seed pair
Seed pair (6, 7): inliers E=496 H=208
camera[6]
{
	 r_vec : (0, 0, 0)
	 t_vec : (0, 0, 0)
}
camera[7]
{
	 r_vec : (-0.042341, 0.0888688, 0.0410228)
	 t_vec : (-0.919711, -0.141221, 0.366317)
}
camera[7]
{
	 r_vec : (-0.0407639, 0.0761213, 0.0429023)
	 t_vec : (-0.826575, -0.125679, 0.355057)
}
ADDED 0 new points
Using 3 over 13 cameras
1 0 0 0 0 0 1 1 0 0 0 0 0 
****************** OPTIM CHEIRALITY VIOLATION for 360 points : redoing optim!!
camera[0]
{
	 r_vec : (0.174883, -0.188725, -3.13472)
	 t_vec : (0.364964, -1.10329, -16.173)
}
ADDED 0 new points
Using 4 over 13 cameras
1 0 0 0 0 0 1 1 1 0 0 0 0 
****************** OPTIM CHEIRALITY VIOLATION for 57 points : redoing optim!!
camera[8]
{
	 r_vec : (-6.83579, 1.89537, 6.49911)
	 t_vec : (36.9153, -14.9268, -307.359)
}
Diverged: geometry exploded (max_dist = 1551.99)
Try to look for a better seed pair
Seed pair (5, 6): inliers E=452 H=170
camera[5]
{
	 r_vec : (0, 0, 0)
	 t_vec : (0, 0, 0)
}
camera[6]
{
	 r_vec : (-0.00389705, 0.235772, 0.00960003)
	 t_vec : (-0.988244, 0.0287056, 0.150164)
}
camera[6]
{
	 r_vec : (-0.00823804, 0.164356, 0.0342887)
	 t_vec : (-0.811996, 0.0189697, 0.193291)
}
ADDED 0 new points
Using 3 over 13 cameras
1 0 0 0 0 1 1 0 0 0 0 0 0 
****************** OPTIM CHEIRALITY VIOLATION for 380 points : redoing optim!!
camera[0]
{
	 r_vec : (-947.192, -297.339, 634.647)
	 t_vec : (45.3834, -89.0358, -1948.89)
}
Diverged: geometry exploded (max_dist = 9758.52)
Try to look for a better seed pair
Seed pair (1, 12): inliers E=443 H=133
camera[1]
{
	 r_vec : (0, 0, 0)
	 t_vec : (0, 0, 0)
}
camera[12]
{
	 r_vec : (0.162973, 0.0451262, 0.0172485)
	 t_vec : (-0.369693, 0.919431, 0.134067)
}
camera[12]
{
	 r_vec : (0.162093, 0.043551, 0.016923)
	 t_vec : (-0.361176, 0.915391, 0.121459)
}
ADDED 0 new points
Using 3 over 13 cameras
1 1 0 0 0 0 0 0 0 0 0 0 1 
****************** OPTIM CHEIRALITY VIOLATION for 373 points : redoing optim!!
camera[0]
{
	 r_vec : (0.792741, -0.297471, -3.11371)
	 t_vec : (2.97579, -1.52942, -16.9916)
}
ADDED 0 new points
Using 4 over 13 cameras
1 1 1 0 0 0 0 0 0 0 0 0 1 
****************** OPTIM CHEIRALITY VIOLATION for 43 points : redoing optim!!
camera[2]
{
	 r_vec : (-30.8822, 36.5482, 84.6436)
	 t_vec : (-6.00885, -19.9547, -283.803)
}
Diverged: geometry exploded (max_dist = 1424.64)
Try to look for a better seed pair
Seed pair (2, 5): inliers E=427 H=133
camera[2]
{
	 r_vec : (0, 0, 0)
	 t_vec : (0, 0, 0)
}
camera[5]
{
	 r_vec : (-0.0356209, 0.206982, 0.00481372)
	 t_vec : (-0.923457, -0.212933, 0.319198)
}
camera[5]
{
	 r_vec : (-0.0202886, 0.151781, 0.00337783)
	 t_vec : (-0.794743, -0.158345, 0.35507)
}
ADDED 19 new points
Using 3 over 13 cameras
0 1 1 0 0 1 0 0 0 0 0 0 0 
camera[1]
{
	 r_vec : (-22467.1, 25074.3, 10798)
	 t_vec : (-891.825, 1066.53, 36332.2)
}
Diverged: geometry exploded (max_dist = 18722.3)
Try to look for a better seed pair
Seed pair (1, 3): inliers E=440 H=104
camera[1]
{
	 r_vec : (0, 0, 0)
	 t_vec : (0, 0, 0)
}
camera[3]
{
	 r_vec : (0.0170997, -0.0890512, -0.02439)
	 t_vec : (0.99739, -0.0615086, 0.0378011)
}
camera[3]
{
	 r_vec : (0.0126401, -0.0890781, -0.0319575)
	 t_vec : (0.994739, -0.0858715, 0.0316536)
}
ADDED 0 new points
Using 3 over 13 cameras
0 1 0 1 1 0 0 0 0 0 0 0 0 
****************** OPTIM CHEIRALITY VIOLATION for 345 points : redoing optim!!
camera[4]
{
	 r_vec : (0.151374, 0.074759, 3.1027)
	 t_vec : (-0.771735, -0.0252916, -10.5275)
}
ADDED 0 new points
Using 4 over 13 cameras
0 1 0 1 1 1 0 0 0 0 0 0 0 
****************** OPTIM CHEIRALITY VIOLATION for 56 points : redoing optim!!
camera[5]
{
	 r_vec : (1.68812, -0.621662, -2.69673)
	 t_vec : (4.5726, -1.71422, -6.7178)
}
ADDED 0 new points
Using 5 over 13 cameras
0 1 1 1 1 1 0 0 0 0 0 0 0 
****************** OPTIM CHEIRALITY VIOLATION for 21 points : redoing optim!!
camera[2]
{
	 r_vec : (-0.0841346, -0.254187, -3.13223)
	 t_vec : (-0.472055, -0.805815, -10.788)
}
ADDED 0 new points
Using 6 over 13 cameras
1 1 1 1 1 1 0 0 0 0 0 0 0 
****************** OPTIM CHEIRALITY VIOLATION for 7 points : redoing optim!!
camera[0]
{
	 r_vec : (2.28601, -0.189835, -2.13776)
	 t_vec : (5.20428, -0.379008, -4.8648)
}
No other positions can be optimized, exiting
Try to look for a better seed pair
Seed pair (1, 6): inliers E=419 H=123
camera[1]
{
	 r_vec : (0, 0, 0)
	 t_vec : (0, 0, 0)
}
camera[6]
{
	 r_vec : (-0.00129075, 0.101739, 0.0220702)
	 t_vec : (-0.926076, -0.115023, 0.359378)
}
camera[6]
{
	 r_vec : (-0.00117281, 0.0962339, 0.0217551)
	 t_vec : (-0.907073, -0.11333, 0.383069)
}
ADDED 214 new points
Using 3 over 13 cameras
1 1 0 0 0 0 1 0 0 0 0 0 0 
****************** OPTIM CHEIRALITY VIOLATION for 365 points : redoing optim!!
****************** OPTIM CHEIRALITY VIOLATION for 66 points : redoing optim!!
****************** OPTIM CHEIRALITY VIOLATION for 13 points : redoing optim!!
****************** OPTIM CHEIRALITY VIOLATION for 12 points : redoing optim!!
****************** OPTIM CHEIRALITY VIOLATION for 6 points : redoing optim!!
****************** OPTIM CHEIRALITY VIOLATION for 10 points : redoing optim!!
****************** OPTIM CHEIRALITY VIOLATION for 6 points : redoing optim!!
camera[0]
{
	 r_vec : (-0.0306657, 0.185037, 0.173609)
	 t_vec : (-0.977492, -0.511877, -5.73143)
}
ADDED 44 new points
Using 4 over 13 cameras
1 1 0 0 0 1 1 0 0 0 0 0 0 
****************** OPTIM CHEIRALITY VIOLATION for 12 points : redoing optim!!
camera[5]
{
	 r_vec : (-0.030022, 0.177286, -0.173249)
	 t_vec : (-1.05382, -0.354184, -5.81659)
}
ADDED 83 new points
Using 5 over 13 cameras
1 1 0 0 0 1 1 1 0 0 0 0 0 
****************** OPTIM CHEIRALITY VIOLATION for 41 points : redoing optim!!
****************** OPTIM CHEIRALITY VIOLATION for 70 points : redoing optim!!
****************** OPTIM CHEIRALITY VIOLATION for 8 points : redoing optim!!
camera[7]
{
	 r_vec : (-0.0658934, 0.116491, -0.0907922)
	 t_vec : (-0.687098, -0.631362, -5.84532)
}
ADDED 420 new points
Using 6 over 13 cameras
1 1 1 0 0 1 1 1 0 0 0 0 0 
camera[2]
{
	 r_vec : (-0.0547904, 0.207514, -0.199146)
	 t_vec : (-1.25116, -0.478535, -5.87742)
}
ADDED 2 new points
Using 7 over 13 cameras
1 1 1 0 1 1 1 1 0 0 0 0 0 
****************** OPTIM CHEIRALITY VIOLATION for 547 points : redoing optim!!
camera[4]
{
	 r_vec : (-3.81485, 1.91861, 33.8605)
	 t_vec : (0.817952, -0.792966, -13.2238)
}
Diverged: only 2 valid points remain.
Try to look for a better seed pair
Seed pair (5, 12): inliers E=412 H=130
camera[5]
{
	 r_vec : (0, 0, 0)
	 t_vec : (0, 0, 0)
}
camera[12]
{
	 r_vec : (0.050445, 0.00713054, 0.0243716)
	 t_vec : (0.0175341, 0.952627, -0.303634)
}
camera[12]
{
	 r_vec : (0.0775903, 0.00768492, 0.0183743)
	 t_vec : (0.00836914, 1.22217, -0.194621)
}
ADDED 537 new points
Using 3 over 13 cameras
1 0 0 0 0 1 0 0 0 0 0 0 1 
camera[0]
{
	 r_vec : (12.524, -13.6418, -3.22638)
	 t_vec : (-0.195817, -0.144152, -0.572928)
}
ADDED 0 new points
Using 4 over 13 cameras
1 1 0 0 0 1 0 0 0 0 0 0 1 
****************** OPTIM CHEIRALITY VIOLATION for 28 points : redoing optim!!
camera[1]
{
	 r_vec : (0.145475, 0.184443, -3.15184)
	 t_vec : (0.57789, 0.891254, -19.2387)
}
ADDED 0 new points
Using 5 over 13 cameras
1 1 0 0 0 1 1 0 0 0 0 0 1 
****************** OPTIM CHEIRALITY VIOLATION for 11 points : redoing optim!!
camera[6]
{
	 r_vec : (0.407074, -0.264091, -3.14846)
	 t_vec : (2.95261, -1.64728, -19.2208)
}
Diverged: only 8 valid points remain.
Try to look for a better seed pair
Seed pair (4, 5): inliers E=437 H=100
camera[4]
{
	 r_vec : (0, 0, 0)
	 t_vec : (0, 0, 0)
}
camera[5]
{
	 r_vec : (-0.0102245, 0.101568, 0.0240145)
	 t_vec : (-0.979217, -0.0383061, 0.199164)
}
camera[5]
{
	 r_vec : (-0.00705073, 0.105086, 0.0252624)
	 t_vec : (-0.993353, -0.021265, 0.196495)
}
ADDED 0 new points
Using 3 over 13 cameras
1 0 0 0 1 1 0 0 0 0 0 0 0 
****************** OPTIM CHEIRALITY VIOLATION for 364 points : redoing optim!!
camera[0]
{
	 r_vec : (69.1713, -124.858, 72.8661)
	 t_vec : (28.0962, -66.7485, -1371.94)
}
Diverged: geometry exploded (max_dist = 6870.36)
Try to look for a better seed pair
Seed pair (0, 3): inliers E=398 H=78
camera[0]
{
	 r_vec : (0, 0, 0)
	 t_vec : (0, 0, 0)
}
camera[3]
{
	 r_vec : (-0.0187793, -0.313748, -0.0265459)
	 t_vec : (0.980814, -0.101794, 0.166256)
}
camera[3]
{
	 r_vec : (-0.013544, -0.251991, -0.0289678)
	 t_vec : (0.901773, -0.0871771, 0.270386)
}
ADDED 0 new points
Using 3 over 13 cameras
1 0 0 1 1 0 0 0 0 0 0 0 0 
****************** OPTIM CHEIRALITY VIOLATION for 320 points : redoing optim!!
camera[4]
{
	 r_vec : (0.395197, 0.0757569, 3.07763)
	 t_vec : (-0.774698, -0.0247413, -5.0728)
}
ADDED 0 new points
Using 4 over 13 cameras
1 0 0 1 1 1 0 0 0 0 0 0 0 
****************** OPTIM CHEIRALITY VIOLATION for 48 points : redoing optim!!
camera[5]
{
	 r_vec : (0.0533326, -0.132192, -3.14214)
	 t_vec : (0.130676, -0.135162, -5.08241)
}
ADDED 360 new points
Using 5 over 13 cameras
1 0 0 1 1 1 0 1 0 0 0 0 0 
****************** OPTIM CHEIRALITY VIOLATION for 275 points : redoing optim!!
camera[7]
{
	 r_vec : (3.3356, 4.904, -1.3971)
	 t_vec : (0.285462, -0.266374, -0.57726)
}
ADDED 304 new points
Using 6 over 13 cameras
1 0 0 1 1 1 1 1 0 0 0 0 0 
****************** OPTIM CHEIRALITY VIOLATION for 162 points : redoing optim!!
camera[6]
{
	 r_vec : (-0.0917621, -0.11997, 0.00592066)
	 t_vec : (0.244015, -0.28803, -0.628456)
}
ADDED 162 new points
Using 7 over 13 cameras
1 0 0 1 1 1 1 1 1 0 0 0 0 
****************** OPTIM CHEIRALITY VIOLATION for 49 points : redoing optim!!
camera[8]
{
	 r_vec : (-0.09866, -0.154086, 0.0834648)
	 t_vec : (0.335046, -0.248091, -0.538424)
}
ADDED 232 new points
Using 8 over 13 cameras
1 1 0 1 1 1 1 1 1 0 0 0 0 
****************** OPTIM CHEIRALITY VIOLATION for 163 points : redoing optim!!
camera[1]
{
	 r_vec : (-0.126632, 0.00787979, -0.0162005)
	 t_vec : (0.0673107, -0.346652, -0.789638)
}
ADDED 103 new points
Using 9 over 13 cameras
1 1 0 1 1 1 1 1 1 0 0 0 1 
****************** OPTIM CHEIRALITY VIOLATION for 57 points : redoing optim!!
camera[12]
{
	 r_vec : (-0.160365, -0.0208293, -0.00132879)
	 t_vec : (0.109594, -0.427221, -0.769477)
}
ADDED 206 new points
Using 10 over 13 cameras
1 1 1 1 1 1 1 1 1 0 0 0 1 
****************** OPTIM CHEIRALITY VIOLATION for 123 points : redoing optim!!
camera[2]
{
	 r_vec : (-0.109594, 0.0506321, -0.0324759)
	 t_vec : (0.0164552, -0.325018, -0.823497)
}
ADDED 113 new points
Using 11 over 13 cameras
1 1 1 1 1 1 1 1 1 0 0 1 1 
****************** OPTIM CHEIRALITY VIOLATION for 38 points : redoing optim!!
camera[11]
{
	 r_vec : (-0.22995, 0.161028, -0.0767344)
	 t_vec : (-0.231791, -0.548543, -0.633374)
}
ADDED 0 new points
Using 12 over 13 cameras
1 1 1 1 1 1 1 1 1 0 1 1 1 
****************** OPTIM CHEIRALITY VIOLATION for 70 points : redoing optim!!
camera[10]
{
	 r_vec : (-3.20831, 0.337663, -1.12552)
	 t_vec : (-1.21057, 0.712481, -0.152739)
}
ADDED 0 new points
Using 13 over 13 cameras
1 1 1 1 1 1 1 1 1 1 1 1 1 
****************** OPTIM CHEIRALITY VIOLATION for 43 points : redoing optim!!
camera[9]
{
	 r_vec : (-385.204, -174.297, -831.439)
	 t_vec : (-101.094, -18.4339, -4801.18)
}
Diverged: geometry exploded (max_dist = 24013.3)
Try to look for a better seed pair
Seed pair (7, 8): inliers E=441 H=141
camera[7]
{
	 r_vec : (0, 0, 0)
	 t_vec : (0, 0, 0)
}
camera[8]
{
	 r_vec : (-0.00699204, 0.055023, 0.0326134)
	 t_vec : (-0.933177, -0.165895, 0.318841)
}
camera[8]
{
	 r_vec : (-0.0118575, 0.0949338, 0.02705)
	 t_vec : (-1.92296, -0.316174, 1.11439)
}
ADDED 351 new points
Using 3 over 13 cameras
1 0 0 0 0 0 0 1 1 0 0 0 0 
camera[0]
{
	 r_vec : (-0.0323112, -0.25874, 0.0244494)
	 t_vec : (10.966, -0.81668, 0.425762)
}
ADDED 0 new points
Using 4 over 13 cameras
1 0 0 0 0 0 1 1 1 0 0 0 0 
****************** OPTIM CHEIRALITY VIOLATION for 504 points : redoing optim!!
camera[6]
{
	 r_vec : (0.0252892, -0.10748, -3.09832)
	 t_vec : (1.51254, -2.21553, -74.5645)
}
Diverged: geometry exploded (max_dist = 399.042)
Try to look for a better seed pair
Seed pair (2, 11): inliers E=350 H=88
camera[2]
{
	 r_vec : (0, 0, 0)
	 t_vec : (0, 0, 0)
}
camera[11]
{
	 r_vec : (0.260618, -0.113801, -0.0530654)
	 t_vec : (0.353705, 0.859754, 0.368396)
}
camera[11]
{
	 r_vec : (0.231154, -0.106848, -0.0682494)
	 t_vec : (0.344958, 0.788564, 0.26565)
}
ADDED 0 new points
Using 3 over 13 cameras
0 0 1 0 1 0 0 0 0 0 0 1 0 
****************** OPTIM CHEIRALITY VIOLATION for 274 points : redoing optim!!
camera[4]
{
	 r_vec : (873.842, 818.673, -412.285)
	 t_vec : (-262.927, -50.3457, -5943.98)
}
Diverged: geometry exploded (max_dist = 29751.4)
Try to look for a better seed pair
Seed pair (5, 7): inliers E=356 H=103
camera[5]
{
	 r_vec : (0, 0, 0)
	 t_vec : (0, 0, 0)
}
camera[7]
{
	 r_vec : (-0.0698088, 0.0553792, 0.0471674)
	 t_vec : (-0.875322, -0.198067, 0.441113)
}
camera[7]
{
	 r_vec : (-0.0688268, 0.0961177, 0.0189818)
	 t_vec : (-1.05997, -0.196096, 0.308911)
}
ADDED 0 new points
Using 3 over 13 cameras
1 0 0 0 0 1 0 1 0 0 0 0 0 
****************** OPTIM CHEIRALITY VIOLATION for 303 points : redoing optim!!
camera[0]
{
	 r_vec : (0.629999, -0.322171, -3.04614)
	 t_vec : (2.28173, -1.33402, -11.0788)
}
ADDED 0 new points
Using 4 over 13 cameras
1 1 0 0 0 1 0 1 0 0 0 0 0 
****************** OPTIM CHEIRALITY VIOLATION for 25 points : redoing optim!!
camera[1]
{
	 r_vec : (519.024, 3206.77, 658.525)
	 t_vec : (-46.097, -410.972, -6571.05)
}
Diverged: geometry exploded (max_dist = 32921.4)
Try to look for a better seed pair
Seed pair (3, 11): inliers E=380 H=87
camera[3]
{
	 r_vec : (0, 0, 0)
	 t_vec : (0, 0, 0)
}
camera[11]
{
	 r_vec : (0.266499, -0.0320082, -0.0367226)
	 t_vec : (-0.146263, 0.937214, 0.316604)
}
camera[11]
{
	 r_vec : (0.237754, -0.0436883, -0.0572941)
	 t_vec : (-0.1, 0.872119, 0.301868)
}
ADDED 0 new points
Using 3 over 13 cameras
0 0 1 1 0 0 0 0 0 0 0 1 0 
****************** OPTIM CHEIRALITY VIOLATION for 279 points : redoing optim!!
camera[2]
{
	 r_vec : (16.5284, -13.9272, -26.8612)
	 t_vec : (-5.58107, -14.8415, -259.504)
}
Diverged: geometry exploded (max_dist = 1301.7)
Try to look for a better seed pair
Seed pair (4, 11): inliers E=346 H=97
camera[4]
{
	 r_vec : (0, 0, 0)
	 t_vec : (0, 0, 0)
}
camera[11]
{
	 r_vec : (0.240118, -0.100564, -0.034073)
	 t_vec : (0.268423, 0.933668, 0.237092)
}
camera[11]
{
	 r_vec : (0.20918, -0.0900016, -0.0340703)
	 t_vec : (0.242651, 0.858901, 0.173637)
}
ADDED 0 new points
Using 3 over 13 cameras
0 0 1 0 1 0 0 0 0 0 0 1 0 
****************** OPTIM CHEIRALITY VIOLATION for 268 points : redoing optim!!
camera[2]
{
	 r_vec : (17.157, -22.7097, -18.9881)
	 t_vec : (-2.1264, -10.279, -166.306)
}
Diverged: geometry exploded (max_dist = 834.241)
Try to look for a better seed pair
Seed pair (2, 12): inliers E=344 H=91
camera[2]
{
	 r_vec : (0, 0, 0)
	 t_vec : (0, 0, 0)
}
camera[12]
{
	 r_vec : (0.149362, 0.125348, 0.0272917)
	 t_vec : (-0.753815, 0.626269, 0.198872)
}
camera[12]
{
	 r_vec : (0.14265, 0.108763, 0.0215747)
	 t_vec : (-0.695215, 0.616709, 0.188374)
}
ADDED 1 new points
Using 3 over 13 cameras
0 1 1 0 0 0 0 0 0 0 0 0 1 
****************** OPTIM CHEIRALITY VIOLATION for 283 points : redoing optim!!
camera[1]
{
	 r_vec : (0.250914, -0.220511, -3.12677)
	 t_vec : (0.863754, -0.607801, -8.35095)
}
ADDED 0 new points
Using 4 over 13 cameras
0 1 1 0 1 0 0 0 0 0 0 0 1 
****************** OPTIM CHEIRALITY VIOLATION for 45 points : redoing optim!!
camera[4]
{
	 r_vec : (1167.51, -653.883, -662.395)
	 t_vec : (-269.66, -176.22, -5356.22)
}
Diverged: geometry exploded (max_dist = 26830.7)
Try to look for a better seed pair
Seed pair (1, 7): inliers E=373 H=89
camera[1]
{
	 r_vec : (0, 0, 0)
	 t_vec : (0, 0, 0)
}
camera[7]
{
	 r_vec : (-0.048421, 0.102745, 0.046149)
	 t_vec : (-0.838906, -0.178036, 0.514335)
}
camera[7]
{
	 r_vec : (-0.0464703, 0.12439, 0.0392869)
	 t_vec : (-0.895709, -0.171846, 0.464353)
}
ADDED 29 new points
Using 3 over 13 cameras
1 1 0 0 0 0 0 1 0 0 0 0 0 
camera[0]
{
	 r_vec : (-0.0462424, 0.221956, -0.0496552)
	 t_vec : (-0.675561, -0.365713, -3.08127)
}
ADDED 621 new points
Using 4 over 13 cameras
1 1 0 0 0 1 0 1 0 0 0 0 0 
camera[5]
{
	 r_vec : (-0.014299, 0.214083, -0.0911569)
	 t_vec : (-0.633318, -0.261854, -3.59718)
}
ADDED 270 new points
Using 5 over 13 cameras
1 1 0 0 0 1 1 1 0 0 0 0 0 
camera[6]
{
	 r_vec : (-0.0395807, 0.235318, -0.133711)
	 t_vec : (-0.702317, -0.360723, -3.98803)
}
ADDED 0 new points
Using 6 over 13 cameras
1 1 1 0 0 1 1 1 0 0 0 0 0 
****************** OPTIM CHEIRALITY VIOLATION for 596 points : redoing optim!!
camera[2]
{
	 r_vec : (-34.4928, -179.773, -663.386)
	 t_vec : (-76.643, -109.371, -2121)
}
Diverged: geometry exploded (max_dist = 10606.6)
Try to look for a better seed pair
Seed pair (0, 11): inliers E=317 H=65
camera[0]
{
	 r_vec : (0, 0, 0)
	 t_vec : (0, 0, 0)
}
camera[11]
{
	 r_vec : (0.138856, -0.0814967, -0.0627368)
	 t_vec : (0.577395, 0.606479, 0.546624)
}
camera[11]
{
	 r_vec : (0.154935, -0.110491, -0.0871465)
	 t_vec : (0.687768, 0.637801, 0.574233)
}
ADDED 0 new points
Using 3 over 13 cameras
1 0 0 0 1 0 0 0 0 0 0 1 0 
****************** OPTIM CHEIRALITY VIOLATION for 242 points : redoing optim!!
camera[4]
{
	 r_vec : (0.136562, 0.140287, 3.08667)
	 t_vec : (-0.707628, -0.228799, -9.23404)
}
ADDED 0 new points
Using 4 over 13 cameras
1 0 0 0 1 1 0 0 0 0 0 1 0 
****************** OPTIM CHEIRALITY VIOLATION for 45 points : redoing optim!!
camera[5]
{
	 r_vec : (65.3102, -5.86018, -30.3826)
	 t_vec : (32.2696, -3.52982, -1098.16)
}
Diverged: geometry exploded (max_dist = 5496)
Try to look for a better seed pair
Seed pair (1, 11): inliers E=317 H=79
camera[1]
{
	 r_vec : (0, 0, 0)
	 t_vec : (0, 0, 0)
}
camera[11]
{
	 r_vec : (0.254683, -0.287316, -0.0814104)
	 t_vec : (0.765898, 0.554817, 0.324927)
}
camera[11]
{
	 r_vec : (0.242056, -0.260839, -0.0619929)
	 t_vec : (0.718023, 0.549812, 0.287887)
}
ADDED 0 new points
Using 3 over 13 cameras
0 1 1 0 0 0 0 0 0 0 0 1 0 
****************** OPTIM CHEIRALITY VIOLATION for 250 points : redoing optim!!
camera[2]
{
	 r_vec : (80394.9, -52779.8, -13143.3)
	 t_vec : (-4607.05, -4169.13, -142541)
}
Diverged: geometry exploded (max_dist = 713384)
Try to look for a better seed pair
Seed pair (0, 8): inliers E=351 H=101
camera[0]
{
	 r_vec : (0, 0, 0)
	 t_vec : (0, 0, 0)
}
camera[8]
{
	 r_vec : (-0.098881, 0.400255, 0.0600515)
	 t_vec : (-0.870311, -0.180816, 0.45811)
}
camera[8]
{
	 r_vec : (-0.0823856, 0.333478, 0.068558)
	 t_vec : (-0.802323, -0.150753, 0.486749)
}
ADDED 0 new points
Using 3 over 13 cameras
1 0 0 0 0 0 0 1 1 0 0 0 0 
****************** OPTIM CHEIRALITY VIOLATION for 267 points : redoing optim!!
camera[7]
{
	 r_vec : (-1.92695, 0.192279, 2.59923)
	 t_vec : (2.12467, -0.109753, -2.897)
}
ADDED 551 new points
Using 4 over 13 cameras
1 0 0 0 0 1 0 1 1 0 0 0 0 
****************** OPTIM CHEIRALITY VIOLATION for 226 points : redoing optim!!
camera[5]
{
	 r_vec : (-0.00125408, 0.0333248, -0.00820169)
	 t_vec : (-0.0880211, -0.0483567, 0.207874)
}
ADDED 252 new points
Using 5 over 13 cameras
1 1 0 0 0 1 0 1 1 0 0 0 0 
****************** OPTIM CHEIRALITY VIOLATION for 69 points : redoing optim!!
camera[1]
{
	 r_vec : (-0.0170581, 0.0318522, 0.00642716)
	 t_vec : (-0.0217754, -0.00383332, 0.0945017)
}
ADDED 189 new points
Using 6 over 13 cameras
1 1 1 0 0 1 0 1 1 0 0 0 0 
****************** OPTIM CHEIRALITY VIOLATION for 32 points : redoing optim!!
camera[2]
{
	 r_vec : (-0.0130309, -0.0122312, -0.0258032)
	 t_vec : (0.149306, -0.0176874, 0.074018)
}
ADDED 187 new points
Using 7 over 13 cameras
1 1 1 0 1 1 0 1 1 0 0 0 0 
****************** OPTIM CHEIRALITY VIOLATION for 10 points : redoing optim!!
camera[4]
{
	 r_vec : (-0.000829148, -0.0301182, -0.0442082)
	 t_vec : (0.210531, -0.0641175, 0.134002)
}
ADDED 173 new points
Using 8 over 13 cameras
1 1 1 1 1 1 0 1 1 0 0 0 0 
****************** OPTIM CHEIRALITY VIOLATION for 10 points : redoing optim!!
camera[3]
{
	 r_vec : (-0.0108839, -0.0380915, -0.0409439)
	 t_vec : (0.333512, -0.057308, 0.0924796)
}
ADDED 71 new points
Using 9 over 13 cameras
1 1 1 1 1 1 0 1 1 0 0 0 1 
****************** OPTIM CHEIRALITY VIOLATION for 17 points : redoing optim!!
camera[12]
{
	 r_vec : (0.127769, 0.0789913, 0.015502)
	 t_vec : (-0.146288, 0.261756, 0.118487)
}
ADDED 0 new points
Using 10 over 13 cameras
1 1 1 1 1 1 0 1 1 0 0 1 1 
****************** OPTIM CHEIRALITY VIOLATION for 324 points : redoing optim!!
camera[11]
{
	 r_vec : (74.3136, -67.0003, 90.5092)
	 t_vec : (-28.7309, -64.2876, -1590.85)
}
Diverged: geometry exploded (max_dist = 7964.79)
Try to look for a better seed pair
Seed pair (3, 5): inliers E=329 H=65
Forward-dominant motion detected, rejecting.
Try to look for a better seed pair
Seed pair (4, 12): inliers E=333 H=83
camera[4]
{
	 r_vec : (0, 0, 0)
	 t_vec : (0, 0, 0)
}
camera[12]
{
	 r_vec : (0.0346418, -0.0104377, 0.0645952)
	 t_vec : (-0.662637, 0.745416, -0.0725723)
}
camera[12]
{
	 r_vec : (0.0676541, 0.0206432, 0.0779975)
	 t_vec : (-0.966172, 0.993725, -0.3339)
}
ADDED 0 new points
Using 3 over 13 cameras
1 0 0 0 1 0 0 0 0 0 0 0 1 
****************** OPTIM CHEIRALITY VIOLATION for 281 points : redoing optim!!
camera[0]
{
	 r_vec : (-3.2106, 0.230669, 0.886499)
	 t_vec : (5.11245, 1.08263, -3.04744)
}
ADDED 0 new points
Using 4 over 13 cameras
1 0 1 0 1 0 0 0 0 0 0 0 1 
****************** OPTIM CHEIRALITY VIOLATION for 42 points : redoing optim!!
camera[2]
{
	 r_vec : (-4.06805e+10, -3.25454e+10, 1.99146e+10)
	 t_vec : (-1.0223e+10, -1.76787e+10, -4.03655e+11)
}
Diverged: geometry exploded (max_dist = 2.02085e+12)
Try to look for a better seed pair
Seed pair (6, 12): inliers E=325 H=93
camera[6]
{
	 r_vec : (0, 0, 0)
	 t_vec : (0, 0, 0)
}
camera[12]
{
	 r_vec : (0.217145, -0.15953, -0.00617874)
	 t_vec : (0.695681, 0.718166, -0.0162993)
}
camera[12]
{
	 r_vec : (0.199222, -0.129752, 0.0118154)
	 t_vec : (0.616636, 0.699367, -0.0125256)
}
ADDED 0 new points
Using 3 over 13 cameras
1 0 0 0 0 0 1 0 0 0 0 0 1 
****************** OPTIM CHEIRALITY VIOLATION for 291 points : redoing optim!!
camera[0]
{
	 r_vec : (-2290.48, -843.275, -776.305)
	 t_vec : (540.469, -2271.61, -34730.5)
}
Diverged: geometry exploded (max_dist = 174045)
Try to look for a better seed pair
Seed pair (2, 6): inliers E=319 H=82
camera[2]
{
	 r_vec : (0, 0, 0)
	 t_vec : (0, 0, 0)
}
camera[6]
{
	 r_vec : (-0.00264724, 0.0933338, 0.0363718)
	 t_vec : (-0.93288, -0.0718484, 0.352948)
}
camera[6]
{
	 r_vec : (-0.00350018, 0.111312, 0.0359043)
	 t_vec : (-0.983667, -0.0799126, 0.30587)
}
ADDED 591 new points
Using 3 over 13 cameras
1 0 1 0 0 0 1 0 0 0 0 0 0 
camera[0]
{
	 r_vec : (-0.00352965, 0.0840312, 0.0221517)
	 t_vec : (-0.570968, -0.0148394, -0.0606199)
}
ADDED 0 new points
Using 4 over 13 cameras
1 0 1 0 0 1 1 0 0 0 0 0 0 
****************** OPTIM CHEIRALITY VIOLATION for 622 points : redoing optim!!
camera[5]
{
	 r_vec : (1.92679, -0.20394, -2.54757)
	 t_vec : (4.11969, -0.446224, -5.10501)
}
ADDED 0 new points
Using 5 over 13 cameras
1 1 1 0 0 1 1 0 0 0 0 0 0 
****************** OPTIM CHEIRALITY VIOLATION for 158 points : redoing optim!!
camera[1]
{
	 r_vec : (0.409321, -0.220257, -2.6554)
	 t_vec : (1.1913, -2.9186, -44.4364)
}
Diverged: geometry exploded (max_dist = 225.566)
Try to look for a better seed pair
Seed pair (4, 6): inliers E=340 H=60
camera[4]
{
	 r_vec : (0, 0, 0)
	 t_vec : (0, 0, 0)
}
camera[6]
{
	 r_vec : (-0.0189866, 0.170922, 0.0451217)
	 t_vec : (-0.975558, -0.0168038, 0.2191)
}
camera[6]
{
	 r_vec : (-0.0183165, 0.170888, 0.0476973)
	 t_vec : (-0.975476, -0.0150728, 0.221919)
}
ADDED 545 new points
Using 3 over 13 cameras
1 0 0 0 1 0 1 0 0 0 0 0 0 
camera[0]
{
	 r_vec : (-0.0155957, 0.123745, 0.0339702)
	 t_vec : (-0.597111, 0.0435361, -0.0948881)
}
ADDED 284 new points
Using 4 over 13 cameras
1 0 0 0 1 1 1 0 0 0 0 0 0 
camera[5]
{
	 r_vec : (-0.000567608, 0.105469, 0.0288955)
	 t_vec : (-0.584927, 0.00747095, 0.11846)
}
ADDED 199 new points
Using 5 over 13 cameras
1 1 0 0 1 1 1 0 0 0 0 0 0 
camera[1]
{
	 r_vec : (-0.0147824, 0.0691647, 0.0299233)
	 t_vec : (-0.380308, 0.0699501, -0.0920376)
}
ADDED 0 new points
Using 6 over 13 cameras
1 1 1 0 1 1 1 0 0 0 0 0 0 
****************** OPTIM CHEIRALITY VIOLATION for 710 points : redoing optim!!
camera[2]
{
	 r_vec : (19.6354, 20.3307, 20.0499)
	 t_vec : (-44.341, -67.0037, -1235.14)
}
Diverged: geometry exploded (max_dist = 6189.93)
Try to look for a better seed pair
Seed pair (2, 7): inliers E=295 H=65
camera[2]
{
	 r_vec : (0, 0, 0)
	 t_vec : (0, 0, 0)
}
camera[7]
{
	 r_vec : (-0.0539122, 0.232747, 0.0691125)
	 t_vec : (-0.904897, -0.115868, 0.409556)
}
camera[7]
{
	 r_vec : (-0.0520455, 0.226525, 0.0700536)
	 t_vec : (-0.896886, -0.111584, 0.416114)
}
ADDED 542 new points
Using 3 over 13 cameras
1 0 1 0 0 0 0 1 0 0 0 0 0 
camera[0]
{
	 r_vec : (-0.00712085, 0.0701078, 0.00352655)
	 t_vec : (-0.281447, -0.024939, -0.12571)
}
ADDED 317 new points
Using 4 over 13 cameras
1 1 1 0 0 0 0 1 0 0 0 0 0 
camera[1]
{
	 r_vec : (-0.00680392, 0.0560696, 0.00842213)
	 t_vec : (-0.225772, 9.42085e-06, -0.0496638)
}
ADDED 220 new points
Using 5 over 13 cameras
1 1 1 0 0 1 0 1 0 0 0 0 0 
camera[5]
{
	 r_vec : (0.00688291, 0.0707205, 0.00361792)
	 t_vec : (-0.323999, -0.049066, 0.0685199)
}
ADDED 0 new points
Using 6 over 13 cameras
1 1 1 0 0 1 1 1 0 0 0 0 0 
W0512 21:49:11.808187 51226 levenberg_marquardt_strategy.cc:115] Linear solver failure. Failed to compute a step: Eigen failure. Unable to perform dense Cholesky factorization.
W0512 21:49:11.812713 51226 levenberg_marquardt_strategy.cc:115] Linear solver failure. Failed to compute a step: Eigen failure. Unable to perform dense Cholesky factorization.
W0512 21:49:11.814007 51226 levenberg_marquardt_strategy.cc:115] Linear solver failure. Failed to compute a step: Eigen failure. Unable to perform dense Cholesky factorization.
W0512 21:49:11.817955 51226 levenberg_marquardt_strategy.cc:115] Linear solver failure. Failed to compute a step: Eigen failure. Unable to perform dense Cholesky factorization.
W0512 21:49:11.827003 51226 levenberg_marquardt_strategy.cc:115] Linear solver failure. Failed to compute a step: Eigen failure. Unable to perform dense Cholesky factorization.
W0512 21:49:11.830842 51226 levenberg_marquardt_strategy.cc:115] Linear solver failure. Failed to compute a step: Eigen failure. Unable to perform dense Cholesky factorization.
W0512 21:49:11.832065 51226 levenberg_marquardt_strategy.cc:115] Linear solver failure. Failed to compute a step: Eigen failure. Unable to perform dense Cholesky factorization.
W0512 21:49:12.053897 51226 levenberg_marquardt_strategy.cc:115] Linear solver failure. Failed to compute a step: Eigen failure. Unable to perform dense Cholesky factorization.
W0512 21:49:12.057737 51226 levenberg_marquardt_strategy.cc:115] Linear solver failure. Failed to compute a step: Eigen failure. Unable to perform dense Cholesky factorization.
W0512 21:49:12.061522 51226 levenberg_marquardt_strategy.cc:115] Linear solver failure. Failed to compute a step: Eigen failure. Unable to perform dense Cholesky factorization.
W0512 21:49:12.062772 51226 levenberg_marquardt_strategy.cc:115] Linear solver failure. Failed to compute a step: Eigen failure. Unable to perform dense Cholesky factorization.
W0512 21:49:12.069032 51226 levenberg_marquardt_strategy.cc:115] Linear solver failure. Failed to compute a step: Eigen failure. Unable to perform dense Cholesky factorization.
****************** OPTIM CHEIRALITY VIOLATION for 488 points : redoing optim!!
W0512 21:49:12.243130 51226 levenberg_marquardt_strategy.cc:115] Linear solver failure. Failed to compute a step: Eigen failure. Unable to perform dense Cholesky factorization.
W0512 21:49:12.259343 51226 levenberg_marquardt_strategy.cc:115] Linear solver failure. Failed to compute a step: Eigen failure. Unable to perform dense Cholesky factorization.
W0512 21:49:12.260049 51226 levenberg_marquardt_strategy.cc:115] Linear solver failure. Failed to compute a step: Eigen failure. Unable to perform dense Cholesky factorization.
W0512 21:49:12.265336 51226 levenberg_marquardt_strategy.cc:115] Linear solver failure. Failed to compute a step: Eigen failure. Unable to perform dense Cholesky factorization.
W0512 21:49:12.267557 51226 levenberg_marquardt_strategy.cc:115] Linear solver failure. Failed to compute a step: Eigen failure. Unable to perform dense Cholesky factorization.
W0512 21:49:12.269788 51226 levenberg_marquardt_strategy.cc:115] Linear solver failure. Failed to compute a step: Eigen failure. Unable to perform dense Cholesky factorization.
W0512 21:49:12.270496 51226 levenberg_marquardt_strategy.cc:115] Linear solver failure. Failed to compute a step: Eigen failure. Unable to perform dense Cholesky factorization.
W0512 21:49:12.272733 51226 levenberg_marquardt_strategy.cc:115] Linear solver failure. Failed to compute a step: Eigen failure. Unable to perform dense Cholesky factorization.
W0512 21:49:12.274993 51226 levenberg_marquardt_strategy.cc:115] Linear solver failure. Failed to compute a step: Eigen failure. Unable to perform dense Cholesky factorization.
W0512 21:49:12.277385 51226 levenberg_marquardt_strategy.cc:115] Linear solver failure. Failed to compute a step: Eigen failure. Unable to perform dense Cholesky factorization.
W0512 21:49:12.278117 51226 levenberg_marquardt_strategy.cc:115] Linear solver failure. Failed to compute a step: Eigen failure. Unable to perform dense Cholesky factorization.
W0512 21:49:12.280319 51226 levenberg_marquardt_strategy.cc:115] Linear solver failure. Failed to compute a step: Eigen failure. Unable to perform dense Cholesky factorization.
W0512 21:49:12.282579 51226 levenberg_marquardt_strategy.cc:115] Linear solver failure. Failed to compute a step: Eigen failure. Unable to perform dense Cholesky factorization.
W0512 21:49:12.284874 51226 levenberg_marquardt_strategy.cc:115] Linear solver failure. Failed to compute a step: Eigen failure. Unable to perform dense Cholesky factorization.
W0512 21:49:12.287106 51226 levenberg_marquardt_strategy.cc:115] Linear solver failure. Failed to compute a step: Eigen failure. Unable to perform dense Cholesky factorization.
W0512 21:49:12.287830 51226 levenberg_marquardt_strategy.cc:115] Linear solver failure. Failed to compute a step: Eigen failure. Unable to perform dense Cholesky factorization.
W0512 21:49:12.291563 51226 levenberg_marquardt_strategy.cc:115] Linear solver failure. Failed to compute a step: Eigen failure. Unable to perform dense Cholesky factorization.
W0512 21:49:12.292268 51226 levenberg_marquardt_strategy.cc:115] Linear solver failure. Failed to compute a step: Eigen failure. Unable to perform dense Cholesky factorization.
W0512 21:49:12.294540 51226 levenberg_marquardt_strategy.cc:115] Linear solver failure. Failed to compute a step: Eigen failure. Unable to perform dense Cholesky factorization.
W0512 21:49:12.296795 51226 levenberg_marquardt_strategy.cc:115] Linear solver failure. Failed to compute a step: Eigen failure. Unable to perform dense Cholesky factorization.
W0512 21:49:12.299053 51226 levenberg_marquardt_strategy.cc:115] Linear solver failure. Failed to compute a step: Eigen failure. Unable to perform dense Cholesky factorization.
W0512 21:49:12.299764 51226 levenberg_marquardt_strategy.cc:115] Linear solver failure. Failed to compute a step: Eigen failure. Unable to perform dense Cholesky factorization.
W0512 21:49:12.303634 51226 levenberg_marquardt_strategy.cc:115] Linear solver failure. Failed to compute a step: Eigen failure. Unable to perform dense Cholesky factorization.
W0512 21:49:12.305899 51226 levenberg_marquardt_strategy.cc:115] Linear solver failure. Failed to compute a step: Eigen failure. Unable to perform dense Cholesky factorization.
W0512 21:49:12.306630 51226 levenberg_marquardt_strategy.cc:115] Linear solver failure. Failed to compute a step: Eigen failure. Unable to perform dense Cholesky factorization.
W0512 21:49:12.308879 51226 levenberg_marquardt_strategy.cc:115] Linear solver failure. Failed to compute a step: Eigen failure. Unable to perform dense Cholesky factorization.
W0512 21:49:12.309615 51226 levenberg_marquardt_strategy.cc:115] Linear solver failure. Failed to compute a step: Eigen failure. Unable to perform dense Cholesky factorization.
W0512 21:49:12.313411 51226 levenberg_marquardt_strategy.cc:115] Linear solver failure. Failed to compute a step: Eigen failure. Unable to perform dense Cholesky factorization.
W0512 21:49:12.315608 51226 levenberg_marquardt_strategy.cc:115] Linear solver failure. Failed to compute a step: Eigen failure. Unable to perform dense Cholesky factorization.
W0512 21:49:12.316298 51226 levenberg_marquardt_strategy.cc:115] Linear solver failure. Failed to compute a step: Eigen failure. Unable to perform dense Cholesky factorization.
W0512 21:49:12.318524 51226 levenberg_marquardt_strategy.cc:115] Linear solver failure. Failed to compute a step: Eigen failure. Unable to perform dense Cholesky factorization.
W0512 21:49:12.322242 51226 levenberg_marquardt_strategy.cc:115] Linear solver failure. Failed to compute a step: Eigen failure. Unable to perform dense Cholesky factorization.
W0512 21:49:12.322938 51226 levenberg_marquardt_strategy.cc:115] Linear solver failure. Failed to compute a step: Eigen failure. Unable to perform dense Cholesky factorization.
W0512 21:49:12.325176 51226 levenberg_marquardt_strategy.cc:115] Linear solver failure. Failed to compute a step: Eigen failure. Unable to perform dense Cholesky factorization.
W0512 21:49:12.327419 51226 levenberg_marquardt_strategy.cc:115] Linear solver failure. Failed to compute a step: Eigen failure. Unable to perform dense Cholesky factorization.
W0512 21:49:12.329671 51226 levenberg_marquardt_strategy.cc:115] Linear solver failure. Failed to compute a step: Eigen failure. Unable to perform dense Cholesky factorization.
W0512 21:49:12.330372 51226 levenberg_marquardt_strategy.cc:115] Linear solver failure. Failed to compute a step: Eigen failure. Unable to perform dense Cholesky factorization.
W0512 21:49:12.332605 51226 levenberg_marquardt_strategy.cc:115] Linear solver failure. Failed to compute a step: Eigen failure. Unable to perform dense Cholesky factorization.
W0512 21:49:12.336354 51226 levenberg_marquardt_strategy.cc:115] Linear solver failure. Failed to compute a step: Eigen failure. Unable to perform dense Cholesky factorization.
W0512 21:49:12.337061 51226 levenberg_marquardt_strategy.cc:115] Linear solver failure. Failed to compute a step: Eigen failure. Unable to perform dense Cholesky factorization.
****************** OPTIM CHEIRALITY VIOLATION for 173 points : redoing optim!!
****************** OPTIM CHEIRALITY VIOLATION for 38 points : redoing optim!!
****************** OPTIM CHEIRALITY VIOLATION for 26 points : redoing optim!!
camera[6]
{
	 r_vec : (0.0130796, 0.142546, -0.070343)
	 t_vec : (-0.429866, -0.000767495, -1.72656)
}
ADDED 197 new points
Using 7 over 13 cameras
1 1 1 0 1 1 1 1 0 0 0 0 0 
camera[4]
{
	 r_vec : (0.0251207, 0.146412, -0.157024)
	 t_vec : (-0.393742, 0.0316972, -1.95219)
}
ADDED 0 new points
Using 8 over 13 cameras
1 1 1 1 1 1 1 1 0 0 0 0 0 
****************** OPTIM CHEIRALITY VIOLATION for 364 points : redoing optim!!
camera[3]
{
	 r_vec : (0.482619, 0.380207, -3.18039)
	 t_vec : (-0.860702, 0.0621068, -18.5507)
}
ADDED 0 new points
Using 9 over 13 cameras
1 1 1 1 1 1 1 1 0 0 0 0 1 
****************** OPTIM CHEIRALITY VIOLATION for 138 points : redoing optim!!
camera[12]
{
	 r_vec : (11.6284, 9.83692, -16.4177)
	 t_vec : (3.39146, -3.70276, -71.6486)
}
Diverged: geometry exploded (max_dist = 350.415)
Try to look for a better seed pair
Seed pair (6, 8): inliers E=317 H=95
camera[6]
{
	 r_vec : (0, 0, 0)
	 t_vec : (0, 0, 0)
}
camera[8]
{
	 r_vec : (-0.0511817, 0.105583, 0.0620588)
	 t_vec : (-0.847013, -0.207292, 0.489489)
}
camera[8]
{
	 r_vec : (-0.0543279, 0.139932, 0.052877)
	 t_vec : (-1.06399, -0.228642, 0.656535)
}
ADDED 0 new points
Using 3 over 13 cameras
0 0 0 0 0 0 1 1 1 0 0 0 0 
****************** OPTIM CHEIRALITY VIOLATION for 248 points : redoing optim!!
camera[7]
{
	 r_vec : (0.491162, -0.0982305, -3.07329)
	 t_vec : (2.56741, -0.65322, -15.4557)
}
ADDED 0 new points
Using 4 over 13 cameras
1 0 0 0 0 0 1 1 1 0 0 0 0 
****************** OPTIM CHEIRALITY VIOLATION for 46 points : redoing optim!!
camera[0]
{
	 r_vec : (629.566, 445.172, 480.376)
	 t_vec : (-49.2659, -435.63, -6121.83)
}
Diverged: geometry exploded (max_dist = 30691.1)
Try to look for a better seed pair
Seed pair (10, 11): inliers E=331 H=74
camera[10]
{
	 r_vec : (0, 0, 0)
	 t_vec : (0, 0, 0)
}
camera[11]
{
	 r_vec : (0.0436257, 0.120968, 0.0513891)
	 t_vec : (-0.947559, 0.232057, -0.219731)
}
camera[11]
{
	 r_vec : (0.0443852, 0.132286, 0.0501613)
	 t_vec : (-1.01155, 0.22592, -0.127133)
}
ADDED 0 new points
Using 3 over 13 cameras
0 0 0 1 0 0 0 0 0 0 1 1 0 
****************** OPTIM CHEIRALITY VIOLATION for 214 points : redoing optim!!
camera[3]
{
	 r_vec : (0.0862329, 0.159132, -3.06846)
	 t_vec : (-0.089562, 0.91913, -13.5639)
}
ADDED 0 new points
Using 4 over 13 cameras
1 0 0 1 0 0 0 0 0 0 1 1 0 
****************** OPTIM CHEIRALITY VIOLATION for 38 points : redoing optim!!
camera[0]
{
	 r_vec : (-3.0833, 0.65413, 0.806858)
	 t_vec : (4.70321, -4.53308, -67.8699)
}
Diverged: geometry exploded (max_dist = 340.676)
Try to look for a better seed pair
Seed pair (3, 12): inliers E=291 H=55
camera[3]
{
	 r_vec : (0, 0, 0)
	 t_vec : (0, 0, 0)
}
camera[12]
{
	 r_vec : (0.0824634, 0.00627734, 0.0763393)
	 t_vec : (-0.803206, 0.5957, 0.000972896)
}
camera[12]
{
	 r_vec : (0.104357, 0.03487, 0.0830867)
	 t_vec : (-0.954159, 0.672798, -0.132714)
}
ADDED 0 new points
Using 3 over 13 cameras
0 1 0 1 0 0 0 0 0 0 0 0 1 
****************** OPTIM CHEIRALITY VIOLATION for 240 points : redoing optim!!
camera[1]
{
	 r_vec : (1408.99, -8374.45, -3670.7)
	 t_vec : (109.671, -1369.22, -22616.2)
}
Diverged: geometry exploded (max_dist = 113289)
Try to look for a better seed pair
Seed pair (11, 12): inliers E=287 H=58
camera[11]
{
	 r_vec : (0, 0, 0)
	 t_vec : (0, 0, 0)
}
camera[12]
{
	 r_vec : (-0.0582604, 0.181444, 0.102349)
	 t_vec : (-0.957607, -0.273055, -0.0918104)
}
camera[12]
{
	 r_vec : (-0.0516172, 0.17761, 0.0933058)
	 t_vec : (-0.951978, -0.240992, -0.123962)
}
ADDED 0 new points
Using 3 over 13 cameras
1 0 0 0 0 0 0 0 0 0 0 1 1 
****************** OPTIM CHEIRALITY VIOLATION for 249 points : redoing optim!!
camera[0]
{
	 r_vec : (-4.85351e+08, -2.14622e+08, -1.27465e+08)
	 t_vec : (2.41871e+07, -6.36275e+07, -1.26845e+09)
}
Diverged: geometry exploded (max_dist = 6.35139e+09)
Try to look for a better seed pair
Seed pair (7, 12): inliers E=271 H=62
camera[7]
{
	 r_vec : (0, 0, 0)
	 t_vec : (0, 0, 0)
}
camera[12]
{
	 r_vec : (0.28402, -0.270817, -0.0254602)
	 t_vec : (0.801301, 0.598119, -0.0130654)
}
camera[12]
{
	 r_vec : (0.245144, -0.217469, -0.0221237)
	 t_vec : (0.716321, 0.558614, -0.00947297)
}
ADDED 0 new points
Using 3 over 13 cameras
1 0 0 0 0 0 0 1 0 0 0 0 1 
****************** OPTIM FOUND 249 OUTLIERS : redoing optim!!
camera[0]
{
	 r_vec : (12207, 9658.41, -8683.81)
	 t_vec : (-19448.1, 49681.7, 757670)
}
Diverged: geometry exploded (max_dist = 3.79773e+06)
Try to look for a better seed pair
Seed pair (5, 11): inliers E=285 H=53
camera[5]
{
	 r_vec : (0, 0, 0)
	 t_vec : (0, 0, 0)
}
camera[11]
{
	 r_vec : (0.186809, -0.196301, -0.077513)
	 t_vec : (0.774985, 0.609668, 0.166443)
}
camera[11]
{
	 r_vec : (0.181585, -0.189705, -0.0752482)
	 t_vec : (0.761266, 0.602258, 0.168929)
}
ADDED 614 new points
Using 3 over 13 cameras
1 0 0 0 0 1 0 0 0 0 0 1 0 
camera[0]
{
	 r_vec : (-0.0139502, 0.0247431, -0.00672191)
	 t_vec : (-0.0346118, 0.0410626, -0.177743)
}
ADDED 278 new points
Using 4 over 13 cameras
1 1 0 0 0 1 0 0 0 0 0 1 0 
camera[1]
{
	 r_vec : (-0.0143409, 0.000248269, -0.0032009)
	 t_vec : (0.0835089, 0.0609872, -0.149914)
}
ADDED 199 new points
Using 5 over 13 cameras
1 1 1 0 0 1 0 0 0 0 0 1 0 
camera[2]
{
	 r_vec : (-0.00798872, -0.0799323, -0.02137)
	 t_vec : (0.435439, 0.0461435, -0.202378)
}
ADDED 0 new points
Using 6 over 13 cameras
1 1 1 0 1 1 0 0 0 0 0 1 0 
****************** OPTIM CHEIRALITY VIOLATION for 714 points : redoing optim!!
camera[4]
{
	 r_vec : (0.152021, 0.0700704, -3.0967)
	 t_vec : (-1.78345, -0.498839, -43.0961)
}
Diverged: geometry exploded (max_dist = 216.679)
Try to look for a better seed pair
Seed pair (1, 8): inliers E=303 H=61
camera[1]
{
	 r_vec : (0, 0, 0)
	 t_vec : (0, 0, 0)
}
camera[8]
{
	 r_vec : (-0.0653528, 0.242439, 0.0756669)
	 t_vec : (-0.863012, -0.184822, 0.470161)
}
camera[8]
{
	 r_vec : (-0.0632512, 0.256489, 0.0695159)
	 t_vec : (-0.885962, -0.178364, 0.458348)
}
ADDED 544 new points
Using 3 over 13 cameras
1 1 0 0 0 0 0 0 1 0 0 0 0 
camera[0]
{
	 r_vec : (-0.000643225, 0.0239492, -0.0111492)
	 t_vec : (-0.102165, -0.0274444, -0.0463298)
}
ADDED 309 new points
Using 4 over 13 cameras
1 1 0 0 0 1 0 0 1 0 0 0 0 
camera[5]
{
	 r_vec : (0.0123002, 0.00358779, -0.0261766)
	 t_vec : (-0.0865436, -0.0644268, 0.111617)
}
ADDED 0 new points
Using 5 over 13 cameras
1 1 0 0 0 1 1 0 1 0 0 0 0 
****************** OPTIM CHEIRALITY VIOLATION for 625 points : redoing optim!!
camera[6]
{
	 r_vec : (8.70597, -1.96391, -12.8745)
	 t_vec : (2.47849, -0.399457, -3.40703)
}
ADDED 0 new points
Using 6 over 13 cameras
1 1 1 0 0 1 1 0 1 0 0 0 0 
****************** OPTIM CHEIRALITY VIOLATION for 266 points : redoing optim!!
camera[2]
{
	 r_vec : (0.475434, -0.132297, -3.22446)
	 t_vec : (-0.890241, -2.87582, -46.8502)
}
Diverged: geometry exploded (max_dist = 237.453)
Try to look for a better seed pair
Seed pair (5, 8): inliers E=291 H=58
camera[5]
{
	 r_vec : (0, 0, 0)
	 t_vec : (0, 0, 0)
}
camera[8]
{
	 r_vec : (-0.0816638, 0.376811, 0.0874412)
	 t_vec : (-0.93476, -0.125789, 0.332266)
}
camera[8]
{
	 r_vec : (-0.0754649, 0.32112, 0.104168)
	 t_vec : (-0.862242, -0.114038, 0.336569)
}
ADDED 616 new points
Using 3 over 13 cameras
1 0 0 0 0 1 0 0 1 0 0 0 0 
camera[0]
{
	 r_vec : (-0.0196799, 0.0611158, 0.0203392)
	 t_vec : (-0.105149, 0.0211701, -0.120085)
}
ADDED 248 new points
Using 4 over 13 cameras
1 1 0 0 0 1 0 0 1 0 0 0 0 
camera[1]
{
	 r_vec : (-0.016828, 0.0155311, 0.0234005)
	 t_vec : (0.0331222, 0.0429801, -0.0844878)
}
ADDED 163 new points
Using 5 over 13 cameras
1 1 0 0 0 1 1 0 1 0 0 0 0 
camera[6]
{
	 r_vec : (-0.019532, 0.100538, 0.0334757)
	 t_vec : (-0.352254, -0.0119375, 0.0623404)
}
ADDED 169 new points
Using 6 over 13 cameras
1 1 1 0 0 1 1 0 1 0 0 0 0 
camera[2]
{
	 r_vec : (-0.0143538, -0.0364681, -0.00495103)
	 t_vec : (0.236726, 0.0275673, -0.111428)
}
ADDED 175 new points
Using 7 over 13 cameras
1 1 1 0 1 1 1 0 1 0 0 0 0 
camera[4]
{
	 r_vec : (-0.00467914, -0.0511976, -0.0222691)
	 t_vec : (0.300293, -0.0233543, -0.0458313)
}
ADDED 170 new points
Using 8 over 13 cameras
1 1 1 1 1 1 1 0 1 0 0 0 0 
camera[3]
{
	 r_vec : (-0.0153261, -0.0589868, -0.0187196)
	 t_vec : (0.433195, -0.0187874, -0.0855987)
}
ADDED 1 new points
Using 9 over 13 cameras
1 1 1 1 1 1 1 0 1 0 0 0 1 
****************** OPTIM CHEIRALITY VIOLATION for 522 points : redoing optim!!
****************** OPTIM CHEIRALITY VIOLATION for 9 points : redoing optim!!
****************** OPTIM CHEIRALITY VIOLATION for 15 points : redoing optim!!
camera[12]
{
	 r_vec : (0.0493488, 0.126264, 0.0186343)
	 t_vec : (-0.222834, 0.109298, -1.14677)
}
ADDED 163 new points
Using 10 over 13 cameras
1 1 1 1 1 1 1 1 1 0 0 0 1 
camera[7]
{
	 r_vec : (-0.0246535, 0.295616, -0.114884)
	 t_vec : (-0.541259, -0.0310312, -1.28799)
}
ADDED 0 new points
Using 11 over 13 cameras
1 1 1 1 1 1 1 1 1 0 0 1 1 
****************** OPTIM CHEIRALITY VIOLATION for 316 points : redoing optim!!
camera[11]
{
	 r_vec : (1.43701, 0.0432754, -3.08841)
	 t_vec : (1.32592, -0.131248, -1.61138)
}
ADDED 0 new points
Using 12 over 13 cameras
1 1 1 1 1 1 1 1 1 1 0 1 1 
****************** OPTIM CHEIRALITY VIOLATION for 115 points : redoing optim!!
camera[9]
{
	 r_vec : (-617338, 1.19023e+06, 216237)
	 t_vec : (-54890.3, -5600.06, -3.11119e+06)
}
Diverged: geometry exploded (max_dist = 1.55584e+07)
Try to look for a better seed pair
Seed pair (3, 10): inliers E=251 H=59
camera[3]
{
	 r_vec : (0, 0, 0)
	 t_vec : (0, 0, 0)
}
camera[10]
{
	 r_vec : (-0.180853, 0.0287072, -0.0535372)
	 t_vec : (-0.442562, -0.643905, 0.624119)
}
camera[10]
{
	 r_vec : (-0.121995, -0.00167604, -0.0397385)
	 t_vec : (-0.297967, -0.447326, 0.460915)
}
ADDED 509 new points
Using 3 over 13 cameras
0 0 0 1 1 0 0 0 0 0 1 0 0 
camera[4]
{
	 r_vec : (-0.0337681, -0.0394985, 0.0660159)
	 t_vec : (-0.0769831, -0.269215, -0.648019)
}
ADDED 325 new points
Using 4 over 13 cameras
0 0 1 1 1 0 0 0 0 0 1 0 0 
camera[2]
{
	 r_vec : (-0.0698797, -0.0561446, 0.0833274)
	 t_vec : (-0.0461714, -0.304756, -0.704703)
}
ADDED 198 new points
Using 5 over 13 cameras
0 1 1 1 1 0 0 0 0 0 1 0 0 
camera[1]
{
	 r_vec : (-0.0794633, -0.0989613, 0.115756)
	 t_vec : (0.012892, -0.321262, -0.727749)
}
ADDED 200 new points
Using 6 over 13 cameras
1 1 1 1 1 0 0 0 0 0 1 0 0 
****************** OPTIM FOUND 6 OUTLIERS : redoing optim!!
camera[0]
{
	 r_vec : (-0.0749874, -0.130529, 0.116157)
	 t_vec : (0.0862446, -0.302797, -0.698902)
}
ADDED 207 new points
Using 7 over 13 cameras
1 1 1 1 1 1 0 0 0 0 1 0 0 
camera[5]
{
	 r_vec : (-0.0406248, -0.151844, 0.0946174)
	 t_vec : (0.108999, -0.240992, -0.431702)
}
ADDED 112 new points
Using 8 over 13 cameras
1 1 1 1 1 1 1 0 0 0 1 0 0 
camera[6]
{
	 r_vec : (-0.0545842, -0.23635, 0.124588)
	 t_vec : (0.238801, -0.2264, -0.298577)
}
ADDED 61 new points
Using 9 over 13 cameras
1 1 1 1 1 1 1 0 0 0 1 0 1 
camera[12]
{
	 r_vec : (-0.112839, -0.137781, 0.119274)
	 t_vec : (0.107386, -0.427754, -0.516654)
}
ADDED 124 new points
Using 10 over 13 cameras
1 1 1 1 1 1 1 1 0 0 1 0 1 
****************** OPTIM FOUND 7 OUTLIERS : redoing optim!!
camera[7]
{
	 r_vec : (-0.0713064, -0.266501, 0.166603)
	 t_vec : (0.283797, -0.189728, -0.105963)
}
ADDED 129 new points
Using 11 over 13 cameras
1 1 1 1 1 1 1 1 0 0 1 1 1 
camera[11]
{
	 r_vec : (-0.123263, -0.0431381, 0.0293152)
	 t_vec : (-0.150554, -0.491649, -0.337993)
}
ADDED 113 new points
Using 12 over 13 cameras
1 1 1 1 1 1 1 1 1 0 1 1 1 
camera[8]
{
	 r_vec : (-0.0631273, -0.263595, 0.209962)
	 t_vec : (0.353264, -0.157939, -0.0460763)
}
ADDED 89 new points
Using 13 over 13 cameras
1 1 1 1 1 1 1 1 1 1 1 1 1 
****************** OPTIM FOUND 12 OUTLIERS : redoing optim!!
camera[9]
{
	 r_vec : (-0.000234247, 0.0222073, -0.0769051)
	 t_vec : (-0.413443, -0.0837692, 0.0434348)
}
===== FINAL METRICS =====
Registered cameras  : 13 / 13  (success rate 100 %)
Valid 3D points     : 2155
Mean reprojection err: 1.32774 px  (focal = 1296 px)
=========================
Recostruction completed, exiting
