Header: 15 6367 27941
Alternative seed selection candidates:
  rank 1 pair (12, 14) common=1874 E=1053 H=120 pose=1053 lateral=0.999716 forward=0.0238207 score=60442.2
  rank 2 pair (12, 13) common=1444 E=735 H=72 pose=735 lateral=0.99361 forward=0.112871 score=45174.7
  rank 3 pair (13, 14) common=1383 E=668 H=69 pose=668 lateral=0.99927 forward=0.0382121 score=41950.6
  rank 4 pair (2, 3) common=1162 E=654 H=49 pose=654 lateral=0.967012 forward=0.254731 score=40981.3
  rank 5 pair (0, 1) common=1245 E=710 H=106 pose=710 lateral=0.923831 forward=0.382801 score=40543.6
  rank 6 pair (5, 10) common=1251 E=650 H=85 pose=650 lateral=0.985104 forward=0.171961 score=39502.9
  rank 7 pair (6, 9) common=1320 E=682 H=77 pose=682 lateral=0.817188 forward=0.576371 score=39350.6
  rank 8 pair (5, 6) common=1057 E=600 H=52 pose=600 lateral=0.994084 forward=0.108617 score=38395.1
  rank 9 pair (6, 7) common=1147 E=586 H=57 pose=586 lateral=0.999985 forward=0.00541446 score=37902.3
  rank 10 pair (7, 12) common=1080 E=564 H=44 pose=564 lateral=0.998696 forward=0.05106 score=37149.9
Trying alternative seed pair (12, 14) score=60442.2
Seed pair (12, 14): inliers E=1053 H=120
camera[12]
{
	 r_vec : (0, 0, 0)
	 t_vec : (0, 0, 0)
}
camera[14]
{
	 r_vec : (-0.000699126, 0.0237821, 0.00802447)
	 t_vec : (-0.99925, 0.0305355, -0.0238207)
}
****************** OPTIM FOUND 13 OUTLIERS : redoing optim!!
camera[14]
{
	 r_vec : (-0.000955729, 0.0183624, 0.00781814)
	 t_vec : (-0.908417, 0.024724, -0.038196)
}
[NBV_PYRAMID] iter=1 camera=0 visible=65 score=956 pnp_inliers=19 ratio=0.292308 skipped=bad_pnp
[NBV_PYRAMID] iter=1 camera=1 visible=80 score=1312 pnp_inliers=23 ratio=0.2875 skipped=bad_pnp
[NBV_PYRAMID] iter=1 camera=2 visible=122 score=1408 pnp_inliers=36 ratio=0.295082 skipped=bad_pnp
[NBV_PYRAMID] iter=1 camera=3 visible=151 score=1344 pnp_inliers=58 ratio=0.384106
[NBV_PYRAMID] iter=1 camera=4 visible=189 score=1632 pnp_inliers=85 ratio=0.449735
[NBV_PYRAMID] iter=1 camera=5 visible=276 score=1840 pnp_inliers=137 ratio=0.496377
[NBV_PYRAMID] iter=1 camera=6 visible=383 score=1840 pnp_inliers=248 ratio=0.64752
[NBV_PYRAMID] iter=1 camera=7 visible=489 score=2272 pnp_inliers=420 ratio=0.858896
[NBV_PYRAMID] iter=1 camera=8 visible=477 score=2144 pnp_inliers=362 ratio=0.75891
[NBV_PYRAMID] iter=1 camera=9 visible=318 score=2048 pnp_inliers=198 ratio=0.622642
[NBV_PYRAMID] iter=1 camera=10 visible=210 score=1568 pnp_inliers=95 ratio=0.452381
[NBV_PYRAMID] iter=1 camera=11 visible=77 score=1312 pnp_inliers=32 ratio=0.415584
[NBV_PYRAMID] iter=1 camera=13 visible=643 score=2464 pnp_inliers=594 ratio=0.923795
NBV selected camera 13 visible=643 pyramid_score=2464 pnp_inliers=594
ADDED 135 new points
Using 3 over 15 cameras
0 0 0 0 0 0 0 0 0 0 0 0 1 1 1 
****************** OPTIM CHEIRALITY VIOLATION for 12 points : redoing optim!!
****************** OPTIM CHEIRALITY VIOLATION for 6 points : redoing optim!!
****************** OPTIM FOUND 14 OUTLIERS : redoing optim!!
camera[13]
{
	 r_vec : (0.0346949, -0.0457432, 0.00191954)
	 t_vec : (0.209852, -0.23495, -2.6878)
}
[NBV_PYRAMID] iter=2 camera=0 visible=0 score=-1 skipped=too_few_points
[NBV_PYRAMID] iter=2 camera=1 visible=0 score=-1 skipped=too_few_points
[NBV_PYRAMID] iter=2 camera=2 visible=0 score=-1 skipped=too_few_points
[NBV_PYRAMID] iter=2 camera=3 visible=0 score=-1 skipped=too_few_points
[NBV_PYRAMID] iter=2 camera=4 visible=0 score=-1 skipped=too_few_points
[NBV_PYRAMID] iter=2 camera=5 visible=3 score=-1 skipped=too_few_points
[NBV_PYRAMID] iter=2 camera=6 visible=9 score=-1 skipped=too_few_points
[NBV_PYRAMID] iter=2 camera=7 visible=9 score=-1 skipped=too_few_points
[NBV_PYRAMID] iter=2 camera=8 visible=9 score=-1 skipped=too_few_points
[NBV_PYRAMID] iter=2 camera=9 visible=8 score=-1 skipped=too_few_points
[NBV_PYRAMID] iter=2 camera=10 visible=3 score=-1 skipped=too_few_points
[NBV_PYRAMID] iter=2 camera=11 visible=0 score=-1 skipped=too_few_points
No other positions can be optimized, exiting
Alternative seed pair failed, trying next candidate
Trying alternative seed pair (12, 13) score=45174.7
Seed pair (12, 13): inliers E=735 H=72
camera[12]
{
	 r_vec : (0, 0, 0)
	 t_vec : (0, 0, 0)
}
camera[13]
{
	 r_vec : (-0.0194103, -0.0602788, 0.0135262)
	 t_vec : (0.246622, -0.962516, -0.112871)
}
****************** OPTIM FOUND 11 OUTLIERS : redoing optim!!
camera[13]
{
	 r_vec : (-0.017509, -0.0587393, 0.0133348)
	 t_vec : (0.231127, -0.938292, -0.123068)
}
[NBV_PYRAMID] iter=1 camera=0 visible=65 score=1056 pnp_inliers=27 ratio=0.415385
[NBV_PYRAMID] iter=1 camera=1 visible=76 score=1040 pnp_inliers=33 ratio=0.434211
[NBV_PYRAMID] iter=1 camera=2 visible=127 score=1424 pnp_inliers=62 ratio=0.488189
[NBV_PYRAMID] iter=1 camera=3 visible=151 score=1360 pnp_inliers=83 ratio=0.549669
[NBV_PYRAMID] iter=1 camera=4 visible=185 score=1504 pnp_inliers=122 ratio=0.659459
[NBV_PYRAMID] iter=1 camera=5 visible=246 score=1696 pnp_inliers=166 ratio=0.674797
[NBV_PYRAMID] iter=1 camera=6 visible=329 score=1856 pnp_inliers=228 ratio=0.693009
[NBV_PYRAMID] iter=1 camera=7 visible=410 score=1936 pnp_inliers=380 ratio=0.926829
[NBV_PYRAMID] iter=1 camera=8 visible=447 score=2080 pnp_inliers=411 ratio=0.919463
[NBV_PYRAMID] iter=1 camera=9 visible=285 score=1840 pnp_inliers=212 ratio=0.74386
[NBV_PYRAMID] iter=1 camera=10 visible=197 score=1632 pnp_inliers=135 ratio=0.685279
[NBV_PYRAMID] iter=1 camera=11 visible=83 score=1376 pnp_inliers=45 ratio=0.542169
[NBV_PYRAMID] iter=1 camera=14 visible=587 score=2224 pnp_inliers=576 ratio=0.981261
NBV selected camera 14 visible=587 pyramid_score=2224 pnp_inliers=576
ADDED 1476 new points
Using 3 over 15 cameras
0 0 0 0 0 0 0 0 0 0 0 0 1 1 1 
****************** OPTIM FOUND 40 OUTLIERS : redoing optim!!
camera[14]
{
	 r_vec : (-0.00199285, -0.00477839, 0.00813659)
	 t_vec : (-0.450107, 0.0151912, 0.00676601)
}
[NBV_PYRAMID] iter=2 camera=0 visible=0 score=-1 skipped=too_few_points
[NBV_PYRAMID] iter=2 camera=1 visible=0 score=-1 skipped=too_few_points
[NBV_PYRAMID] iter=2 camera=2 visible=0 score=-1 skipped=too_few_points
[NBV_PYRAMID] iter=2 camera=3 visible=0 score=-1 skipped=too_few_points
[NBV_PYRAMID] iter=2 camera=4 visible=3 score=-1 skipped=too_few_points
[NBV_PYRAMID] iter=2 camera=5 visible=10 score=-1 skipped=too_few_points
[NBV_PYRAMID] iter=2 camera=6 visible=14 score=-1 skipped=too_few_points
[NBV_PYRAMID] iter=2 camera=7 visible=15 score=-1 skipped=too_few_points
[NBV_PYRAMID] iter=2 camera=8 visible=13 score=-1 skipped=too_few_points
[NBV_PYRAMID] iter=2 camera=9 visible=9 score=-1 skipped=too_few_points
[NBV_PYRAMID] iter=2 camera=10 visible=5 score=-1 skipped=too_few_points
[NBV_PYRAMID] iter=2 camera=11 visible=0 score=-1 skipped=too_few_points
No other positions can be optimized, exiting
Alternative seed pair failed, trying next candidate
Trying alternative seed pair (13, 14) score=41950.6
Seed pair (13, 14): inliers E=668 H=69
camera[13]
{
	 r_vec : (0, 0, 0)
	 t_vec : (0, 0, 0)
}
camera[14]
{
	 r_vec : (0.0111912, 0.0511989, -0.00737411)
	 t_vec : (-0.56885, 0.821553, 0.0382121)
}
WARNING: Logging before InitGoogleLogging() is written to STDERR
W0512 21:22:31.490393 39842 levenberg_marquardt_strategy.cc:115] Linear solver failure. Failed to compute a step: Eigen failure. Unable to perform dense Cholesky factorization.
W0512 21:22:31.492902 39842 levenberg_marquardt_strategy.cc:115] Linear solver failure. Failed to compute a step: Eigen failure. Unable to perform dense Cholesky factorization.
W0512 21:22:31.493415 39842 levenberg_marquardt_strategy.cc:115] Linear solver failure. Failed to compute a step: Eigen failure. Unable to perform dense Cholesky factorization.
W0512 21:22:31.494853 39842 levenberg_marquardt_strategy.cc:115] Linear solver failure. Failed to compute a step: Eigen failure. Unable to perform dense Cholesky factorization.
W0512 21:22:31.496301 39842 levenberg_marquardt_strategy.cc:115] Linear solver failure. Failed to compute a step: Eigen failure. Unable to perform dense Cholesky factorization.
W0512 21:22:31.496802 39842 levenberg_marquardt_strategy.cc:115] Linear solver failure. Failed to compute a step: Eigen failure. Unable to perform dense Cholesky factorization.
W0512 21:22:31.500280 39842 levenberg_marquardt_strategy.cc:115] Linear solver failure. Failed to compute a step: Eigen failure. Unable to perform dense Cholesky factorization.
W0512 21:22:31.500844 39842 levenberg_marquardt_strategy.cc:115] Linear solver failure. Failed to compute a step: Eigen failure. Unable to perform dense Cholesky factorization.
W0512 21:22:31.501400 39842 levenberg_marquardt_strategy.cc:115] Linear solver failure. Failed to compute a step: Eigen failure. Unable to perform dense Cholesky factorization.
W0512 21:22:31.504720 39842 levenberg_marquardt_strategy.cc:115] Linear solver failure. Failed to compute a step: Eigen failure. Unable to perform dense Cholesky factorization.
W0512 21:22:31.505230 39842 levenberg_marquardt_strategy.cc:115] Linear solver failure. Failed to compute a step: Eigen failure. Unable to perform dense Cholesky factorization.
W0512 21:22:31.509135 39842 levenberg_marquardt_strategy.cc:115] Linear solver failure. Failed to compute a step: Eigen failure. Unable to perform dense Cholesky factorization.
W0512 21:22:31.509641 39842 levenberg_marquardt_strategy.cc:115] Linear solver failure. Failed to compute a step: Eigen failure. Unable to perform dense Cholesky factorization.
W0512 21:22:31.511071 39842 levenberg_marquardt_strategy.cc:115] Linear solver failure. Failed to compute a step: Eigen failure. Unable to perform dense Cholesky factorization.
W0512 21:22:31.512499 39842 levenberg_marquardt_strategy.cc:115] Linear solver failure. Failed to compute a step: Eigen failure. Unable to perform dense Cholesky factorization.
W0512 21:22:31.512976 39842 levenberg_marquardt_strategy.cc:115] Linear solver failure. Failed to compute a step: Eigen failure. Unable to perform dense Cholesky factorization.
W0512 21:22:31.515347 39842 levenberg_marquardt_strategy.cc:115] Linear solver failure. Failed to compute a step: Eigen failure. Unable to perform dense Cholesky factorization.
camera[14]
{
	 r_vec : (0.0115125, 0.0517802, -0.00662674)
	 t_vec : (-0.5746, 0.82642, 0.0434978)
}
[NBV_PYRAMID] iter=1 camera=0 visible=49 score=828 pnp_inliers=25 ratio=0.510204
[NBV_PYRAMID] iter=1 camera=1 visible=59 score=1084 pnp_inliers=33 ratio=0.559322
[NBV_PYRAMID] iter=1 camera=2 visible=93 score=1276 pnp_inliers=55 ratio=0.591398
[NBV_PYRAMID] iter=1 camera=3 visible=114 score=1216 pnp_inliers=70 ratio=0.614035
[NBV_PYRAMID] iter=1 camera=4 visible=145 score=1728 pnp_inliers=103 ratio=0.710345
[NBV_PYRAMID] iter=1 camera=5 visible=218 score=1936 pnp_inliers=166 ratio=0.761468
[NBV_PYRAMID] iter=1 camera=6 visible=319 score=2128 pnp_inliers=272 ratio=0.852665
[NBV_PYRAMID] iter=1 camera=7 visible=380 score=2096 pnp_inliers=351 ratio=0.923684
[NBV_PYRAMID] iter=1 camera=8 visible=424 score=2288 pnp_inliers=401 ratio=0.945755
[NBV_PYRAMID] iter=1 camera=9 visible=270 score=1968 pnp_inliers=226 ratio=0.837037
[NBV_PYRAMID] iter=1 camera=10 visible=169 score=1568 pnp_inliers=120 ratio=0.710059
[NBV_PYRAMID] iter=1 camera=11 visible=67 score=1312 pnp_inliers=42 ratio=0.626866
[NBV_PYRAMID] iter=1 camera=12 visible=558 score=2304 pnp_inliers=551 ratio=0.987455
NBV selected camera 12 visible=558 pyramid_score=2304 pnp_inliers=551
ADDED 1570 new points
Using 3 over 15 cameras
0 0 0 0 0 0 0 0 0 0 0 0 1 1 1 
****************** OPTIM FOUND 47 OUTLIERS : redoing optim!!
camera[12]
{
	 r_vec : (0.0138516, 0.0545565, -0.0141584)
	 t_vec : (-0.137174, 0.813779, 0.120203)
}
[NBV_PYRAMID] iter=2 camera=0 visible=1 score=-1 skipped=too_few_points
[NBV_PYRAMID] iter=2 camera=1 visible=4 score=-1 skipped=too_few_points
[NBV_PYRAMID] iter=2 camera=2 visible=4 score=-1 skipped=too_few_points
[NBV_PYRAMID] iter=2 camera=3 visible=2 score=-1 skipped=too_few_points
[NBV_PYRAMID] iter=2 camera=4 visible=10 score=-1 skipped=too_few_points
[NBV_PYRAMID] iter=2 camera=5 visible=34 score=540 pnp_inliers=25 ratio=0.735294
[NBV_PYRAMID] iter=2 camera=6 visible=70 score=1264 pnp_inliers=43 ratio=0.614286
[NBV_PYRAMID] iter=2 camera=7 visible=83 score=1264 pnp_inliers=68 ratio=0.819277
[NBV_PYRAMID] iter=2 camera=8 visible=77 score=832 pnp_inliers=64 ratio=0.831169
[NBV_PYRAMID] iter=2 camera=9 visible=53 score=960 pnp_inliers=37 ratio=0.698113
[NBV_PYRAMID] iter=2 camera=10 visible=26 score=620 pnp_inliers=16 ratio=0.615385
[NBV_PYRAMID] iter=2 camera=11 visible=0 score=-1 skipped=too_few_points
NBV selected camera 7 visible=83 pyramid_score=1264 pnp_inliers=68
ADDED 0 new points
Using 4 over 15 cameras
0 0 0 0 0 0 0 1 0 0 0 0 1 1 1 
****************** OPTIM CHEIRALITY VIOLATION for 83 points : redoing optim!!
camera[7]
{
	 r_vec : (0.512743, -0.138696, -3.12407)
	 t_vec : (2.20578, -1.59673, -18.848)
}
[NBV_PYRAMID] iter=3 camera=0 visible=0 score=-1 skipped=too_few_points
[NBV_PYRAMID] iter=3 camera=1 visible=0 score=-1 skipped=too_few_points
[NBV_PYRAMID] iter=3 camera=2 visible=0 score=-1 skipped=too_few_points
[NBV_PYRAMID] iter=3 camera=3 visible=0 score=-1 skipped=too_few_points
[NBV_PYRAMID] iter=3 camera=4 visible=1 score=-1 skipped=too_few_points
[NBV_PYRAMID] iter=3 camera=5 visible=9 score=-1 skipped=too_few_points
[NBV_PYRAMID] iter=3 camera=6 visible=15 score=-1 skipped=too_few_points
[NBV_PYRAMID] iter=3 camera=8 visible=26 score=540 pnp_inliers=22 ratio=0.846154
[NBV_PYRAMID] iter=3 camera=9 visible=13 score=-1 skipped=too_few_points
[NBV_PYRAMID] iter=3 camera=10 visible=7 score=-1 skipped=too_few_points
[NBV_PYRAMID] iter=3 camera=11 visible=0 score=-1 skipped=too_few_points
NBV selected camera 8 visible=26 pyramid_score=540 pnp_inliers=22
ADDED 0 new points
Using 5 over 15 cameras
0 0 0 0 0 0 0 1 1 0 0 0 1 1 1 
****************** OPTIM CHEIRALITY VIOLATION for 26 points : redoing optim!!
camera[8]
{
	 r_vec : (0.886896, 0.00890486, -3.00381)
	 t_vec : (4.71546, 0.0916626, -17.7828)
}
Diverged: geometry exploded (max_dist = 100.127)
Alternative seed pair failed, trying next candidate
Trying alternative seed pair (2, 3) score=40981.3
Seed pair (2, 3): inliers E=654 H=49
camera[2]
{
	 r_vec : (0, 0, 0)
	 t_vec : (0, 0, 0)
}
camera[3]
{
	 r_vec : (-0.0140748, 0.0612433, 0.00978662)
	 t_vec : (-0.967005, -0.00358631, 0.254731)
}
camera[3]
{
	 r_vec : (-0.0133477, 0.0605942, 0.00984916)
	 t_vec : (-0.958515, 0.00402618, 0.252618)
}
[NBV_PYRAMID] iter=1 camera=0 visible=290 score=1984 pnp_inliers=259 ratio=0.893103
[NBV_PYRAMID] iter=1 camera=1 visible=371 score=2064 pnp_inliers=342 ratio=0.921833
[NBV_PYRAMID] iter=1 camera=4 visible=406 score=2000 pnp_inliers=392 ratio=0.965517
[NBV_PYRAMID] iter=1 camera=5 visible=289 score=1776 pnp_inliers=260 ratio=0.899654
[NBV_PYRAMID] iter=1 camera=6 visible=237 score=1584 pnp_inliers=194 ratio=0.818565
[NBV_PYRAMID] iter=1 camera=7 visible=188 score=1792 pnp_inliers=136 ratio=0.723404
[NBV_PYRAMID] iter=1 camera=8 visible=193 score=1520 pnp_inliers=132 ratio=0.683938
[NBV_PYRAMID] iter=1 camera=9 visible=235 score=1568 pnp_inliers=191 ratio=0.812766
[NBV_PYRAMID] iter=1 camera=10 visible=277 score=1648 pnp_inliers=252 ratio=0.909747
[NBV_PYRAMID] iter=1 camera=11 visible=177 score=1484 pnp_inliers=153 ratio=0.864407
[NBV_PYRAMID] iter=1 camera=12 visible=162 score=1648 pnp_inliers=114 ratio=0.703704
[NBV_PYRAMID] iter=1 camera=13 visible=169 score=1392 pnp_inliers=109 ratio=0.64497
[NBV_PYRAMID] iter=1 camera=14 visible=151 score=1648 pnp_inliers=102 ratio=0.675497
NBV selected camera 1 visible=371 pyramid_score=2064 pnp_inliers=342
ADDED 692 new points
Using 3 over 15 cameras
0 1 1 1 0 0 0 0 0 0 0 0 0 0 0 
****************** OPTIM FOUND 13 OUTLIERS : redoing optim!!
camera[1]
{
	 r_vec : (0.00609648, -0.06003, -0.0019894)
	 t_vec : (1.13495, -0.0314961, -0.180865)
}
[NBV_PYRAMID] iter=2 camera=0 visible=348 score=1728 pnp_inliers=325 ratio=0.933908
[NBV_PYRAMID] iter=2 camera=4 visible=321 score=1792 pnp_inliers=312 ratio=0.971963
[NBV_PYRAMID] iter=2 camera=5 visible=231 score=1584 pnp_inliers=215 ratio=0.930736
[NBV_PYRAMID] iter=2 camera=6 visible=185 score=1392 pnp_inliers=163 ratio=0.881081
[NBV_PYRAMID] iter=2 camera=7 visible=154 score=1472 pnp_inliers=126 ratio=0.818182
[NBV_PYRAMID] iter=2 camera=8 visible=154 score=1104 pnp_inliers=112 ratio=0.727273
[NBV_PYRAMID] iter=2 camera=9 visible=186 score=1296 pnp_inliers=152 ratio=0.817204
[NBV_PYRAMID] iter=2 camera=10 visible=230 score=1424 pnp_inliers=210 ratio=0.913043
[NBV_PYRAMID] iter=2 camera=11 visible=140 score=1248 pnp_inliers=122 ratio=0.871429
[NBV_PYRAMID] iter=2 camera=12 visible=126 score=1248 pnp_inliers=88 ratio=0.698413
[NBV_PYRAMID] iter=2 camera=13 visible=130 score=960 pnp_inliers=87 ratio=0.669231
[NBV_PYRAMID] iter=2 camera=14 visible=121 score=1312 pnp_inliers=81 ratio=0.669421
NBV selected camera 4 visible=321 pyramid_score=1792 pnp_inliers=312
ADDED 467 new points
Using 4 over 15 cameras
0 1 1 1 1 0 0 0 0 0 0 0 0 0 0 
camera[4]
{
	 r_vec : (-0.0186378, 0.136967, 0.0362892)
	 t_vec : (-2.1314, 0.00214109, 0.596485)
}
[NBV_PYRAMID] iter=3 camera=0 visible=391 score=2096 pnp_inliers=348 ratio=0.890026
[NBV_PYRAMID] iter=3 camera=5 visible=466 score=2208 pnp_inliers=430 ratio=0.922747
[NBV_PYRAMID] iter=3 camera=6 visible=361 score=1872 pnp_inliers=318 ratio=0.880886
[NBV_PYRAMID] iter=3 camera=7 visible=280 score=2016 pnp_inliers=230 ratio=0.821429
[NBV_PYRAMID] iter=3 camera=8 visible=283 score=1680 pnp_inliers=207 ratio=0.731449
[NBV_PYRAMID] iter=3 camera=9 visible=346 score=1712 pnp_inliers=291 ratio=0.84104
[NBV_PYRAMID] iter=3 camera=10 visible=442 score=2064 pnp_inliers=407 ratio=0.920814
[NBV_PYRAMID] iter=3 camera=11 visible=273 score=1648 pnp_inliers=239 ratio=0.875458
[NBV_PYRAMID] iter=3 camera=12 visible=236 score=1792 pnp_inliers=178 ratio=0.754237
[NBV_PYRAMID] iter=3 camera=13 visible=245 score=1664 pnp_inliers=172 ratio=0.702041
[NBV_PYRAMID] iter=3 camera=14 visible=226 score=1936 pnp_inliers=156 ratio=0.690265
NBV selected camera 5 visible=466 pyramid_score=2208 pnp_inliers=430
ADDED 331 new points
Using 5 over 15 cameras
0 1 1 1 1 1 0 0 0 0 0 0 0 0 0 
camera[5]
{
	 r_vec : (-0.00631015, 0.217885, 0.068659)
	 t_vec : (-3.31988, -0.152873, 1.00332)
}
[NBV_PYRAMID] iter=4 camera=0 visible=399 score=2096 pnp_inliers=367 ratio=0.919799
[NBV_PYRAMID] iter=4 camera=6 visible=558 score=2272 pnp_inliers=513 ratio=0.919355
[NBV_PYRAMID] iter=4 camera=7 visible=435 score=2080 pnp_inliers=378 ratio=0.868966
[NBV_PYRAMID] iter=4 camera=8 visible=416 score=1872 pnp_inliers=333 ratio=0.800481
[NBV_PYRAMID] iter=4 camera=9 visible=512 score=2000 pnp_inliers=456 ratio=0.890625
[NBV_PYRAMID] iter=4 camera=10 visible=650 score=2256 pnp_inliers=607 ratio=0.933846
[NBV_PYRAMID] iter=4 camera=11 visible=317 score=1648 pnp_inliers=290 ratio=0.914826
[NBV_PYRAMID] iter=4 camera=12 visible=363 score=1936 pnp_inliers=288 ratio=0.793388
[NBV_PYRAMID] iter=4 camera=13 visible=371 score=1936 pnp_inliers=281 ratio=0.757412
[NBV_PYRAMID] iter=4 camera=14 visible=355 score=2096 pnp_inliers=259 ratio=0.729577
NBV selected camera 6 visible=558 pyramid_score=2272 pnp_inliers=513
ADDED 418 new points
Using 6 over 15 cameras
0 1 1 1 1 1 1 0 0 0 0 0 0 0 0 
camera[6]
{
	 r_vec : (-0.0193627, 0.321571, 0.123106)
	 t_vec : (-4.29742, -0.422571, 1.51855)
}
[NBV_PYRAMID] iter=5 camera=0 visible=401 score=2096 pnp_inliers=367 ratio=0.915212
[NBV_PYRAMID] iter=5 camera=7 visible=651 score=2624 pnp_inliers=582 ratio=0.894009
[NBV_PYRAMID] iter=5 camera=8 visible=605 score=2080 pnp_inliers=486 ratio=0.803306
[NBV_PYRAMID] iter=5 camera=9 visible=759 score=2256 pnp_inliers=694 ratio=0.914361
[NBV_PYRAMID] iter=5 camera=10 visible=845 score=2512 pnp_inliers=803 ratio=0.950296
[NBV_PYRAMID] iter=5 camera=11 visible=324 score=1648 pnp_inliers=292 ratio=0.901235
[NBV_PYRAMID] iter=5 camera=12 visible=525 score=2496 pnp_inliers=445 ratio=0.847619
[NBV_PYRAMID] iter=5 camera=13 visible=528 score=2528 pnp_inliers=395 ratio=0.748106
[NBV_PYRAMID] iter=5 camera=14 visible=512 score=2352 pnp_inliers=402 ratio=0.785156
NBV selected camera 7 visible=651 pyramid_score=2624 pnp_inliers=582
ADDED 476 new points
Using 7 over 15 cameras
0 1 1 1 1 1 1 1 0 0 0 0 0 0 0 
****************** OPTIM FOUND 25 OUTLIERS : redoing optim!!
camera[7]
{
	 r_vec : (-0.0223012, 0.373129, 0.132075)
	 t_vec : (-5.29003, -0.444129, 1.74081)
}
[NBV_PYRAMID] iter=6 camera=0 visible=401 score=2096 pnp_inliers=365 ratio=0.910224
[NBV_PYRAMID] iter=6 camera=8 visible=843 score=2416 pnp_inliers=742 ratio=0.88019
[NBV_PYRAMID] iter=6 camera=9 visible=997 score=2464 pnp_inliers=891 ratio=0.893681
[NBV_PYRAMID] iter=6 camera=10 visible=890 score=2448 pnp_inliers=835 ratio=0.938202
[NBV_PYRAMID] iter=6 camera=11 visible=324 score=1648 pnp_inliers=285 ratio=0.87963
[NBV_PYRAMID] iter=6 camera=12 visible=748 score=2816 pnp_inliers=674 ratio=0.90107
[NBV_PYRAMID] iter=6 camera=13 visible=764 score=2592 pnp_inliers=624 ratio=0.816754
[NBV_PYRAMID] iter=6 camera=14 visible=737 score=2544 pnp_inliers=640 ratio=0.868385
NBV selected camera 12 visible=748 pyramid_score=2816 pnp_inliers=674
ADDED 355 new points
Using 8 over 15 cameras
0 1 1 1 1 1 1 1 0 0 0 0 1 0 0 
****************** OPTIM FOUND 24 OUTLIERS : redoing optim!!
camera[12]
{
	 r_vec : (-0.0179143, 0.46931, 0.145248)
	 t_vec : (-6.3929, -0.57625, 2.15598)
}
[NBV_PYRAMID] iter=7 camera=0 visible=399 score=2096 pnp_inliers=366 ratio=0.917293
[NBV_PYRAMID] iter=7 camera=8 visible=1029 score=2416 pnp_inliers=920 ratio=0.894072
[NBV_PYRAMID] iter=7 camera=9 visible=1041 score=2304 pnp_inliers=949 ratio=0.911623
[NBV_PYRAMID] iter=7 camera=10 visible=891 score=2448 pnp_inliers=838 ratio=0.940516
[NBV_PYRAMID] iter=7 camera=11 visible=321 score=1648 pnp_inliers=284 ratio=0.884735
[NBV_PYRAMID] iter=7 camera=13 visible=979 score=2592 pnp_inliers=875 ratio=0.893769
[NBV_PYRAMID] iter=7 camera=14 visible=976 score=2736 pnp_inliers=922 ratio=0.944672
NBV selected camera 14 visible=976 pyramid_score=2736 pnp_inliers=922
ADDED 966 new points
Using 9 over 15 cameras
0 1 1 1 1 1 1 1 0 0 0 0 1 0 1 
****************** OPTIM FOUND 14 OUTLIERS : redoing optim!!
camera[14]
{
	 r_vec : (-0.0216081, 0.465588, 0.152509)
	 t_vec : (-6.80365, -0.605532, 2.09671)
}
[NBV_PYRAMID] iter=8 camera=0 visible=397 score=2096 pnp_inliers=363 ratio=0.914358
[NBV_PYRAMID] iter=8 camera=8 visible=1211 score=2544 pnp_inliers=1058 ratio=0.873658
[NBV_PYRAMID] iter=8 camera=9 visible=1063 score=2304 pnp_inliers=967 ratio=0.90969
[NBV_PYRAMID] iter=8 camera=10 visible=894 score=2448 pnp_inliers=826 ratio=0.923937
[NBV_PYRAMID] iter=8 camera=11 visible=319 score=1648 pnp_inliers=268 ratio=0.840125
[NBV_PYRAMID] iter=8 camera=13 visible=1419 score=2656 pnp_inliers=1259 ratio=0.887245
NBV selected camera 13 visible=1419 pyramid_score=2656 pnp_inliers=1259
ADDED 257 new points
Using 10 over 15 cameras
0 1 1 1 1 1 1 1 0 0 0 0 1 1 1 
****************** OPTIM FOUND 31 OUTLIERS : redoing optim!!
camera[13]
{
	 r_vec : (-0.0305579, 0.418564, 0.155932)
	 t_vec : (-6.38183, -1.35233, 1.76234)
}
[NBV_PYRAMID] iter=9 camera=0 visible=395 score=2096 pnp_inliers=361 ratio=0.913924
[NBV_PYRAMID] iter=9 camera=8 visible=1277 score=2544 pnp_inliers=1172 ratio=0.917776
[NBV_PYRAMID] iter=9 camera=9 visible=1072 score=2304 pnp_inliers=973 ratio=0.907649
[NBV_PYRAMID] iter=9 camera=10 visible=890 score=2384 pnp_inliers=842 ratio=0.946067
[NBV_PYRAMID] iter=9 camera=11 visible=315 score=1648 pnp_inliers=286 ratio=0.907937
NBV selected camera 8 visible=1277 pyramid_score=2544 pnp_inliers=1172
ADDED 290 new points
Using 11 over 15 cameras
0 1 1 1 1 1 1 1 1 0 0 0 1 1 1 
****************** OPTIM FOUND 36 OUTLIERS : redoing optim!!
camera[8]
{
	 r_vec : (-0.0460143, 0.381532, 0.150619)
	 t_vec : (-5.49742, -1.4596, 1.33357)
}
[NBV_PYRAMID] iter=10 camera=0 visible=391 score=2096 pnp_inliers=363 ratio=0.928389
[NBV_PYRAMID] iter=10 camera=9 visible=1105 score=2400 pnp_inliers=1036 ratio=0.937557
[NBV_PYRAMID] iter=10 camera=10 visible=895 score=2448 pnp_inliers=831 ratio=0.928492
[NBV_PYRAMID] iter=10 camera=11 visible=312 score=1712 pnp_inliers=271 ratio=0.86859
NBV selected camera 10 visible=895 pyramid_score=2448 pnp_inliers=831
ADDED 400 new points
Using 12 over 15 cameras
0 1 1 1 1 1 1 1 1 0 1 0 1 1 1 
****************** OPTIM FOUND 21 OUTLIERS : redoing optim!!
camera[10]
{
	 r_vec : (-0.0446925, 0.288949, 0.104803)
	 t_vec : (-3.08681, -0.86067, 1.09979)
}
[NBV_PYRAMID] iter=11 camera=0 visible=397 score=2160 pnp_inliers=363 ratio=0.914358
[NBV_PYRAMID] iter=11 camera=9 visible=1132 score=2464 pnp_inliers=1046 ratio=0.924028
[NBV_PYRAMID] iter=11 camera=11 visible=315 score=1712 pnp_inliers=274 ratio=0.869841
NBV selected camera 9 visible=1132 pyramid_score=2464 pnp_inliers=1046
ADDED 294 new points
Using 13 over 15 cameras
0 1 1 1 1 1 1 1 1 1 1 0 1 1 1 
****************** OPTIM FOUND 27 OUTLIERS : redoing optim!!
camera[9]
{
	 r_vec : (-0.0464953, 0.345864, 0.148778)
	 t_vec : (-4.22329, -1.19807, 1.16298)
}
[NBV_PYRAMID] iter=12 camera=0 visible=396 score=2160 pnp_inliers=366 ratio=0.924242
[NBV_PYRAMID] iter=12 camera=11 visible=314 score=1712 pnp_inliers=289 ratio=0.920382
NBV selected camera 0 visible=396 pyramid_score=2160 pnp_inliers=366
ADDED 577 new points
Using 14 over 15 cameras
1 1 1 1 1 1 1 1 1 1 1 0 1 1 1 
****************** OPTIM FOUND 12 OUTLIERS : redoing optim!!
camera[0]
{
	 r_vec : (0.0296602, -0.103138, -0.0239488)
	 t_vec : (1.41263, 0.690984, -0.372135)
}
[NBV_PYRAMID] iter=13 camera=11 visible=315 score=1712 pnp_inliers=278 ratio=0.88254
NBV selected camera 11 visible=315 pyramid_score=1712 pnp_inliers=278
ADDED 0 new points
Using 15 over 15 cameras
1 1 1 1 1 1 1 1 1 1 1 1 1 1 1 
****************** OPTIM CHEIRALITY VIOLATION for 315 points : redoing optim!!
camera[11]
{
	 r_vec : (-0.126942, -0.0646583, -3.10153)
	 t_vec : (-1.81755, -0.435273, -22.5311)
}
Diverged: geometry exploded (max_dist = 130.742)
Alternative seed pair failed, trying next candidate
Trying alternative seed pair (0, 1) score=40543.6
Seed pair (0, 1): inliers E=710 H=106
camera[0]
{
	 r_vec : (0, 0, 0)
	 t_vec : (0, 0, 0)
}
camera[1]
{
	 r_vec : (-0.0211481, 0.0327685, 0.0233952)
	 t_vec : (-0.193844, -0.903265, 0.382801)
}
camera[1]
{
	 r_vec : (-0.021525, 0.0341364, 0.0226477)
	 t_vec : (-0.207994, -0.905531, 0.39124)
}
[NBV_PYRAMID] iter=1 camera=2 visible=370 score=1840 pnp_inliers=345 ratio=0.932432
[NBV_PYRAMID] iter=1 camera=3 visible=289 score=1792 pnp_inliers=261 ratio=0.903114
[NBV_PYRAMID] iter=1 camera=4 visible=230 score=1520 pnp_inliers=200 ratio=0.869565
[NBV_PYRAMID] iter=1 camera=5 visible=173 score=1376 pnp_inliers=143 ratio=0.82659
[NBV_PYRAMID] iter=1 camera=6 visible=146 score=1248 pnp_inliers=108 ratio=0.739726
[NBV_PYRAMID] iter=1 camera=7 visible=115 score=1312 pnp_inliers=75 ratio=0.652174
[NBV_PYRAMID] iter=1 camera=8 visible=108 score=1360 pnp_inliers=70 ratio=0.648148
[NBV_PYRAMID] iter=1 camera=9 visible=143 score=1376 pnp_inliers=104 ratio=0.727273
[NBV_PYRAMID] iter=1 camera=10 visible=181 score=1456 pnp_inliers=149 ratio=0.823204
[NBV_PYRAMID] iter=1 camera=11 visible=108 score=1372 pnp_inliers=83 ratio=0.768519
[NBV_PYRAMID] iter=1 camera=12 visible=86 score=960 pnp_inliers=56 ratio=0.651163
[NBV_PYRAMID] iter=1 camera=13 visible=94 score=1088 pnp_inliers=60 ratio=0.638298
[NBV_PYRAMID] iter=1 camera=14 visible=88 score=1088 pnp_inliers=54 ratio=0.613636
NBV selected camera 2 visible=370 pyramid_score=1840 pnp_inliers=345
ADDED 693 new points
Using 3 over 15 cameras
1 1 1 0 0 0 0 0 0 0 0 0 0 0 0 
****************** OPTIM FOUND 12 OUTLIERS : redoing optim!!
camera[2]
{
	 r_vec : (-0.0297605, 0.0974931, 0.0231755)
	 t_vec : (-1.6345, -0.888991, 0.752064)
}
[NBV_PYRAMID] iter=2 camera=3 visible=42 score=744 pnp_inliers=38 ratio=0.904762
[NBV_PYRAMID] iter=2 camera=4 visible=34 score=452 pnp_inliers=30 ratio=0.882353
[NBV_PYRAMID] iter=2 camera=5 visible=14 score=-1 skipped=too_few_points
[NBV_PYRAMID] iter=2 camera=6 visible=10 score=-1 skipped=too_few_points
[NBV_PYRAMID] iter=2 camera=7 visible=6 score=-1 skipped=too_few_points
[NBV_PYRAMID] iter=2 camera=8 visible=3 score=-1 skipped=too_few_points
[NBV_PYRAMID] iter=2 camera=9 visible=4 score=-1 skipped=too_few_points
[NBV_PYRAMID] iter=2 camera=10 visible=12 score=-1 skipped=too_few_points
[NBV_PYRAMID] iter=2 camera=11 visible=13 score=-1 skipped=too_few_points
[NBV_PYRAMID] iter=2 camera=12 visible=5 score=-1 skipped=too_few_points
[NBV_PYRAMID] iter=2 camera=13 visible=2 score=-1 skipped=too_few_points
[NBV_PYRAMID] iter=2 camera=14 visible=4 score=-1 skipped=too_few_points
NBV selected camera 3 visible=42 pyramid_score=744 pnp_inliers=38
ADDED 0 new points
Using 4 over 15 cameras
1 1 1 1 0 0 0 0 0 0 0 0 0 0 0 
****************** OPTIM CHEIRALITY VIOLATION for 42 points : redoing optim!!
camera[3]
{
	 r_vec : (-0.379046, 0.353661, 3.15897)
	 t_vec : (3.6247, -1.60809, -19.8146)
}
Diverged: geometry exploded (max_dist = 108.906)
Alternative seed pair failed, trying next candidate
Trying alternative seed pair (5, 10) score=39502.9
Seed pair (5, 10): inliers E=650 H=85
camera[5]
{
	 r_vec : (0, 0, 0)
	 t_vec : (0, 0, 0)
}
camera[10]
{
	 r_vec : (-0.0553854, 0.0542135, 0.0421295)
	 t_vec : (0.347308, -0.92185, -0.171961)
}
camera[10]
{
	 r_vec : (-0.0547265, 0.0550095, 0.0415498)
	 t_vec : (0.339418, -0.915712, -0.176428)
}
[NBV_PYRAMID] iter=1 camera=0 visible=135 score=1664 pnp_inliers=82 ratio=0.607407
[NBV_PYRAMID] iter=1 camera=1 visible=173 score=1664 pnp_inliers=108 ratio=0.624277
[NBV_PYRAMID] iter=1 camera=2 visible=227 score=2144 pnp_inliers=159 ratio=0.700441
[NBV_PYRAMID] iter=1 camera=3 visible=290 score=1872 pnp_inliers=245 ratio=0.844828
[NBV_PYRAMID] iter=1 camera=4 visible=387 score=1920 pnp_inliers=358 ratio=0.925065
[NBV_PYRAMID] iter=1 camera=6 visible=378 score=1920 pnp_inliers=349 ratio=0.92328
[NBV_PYRAMID] iter=1 camera=7 visible=276 score=1984 pnp_inliers=225 ratio=0.815217
[NBV_PYRAMID] iter=1 camera=8 visible=271 score=1712 pnp_inliers=197 ratio=0.726937
[NBV_PYRAMID] iter=1 camera=9 visible=362 score=1904 pnp_inliers=320 ratio=0.883978
[NBV_PYRAMID] iter=1 camera=11 visible=162 score=1584 pnp_inliers=141 ratio=0.87037
[NBV_PYRAMID] iter=1 camera=12 visible=245 score=2000 pnp_inliers=171 ratio=0.697959
[NBV_PYRAMID] iter=1 camera=13 visible=237 score=1792 pnp_inliers=158 ratio=0.666667
[NBV_PYRAMID] iter=1 camera=14 visible=247 score=1792 pnp_inliers=167 ratio=0.676113
NBV selected camera 2 visible=227 pyramid_score=2144 pnp_inliers=159
ADDED 2 new points
Using 3 over 15 cameras
0 0 1 0 0 1 0 0 0 0 1 0 0 0 0 
****************** OPTIM CHEIRALITY VIOLATION for 229 points : redoing optim!!
camera[2]
{
	 r_vec : (0.481088, -0.169, 3.10523)
	 t_vec : (-4.5564, 0.865586, -27.4841)
}
Diverged: geometry exploded (max_dist = 120.535)
Alternative seed pair failed, trying next candidate
Trying alternative seed pair (6, 9) score=39350.6
Seed pair (6, 9): inliers E=682 H=77
camera[6]
{
	 r_vec : (0, 0, 0)
	 t_vec : (0, 0, 0)
}
camera[9]
{
	 r_vec : (-0.0257164, 0.0173283, 0.0277524)
	 t_vec : (0.0931023, -0.811867, -0.576371)
}
****************** OPTIM FOUND 6 OUTLIERS : redoing optim!!
camera[9]
{
	 r_vec : (-0.0270482, 0.0169616, 0.0277198)
	 t_vec : (0.0965872, -0.834428, -0.573155)
}
[NBV_PYRAMID] iter=1 camera=0 visible=117 score=1440 pnp_inliers=69 ratio=0.589744
[NBV_PYRAMID] iter=1 camera=1 visible=134 score=1568 pnp_inliers=81 ratio=0.604478
[NBV_PYRAMID] iter=1 camera=2 visible=183 score=1632 pnp_inliers=132 ratio=0.721311
[NBV_PYRAMID] iter=1 camera=3 visible=222 score=1712 pnp_inliers=175 ratio=0.788288
[NBV_PYRAMID] iter=1 camera=4 visible=276 score=1632 pnp_inliers=244 ratio=0.884058
[NBV_PYRAMID] iter=1 camera=5 visible=379 score=1840 pnp_inliers=365 ratio=0.963061
[NBV_PYRAMID] iter=1 camera=7 visible=409 score=2352 pnp_inliers=386 ratio=0.943765
[NBV_PYRAMID] iter=1 camera=8 visible=378 score=2160 pnp_inliers=352 ratio=0.931217
[NBV_PYRAMID] iter=1 camera=10 visible=327 score=1904 pnp_inliers=300 ratio=0.917431
[NBV_PYRAMID] iter=1 camera=11 visible=117 score=1372 pnp_inliers=94 ratio=0.803419
[NBV_PYRAMID] iter=1 camera=12 visible=316 score=2144 pnp_inliers=252 ratio=0.797468
[NBV_PYRAMID] iter=1 camera=13 visible=324 score=2208 pnp_inliers=259 ratio=0.799383
[NBV_PYRAMID] iter=1 camera=14 visible=317 score=2016 pnp_inliers=248 ratio=0.782334
NBV selected camera 7 visible=409 pyramid_score=2352 pnp_inliers=386
ADDED 861 new points
Using 3 over 15 cameras
0 0 0 0 0 0 1 1 0 1 0 0 0 0 0 
W0512 21:22:34.067332 39842 levenberg_marquardt_strategy.cc:115] Linear solver failure. Failed to compute a step: Eigen failure. Unable to perform dense Cholesky factorization.
W0512 21:22:34.073477 39842 levenberg_marquardt_strategy.cc:115] Linear solver failure. Failed to compute a step: Eigen failure. Unable to perform dense Cholesky factorization.
W0512 21:22:34.074643 39842 levenberg_marquardt_strategy.cc:115] Linear solver failure. Failed to compute a step: Eigen failure. Unable to perform dense Cholesky factorization.
W0512 21:22:34.080579 39842 levenberg_marquardt_strategy.cc:115] Linear solver failure. Failed to compute a step: Eigen failure. Unable to perform dense Cholesky factorization.
W0512 21:22:34.084125 39842 levenberg_marquardt_strategy.cc:115] Linear solver failure. Failed to compute a step: Eigen failure. Unable to perform dense Cholesky factorization.
W0512 21:22:34.085335 39842 levenberg_marquardt_strategy.cc:115] Linear solver failure. Failed to compute a step: Eigen failure. Unable to perform dense Cholesky factorization.
W0512 21:22:34.089247 39842 levenberg_marquardt_strategy.cc:115] Linear solver failure. Failed to compute a step: Eigen failure. Unable to perform dense Cholesky factorization.
W0512 21:22:34.090641 39842 levenberg_marquardt_strategy.cc:115] Linear solver failure. Failed to compute a step: Eigen failure. Unable to perform dense Cholesky factorization.
W0512 21:22:34.097056 39842 levenberg_marquardt_strategy.cc:115] Linear solver failure. Failed to compute a step: Eigen failure. Unable to perform dense Cholesky factorization.
****************** OPTIM FOUND 38 OUTLIERS : redoing optim!!
camera[7]
{
	 r_vec : (-0.0055464, 0.0432101, 0.0074186)
	 t_vec : (-1.15389, -0.0036159, 0.021156)
}
[NBV_PYRAMID] iter=2 camera=0 visible=0 score=-1 skipped=too_few_points
[NBV_PYRAMID] iter=2 camera=1 visible=1 score=-1 skipped=too_few_points
[NBV_PYRAMID] iter=2 camera=2 visible=1 score=-1 skipped=too_few_points
[NBV_PYRAMID] iter=2 camera=3 visible=0 score=-1 skipped=too_few_points
[NBV_PYRAMID] iter=2 camera=4 visible=3 score=-1 skipped=too_few_points
[NBV_PYRAMID] iter=2 camera=5 visible=19 score=-1 skipped=too_few_points
[NBV_PYRAMID] iter=2 camera=8 visible=18 score=-1 skipped=too_few_points
[NBV_PYRAMID] iter=2 camera=10 visible=13 score=-1 skipped=too_few_points
[NBV_PYRAMID] iter=2 camera=11 visible=1 score=-1 skipped=too_few_points
[NBV_PYRAMID] iter=2 camera=12 visible=20 score=396 pnp_inliers=17 ratio=0.85
[NBV_PYRAMID] iter=2 camera=13 visible=17 score=-1 skipped=too_few_points
[NBV_PYRAMID] iter=2 camera=14 visible=17 score=-1 skipped=too_few_points
NBV selected camera 12 visible=20 pyramid_score=396 pnp_inliers=17
ADDED 0 new points
Using 4 over 15 cameras
0 0 0 0 0 0 1 1 0 1 0 0 1 0 0 
****************** OPTIM CHEIRALITY VIOLATION for 20 points : redoing optim!!
camera[12]
{
	 r_vec : (1.20776, -0.337467, -2.76196)
	 t_vec : (9.44885, -2.11463, -19.3315)
}
Diverged: geometry exploded (max_dist = 111.154)
Alternative seed pair failed, trying next candidate
Trying alternative seed pair (5, 6) score=38395.1
Seed pair (5, 6): inliers E=600 H=52
camera[5]
{
	 r_vec : (0, 0, 0)
	 t_vec : (0, 0, 0)
}
camera[6]
{
	 r_vec : (-0.0142235, 0.122058, 0.0566942)
	 t_vec : (-0.987806, -0.111538, 0.108617)
}
camera[6]
{
	 r_vec : (-0.0134804, 0.117455, 0.0560305)
	 t_vec : (-0.95026, -0.106336, 0.0922156)
}
[NBV_PYRAMID] iter=1 camera=0 visible=129 score=1360 pnp_inliers=95 ratio=0.736434
[NBV_PYRAMID] iter=1 camera=1 visible=143 score=1312 pnp_inliers=104 ratio=0.727273
[NBV_PYRAMID] iter=1 camera=2 visible=211 score=1552 pnp_inliers=169 ratio=0.800948
[NBV_PYRAMID] iter=1 camera=3 visible=277 score=1632 pnp_inliers=244 ratio=0.880866
[NBV_PYRAMID] iter=1 camera=4 visible=358 score=1904 pnp_inliers=343 ratio=0.958101
[NBV_PYRAMID] iter=1 camera=7 visible=371 score=2064 pnp_inliers=343 ratio=0.924528
[NBV_PYRAMID] iter=1 camera=8 visible=345 score=1792 pnp_inliers=300 ratio=0.869565
[NBV_PYRAMID] iter=1 camera=9 visible=437 score=1984 pnp_inliers=410 ratio=0.938215
[NBV_PYRAMID] iter=1 camera=10 visible=422 score=1920 pnp_inliers=399 ratio=0.945498
[NBV_PYRAMID] iter=1 camera=11 visible=140 score=1520 pnp_inliers=128 ratio=0.914286
[NBV_PYRAMID] iter=1 camera=12 visible=296 score=1936 pnp_inliers=255 ratio=0.861486
[NBV_PYRAMID] iter=1 camera=13 visible=306 score=1984 pnp_inliers=248 ratio=0.810458
[NBV_PYRAMID] iter=1 camera=14 visible=300 score=1872 pnp_inliers=259 ratio=0.863333
NBV selected camera 7 visible=371 pyramid_score=2064 pnp_inliers=343
ADDED 860 new points
Using 3 over 15 cameras
0 0 0 0 0 1 1 1 0 0 0 0 0 0 0 
W0512 21:22:34.270083 39842 levenberg_marquardt_strategy.cc:115] Linear solver failure. Failed to compute a step: Eigen failure. Unable to perform dense Cholesky factorization.
W0512 21:22:34.271492 39842 levenberg_marquardt_strategy.cc:115] Linear solver failure. Failed to compute a step: Eigen failure. Unable to perform dense Cholesky factorization.
****************** OPTIM FOUND 26 OUTLIERS : redoing optim!!
camera[7]
{
	 r_vec : (-0.0175456, 0.162157, 0.0650695)
	 t_vec : (-1.70633, -0.109837, 0.135306)
}
[NBV_PYRAMID] iter=2 camera=0 visible=216 score=1584 pnp_inliers=163 ratio=0.75463
[NBV_PYRAMID] iter=2 camera=1 visible=249 score=1776 pnp_inliers=195 ratio=0.783133
[NBV_PYRAMID] iter=2 camera=2 visible=357 score=1904 pnp_inliers=296 ratio=0.829132
[NBV_PYRAMID] iter=2 camera=3 visible=462 score=1776 pnp_inliers=405 ratio=0.876623
[NBV_PYRAMID] iter=2 camera=4 visible=592 score=1984 pnp_inliers=556 ratio=0.939189
[NBV_PYRAMID] iter=2 camera=8 visible=834 score=2224 pnp_inliers=757 ratio=0.907674
[NBV_PYRAMID] iter=2 camera=9 visible=931 score=2336 pnp_inliers=863 ratio=0.92696
[NBV_PYRAMID] iter=2 camera=10 visible=700 score=2240 pnp_inliers=667 ratio=0.952857
[NBV_PYRAMID] iter=2 camera=11 visible=247 score=1584 pnp_inliers=210 ratio=0.850202
[NBV_PYRAMID] iter=2 camera=12 visible=757 score=2544 pnp_inliers=693 ratio=0.915456
[NBV_PYRAMID] iter=2 camera=13 visible=756 score=2240 pnp_inliers=617 ratio=0.816138
[NBV_PYRAMID] iter=2 camera=14 visible=733 score=2128 pnp_inliers=642 ratio=0.875853
NBV selected camera 12 visible=757 pyramid_score=2544 pnp_inliers=693
ADDED 442 new points
Using 4 over 15 cameras
0 0 0 0 0 1 1 1 0 0 0 0 1 0 0 
****************** OPTIM FOUND 24 OUTLIERS : redoing optim!!
camera[12]
{
	 r_vec : (-0.0158827, 0.25215, 0.0779115)
	 t_vec : (-2.60942, -0.187535, 0.216633)
}
[NBV_PYRAMID] iter=3 camera=0 visible=230 score=1584 pnp_inliers=177 ratio=0.769565
[NBV_PYRAMID] iter=3 camera=1 visible=269 score=1776 pnp_inliers=217 ratio=0.806691
[NBV_PYRAMID] iter=3 camera=2 visible=387 score=1904 pnp_inliers=322 ratio=0.832041
[NBV_PYRAMID] iter=3 camera=3 visible=497 score=1776 pnp_inliers=438 ratio=0.881288
[NBV_PYRAMID] iter=3 camera=4 visible=642 score=2048 pnp_inliers=605 ratio=0.942368
[NBV_PYRAMID] iter=3 camera=8 visible=1058 score=2288 pnp_inliers=965 ratio=0.912098
[NBV_PYRAMID] iter=3 camera=9 visible=1021 score=2320 pnp_inliers=952 ratio=0.932419
[NBV_PYRAMID] iter=3 camera=10 visible=752 score=2320 pnp_inliers=691 ratio=0.918883
[NBV_PYRAMID] iter=3 camera=11 visible=267 score=1648 pnp_inliers=231 ratio=0.865169
[NBV_PYRAMID] iter=3 camera=13 visible=1023 score=2400 pnp_inliers=929 ratio=0.908113
[NBV_PYRAMID] iter=3 camera=14 visible=1033 score=2416 pnp_inliers=991 ratio=0.959342
NBV selected camera 14 visible=1033 pyramid_score=2416 pnp_inliers=991
ADDED 995 new points
Using 5 over 15 cameras
0 0 0 0 0 1 1 1 0 0 0 0 1 0 1 
****************** OPTIM FOUND 16 OUTLIERS : redoing optim!!
camera[14]
{
	 r_vec : (-0.0184118, 0.247388, 0.0853566)
	 t_vec : (-2.90589, -0.193137, 0.177966)
}
[NBV_PYRAMID] iter=4 camera=0 visible=234 score=1584 pnp_inliers=184 ratio=0.786325
[NBV_PYRAMID] iter=4 camera=1 visible=275 score=1776 pnp_inliers=218 ratio=0.792727
[NBV_PYRAMID] iter=4 camera=2 visible=396 score=1904 pnp_inliers=337 ratio=0.85101
[NBV_PYRAMID] iter=4 camera=3 visible=507 score=1856 pnp_inliers=447 ratio=0.881657
[NBV_PYRAMID] iter=4 camera=4 visible=653 score=2128 pnp_inliers=596 ratio=0.912711
[NBV_PYRAMID] iter=4 camera=8 visible=1249 score=2480 pnp_inliers=1110 ratio=0.888711
[NBV_PYRAMID] iter=4 camera=9 visible=1058 score=2304 pnp_inliers=984 ratio=0.930057
[NBV_PYRAMID] iter=4 camera=10 visible=774 score=2320 pnp_inliers=725 ratio=0.936693
[NBV_PYRAMID] iter=4 camera=11 visible=270 score=1648 pnp_inliers=224 ratio=0.82963
[NBV_PYRAMID] iter=4 camera=13 visible=1474 score=2528 pnp_inliers=1293 ratio=0.877205
NBV selected camera 13 visible=1474 pyramid_score=2528 pnp_inliers=1293
ADDED 285 new points
Using 6 over 15 cameras
0 0 0 0 0 1 1 1 0 0 0 0 1 1 1 
****************** OPTIM FOUND 29 OUTLIERS : redoing optim!!
camera[13]
{
	 r_vec : (-0.0235989, 0.203423, 0.088915)
	 t_vec : (-2.55006, -0.731931, 0.0260903)
}
[NBV_PYRAMID] iter=5 camera=0 visible=236 score=1584 pnp_inliers=183 ratio=0.775424
[NBV_PYRAMID] iter=5 camera=1 visible=276 score=1776 pnp_inliers=218 ratio=0.789855
[NBV_PYRAMID] iter=5 camera=2 visible=397 score=1904 pnp_inliers=329 ratio=0.828715
[NBV_PYRAMID] iter=5 camera=3 visible=512 score=1856 pnp_inliers=460 ratio=0.898438
[NBV_PYRAMID] iter=5 camera=4 visible=660 score=2128 pnp_inliers=620 ratio=0.939394
[NBV_PYRAMID] iter=5 camera=8 visible=1334 score=2480 pnp_inliers=1239 ratio=0.928786
[NBV_PYRAMID] iter=5 camera=9 visible=1084 score=2304 pnp_inliers=1007 ratio=0.928967
[NBV_PYRAMID] iter=5 camera=10 visible=782 score=2384 pnp_inliers=742 ratio=0.948849
[NBV_PYRAMID] iter=5 camera=11 visible=268 score=1568 pnp_inliers=234 ratio=0.873134
NBV selected camera 8 visible=1334 pyramid_score=2480 pnp_inliers=1239
ADDED 328 new points
Using 7 over 15 cameras
0 0 0 0 0 1 1 1 1 0 0 0 1 1 1 
****************** OPTIM FOUND 32 OUTLIERS : redoing optim!!
camera[8]
{
	 r_vec : (-0.0384958, 0.166135, 0.0850713)
	 t_vec : (-1.84261, -0.835227, -0.216008)
}
[NBV_PYRAMID] iter=6 camera=0 visible=245 score=1504 pnp_inliers=193 ratio=0.787755
[NBV_PYRAMID] iter=6 camera=1 visible=284 score=1712 pnp_inliers=217 ratio=0.764085
[NBV_PYRAMID] iter=6 camera=2 visible=414 score=1904 pnp_inliers=344 ratio=0.830918
[NBV_PYRAMID] iter=6 camera=3 visible=526 score=1792 pnp_inliers=466 ratio=0.885932
[NBV_PYRAMID] iter=6 camera=4 visible=669 score=2128 pnp_inliers=629 ratio=0.940209
[NBV_PYRAMID] iter=6 camera=9 visible=1143 score=2400 pnp_inliers=1060 ratio=0.927384
[NBV_PYRAMID] iter=6 camera=10 visible=811 score=2448 pnp_inliers=734 ratio=0.905055
[NBV_PYRAMID] iter=6 camera=11 visible=279 score=1712 pnp_inliers=239 ratio=0.856631
NBV selected camera 10 visible=811 pyramid_score=2448 pnp_inliers=734
ADDED 537 new points
Using 8 over 15 cameras
0 0 0 0 0 1 1 1 1 0 1 0 1 1 1 
****************** OPTIM FOUND 24 OUTLIERS : redoing optim!!
camera[10]
{
	 r_vec : (-0.0393451, 0.0769131, 0.0404367)
	 t_vec : (0.0388271, -0.493922, -0.171803)
}
[NBV_PYRAMID] iter=7 camera=0 visible=293 score=1792 pnp_inliers=216 ratio=0.737201
[NBV_PYRAMID] iter=7 camera=1 visible=345 score=1936 pnp_inliers=253 ratio=0.733333
[NBV_PYRAMID] iter=7 camera=2 visible=506 score=2288 pnp_inliers=398 ratio=0.786561
[NBV_PYRAMID] iter=7 camera=3 visible=643 score=2016 pnp_inliers=543 ratio=0.844479
[NBV_PYRAMID] iter=7 camera=4 visible=829 score=2208 pnp_inliers=769 ratio=0.927624
[NBV_PYRAMID] iter=7 camera=9 visible=1215 score=2464 pnp_inliers=1145 ratio=0.942387
[NBV_PYRAMID] iter=7 camera=11 visible=330 score=1712 pnp_inliers=277 ratio=0.839394
NBV selected camera 9 visible=1215 pyramid_score=2464 pnp_inliers=1145
ADDED 344 new points
Using 9 over 15 cameras
0 0 0 0 0 1 1 1 1 1 1 0 1 1 1 
****************** OPTIM FOUND 28 OUTLIERS : redoing optim!!
camera[9]
{
	 r_vec : (-0.0377474, 0.133236, 0.0836048)
	 t_vec : (-0.87334, -0.639693, -0.262658)
}
[NBV_PYRAMID] iter=8 camera=0 visible=303 score=1792 pnp_inliers=211 ratio=0.69637
[NBV_PYRAMID] iter=8 camera=1 visible=354 score=2000 pnp_inliers=254 ratio=0.717514
[NBV_PYRAMID] iter=8 camera=2 visible=517 score=2288 pnp_inliers=396 ratio=0.765957
[NBV_PYRAMID] iter=8 camera=3 visible=658 score=2016 pnp_inliers=554 ratio=0.841945
[NBV_PYRAMID] iter=8 camera=4 visible=854 score=2208 pnp_inliers=786 ratio=0.920375
[NBV_PYRAMID] iter=8 camera=11 visible=339 score=1712 pnp_inliers=286 ratio=0.843658
NBV selected camera 2 visible=517 pyramid_score=2288 pnp_inliers=396
ADDED 105 new points
Using 10 over 15 cameras
0 0 1 0 0 1 1 1 1 1 1 0 1 1 1 
****************** OPTIM FOUND 23 OUTLIERS : redoing optim!!
camera[2]
{
	 r_vec : (0.00199758, -0.203994, -0.0660617)
	 t_vec : (2.46479, -0.0844814, -0.249694)
}
[NBV_PYRAMID] iter=9 camera=0 visible=341 score=1872 pnp_inliers=311 ratio=0.912023
[NBV_PYRAMID] iter=9 camera=1 visible=405 score=1920 pnp_inliers=379 ratio=0.935802
[NBV_PYRAMID] iter=9 camera=3 visible=713 score=2304 pnp_inliers=671 ratio=0.941094
[NBV_PYRAMID] iter=9 camera=4 visible=901 score=2352 pnp_inliers=851 ratio=0.944506
[NBV_PYRAMID] iter=9 camera=11 visible=357 score=1712 pnp_inliers=298 ratio=0.834734
NBV selected camera 4 visible=901 pyramid_score=2352 pnp_inliers=851
ADDED 340 new points
Using 11 over 15 cameras
0 0 1 0 1 1 1 1 1 1 1 0 1 1 1 
****************** OPTIM FOUND 14 OUTLIERS : redoing optim!!
camera[4]
{
	 r_vec : (-0.0150184, -0.0706896, -0.0301595)
	 t_vec : (0.85438, 0.00562563, -0.141497)
}
[NBV_PYRAMID] iter=10 camera=0 visible=416 score=2080 pnp_inliers=359 ratio=0.862981
[NBV_PYRAMID] iter=10 camera=1 visible=504 score=2176 pnp_inliers=465 ratio=0.922619
[NBV_PYRAMID] iter=10 camera=3 visible=912 score=2560 pnp_inliers=885 ratio=0.970395
[NBV_PYRAMID] iter=10 camera=11 visible=414 score=1712 pnp_inliers=373 ratio=0.900966
NBV selected camera 3 visible=912 pyramid_score=2560 pnp_inliers=885
ADDED 549 new points
Using 12 over 15 cameras
0 0 1 1 1 1 1 1 1 1 1 0 1 1 1 
W0512 21:22:35.753211 39842 levenberg_marquardt_strategy.cc:115] Linear solver failure. Failed to compute a step: Eigen failure. Unable to perform dense Cholesky factorization.
W0512 21:22:35.757211 39842 levenberg_marquardt_strategy.cc:115] Linear solver failure. Failed to compute a step: Eigen failure. Unable to perform dense Cholesky factorization.
W0512 21:22:35.773604 39842 levenberg_marquardt_strategy.cc:115] Linear solver failure. Failed to compute a step: Eigen failure. Unable to perform dense Cholesky factorization.
W0512 21:22:35.789814 39842 levenberg_marquardt_strategy.cc:115] Linear solver failure. Failed to compute a step: Eigen failure. Unable to perform dense Cholesky factorization.
W0512 21:22:35.794170 39842 levenberg_marquardt_strategy.cc:115] Linear solver failure. Failed to compute a step: Eigen failure. Unable to perform dense Cholesky factorization.
W0512 21:22:35.821180 39842 levenberg_marquardt_strategy.cc:115] Linear solver failure. Failed to compute a step: Eigen failure. Unable to perform dense Cholesky factorization.
W0512 21:22:35.825630 39842 levenberg_marquardt_strategy.cc:115] Linear solver failure. Failed to compute a step: Eigen failure. Unable to perform dense Cholesky factorization.
W0512 21:22:35.852573 39842 levenberg_marquardt_strategy.cc:115] Linear solver failure. Failed to compute a step: Eigen failure. Unable to perform dense Cholesky factorization.
W0512 21:22:35.867928 39842 levenberg_marquardt_strategy.cc:115] Linear solver failure. Failed to compute a step: Eigen failure. Unable to perform dense Cholesky factorization.
W0512 21:22:35.872483 39842 levenberg_marquardt_strategy.cc:115] Linear solver failure. Failed to compute a step: Eigen failure. Unable to perform dense Cholesky factorization.
****************** OPTIM FOUND 11 OUTLIERS : redoing optim!!
camera[3]
{
	 r_vec : (-0.00930265, -0.14807, -0.0546826)
	 t_vec : (1.76698, -0.0391069, -0.192159)
}
[NBV_PYRAMID] iter=11 camera=0 visible=557 score=2208 pnp_inliers=483 ratio=0.867145
[NBV_PYRAMID] iter=11 camera=1 visible=698 score=2256 pnp_inliers=643 ratio=0.921203
[NBV_PYRAMID] iter=11 camera=11 visible=465 score=1776 pnp_inliers=416 ratio=0.894624
NBV selected camera 1 visible=698 pyramid_score=2256 pnp_inliers=643
ADDED 322 new points
Using 13 over 15 cameras
0 1 1 1 1 1 1 1 1 1 1 0 1 1 1 
****************** OPTIM FOUND 10 OUTLIERS : redoing optim!!
camera[1]
{
	 r_vec : (0.0111266, -0.268813, -0.0696173)
	 t_vec : (3.35001, -0.108966, -0.23052)
}
[NBV_PYRAMID] iter=12 camera=0 visible=730 score=2416 pnp_inliers=671 ratio=0.919178
[NBV_PYRAMID] iter=12 camera=11 visible=468 score=1776 pnp_inliers=411 ratio=0.878205
NBV selected camera 0 visible=730 pyramid_score=2416 pnp_inliers=671
ADDED 567 new points
Using 14 over 15 cameras
1 1 1 1 1 1 1 1 1 1 1 0 1 1 1 
****************** OPTIM FOUND 16 OUTLIERS : redoing optim!!
camera[0]
{
	 r_vec : (0.0330214, -0.30652, -0.0928732)
	 t_vec : (3.5345, 0.373918, -0.309561)
}
[NBV_PYRAMID] iter=13 camera=11 visible=465 score=1776 pnp_inliers=420 ratio=0.903226
NBV selected camera 11 visible=465 pyramid_score=1776 pnp_inliers=420
ADDED 8 new points
Using 15 over 15 cameras
1 1 1 1 1 1 1 1 1 1 1 1 1 1 1 
****************** OPTIM CHEIRALITY VIOLATION for 93 points : redoing optim!!
****************** OPTIM FOUND 6 OUTLIERS : redoing optim!!
****************** OPTIM FOUND 24 OUTLIERS : redoing optim!!
camera[11]
{
	 r_vec : (-0.0525239, 0.0191118, -0.026356)
	 t_vec : (0.978446, -0.527516, -1.48966)
}
===== FINAL METRICS =====
Registered cameras  : 15 / 15  (success rate 100 %)
Valid 3D points     : 5841
Mean reprojection err: 2.23226 px  (focal = 1296 px)
=========================
Recostruction completed, exiting
