Header: 13 2321 12010
Seed pair (0, 5): inliers E=688 H=487
Forward-dominant motion detected, rejecting.
Try to look for a better seed pair
Seed pair (0, 1): inliers E=652 H=240
camera[0]
{
	 r_vec : (0, 0, 0)
	 t_vec : (0, 0, 0)
}
camera[1]
{
	 r_vec : (-0.00205864, -0.0858197, 0.000156908)
	 t_vec : (0.98552, 0.0512439, 0.161631)
}
camera[1]
{
	 r_vec : (-0.00219248, -0.0677785, -0.00276581)
	 t_vec : (0.82116, 0.0560593, 0.0756186)
}
ADDED 0 new points
Using 3 over 13 cameras
1 1 0 0 0 1 0 0 0 0 0 0 0 
****************** OPTIM CHEIRALITY VIOLATION for 488 points : redoing optim!!
camera[5]
{
	 r_vec : (-0.136758, 0.120157, 3.13418)
	 t_vec : (1.03188, -0.473297, -20.8095)
}
Diverged: geometry exploded (max_dist = 104.558)
Try to look for a better seed pair
Seed pair (2, 4): inliers E=617 H=346
Forward-dominant motion detected, rejecting.
Try to look for a better seed pair
Seed pair (1, 5): inliers E=594 H=264
Forward-dominant motion detected, rejecting.
Try to look for a better seed pair
Seed pair (1, 2): inliers E=592 H=217
camera[1]
{
	 r_vec : (0, 0, 0)
	 t_vec : (0, 0, 0)
}
camera[2]
{
	 r_vec : (-0.0117462, -0.160573, -0.0176467)
	 t_vec : (0.992799, -0.114283, 0.0359018)
}
camera[2]
{
	 r_vec : (-0.00575603, -0.11734, -0.0165295)
	 t_vec : (0.818954, -0.0745981, -0.0202903)
}
ADDED 1 new points
Using 3 over 13 cameras
0 1 1 0 1 0 0 0 0 0 0 0 0 
****************** OPTIM CHEIRALITY VIOLATION for 421 points : redoing optim!!
camera[4]
{
	 r_vec : (0.260673, 0.0755397, 3.10204)
	 t_vec : (-1.19677, 0.00278301, -10.5269)
}
ADDED 0 new points
Using 4 over 13 cameras
1 1 1 0 1 0 0 0 0 0 0 0 0 
****************** OPTIM CHEIRALITY VIOLATION for 93 points : redoing optim!!
camera[0]
{
	 r_vec : (0.207513, -0.128189, -3.12112)
	 t_vec : (0.814775, -0.412223, -10.7662)
}
ADDED 0 new points
Using 5 over 13 cameras
1 1 1 0 1 0 0 0 0 0 0 1 0 
****************** OPTIM CHEIRALITY VIOLATION for 30 points : redoing optim!!
camera[11]
{
	 r_vec : (69.5389, 111.18, -164.338)
	 t_vec : (-27.6035, -46.0661, -2130.79)
}
Diverged: geometry exploded (max_dist = 10657.3)
Try to look for a better seed pair
Seed pair (3, 4): inliers E=567 H=209
camera[3]
{
	 r_vec : (0, 0, 0)
	 t_vec : (0, 0, 0)
}
camera[4]
{
	 r_vec : (0.0199956, 0.15113, -0.0184676)
	 t_vec : (-0.971869, 0.0464602, 0.230895)
}
camera[4]
{
	 r_vec : (0.015366, 0.0947445, -0.0126886)
	 t_vec : (-0.736783, 0.0305291, 0.139408)
}
ADDED 3 new points
Using 3 over 13 cameras
0 0 1 1 1 0 0 0 0 0 0 0 0 
camera[2]
{
	 r_vec : (-57.0005, 145.781, -105.238)
	 t_vec : (-1.08839, 0.18299, 2.25419)
}
ADDED 0 new points
Using 4 over 13 cameras
0 1 1 1 1 0 0 0 0 0 0 0 0 
****************** OPTIM CHEIRALITY VIOLATION for 350 points : redoing optim!!
camera[1]
{
	 r_vec : (-0.379616, 0.0913248, 3.07704)
	 t_vec : (2.86743, -1.15944, -20.3125)
}
Diverged: geometry exploded (max_dist = 116.153)
Try to look for a better seed pair
Seed pair (0, 6): inliers E=542 H=206
Forward-dominant motion detected, rejecting.
Try to look for a better seed pair
Seed pair (2, 3): inliers E=542 H=161
camera[2]
{
	 r_vec : (0, 0, 0)
	 t_vec : (0, 0, 0)
}
camera[3]
{
	 r_vec : (-0.0233819, -0.0648859, -0.0124127)
	 t_vec : (0.949551, -0.30346, 0.0791487)
}
camera[3]
{
	 r_vec : (-0.015192, -0.0509251, -0.0105369)
	 t_vec : (0.869456, -0.242674, 0.122738)
}
ADDED 1 new points
Using 3 over 13 cameras
0 0 1 1 1 0 0 0 0 0 0 0 0 
****************** OPTIM CHEIRALITY VIOLATION for 422 points : redoing optim!!
camera[4]
{
	 r_vec : (0.0932841, 0.0562265, 3.12667)
	 t_vec : (-0.545069, -0.0308728, -15.058)
}
ADDED 0 new points
Using 4 over 13 cameras
0 1 1 1 1 0 0 0 0 0 0 0 0 
****************** OPTIM CHEIRALITY VIOLATION for 53 points : redoing optim!!
camera[1]
{
	 r_vec : (37.7397, -20.8393, -30.9441)
	 t_vec : (-30.1202, -286.404, -6263.1)
}
Diverged: geometry exploded (max_dist = 31349.5)
Try to look for a better seed pair
Seed pair (0, 12): inliers E=468 H=175
Forward-dominant motion detected, rejecting.
Try to look for a better seed pair
Seed pair (1, 4): inliers E=539 H=154
camera[1]
{
	 r_vec : (0, 0, 0)
	 t_vec : (0, 0, 0)
}
camera[4]
{
	 r_vec : (0.0124162, -0.0831955, -0.0270274)
	 t_vec : (0.956502, -0.209933, 0.202565)
}
camera[4]
{
	 r_vec : (0.0118239, -0.0839367, -0.0324053)
	 t_vec : (0.957764, -0.214463, 0.196613)
}
ADDED 0 new points
Using 3 over 13 cameras
0 1 1 0 1 0 0 0 0 0 0 0 0 
****************** OPTIM CHEIRALITY VIOLATION for 426 points : redoing optim!!
camera[2]
{
	 r_vec : (-0.0739461, -0.196337, -3.14701)
	 t_vec : (-0.600285, -0.809508, -14.1863)
}
ADDED 0 new points
Using 4 over 13 cameras
1 1 1 0 1 0 0 0 0 0 0 0 0 
****************** OPTIM CHEIRALITY VIOLATION for 75 points : redoing optim!!
camera[0]
{
	 r_vec : (-87.063, 144.425, 91.1677)
	 t_vec : (204.968, -391.579, -7513.47)
}
Diverged: geometry exploded (max_dist = 37633.4)
Try to look for a better seed pair
Seed pair (0, 2): inliers E=499 H=126
camera[0]
{
	 r_vec : (0, 0, 0)
	 t_vec : (0, 0, 0)
}
camera[2]
{
	 r_vec : (-0.0120384, -0.0845871, -0.0354732)
	 t_vec : (0.984515, -0.115048, 0.132262)
}
camera[2]
{
	 r_vec : (-0.00672661, -0.0769529, -0.0303419)
	 t_vec : (0.941794, -0.0722554, 0.120656)
}
ADDED 0 new points
Using 3 over 13 cameras
1 1 1 0 0 0 0 0 0 0 0 0 0 
****************** OPTIM CHEIRALITY VIOLATION for 401 points : redoing optim!!
camera[1]
{
	 r_vec : (-8.6401, 0.735302, 4.04961)
	 t_vec : (5.75065, 0.311015, -3.978)
}
ADDED 0 new points
Using 4 over 13 cameras
1 1 1 0 1 0 0 0 0 0 0 0 0 
****************** OPTIM CHEIRALITY VIOLATION for 61 points : redoing optim!!
camera[4]
{
	 r_vec : (-0.232262, -0.145306, -3.17435)
	 t_vec : (-1.58416, -0.383254, -15.3745)
}
ADDED 2 new points
Using 5 over 13 cameras
1 1 1 0 1 1 0 0 0 0 0 0 0 
WARNING: Logging before InitGoogleLogging() is written to STDERR
W0512 21:24:16.701305 41975 levenberg_marquardt_strategy.cc:115] Linear solver failure. Failed to compute a step: Eigen failure. Unable to perform dense Cholesky factorization.
W0512 21:24:16.701697 41975 levenberg_marquardt_strategy.cc:115] Linear solver failure. Failed to compute a step: Eigen failure. Unable to perform dense Cholesky factorization.
W0512 21:24:16.701758 41975 levenberg_marquardt_strategy.cc:115] Linear solver failure. Failed to compute a step: Eigen failure. Unable to perform dense Cholesky factorization.
W0512 21:24:16.701929 41975 levenberg_marquardt_strategy.cc:115] Linear solver failure. Failed to compute a step: Eigen failure. Unable to perform dense Cholesky factorization.
W0512 21:24:16.701984 41975 levenberg_marquardt_strategy.cc:115] Linear solver failure. Failed to compute a step: Eigen failure. Unable to perform dense Cholesky factorization.
****************** OPTIM CHEIRALITY VIOLATION for 24 points : redoing optim!!
W0512 21:24:16.703446 41975 levenberg_marquardt_strategy.cc:115] Linear solver failure. Failed to compute a step: Eigen failure. Unable to perform dense Cholesky factorization.
W0512 21:24:16.703549 41975 levenberg_marquardt_strategy.cc:115] Linear solver failure. Failed to compute a step: Eigen failure. Unable to perform dense Cholesky factorization.
W0512 21:24:16.703639 41975 levenberg_marquardt_strategy.cc:115] Linear solver failure. Failed to compute a step: Eigen failure. Unable to perform dense Cholesky factorization.
W0512 21:24:16.703670 41975 levenberg_marquardt_strategy.cc:115] Linear solver failure. Failed to compute a step: Eigen failure. Unable to perform dense Cholesky factorization.
camera[5]
{
	 r_vec : (0.179442, -0.120334, -3.30665)
	 t_vec : (1.20941, -0.341968, -13.9793)
}
Diverged: geometry exploded (max_dist = 170.03)
Try to look for a better seed pair
Seed pair (0, 7): inliers E=456 H=119
Forward-dominant motion detected, rejecting.
Try to look for a better seed pair
Seed pair (0, 4): inliers E=471 H=137
camera[0]
{
	 r_vec : (0, 0, 0)
	 t_vec : (0, 0, 0)
}
camera[4]
{
	 r_vec : (0.033389, -0.248522, -0.0232267)
	 t_vec : (0.977685, -0.0142, 0.209594)
}
camera[4]
{
	 r_vec : (0.024647, -0.202312, -0.0437483)
	 t_vec : (0.880043, -0.0391192, 0.224291)
}
ADDED 0 new points
Using 3 over 13 cameras
1 1 0 0 1 0 0 0 0 0 0 0 0 
****************** OPTIM CHEIRALITY VIOLATION for 366 points : redoing optim!!
camera[1]
{
	 r_vec : (-2.9849, 0.218048, 0.347335)
	 t_vec : (1.34132, -4.54906, -62.2117)
}
Diverged: geometry exploded (max_dist = 313.05)
Try to look for a better seed pair
Seed pair (6, 7): inliers E=496 H=208
camera[6]
{
	 r_vec : (0, 0, 0)
	 t_vec : (0, 0, 0)
}
camera[7]
{
	 r_vec : (-0.042341, 0.0888688, 0.0410228)
	 t_vec : (-0.919711, -0.141221, 0.366317)
}
camera[7]
{
	 r_vec : (-0.0407626, 0.0760862, 0.0429206)
	 t_vec : (-0.826338, -0.125654, 0.355025)
}
ADDED 0 new points
Using 3 over 13 cameras
1 0 0 0 0 0 1 1 0 0 0 0 0 
****************** OPTIM CHEIRALITY VIOLATION for 360 points : redoing optim!!
camera[0]
{
	 r_vec : (0.174864, -0.188206, -3.13477)
	 t_vec : (0.364905, -1.10067, -16.1746)
}
ADDED 0 new points
Using 4 over 13 cameras
1 0 0 0 0 0 1 1 1 0 0 0 0 
****************** OPTIM CHEIRALITY VIOLATION for 57 points : redoing optim!!
camera[8]
{
	 r_vec : (-6.75838, 1.82548, 6.28722)
	 t_vec : (36.7915, -15.9786, -308.726)
}
Diverged: geometry exploded (max_dist = 1558.95)
Try to look for a better seed pair
Seed pair (5, 6): inliers E=452 H=170
camera[5]
{
	 r_vec : (0, 0, 0)
	 t_vec : (0, 0, 0)
}
camera[6]
{
	 r_vec : (-0.00389705, 0.235772, 0.00960003)
	 t_vec : (-0.988244, 0.0287056, 0.150164)
}
camera[6]
{
	 r_vec : (-0.00813122, 0.164378, 0.0340729)
	 t_vec : (-0.8121, 0.0194022, 0.192987)
}
ADDED 0 new points
Using 3 over 13 cameras
1 0 0 0 0 1 1 0 0 0 0 0 0 
****************** OPTIM CHEIRALITY VIOLATION for 380 points : redoing optim!!
camera[0]
{
	 r_vec : (73.5808, 69.7715, 42.7044)
	 t_vec : (37.6078, -86.4803, -1864.5)
}
Diverged: geometry exploded (max_dist = 9335.65)
Try to look for a better seed pair
Seed pair (1, 12): inliers E=443 H=133
camera[1]
{
	 r_vec : (0, 0, 0)
	 t_vec : (0, 0, 0)
}
camera[12]
{
	 r_vec : (0.162973, 0.0451262, 0.0172485)
	 t_vec : (-0.369693, 0.919431, 0.134067)
}
camera[12]
{
	 r_vec : (0.162096, 0.0435539, 0.0169266)
	 t_vec : (-0.361191, 0.915403, 0.121476)
}
ADDED 0 new points
Using 3 over 13 cameras
1 1 0 0 0 0 0 0 0 0 0 0 1 
****************** OPTIM CHEIRALITY VIOLATION for 373 points : redoing optim!!
camera[0]
{
	 r_vec : (0.793585, -0.297881, -3.11353)
	 t_vec : (2.9782, -1.53058, -16.9839)
}
ADDED 0 new points
Using 4 over 13 cameras
1 1 1 0 0 0 0 0 0 0 0 0 1 
****************** OPTIM CHEIRALITY VIOLATION for 43 points : redoing optim!!
camera[2]
{
	 r_vec : (-19.1921, -23.2342, 73.0132)
	 t_vec : (-26.612, -41.6232, -819.892)
}
Diverged: geometry exploded (max_dist = 4108.72)
Try to look for a better seed pair
Seed pair (2, 5): inliers E=427 H=133
camera[2]
{
	 r_vec : (0, 0, 0)
	 t_vec : (0, 0, 0)
}
camera[5]
{
	 r_vec : (-0.0356209, 0.206982, 0.00481372)
	 t_vec : (-0.923457, -0.212933, 0.319198)
}
camera[5]
{
	 r_vec : (-0.0202901, 0.151768, 0.00338505)
	 t_vec : (-0.794706, -0.158352, 0.355079)
}
ADDED 0 new points
Using 3 over 13 cameras
0 1 1 0 0 1 0 0 0 0 0 0 0 
****************** OPTIM CHEIRALITY VIOLATION for 342 points : redoing optim!!
camera[1]
{
	 r_vec : (65577.7, -35285.1, -112902)
	 t_vec : (905.319, -10392.3, -166642)
}
Diverged: geometry exploded (max_dist = 834840)
Try to look for a better seed pair
Seed pair (1, 3): inliers E=440 H=104
camera[1]
{
	 r_vec : (0, 0, 0)
	 t_vec : (0, 0, 0)
}
camera[3]
{
	 r_vec : (0.0170997, -0.0890512, -0.02439)
	 t_vec : (0.99739, -0.0615086, 0.0378011)
}
camera[3]
{
	 r_vec : (0.0126384, -0.0890775, -0.0319596)
	 t_vec : (0.994736, -0.0858801, 0.0316513)
}
ADDED 0 new points
Using 3 over 13 cameras
0 1 0 1 1 0 0 0 0 0 0 0 0 
****************** OPTIM CHEIRALITY VIOLATION for 345 points : redoing optim!!
camera[4]
{
	 r_vec : (0.151373, 0.0747576, 3.10269)
	 t_vec : (-0.771732, -0.0252873, -10.5275)
}
ADDED 46 new points
Using 4 over 13 cameras
0 1 0 1 1 1 0 0 0 0 0 0 0 
****************** OPTIM CHEIRALITY VIOLATION for 12 points : redoing optim!!
camera[5]
{
	 r_vec : (0.178462, -0.343507, -0.282009)
	 t_vec : (1.98094, 0.619909, -1.82809)
}
ADDED 602 new points
Using 5 over 13 cameras
1 1 0 1 1 1 0 0 0 0 0 0 0 
****************** OPTIM CHEIRALITY VIOLATION for 212 points : redoing optim!!
****************** OPTIM CHEIRALITY VIOLATION for 8 points : redoing optim!!
camera[0]
{
	 r_vec : (0.120567, -0.140773, -0.313223)
	 t_vec : (0.804751, 0.497923, -4.21535)
}
ADDED 6 new points
Using 6 over 13 cameras
1 1 0 1 1 1 1 0 0 0 0 0 0 
****************** OPTIM CHEIRALITY VIOLATION for 257 points : redoing optim!!
camera[6]
{
	 r_vec : (0.217078, -0.353456, -0.742156)
	 t_vec : (1.84912, 0.309863, -4.00147)
}
ADDED 1 new points
Using 7 over 13 cameras
1 1 0 1 1 1 1 0 0 0 0 0 1 
****************** OPTIM FOUND 91 OUTLIERS : redoing optim!!
camera[12]
{
	 r_vec : (655.649, -2016.65, -554.341)
	 t_vec : (-778.388, 740.657, 13837.6)
}
Diverged: geometry exploded (max_dist = 69418.8)
Try to look for a better seed pair
Seed pair (1, 6): inliers E=419 H=123
camera[1]
{
	 r_vec : (0, 0, 0)
	 t_vec : (0, 0, 0)
}
camera[6]
{
	 r_vec : (-0.00129075, 0.101739, 0.0220702)
	 t_vec : (-0.926076, -0.115023, 0.359378)
}
camera[6]
{
	 r_vec : (-0.00121399, 0.0961622, 0.0217611)
	 t_vec : (-0.906863, -0.113536, 0.382887)
}
ADDED 59 new points
Using 3 over 13 cameras
1 1 0 0 0 0 1 0 0 0 0 0 0 
****************** OPTIM CHEIRALITY VIOLATION for 293 points : redoing optim!!
W0512 21:24:17.992688 41975 levenberg_marquardt_strategy.cc:115] Linear solver failure. Failed to compute a step: Eigen failure. Unable to perform dense Cholesky factorization.
W0512 21:24:17.992848 41975 levenberg_marquardt_strategy.cc:115] Linear solver failure. Failed to compute a step: Eigen failure. Unable to perform dense Cholesky factorization.
W0512 21:24:17.993602 41975 levenberg_marquardt_strategy.cc:115] Linear solver failure. Failed to compute a step: Eigen failure. Unable to perform dense Cholesky factorization.
W0512 21:24:17.994096 41975 levenberg_marquardt_strategy.cc:115] Linear solver failure. Failed to compute a step: Eigen failure. Unable to perform dense Cholesky factorization.
W0512 21:24:17.994566 41975 levenberg_marquardt_strategy.cc:115] Linear solver failure. Failed to compute a step: Eigen failure. Unable to perform dense Cholesky factorization.
W0512 21:24:17.994725 41975 levenberg_marquardt_strategy.cc:115] Linear solver failure. Failed to compute a step: Eigen failure. Unable to perform dense Cholesky factorization.
****************** OPTIM CHEIRALITY VIOLATION for 24 points : redoing optim!!
****************** OPTIM CHEIRALITY VIOLATION for 11 points : redoing optim!!
****************** OPTIM CHEIRALITY VIOLATION for 11 points : redoing optim!!
camera[0]
{
	 r_vec : (-0.000829285, 0.131908, -0.176666)
	 t_vec : (-1.01994, -0.233861, -4.53234)
}
ADDED 571 new points
Using 4 over 13 cameras
1 1 0 0 0 1 1 0 0 0 0 0 0 
camera[5]
{
	 r_vec : (0.0285084, 0.136484, -0.180974)
	 t_vec : (-1.04032, -0.0946224, -4.2331)
}
ADDED 252 new points
Using 5 over 13 cameras
1 1 1 0 0 1 1 0 0 0 0 0 0 
camera[2]
{
	 r_vec : (0.00337585, 0.190637, -0.205696)
	 t_vec : (-1.25803, -0.161131, -4.10375)
}
ADDED 205 new points
Using 6 over 13 cameras
1 1 1 0 1 1 1 0 0 0 0 0 0 
camera[4]
{
	 r_vec : (0.033305, 0.207386, -0.224751)
	 t_vec : (-1.30654, -0.0172335, -4.01129)
}
ADDED 180 new points
Using 7 over 13 cameras
1 1 1 1 1 1 1 0 0 0 0 0 0 
****************** OPTIM FOUND 6 OUTLIERS : redoing optim!!
camera[3]
{
	 r_vec : (0.015992, 0.253673, -0.223269)
	 t_vec : (-1.48721, -0.0706654, -3.93863)
}
ADDED 77 new points
Using 8 over 13 cameras
1 1 1 1 1 1 1 0 0 0 0 0 1 
****************** OPTIM FOUND 13 OUTLIERS : redoing optim!!
camera[12]
{
	 r_vec : (0.0220561, 0.165126, -0.200377)
	 t_vec : (-1.1467, -0.0937003, -4.00032)
}
ADDED 85 new points
Using 9 over 13 cameras
1 1 1 1 1 1 1 0 0 0 0 1 1 
****************** OPTIM FOUND 6 OUTLIERS : redoing optim!!
camera[11]
{
	 r_vec : (0.176178, 0.0974403, -0.323671)
	 t_vec : (-0.71385, 0.618978, -4.68182)
}
ADDED 41 new points
Using 10 over 13 cameras
1 1 1 1 1 1 1 1 0 0 0 1 1 
****************** OPTIM FOUND 282 OUTLIERS : redoing optim!!
****************** OPTIM FOUND 40 OUTLIERS : redoing optim!!
****************** OPTIM FOUND 15 OUTLIERS : redoing optim!!
****************** OPTIM FOUND 6 OUTLIERS : redoing optim!!
camera[7]
{
	 r_vec : (0.530977, 0.251272, 0.00287257)
	 t_vec : (-1.43197, 2.02623, -4.08117)
}
ADDED 0 new points
Using 11 over 13 cameras
1 1 1 1 1 1 1 1 0 0 1 1 1 
****************** OPTIM CHEIRALITY VIOLATION for 7 points : redoing optim!!
****************** OPTIM FOUND 204 OUTLIERS : redoing optim!!
camera[10]
{
	 r_vec : (0.408111, -1.53086, -0.625145)
	 t_vec : (4.67968, -0.773913, -0.560192)
}
ADDED 47 new points
Using 12 over 13 cameras
1 1 1 1 1 1 1 1 1 0 1 1 1 
****************** OPTIM FOUND 102 OUTLIERS : redoing optim!!
****************** OPTIM FOUND 13 OUTLIERS : redoing optim!!
camera[8]
{
	 r_vec : (0.651944, 0.391258, -0.272123)
	 t_vec : (-1.66109, 2.75186, -3.53273)
}
ADDED 53 new points
Using 13 over 13 cameras
1 1 1 1 1 1 1 1 1 1 1 1 1 
****************** OPTIM CHEIRALITY VIOLATION for 6 points : redoing optim!!
****************** OPTIM FOUND 25 OUTLIERS : redoing optim!!
camera[9]
{
	 r_vec : (-0.141181, -0.307331, -0.396217)
	 t_vec : (0.859469, -1.17409, -4.54917)
}
===== FINAL METRICS =====
Registered cameras  : 13 / 13  (success rate 100 %)
Valid 3D points     : 906
Mean reprojection err: 1.27108 px  (focal = 1296 px)
=========================
Recostruction completed, exiting
