Header: 13 2174 11547
Seed pair (0, 5): inliers E=626 H=260
Forward-dominant motion detected, rejecting.
Try to look for a better seed pair
Seed pair (2, 4): inliers E=453 H=172
Forward-dominant motion detected, rejecting.
Try to look for a better seed pair
Seed pair (3, 4): inliers E=398 H=115
camera[3]
{
	 r_vec : (0, 0, 0)
	 t_vec : (0, 0, 0)
}
camera[4]
{
	 r_vec : (-0.00477374, 0.114493, -0.0193926)
	 t_vec : (-0.977377, -0.0876147, 0.192503)
}
camera[4]
{
	 r_vec : (0.00111807, 0.0892126, -0.016757)
	 t_vec : (-0.835704, -0.0494369, 0.165234)
}
ADDED 0 new points
Using 3 over 13 cameras
0 0 1 1 1 0 0 0 0 0 0 0 0 
****************** OPTIM CHEIRALITY VIOLATION for 320 points : redoing optim!!
camera[2]
{
	 r_vec : (-133.009, -378.324, 309.692)
	 t_vec : (-62.9318, -228.026, -2492.87)
}
Diverged: geometry exploded (max_dist = 12521.2)
Try to look for a better seed pair
Seed pair (0, 1): inliers E=462 H=155
camera[0]
{
	 r_vec : (0, 0, 0)
	 t_vec : (0, 0, 0)
}
camera[1]
{
	 r_vec : (0.0050864, -0.0936195, 0.00481737)
	 t_vec : (0.983215, 0.110345, 0.145303)
}
camera[1]
{
	 r_vec : (0.00468794, -0.089337, 0.00333168)
	 t_vec : (0.940007, 0.106159, 0.12565)
}
ADDED 0 new points
Using 3 over 13 cameras
1 1 0 0 0 1 0 0 0 0 0 0 0 
****************** OPTIM CHEIRALITY VIOLATION for 375 points : redoing optim!!
camera[5]
{
	 r_vec : (0.0130696, 0.230424, 3.12183)
	 t_vec : (0.0480919, -1.12109, -19.4909)
}
ADDED 476 new points
Using 4 over 13 cameras
1 1 1 0 0 1 0 0 0 0 0 0 0 
****************** OPTIM CHEIRALITY VIOLATION for 252 points : redoing optim!!
****************** OPTIM FOUND 7 OUTLIERS : redoing optim!!
camera[2]
{
	 r_vec : (0.0103789, -0.105716, -0.0282482)
	 t_vec : (1.17224, -0.0675229, -0.898983)
}
ADDED 283 new points
Using 5 over 13 cameras
1 1 1 0 1 1 0 0 0 0 0 0 0 
****************** OPTIM CHEIRALITY VIOLATION for 62 points : redoing optim!!
****************** OPTIM FOUND 11 OUTLIERS : redoing optim!!
camera[4]
{
	 r_vec : (0.0245768, -0.117346, -0.0472714)
	 t_vec : (1.42334, -0.166521, -0.460531)
}
ADDED 216 new points
Using 6 over 13 cameras
1 1 1 1 1 1 0 0 0 0 0 0 0 
****************** OPTIM CHEIRALITY VIOLATION for 30 points : redoing optim!!
****************** OPTIM FOUND 8 OUTLIERS : redoing optim!!
camera[3]
{
	 r_vec : (0.0132466, -0.123833, -0.0450888)
	 t_vec : (1.86075, -0.161671, -0.543872)
}
ADDED 64 new points
Using 7 over 13 cameras
1 1 1 1 1 1 0 0 0 0 0 1 0 
****************** OPTIM CHEIRALITY VIOLATION for 15 points : redoing optim!!
****************** OPTIM FOUND 8 OUTLIERS : redoing optim!!
camera[11]
{
	 r_vec : (0.182102, -0.196244, -0.0889913)
	 t_vec : (1.87799, 1.20121, 0.114529)
}
ADDED 107 new points
Using 8 over 13 cameras
1 1 1 1 1 1 0 0 0 0 1 1 0 
camera[10]
{
	 r_vec : (0.140507, -0.312887, -0.12873)
	 t_vec : (2.81032, 0.832895, 0.599439)
}
ADDED 113 new points
Using 9 over 13 cameras
1 1 1 1 1 1 0 0 0 0 1 1 1 
WARNING: Logging before InitGoogleLogging() is written to STDERR
W0512 21:24:56.966174 44476 levenberg_marquardt_strategy.cc:115] Linear solver failure. Failed to compute a step: Eigen failure. Unable to perform dense Cholesky factorization.
W0512 21:24:56.968842 44476 levenberg_marquardt_strategy.cc:115] Linear solver failure. Failed to compute a step: Eigen failure. Unable to perform dense Cholesky factorization.
W0512 21:24:56.969551 44476 levenberg_marquardt_strategy.cc:115] Linear solver failure. Failed to compute a step: Eigen failure. Unable to perform dense Cholesky factorization.
W0512 21:24:56.973485 44476 levenberg_marquardt_strategy.cc:115] Linear solver failure. Failed to compute a step: Eigen failure. Unable to perform dense Cholesky factorization.
W0512 21:24:56.974195 44476 levenberg_marquardt_strategy.cc:115] Linear solver failure. Failed to compute a step: Eigen failure. Unable to perform dense Cholesky factorization.
W0512 21:24:56.977907 44476 levenberg_marquardt_strategy.cc:115] Linear solver failure. Failed to compute a step: Eigen failure. Unable to perform dense Cholesky factorization.
W0512 21:24:56.979988 44476 levenberg_marquardt_strategy.cc:115] Linear solver failure. Failed to compute a step: Eigen failure. Unable to perform dense Cholesky factorization.
W0512 21:24:56.980680 44476 levenberg_marquardt_strategy.cc:115] Linear solver failure. Failed to compute a step: Eigen failure. Unable to perform dense Cholesky factorization.
W0512 21:24:56.984445 44476 levenberg_marquardt_strategy.cc:115] Linear solver failure. Failed to compute a step: Eigen failure. Unable to perform dense Cholesky factorization.
W0512 21:24:56.985109 44476 levenberg_marquardt_strategy.cc:115] Linear solver failure. Failed to compute a step: Eigen failure. Unable to perform dense Cholesky factorization.
W0512 21:24:56.989403 44476 levenberg_marquardt_strategy.cc:115] Linear solver failure. Failed to compute a step: Eigen failure. Unable to perform dense Cholesky factorization.
W0512 21:24:56.992116 44476 levenberg_marquardt_strategy.cc:115] Linear solver failure. Failed to compute a step: Eigen failure. Unable to perform dense Cholesky factorization.
W0512 21:24:56.992863 44476 levenberg_marquardt_strategy.cc:115] Linear solver failure. Failed to compute a step: Eigen failure. Unable to perform dense Cholesky factorization.
W0512 21:24:56.995308 44476 levenberg_marquardt_strategy.cc:115] Linear solver failure. Failed to compute a step: Eigen failure. Unable to perform dense Cholesky factorization.
W0512 21:24:56.996079 44476 levenberg_marquardt_strategy.cc:115] Linear solver failure. Failed to compute a step: Eigen failure. Unable to perform dense Cholesky factorization.
W0512 21:24:56.998404 44476 levenberg_marquardt_strategy.cc:115] Linear solver failure. Failed to compute a step: Eigen failure. Unable to perform dense Cholesky factorization.
****************** OPTIM CHEIRALITY VIOLATION for 60 points : redoing optim!!
****************** OPTIM FOUND 11 OUTLIERS : redoing optim!!
camera[12]
{
	 r_vec : (0.132492, -0.0298428, 0.0212082)
	 t_vec : (0.277858, 0.983623, -0.509773)
}
ADDED 0 new points
Using 10 over 13 cameras
1 1 1 1 1 1 1 0 0 0 1 1 1 
****************** OPTIM CHEIRALITY VIOLATION for 108 points : redoing optim!!
camera[6]
{
	 r_vec : (-0.631935, 0.0364443, -3.04573)
	 t_vec : (-2.57611, 0.220113, -16.1732)
}
ADDED 21 new points
Using 11 over 13 cameras
1 1 1 1 1 1 1 0 0 1 1 1 1 
camera[9]
{
	 r_vec : (-0.0194299, -0.410908, -0.152829)
	 t_vec : (3.34674, -0.79521, 1.3041)
}
ADDED 0 new points
Using 12 over 13 cameras
1 1 1 1 1 1 1 1 0 1 1 1 1 
****************** OPTIM CHEIRALITY VIOLATION for 13 points : redoing optim!!
camera[7]
{
	 r_vec : (-7.48769, 3.11505, -13.6873)
	 t_vec : (20.6614, -21.002, -698.821)
}
Diverged: geometry exploded (max_dist = 3504.77)
Try to look for a better seed pair
Seed pair (2, 3): inliers E=405 H=84
camera[2]
{
	 r_vec : (0, 0, 0)
	 t_vec : (0, 0, 0)
}
camera[3]
{
	 r_vec : (-0.00359048, -0.0862827, -0.00274146)
	 t_vec : (0.988161, -0.14196, 0.0581783)
}
camera[3]
{
	 r_vec : (-0.00426104, -0.0735385, -0.00738319)
	 t_vec : (0.90215, -0.142967, 0.0584665)
}
ADDED 1 new points
Using 3 over 13 cameras
0 0 1 1 1 0 0 0 0 0 0 0 0 
****************** OPTIM CHEIRALITY VIOLATION for 321 points : redoing optim!!
camera[4]
{
	 r_vec : (1.21358, -0.432827, -2.88665)
	 t_vec : (4.64543, -1.31846, -10.9842)
}
ADDED 0 new points
Using 4 over 13 cameras
0 1 1 1 1 0 0 0 0 0 0 0 0 
****************** OPTIM CHEIRALITY VIOLATION for 37 points : redoing optim!!
camera[1]
{
	 r_vec : (-0.177335, -0.55637, -3.06461)
	 t_vec : (-0.461092, -2.31618, -12.46)
}
ADDED 0 new points
Using 5 over 13 cameras
0 1 1 1 1 0 0 0 0 0 1 0 0 
****************** OPTIM CHEIRALITY VIOLATION for 11 points : redoing optim!!
camera[10]
{
	 r_vec : (122.102, 72.0311, -172.84)
	 t_vec : (-82.0032, -187.362, -2344.78)
}
Diverged: geometry exploded (max_dist = 11769.5)
Try to look for a better seed pair
Seed pair (1, 2): inliers E=437 H=99
Seed pair rejected: poor triangulation, only 3 valid points.
Try to look for a better seed pair
Seed pair (1, 4): inliers E=404 H=97
camera[1]
{
	 r_vec : (0, 0, 0)
	 t_vec : (0, 0, 0)
}
camera[4]
{
	 r_vec : (0.00957074, -0.0813247, -0.0429348)
	 t_vec : (0.949434, -0.240589, 0.20172)
}
camera[4]
{
	 r_vec : (0.00927736, -0.0841446, -0.0424812)
	 t_vec : (0.971783, -0.244439, 0.209526)
}
ADDED 619 new points
Using 3 over 13 cameras
0 1 1 0 1 0 0 0 0 0 0 0 0 
****************** OPTIM FOUND 30 OUTLIERS : redoing optim!!
camera[2]
{
	 r_vec : (0.00582264, -0.0568154, -0.0211573)
	 t_vec : (0.670225, -0.0314445, 0.00264326)
}
ADDED 266 new points
Using 4 over 13 cameras
0 1 1 1 1 0 0 0 0 0 0 0 0 
****************** OPTIM FOUND 23 OUTLIERS : redoing optim!!
camera[3]
{
	 r_vec : (-0.00138418, -0.0944468, -0.0404235)
	 t_vec : (1.40586, -0.228509, 0.0654053)
}
ADDED 38 new points
Using 5 over 13 cameras
1 1 1 1 1 0 0 0 0 0 0 0 0 
****************** OPTIM CHEIRALITY VIOLATION for 249 points : redoing optim!!
****************** OPTIM CHEIRALITY VIOLATION for 699 points : redoing optim!!
****************** OPTIM CHEIRALITY VIOLATION for 37 points : redoing optim!!
****************** OPTIM CHEIRALITY VIOLATION for 35 points : redoing optim!!
****************** OPTIM CHEIRALITY VIOLATION for 16 points : redoing optim!!
camera[0]
{
	 r_vec : (0.0121375, 0.0956411, 0.0157699)
	 t_vec : (-0.194456, -0.210561, -1.16732)
}
ADDED 3 new points
Using 6 over 13 cameras
1 1 1 1 1 0 0 0 0 0 0 1 0 
****************** OPTIM CHEIRALITY VIOLATION for 19 points : redoing optim!!
****************** OPTIM CHEIRALITY VIOLATION for 56 points : redoing optim!!
****************** OPTIM FOUND 7 OUTLIERS : redoing optim!!
camera[11]
{
	 r_vec : (0.0237783, -0.153516, 0.0171678)
	 t_vec : (2.51756, -0.638528, -2.95838)
}
ADDED 257 new points
Using 7 over 13 cameras
1 1 1 1 1 1 0 0 0 0 0 1 0 
****************** OPTIM FOUND 10 OUTLIERS : redoing optim!!
camera[5]
{
	 r_vec : (0.00533223, -0.0489844, 0.0674329)
	 t_vec : (1.35277, -0.409375, -1.852)
}
ADDED 103 new points
Using 8 over 13 cameras
1 1 1 1 1 1 0 0 0 0 0 1 1 
camera[12]
{
	 r_vec : (0.0954848, -0.04856, 0.0929606)
	 t_vec : (1.38006, 0.114605, -2.0181)
}
ADDED 100 new points
Using 9 over 13 cameras
1 1 1 1 1 1 1 0 0 0 0 1 1 
****************** OPTIM FOUND 6 OUTLIERS : redoing optim!!
camera[6]
{
	 r_vec : (-0.00891517, -0.00881194, 0.0981758)
	 t_vec : (1.04339, -0.41127, -1.89602)
}
ADDED 64 new points
Using 10 over 13 cameras
1 1 1 1 1 1 1 1 0 0 0 1 1 
camera[7]
{
	 r_vec : (-0.0394248, 0.0512225, 0.141208)
	 t_vec : (0.727609, -0.454205, -1.82892)
}
ADDED 88 new points
Using 11 over 13 cameras
1 1 1 1 1 1 1 1 1 0 0 1 1 
camera[8]
{
	 r_vec : (-0.0382733, 0.200541, 0.17423)
	 t_vec : (0.0968065, -0.48193, -1.87097)
}
ADDED 119 new points
Using 12 over 13 cameras
1 1 1 1 1 1 1 1 1 0 1 1 1 
camera[10]
{
	 r_vec : (0.116349, -0.340726, -0.0606419)
	 t_vec : (2.72089, -0.0630223, -1.15992)
}
ADDED 24 new points
Using 13 over 13 cameras
1 1 1 1 1 1 1 1 1 1 1 1 1 
camera[9]
{
	 r_vec : (-0.0533413, -0.432247, -0.0806062)
	 t_vec : (2.98988, -0.957534, -0.674258)
}
===== FINAL METRICS =====
Registered cameras  : 13 / 13  (success rate 100 %)
Valid 3D points     : 818
Mean reprojection err: 2.15068 px  (focal = 1296 px)
=========================
Recostruction completed, exiting
