Header: 13 2321 12010
Seed pair (0, 5): inliers E=688 H=487
Forward-dominant motion detected, rejecting.
Try to look for a better seed pair
Seed pair (0, 1): inliers E=652 H=240
camera[0]
{
	 r_vec : (0, 0, 0)
	 t_vec : (0, 0, 0)
}
camera[1]
{
	 r_vec : (-0.00205864, -0.0858197, 0.000156908)
	 t_vec : (0.98552, 0.0512439, 0.161631)
}
camera[1]
{
	 r_vec : (-0.00219248, -0.0677785, -0.00276581)
	 t_vec : (0.82116, 0.0560593, 0.0756186)
}
[NBV_PYRAMID] iter=1 camera=2 visible=425 score=1568 pnp_inliers=416 ratio=0.978824
[NBV_PYRAMID] iter=1 camera=3 visible=358 score=1336 pnp_inliers=354 ratio=0.988827
[NBV_PYRAMID] iter=1 camera=4 visible=406 score=1340 pnp_inliers=405 ratio=0.997537
[NBV_PYRAMID] iter=1 camera=5 visible=488 score=1680 pnp_inliers=487 ratio=0.997951
[NBV_PYRAMID] iter=1 camera=6 visible=400 score=1484 pnp_inliers=398 ratio=0.995
[NBV_PYRAMID] iter=1 camera=7 visible=360 score=1288 pnp_inliers=351 ratio=0.975
[NBV_PYRAMID] iter=1 camera=8 visible=285 score=1212 pnp_inliers=279 ratio=0.978947
[NBV_PYRAMID] iter=1 camera=9 visible=177 score=1024 pnp_inliers=160 ratio=0.903955
[NBV_PYRAMID] iter=1 camera=10 visible=236 score=1376 pnp_inliers=222 ratio=0.940678
[NBV_PYRAMID] iter=1 camera=11 visible=317 score=1424 pnp_inliers=312 ratio=0.984227
[NBV_PYRAMID] iter=1 camera=12 visible=412 score=1488 pnp_inliers=411 ratio=0.997573
NBV selected camera 5 visible=488 pyramid_score=1680 pnp_inliers=487
ADDED 0 new points
Using 3 over 13 cameras
1 1 0 0 0 1 0 0 0 0 0 0 0 
****************** OPTIM CHEIRALITY VIOLATION for 488 points : redoing optim!!
camera[5]
{
	 r_vec : (-0.136758, 0.120157, 3.13418)
	 t_vec : (1.03188, -0.473297, -20.8095)
}
Diverged: geometry exploded (max_dist = 104.558)
Try to look for a better seed pair
Seed pair (2, 4): inliers E=617 H=346
Forward-dominant motion detected, rejecting.
Try to look for a better seed pair
Seed pair (1, 5): inliers E=594 H=264
Forward-dominant motion detected, rejecting.
Try to look for a better seed pair
Seed pair (1, 2): inliers E=592 H=217
camera[1]
{
	 r_vec : (0, 0, 0)
	 t_vec : (0, 0, 0)
}
camera[2]
{
	 r_vec : (-0.0117462, -0.160573, -0.0176467)
	 t_vec : (0.992799, -0.114283, 0.0359018)
}
camera[2]
{
	 r_vec : (-0.00575603, -0.11734, -0.0165295)
	 t_vec : (0.818954, -0.0745981, -0.0202903)
}
[NBV_PYRAMID] iter=1 camera=0 visible=402 score=1488 pnp_inliers=401 ratio=0.997512
[NBV_PYRAMID] iter=1 camera=3 visible=360 score=1464 pnp_inliers=356 ratio=0.988889
[NBV_PYRAMID] iter=1 camera=4 visible=421 score=1484 pnp_inliers=419 ratio=0.995249
[NBV_PYRAMID] iter=1 camera=5 visible=370 score=1680 pnp_inliers=368 ratio=0.994595
[NBV_PYRAMID] iter=1 camera=6 visible=286 score=1484 pnp_inliers=283 ratio=0.98951
[NBV_PYRAMID] iter=1 camera=7 visible=264 score=1288 pnp_inliers=249 ratio=0.943182
[NBV_PYRAMID] iter=1 camera=8 visible=214 score=1212 pnp_inliers=198 ratio=0.925234
[NBV_PYRAMID] iter=1 camera=9 visible=172 score=944 pnp_inliers=161 ratio=0.936047
[NBV_PYRAMID] iter=1 camera=10 visible=221 score=1312 pnp_inliers=210 ratio=0.950226
[NBV_PYRAMID] iter=1 camera=11 visible=303 score=1296 pnp_inliers=302 ratio=0.9967
[NBV_PYRAMID] iter=1 camera=12 visible=328 score=1424 pnp_inliers=326 ratio=0.993902
NBV selected camera 5 visible=370 pyramid_score=1680 pnp_inliers=368
ADDED 0 new points
Using 3 over 13 cameras
0 1 1 0 0 1 0 0 0 0 0 0 0 
****************** OPTIM CHEIRALITY VIOLATION for 370 points : redoing optim!!
camera[5]
{
	 r_vec : (0.224557, -0.0631413, -3.13034)
	 t_vec : (0.938443, -0.033147, -11.0606)
}
[NBV_PYRAMID] iter=2 camera=0 visible=93 score=1168 pnp_inliers=93 ratio=1
[NBV_PYRAMID] iter=2 camera=3 visible=113 score=1208 pnp_inliers=112 ratio=0.99115
[NBV_PYRAMID] iter=2 camera=4 visible=138 score=1292 pnp_inliers=138 ratio=1
[NBV_PYRAMID] iter=2 camera=6 visible=71 score=1228 pnp_inliers=69 ratio=0.971831
[NBV_PYRAMID] iter=2 camera=7 visible=63 score=1016 pnp_inliers=62 ratio=0.984127
[NBV_PYRAMID] iter=2 camera=8 visible=56 score=984 pnp_inliers=53 ratio=0.946429
[NBV_PYRAMID] iter=2 camera=9 visible=48 score=880 pnp_inliers=40 ratio=0.833333
[NBV_PYRAMID] iter=2 camera=10 visible=62 score=1120 pnp_inliers=58 ratio=0.935484
[NBV_PYRAMID] iter=2 camera=11 visible=93 score=1168 pnp_inliers=93 ratio=1
[NBV_PYRAMID] iter=2 camera=12 visible=88 score=1296 pnp_inliers=86 ratio=0.977273
NBV selected camera 12 visible=88 pyramid_score=1296 pnp_inliers=86
ADDED 0 new points
Using 4 over 13 cameras
0 1 1 0 0 1 0 0 0 0 0 0 1 
****************** OPTIM CHEIRALITY VIOLATION for 88 points : redoing optim!!
camera[12]
{
	 r_vec : (430.098, -1470.82, -1003.18)
	 t_vec : (254.147, -588.324, -10589.2)
}
Diverged: geometry exploded (max_dist = 53042.8)
Try to look for a better seed pair
Seed pair (3, 4): inliers E=567 H=209
camera[3]
{
	 r_vec : (0, 0, 0)
	 t_vec : (0, 0, 0)
}
camera[4]
{
	 r_vec : (0.0199956, 0.15113, -0.0184676)
	 t_vec : (-0.971869, 0.0464602, 0.230895)
}
camera[4]
{
	 r_vec : (0.015366, 0.0947445, -0.0126886)
	 t_vec : (-0.736783, 0.0305291, 0.139408)
}
[NBV_PYRAMID] iter=1 camera=0 visible=332 score=1552 pnp_inliers=326 ratio=0.981928
[NBV_PYRAMID] iter=1 camera=1 visible=350 score=1344 pnp_inliers=348 ratio=0.994286
[NBV_PYRAMID] iter=1 camera=2 visible=406 score=1696 pnp_inliers=405 ratio=0.997537
[NBV_PYRAMID] iter=1 camera=5 visible=282 score=1616 pnp_inliers=278 ratio=0.985816
[NBV_PYRAMID] iter=1 camera=6 visible=224 score=1484 pnp_inliers=205 ratio=0.915179
[NBV_PYRAMID] iter=1 camera=7 visible=205 score=1288 pnp_inliers=184 ratio=0.897561
[NBV_PYRAMID] iter=1 camera=8 visible=165 score=1128 pnp_inliers=126 ratio=0.763636
[NBV_PYRAMID] iter=1 camera=9 visible=194 score=1024 pnp_inliers=184 ratio=0.948454
[NBV_PYRAMID] iter=1 camera=10 visible=232 score=1312 pnp_inliers=223 ratio=0.961207
[NBV_PYRAMID] iter=1 camera=11 visible=296 score=1424 pnp_inliers=288 ratio=0.972973
[NBV_PYRAMID] iter=1 camera=12 visible=267 score=1552 pnp_inliers=256 ratio=0.958801
NBV selected camera 2 visible=406 pyramid_score=1696 pnp_inliers=405
ADDED 77 new points
Using 3 over 13 cameras
0 0 1 1 1 0 0 0 0 0 0 0 0 
camera[2]
{
	 r_vec : (-60.0384, 140.67, -99.0265)
	 t_vec : (-0.454079, 0.631298, 13.8039)
}
[NBV_PYRAMID] iter=2 camera=0 visible=78 score=420 pnp_inliers=76 ratio=0.974359
[NBV_PYRAMID] iter=2 camera=1 visible=88 score=276 pnp_inliers=88 ratio=1
[NBV_PYRAMID] iter=2 camera=5 visible=64 score=228 pnp_inliers=64 ratio=1
[NBV_PYRAMID] iter=2 camera=6 visible=49 score=276 pnp_inliers=46 ratio=0.938776
[NBV_PYRAMID] iter=2 camera=7 visible=55 score=356 pnp_inliers=50 ratio=0.909091
[NBV_PYRAMID] iter=2 camera=8 visible=41 score=276 pnp_inliers=36 ratio=0.878049
[NBV_PYRAMID] iter=2 camera=9 visible=32 score=168 pnp_inliers=28 ratio=0.875
[NBV_PYRAMID] iter=2 camera=10 visible=65 score=296 pnp_inliers=60 ratio=0.923077
[NBV_PYRAMID] iter=2 camera=11 visible=75 score=360 pnp_inliers=75 ratio=1
[NBV_PYRAMID] iter=2 camera=12 visible=69 score=356 pnp_inliers=68 ratio=0.985507
NBV selected camera 0 visible=78 pyramid_score=420 pnp_inliers=76
ADDED 112 new points
Using 4 over 13 cameras
1 0 1 1 1 0 0 0 0 0 0 0 0 
camera[0]
{
	 r_vec : (0.00013549, -0.0563654, 0.0562889)
	 t_vec : (-0.703605, 0.228764, 6.39568)
}
[NBV_PYRAMID] iter=3 camera=1 visible=157 score=528 pnp_inliers=157 ratio=1
[NBV_PYRAMID] iter=3 camera=5 visible=143 score=456 pnp_inliers=143 ratio=1
[NBV_PYRAMID] iter=3 camera=6 visible=111 score=520 pnp_inliers=107 ratio=0.963964
[NBV_PYRAMID] iter=3 camera=7 visible=108 score=744 pnp_inliers=100 ratio=0.925926
[NBV_PYRAMID] iter=3 camera=8 visible=78 score=520 pnp_inliers=71 ratio=0.910256
[NBV_PYRAMID] iter=3 camera=9 visible=40 score=336 pnp_inliers=33 ratio=0.825
[NBV_PYRAMID] iter=3 camera=10 visible=90 score=380 pnp_inliers=80 ratio=0.888889
[NBV_PYRAMID] iter=3 camera=11 visible=116 score=528 pnp_inliers=115 ratio=0.991379
[NBV_PYRAMID] iter=3 camera=12 visible=131 score=584 pnp_inliers=129 ratio=0.984733
NBV selected camera 7 visible=108 pyramid_score=744 pnp_inliers=100
ADDED 346 new points
Using 5 over 13 cameras
1 0 1 1 1 0 0 1 0 0 0 0 0 
****************** OPTIM CHEIRALITY VIOLATION for 8 points : redoing optim!!
camera[7]
{
	 r_vec : (-0.00923322, -0.0818612, 0.112923)
	 t_vec : (-0.904174, 0.258169, 6.53649)
}
[NBV_PYRAMID] iter=4 camera=1 visible=344 score=1296 pnp_inliers=344 ratio=1
[NBV_PYRAMID] iter=4 camera=5 visible=349 score=1616 pnp_inliers=349 ratio=1
[NBV_PYRAMID] iter=4 camera=6 visible=341 score=1420 pnp_inliers=337 ratio=0.98827
[NBV_PYRAMID] iter=4 camera=8 visible=265 score=1404 pnp_inliers=259 ratio=0.977358
[NBV_PYRAMID] iter=4 camera=9 visible=100 score=944 pnp_inliers=83 ratio=0.83
[NBV_PYRAMID] iter=4 camera=10 visible=139 score=1040 pnp_inliers=113 ratio=0.81295
[NBV_PYRAMID] iter=4 camera=11 visible=213 score=1168 pnp_inliers=197 ratio=0.924883
[NBV_PYRAMID] iter=4 camera=12 visible=288 score=1488 pnp_inliers=280 ratio=0.972222
NBV selected camera 5 visible=349 pyramid_score=1616 pnp_inliers=349
ADDED 308 new points
Using 6 over 13 cameras
1 0 1 1 1 1 0 1 0 0 0 0 0 
camera[5]
{
	 r_vec : (0.0588513, -0.0101459, 0.0872267)
	 t_vec : (-0.50443, 0.0116988, 7.57596)
}
[NBV_PYRAMID] iter=5 camera=1 visible=481 score=1504 pnp_inliers=479 ratio=0.995842
[NBV_PYRAMID] iter=5 camera=6 visible=455 score=1564 pnp_inliers=449 ratio=0.986813
[NBV_PYRAMID] iter=5 camera=8 visible=319 score=1404 pnp_inliers=306 ratio=0.959248
[NBV_PYRAMID] iter=5 camera=9 visible=135 score=1024 pnp_inliers=112 ratio=0.82963
[NBV_PYRAMID] iter=5 camera=10 visible=176 score=1184 pnp_inliers=158 ratio=0.897727
[NBV_PYRAMID] iter=5 camera=11 visible=260 score=1376 pnp_inliers=249 ratio=0.957692
[NBV_PYRAMID] iter=5 camera=12 visible=382 score=1488 pnp_inliers=375 ratio=0.981675
NBV selected camera 6 visible=455 pyramid_score=1564 pnp_inliers=449
ADDED 190 new points
Using 7 over 13 cameras
1 0 1 1 1 1 1 1 0 0 0 0 0 
camera[6]
{
	 r_vec : (0.05007, 0.0378519, 0.11284)
	 t_vec : (-0.403902, 0.106891, 7.65089)
}
[NBV_PYRAMID] iter=6 camera=1 visible=518 score=1504 pnp_inliers=516 ratio=0.996139
[NBV_PYRAMID] iter=6 camera=8 visible=359 score=1404 pnp_inliers=348 ratio=0.969359
[NBV_PYRAMID] iter=6 camera=9 visible=144 score=1024 pnp_inliers=123 ratio=0.854167
[NBV_PYRAMID] iter=6 camera=10 visible=188 score=1248 pnp_inliers=163 ratio=0.867021
[NBV_PYRAMID] iter=6 camera=11 visible=276 score=1376 pnp_inliers=264 ratio=0.956522
[NBV_PYRAMID] iter=6 camera=12 visible=404 score=1488 pnp_inliers=396 ratio=0.980198
NBV selected camera 1 visible=518 pyramid_score=1504 pnp_inliers=516
ADDED 175 new points
Using 8 over 13 cameras
1 1 1 1 1 1 1 1 0 0 0 0 0 
camera[1]
{
	 r_vec : (0.0443045, -0.0501873, 0.0953828)
	 t_vec : (-0.653751, 0.166186, 7.47526)
}
[NBV_PYRAMID] iter=7 camera=8 visible=375 score=1404 pnp_inliers=367 ratio=0.978667
[NBV_PYRAMID] iter=7 camera=9 visible=158 score=1024 pnp_inliers=133 ratio=0.841772
[NBV_PYRAMID] iter=7 camera=10 visible=209 score=1312 pnp_inliers=186 ratio=0.889952
[NBV_PYRAMID] iter=7 camera=11 visible=312 score=1376 pnp_inliers=302 ratio=0.967949
[NBV_PYRAMID] iter=7 camera=12 visible=445 score=1488 pnp_inliers=442 ratio=0.993258
NBV selected camera 12 visible=445 pyramid_score=1488 pnp_inliers=442
ADDED 59 new points
Using 9 over 13 cameras
1 1 1 1 1 1 1 1 0 0 0 0 1 
camera[12]
{
	 r_vec : (0.201224, -0.0110053, 0.108433)
	 t_vec : (-0.450003, -0.661386, 7.45265)
}
[NBV_PYRAMID] iter=8 camera=8 visible=381 score=1404 pnp_inliers=374 ratio=0.981627
[NBV_PYRAMID] iter=8 camera=9 visible=164 score=1024 pnp_inliers=144 ratio=0.878049
[NBV_PYRAMID] iter=8 camera=10 visible=214 score=1312 pnp_inliers=192 ratio=0.897196
[NBV_PYRAMID] iter=8 camera=11 visible=322 score=1376 pnp_inliers=310 ratio=0.962733
NBV selected camera 8 visible=381 pyramid_score=1404 pnp_inliers=374
ADDED 110 new points
Using 10 over 13 cameras
1 1 1 1 1 1 1 1 1 0 0 0 1 
camera[8]
{
	 r_vec : (-0.00355606, 0.287197, 0.164862)
	 t_vec : (0.848281, 0.512776, 7.66865)
}
[NBV_PYRAMID] iter=9 camera=9 visible=166 score=1024 pnp_inliers=147 ratio=0.885542
[NBV_PYRAMID] iter=9 camera=10 visible=215 score=1312 pnp_inliers=190 ratio=0.883721
[NBV_PYRAMID] iter=9 camera=11 visible=321 score=1376 pnp_inliers=312 ratio=0.971963
NBV selected camera 11 visible=321 pyramid_score=1376 pnp_inliers=312
ADDED 107 new points
Using 11 over 13 cameras
1 1 1 1 1 1 1 1 1 0 0 1 1 
****************** OPTIM FOUND 6 OUTLIERS : redoing optim!!
camera[11]
{
	 r_vec : (0.21088, -0.201579, 0.0106795)
	 t_vec : (-1.35207, -0.705366, 7.35069)
}
[NBV_PYRAMID] iter=10 camera=9 visible=181 score=1024 pnp_inliers=161 ratio=0.889503
[NBV_PYRAMID] iter=10 camera=10 visible=240 score=1312 pnp_inliers=221 ratio=0.920833
NBV selected camera 10 visible=240 pyramid_score=1312 pnp_inliers=221
ADDED 105 new points
Using 12 over 13 cameras
1 1 1 1 1 1 1 1 1 0 1 1 1 
****************** OPTIM FOUND 11 OUTLIERS : redoing optim!!
camera[10]
{
	 r_vec : (0.159015, -0.319872, -0.0300878)
	 t_vec : (-1.94892, -0.38901, 7.23038)
}
[NBV_PYRAMID] iter=11 camera=9 visible=196 score=1088 pnp_inliers=180 ratio=0.918367
NBV selected camera 9 visible=196 pyramid_score=1088 pnp_inliers=180
ADDED 98 new points
Using 13 over 13 cameras
1 1 1 1 1 1 1 1 1 1 1 1 1 
WARNING: Logging before InitGoogleLogging() is written to STDERR
W0512 21:24:42.358409 43419 levenberg_marquardt_strategy.cc:115] Linear solver failure. Failed to compute a step: Eigen failure. Unable to perform dense Cholesky factorization.
W0512 21:24:42.360409 43419 levenberg_marquardt_strategy.cc:115] Linear solver failure. Failed to compute a step: Eigen failure. Unable to perform dense Cholesky factorization.
W0512 21:24:42.370570 43419 levenberg_marquardt_strategy.cc:115] Linear solver failure. Failed to compute a step: Eigen failure. Unable to perform dense Cholesky factorization.
W0512 21:24:42.372417 43419 levenberg_marquardt_strategy.cc:115] Linear solver failure. Failed to compute a step: Eigen failure. Unable to perform dense Cholesky factorization.
W0512 21:24:42.382001 43419 levenberg_marquardt_strategy.cc:115] Linear solver failure. Failed to compute a step: Eigen failure. Unable to perform dense Cholesky factorization.
W0512 21:24:42.383881 43419 levenberg_marquardt_strategy.cc:115] Linear solver failure. Failed to compute a step: Eigen failure. Unable to perform dense Cholesky factorization.
W0512 21:24:42.392901 43419 levenberg_marquardt_strategy.cc:115] Linear solver failure. Failed to compute a step: Eigen failure. Unable to perform dense Cholesky factorization.
W0512 21:24:42.394436 43419 levenberg_marquardt_strategy.cc:115] Linear solver failure. Failed to compute a step: Eigen failure. Unable to perform dense Cholesky factorization.
W0512 21:24:42.403255 43419 levenberg_marquardt_strategy.cc:115] Linear solver failure. Failed to compute a step: Eigen failure. Unable to perform dense Cholesky factorization.
W0512 21:24:42.404838 43419 levenberg_marquardt_strategy.cc:115] Linear solver failure. Failed to compute a step: Eigen failure. Unable to perform dense Cholesky factorization.
W0512 21:24:42.414520 43419 levenberg_marquardt_strategy.cc:115] Linear solver failure. Failed to compute a step: Eigen failure. Unable to perform dense Cholesky factorization.
W0512 21:24:42.419866 43419 levenberg_marquardt_strategy.cc:115] Linear solver failure. Failed to compute a step: Eigen failure. Unable to perform dense Cholesky factorization.
W0512 21:24:42.430122 43419 levenberg_marquardt_strategy.cc:115] Linear solver failure. Failed to compute a step: Eigen failure. Unable to perform dense Cholesky factorization.
W0512 21:24:42.431991 43419 levenberg_marquardt_strategy.cc:115] Linear solver failure. Failed to compute a step: Eigen failure. Unable to perform dense Cholesky factorization.
W0512 21:24:42.437839 43419 levenberg_marquardt_strategy.cc:115] Linear solver failure. Failed to compute a step: Eigen failure. Unable to perform dense Cholesky factorization.
W0512 21:24:42.443979 43419 levenberg_marquardt_strategy.cc:115] Linear solver failure. Failed to compute a step: Eigen failure. Unable to perform dense Cholesky factorization.
W0512 21:24:42.445662 43419 levenberg_marquardt_strategy.cc:115] Linear solver failure. Failed to compute a step: Eigen failure. Unable to perform dense Cholesky factorization.
W0512 21:24:42.451719 43419 levenberg_marquardt_strategy.cc:115] Linear solver failure. Failed to compute a step: Eigen failure. Unable to perform dense Cholesky factorization.
W0512 21:24:42.453277 43419 levenberg_marquardt_strategy.cc:115] Linear solver failure. Failed to compute a step: Eigen failure. Unable to perform dense Cholesky factorization.
W0512 21:24:42.462419 43419 levenberg_marquardt_strategy.cc:115] Linear solver failure. Failed to compute a step: Eigen failure. Unable to perform dense Cholesky factorization.
W0512 21:24:42.467988 43419 levenberg_marquardt_strategy.cc:115] Linear solver failure. Failed to compute a step: Eigen failure. Unable to perform dense Cholesky factorization.
W0512 21:24:42.469607 43419 levenberg_marquardt_strategy.cc:115] Linear solver failure. Failed to compute a step: Eigen failure. Unable to perform dense Cholesky factorization.
****************** OPTIM FOUND 9 OUTLIERS : redoing optim!!
camera[9]
{
	 r_vec : (-0.0426537, -0.433725, -0.0473752)
	 t_vec : (-2.49494, 0.584245, 7.08613)
}
===== FINAL METRICS =====
Registered cameras  : 13 / 13  (success rate 100 %)
Valid 3D points     : 1707
Mean reprojection err: 0.800096 px  (focal = 1296 px)
=========================
Recostruction completed, exiting
