Header: 15 6359 20466
Alternative seed selection candidates:
  rank 1 pair (0, 1) common=964 E=888 H=113 pose=888 lateral=0.935479 forward=0.353383 score=49054.4
  rank 2 pair (5, 13) common=755 E=627 H=101 pose=627 lateral=0.979557 forward=0.201168 score=36397.5
  rank 3 pair (1, 2) common=681 E=585 H=61 pose=585 lateral=0.976827 forward=0.21403 score=36011.5
  rank 4 pair (10, 11) common=680 E=554 H=77 pose=554 lateral=0.967391 forward=0.253288 score=33423.9
  rank 5 pair (2, 3) common=684 E=523 H=58 pose=523 lateral=0.977853 forward=0.209293 score=32963.6
  rank 6 pair (9, 10) common=732 E=532 H=82 pose=525 lateral=0.976945 forward=0.213493 score=32295.8
  rank 7 pair (8, 10) common=692 E=517 H=88 pose=517 lateral=0.992118 forward=0.125304 score=31491.7
  rank 8 pair (4, 5) common=590 E=501 H=65 pose=501 lateral=0.979143 forward=0.203174 score=31307.2
  rank 9 pair (6, 12) common=709 E=524 H=92 pose=524 lateral=0.83446 forward=0.551069 score=29364
  rank 10 pair (7, 12) common=554 E=449 H=46 pose=449 lateral=0.928684 forward=0.370871 score=28658.3
Trying alternative seed pair (0, 1) score=49054.4
Seed pair (0, 1): inliers E=888 H=113
camera[0]
{
	 r_vec : (0, 0, 0)
	 t_vec : (0, 0, 0)
}
camera[1]
{
	 r_vec : (-0.0350512, 0.0440793, 0.0216099)
	 t_vec : (-0.280834, -0.89233, 0.353383)
}
camera[1]
{
	 r_vec : (-0.0325073, 0.0426476, 0.0208526)
	 t_vec : (-0.263741, -0.863435, 0.345609)
}
ADDED 514 new points
Using 3 over 15 cameras
1 1 1 0 0 0 0 0 0 0 0 0 0 0 0 
camera[2]
{
	 r_vec : (-0.0421617, 0.0997224, 0.0214349)
	 t_vec : (-1.37349, -0.865276, 0.632178)
}
ADDED 484 new points
Using 4 over 15 cameras
1 1 1 1 0 0 0 0 0 0 0 0 0 0 0 
camera[3]
{
	 r_vec : (-0.0484042, 0.161635, 0.0337337)
	 t_vec : (-2.33493, -0.805591, 1.00016)
}
ADDED 381 new points
Using 5 over 15 cameras
1 1 1 1 1 0 0 0 0 0 0 0 0 0 0 
WARNING: Logging before InitGoogleLogging() is written to STDERR
W0512 21:21:44.146644 38874 levenberg_marquardt_strategy.cc:115] Linear solver failure. Failed to compute a step: Eigen failure. Unable to perform dense Cholesky factorization.
W0512 21:21:44.148855 38874 levenberg_marquardt_strategy.cc:115] Linear solver failure. Failed to compute a step: Eigen failure. Unable to perform dense Cholesky factorization.
W0512 21:21:44.149624 38874 levenberg_marquardt_strategy.cc:115] Linear solver failure. Failed to compute a step: Eigen failure. Unable to perform dense Cholesky factorization.
W0512 21:21:44.153252 38874 levenberg_marquardt_strategy.cc:115] Linear solver failure. Failed to compute a step: Eigen failure. Unable to perform dense Cholesky factorization.
W0512 21:21:44.153996 38874 levenberg_marquardt_strategy.cc:115] Linear solver failure. Failed to compute a step: Eigen failure. Unable to perform dense Cholesky factorization.
W0512 21:21:44.157711 38874 levenberg_marquardt_strategy.cc:115] Linear solver failure. Failed to compute a step: Eigen failure. Unable to perform dense Cholesky factorization.
W0512 21:21:44.158455 38874 levenberg_marquardt_strategy.cc:115] Linear solver failure. Failed to compute a step: Eigen failure. Unable to perform dense Cholesky factorization.
W0512 21:21:44.162036 38874 levenberg_marquardt_strategy.cc:115] Linear solver failure. Failed to compute a step: Eigen failure. Unable to perform dense Cholesky factorization.
W0512 21:21:44.164165 38874 levenberg_marquardt_strategy.cc:115] Linear solver failure. Failed to compute a step: Eigen failure. Unable to perform dense Cholesky factorization.
W0512 21:21:44.164878 38874 levenberg_marquardt_strategy.cc:115] Linear solver failure. Failed to compute a step: Eigen failure. Unable to perform dense Cholesky factorization.
W0512 21:21:44.168563 38874 levenberg_marquardt_strategy.cc:115] Linear solver failure. Failed to compute a step: Eigen failure. Unable to perform dense Cholesky factorization.
W0512 21:21:44.169315 38874 levenberg_marquardt_strategy.cc:115] Linear solver failure. Failed to compute a step: Eigen failure. Unable to perform dense Cholesky factorization.
W0512 21:21:44.171569 38874 levenberg_marquardt_strategy.cc:115] Linear solver failure. Failed to compute a step: Eigen failure. Unable to perform dense Cholesky factorization.
W0512 21:21:44.175204 38874 levenberg_marquardt_strategy.cc:115] Linear solver failure. Failed to compute a step: Eigen failure. Unable to perform dense Cholesky factorization.
W0512 21:21:44.175935 38874 levenberg_marquardt_strategy.cc:115] Linear solver failure. Failed to compute a step: Eigen failure. Unable to perform dense Cholesky factorization.
W0512 21:21:44.179662 38874 levenberg_marquardt_strategy.cc:115] Linear solver failure. Failed to compute a step: Eigen failure. Unable to perform dense Cholesky factorization.
W0512 21:21:44.180371 38874 levenberg_marquardt_strategy.cc:115] Linear solver failure. Failed to compute a step: Eigen failure. Unable to perform dense Cholesky factorization.
W0512 21:21:44.182538 38874 levenberg_marquardt_strategy.cc:115] Linear solver failure. Failed to compute a step: Eigen failure. Unable to perform dense Cholesky factorization.
W0512 21:21:44.186272 38874 levenberg_marquardt_strategy.cc:115] Linear solver failure. Failed to compute a step: Eigen failure. Unable to perform dense Cholesky factorization.
W0512 21:21:44.187058 38874 levenberg_marquardt_strategy.cc:115] Linear solver failure. Failed to compute a step: Eigen failure. Unable to perform dense Cholesky factorization.
W0512 21:21:44.190768 38874 levenberg_marquardt_strategy.cc:115] Linear solver failure. Failed to compute a step: Eigen failure. Unable to perform dense Cholesky factorization.
W0512 21:21:44.191481 38874 levenberg_marquardt_strategy.cc:115] Linear solver failure. Failed to compute a step: Eigen failure. Unable to perform dense Cholesky factorization.
W0512 21:21:44.193691 38874 levenberg_marquardt_strategy.cc:115] Linear solver failure. Failed to compute a step: Eigen failure. Unable to perform dense Cholesky factorization.
W0512 21:21:44.195868 38874 levenberg_marquardt_strategy.cc:115] Linear solver failure. Failed to compute a step: Eigen failure. Unable to perform dense Cholesky factorization.
W0512 21:21:44.197997 38874 levenberg_marquardt_strategy.cc:115] Linear solver failure. Failed to compute a step: Eigen failure. Unable to perform dense Cholesky factorization.
W0512 21:21:44.198704 38874 levenberg_marquardt_strategy.cc:115] Linear solver failure. Failed to compute a step: Eigen failure. Unable to perform dense Cholesky factorization.
W0512 21:21:44.200855 38874 levenberg_marquardt_strategy.cc:115] Linear solver failure. Failed to compute a step: Eigen failure. Unable to perform dense Cholesky factorization.
W0512 21:21:44.203087 38874 levenberg_marquardt_strategy.cc:115] Linear solver failure. Failed to compute a step: Eigen failure. Unable to perform dense Cholesky factorization.
W0512 21:21:44.205246 38874 levenberg_marquardt_strategy.cc:115] Linear solver failure. Failed to compute a step: Eigen failure. Unable to perform dense Cholesky factorization.
W0512 21:21:44.207402 38874 levenberg_marquardt_strategy.cc:115] Linear solver failure. Failed to compute a step: Eigen failure. Unable to perform dense Cholesky factorization.
W0512 21:21:44.208129 38874 levenberg_marquardt_strategy.cc:115] Linear solver failure. Failed to compute a step: Eigen failure. Unable to perform dense Cholesky factorization.
W0512 21:21:44.210348 38874 levenberg_marquardt_strategy.cc:115] Linear solver failure. Failed to compute a step: Eigen failure. Unable to perform dense Cholesky factorization.
W0512 21:21:44.214015 38874 levenberg_marquardt_strategy.cc:115] Linear solver failure. Failed to compute a step: Eigen failure. Unable to perform dense Cholesky factorization.
W0512 21:21:44.214740 38874 levenberg_marquardt_strategy.cc:115] Linear solver failure. Failed to compute a step: Eigen failure. Unable to perform dense Cholesky factorization.
W0512 21:21:44.216893 38874 levenberg_marquardt_strategy.cc:115] Linear solver failure. Failed to compute a step: Eigen failure. Unable to perform dense Cholesky factorization.
W0512 21:21:44.219080 38874 levenberg_marquardt_strategy.cc:115] Linear solver failure. Failed to compute a step: Eigen failure. Unable to perform dense Cholesky factorization.
W0512 21:21:44.219839 38874 levenberg_marquardt_strategy.cc:115] Linear solver failure. Failed to compute a step: Eigen failure. Unable to perform dense Cholesky factorization.
W0512 21:21:44.223472 38874 levenberg_marquardt_strategy.cc:115] Linear solver failure. Failed to compute a step: Eigen failure. Unable to perform dense Cholesky factorization.
W0512 21:21:44.224193 38874 levenberg_marquardt_strategy.cc:115] Linear solver failure. Failed to compute a step: Eigen failure. Unable to perform dense Cholesky factorization.
W0512 21:21:44.227861 38874 levenberg_marquardt_strategy.cc:115] Linear solver failure. Failed to compute a step: Eigen failure. Unable to perform dense Cholesky factorization.
W0512 21:21:44.228583 38874 levenberg_marquardt_strategy.cc:115] Linear solver failure. Failed to compute a step: Eigen failure. Unable to perform dense Cholesky factorization.
W0512 21:21:44.230773 38874 levenberg_marquardt_strategy.cc:115] Linear solver failure. Failed to compute a step: Eigen failure. Unable to perform dense Cholesky factorization.
W0512 21:21:44.232934 38874 levenberg_marquardt_strategy.cc:115] Linear solver failure. Failed to compute a step: Eigen failure. Unable to perform dense Cholesky factorization.
W0512 21:21:44.235078 38874 levenberg_marquardt_strategy.cc:115] Linear solver failure. Failed to compute a step: Eigen failure. Unable to perform dense Cholesky factorization.
W0512 21:21:44.237285 38874 levenberg_marquardt_strategy.cc:115] Linear solver failure. Failed to compute a step: Eigen failure. Unable to perform dense Cholesky factorization.
W0512 21:21:44.238022 38874 levenberg_marquardt_strategy.cc:115] Linear solver failure. Failed to compute a step: Eigen failure. Unable to perform dense Cholesky factorization.
W0512 21:21:44.240188 38874 levenberg_marquardt_strategy.cc:115] Linear solver failure. Failed to compute a step: Eigen failure. Unable to perform dense Cholesky factorization.
W0512 21:21:44.242424 38874 levenberg_marquardt_strategy.cc:115] Linear solver failure. Failed to compute a step: Eigen failure. Unable to perform dense Cholesky factorization.
W0512 21:21:44.243130 38874 levenberg_marquardt_strategy.cc:115] Linear solver failure. Failed to compute a step: Eigen failure. Unable to perform dense Cholesky factorization.
W0512 21:21:44.245332 38874 levenberg_marquardt_strategy.cc:115] Linear solver failure. Failed to compute a step: Eigen failure. Unable to perform dense Cholesky factorization.
W0512 21:21:44.249028 38874 levenberg_marquardt_strategy.cc:115] Linear solver failure. Failed to compute a step: Eigen failure. Unable to perform dense Cholesky factorization.
W0512 21:21:44.251223 38874 levenberg_marquardt_strategy.cc:115] Linear solver failure. Failed to compute a step: Eigen failure. Unable to perform dense Cholesky factorization.
W0512 21:21:44.251946 38874 levenberg_marquardt_strategy.cc:115] Linear solver failure. Failed to compute a step: Eigen failure. Unable to perform dense Cholesky factorization.
W0512 21:21:44.255604 38874 levenberg_marquardt_strategy.cc:115] Linear solver failure. Failed to compute a step: Eigen failure. Unable to perform dense Cholesky factorization.
****************** OPTIM FOUND 8 OUTLIERS : redoing optim!!
camera[4]
{
	 r_vec : (-0.0530611, 0.2327, 0.0583632)
	 t_vec : (-3.41653, -0.826633, 1.41871)
}
ADDED 358 new points
Using 6 over 15 cameras
1 1 1 1 1 0 0 0 0 0 0 0 0 1 0 
****************** OPTIM FOUND 11 OUTLIERS : redoing optim!!
camera[13]
{
	 r_vec : (-0.0839324, 0.377684, 0.129098)
	 t_vec : (-4.17032, -1.80282, 2.09944)
}
ADDED 546 new points
Using 7 over 15 cameras
1 1 1 1 1 1 0 0 0 0 0 0 0 1 0 
****************** OPTIM FOUND 16 OUTLIERS : redoing optim!!
camera[5]
{
	 r_vec : (-0.0420504, 0.309652, 0.0941804)
	 t_vec : (-4.52832, -1.03628, 1.93738)
}
ADDED 317 new points
Using 8 over 15 cameras
1 1 1 1 1 1 0 0 0 0 0 0 1 1 0 
****************** OPTIM FOUND 23 OUTLIERS : redoing optim!!
camera[12]
{
	 r_vec : (-0.0849349, 0.430825, 0.172882)
	 t_vec : (-5.24894, -2.1648, 2.19711)
}
ADDED 479 new points
Using 9 over 15 cameras
1 1 1 1 1 1 1 0 0 0 0 0 1 1 0 
****************** OPTIM FOUND 23 OUTLIERS : redoing optim!!
camera[6]
{
	 r_vec : (-0.0526974, 0.414231, 0.149663)
	 t_vec : (-5.42941, -1.3194, 2.60507)
}
ADDED 355 new points
Using 10 over 15 cameras
1 1 1 1 1 1 1 1 0 0 0 0 1 1 0 
****************** OPTIM FOUND 36 OUTLIERS : redoing optim!!
camera[7]
{
	 r_vec : (-0.0576187, 0.455623, 0.158094)
	 t_vec : (-6.32882, -1.35901, 2.81265)
}
ADDED 385 new points
Using 11 over 15 cameras
1 1 1 1 1 1 1 1 0 0 0 1 1 1 0 
****************** OPTIM FOUND 36 OUTLIERS : redoing optim!!
camera[11]
{
	 r_vec : (-0.0813897, 0.461946, 0.174214)
	 t_vec : (-6.50426, -2.40323, 2.38057)
}
ADDED 400 new points
Using 12 over 15 cameras
1 1 1 1 1 1 1 1 0 0 1 1 1 1 0 
****************** OPTIM FOUND 42 OUTLIERS : redoing optim!!
camera[10]
{
	 r_vec : (-0.0662835, 0.495914, 0.178398)
	 t_vec : (-7.36801, -2.29723, 2.84767)
}
ADDED 411 new points
Using 13 over 15 cameras
1 1 1 1 1 1 1 1 1 0 1 1 1 1 0 
****************** OPTIM FOUND 38 OUTLIERS : redoing optim!!
camera[8]
{
	 r_vec : (-0.052774, 0.546448, 0.171167)
	 t_vec : (-7.33718, -1.49164, 3.30594)
}
ADDED 476 new points
Using 14 over 15 cameras
1 1 1 1 1 1 1 1 1 1 1 1 1 1 0 
****************** OPTIM FOUND 47 OUTLIERS : redoing optim!!
camera[9]
{
	 r_vec : (-0.0550068, 0.541964, 0.177648)
	 t_vec : (-7.76577, -1.50534, 3.23149)
}
ADDED 124 new points
Using 15 over 15 cameras
1 1 1 1 1 1 1 1 1 1 1 1 1 1 1 
****************** OPTIM FOUND 45 OUTLIERS : redoing optim!!
camera[14]
{
	 r_vec : (-0.0954896, 0.314391, 0.0508745)
	 t_vec : (-2.61472, -1.50931, 2.00577)
}
===== FINAL METRICS =====
Registered cameras  : 15 / 15  (success rate 100 %)
Valid 3D points     : 4687
Mean reprojection err: 1.0278 px  (focal = 1296 px)
=========================
Recostruction completed, exiting
