Header: 15 6359 20466
Seed pair (0, 1): inliers E=888 H=113
camera[0]
{
	 r_vec : (0, 0, 0)
	 t_vec : (0, 0, 0)
}
camera[1]
{
	 r_vec : (-0.0350512, 0.0440793, 0.0216099)
	 t_vec : (-0.280834, -0.89233, 0.353383)
}
camera[1]
{
	 r_vec : (-0.0325073, 0.0426476, 0.0208526)
	 t_vec : (-0.263741, -0.863435, 0.345609)
}
ADDED 514 new points
Using 3 over 15 cameras
1 1 1 0 0 0 0 0 0 0 0 0 0 0 0 
camera[2]
{
	 r_vec : (-0.0421617, 0.0997224, 0.0214349)
	 t_vec : (-1.37349, -0.865276, 0.632178)
}
ADDED 484 new points
Using 4 over 15 cameras
1 1 1 1 0 0 0 0 0 0 0 0 0 0 0 
camera[3]
{
	 r_vec : (-0.0484042, 0.161635, 0.0337337)
	 t_vec : (-2.33493, -0.805591, 1.00016)
}
ADDED 381 new points
Using 5 over 15 cameras
1 1 1 1 1 0 0 0 0 0 0 0 0 0 0 
WARNING: Logging before InitGoogleLogging() is written to STDERR
W0512 21:21:37.651078 38769 levenberg_marquardt_strategy.cc:115] Linear solver failure. Failed to compute a step: Eigen failure. Unable to perform dense Cholesky factorization.
W0512 21:21:37.651975 38769 levenberg_marquardt_strategy.cc:115] Linear solver failure. Failed to compute a step: Eigen failure. Unable to perform dense Cholesky factorization.
W0512 21:21:37.656490 38769 levenberg_marquardt_strategy.cc:115] Linear solver failure. Failed to compute a step: Eigen failure. Unable to perform dense Cholesky factorization.
W0512 21:21:37.657558 38769 levenberg_marquardt_strategy.cc:115] Linear solver failure. Failed to compute a step: Eigen failure. Unable to perform dense Cholesky factorization.
W0512 21:21:37.660056 38769 levenberg_marquardt_strategy.cc:115] Linear solver failure. Failed to compute a step: Eigen failure. Unable to perform dense Cholesky factorization.
W0512 21:21:37.662633 38769 levenberg_marquardt_strategy.cc:115] Linear solver failure. Failed to compute a step: Eigen failure. Unable to perform dense Cholesky factorization.
W0512 21:21:37.663407 38769 levenberg_marquardt_strategy.cc:115] Linear solver failure. Failed to compute a step: Eigen failure. Unable to perform dense Cholesky factorization.
W0512 21:21:37.667635 38769 levenberg_marquardt_strategy.cc:115] Linear solver failure. Failed to compute a step: Eigen failure. Unable to perform dense Cholesky factorization.
W0512 21:21:37.670181 38769 levenberg_marquardt_strategy.cc:115] Linear solver failure. Failed to compute a step: Eigen failure. Unable to perform dense Cholesky factorization.
W0512 21:21:37.672740 38769 levenberg_marquardt_strategy.cc:115] Linear solver failure. Failed to compute a step: Eigen failure. Unable to perform dense Cholesky factorization.
W0512 21:21:37.673573 38769 levenberg_marquardt_strategy.cc:115] Linear solver failure. Failed to compute a step: Eigen failure. Unable to perform dense Cholesky factorization.
W0512 21:21:37.676174 38769 levenberg_marquardt_strategy.cc:115] Linear solver failure. Failed to compute a step: Eigen failure. Unable to perform dense Cholesky factorization.
W0512 21:21:37.676991 38769 levenberg_marquardt_strategy.cc:115] Linear solver failure. Failed to compute a step: Eigen failure. Unable to perform dense Cholesky factorization.
W0512 21:21:37.681174 38769 levenberg_marquardt_strategy.cc:115] Linear solver failure. Failed to compute a step: Eigen failure. Unable to perform dense Cholesky factorization.
W0512 21:21:37.683667 38769 levenberg_marquardt_strategy.cc:115] Linear solver failure. Failed to compute a step: Eigen failure. Unable to perform dense Cholesky factorization.
W0512 21:21:37.684455 38769 levenberg_marquardt_strategy.cc:115] Linear solver failure. Failed to compute a step: Eigen failure. Unable to perform dense Cholesky factorization.
W0512 21:21:37.687034 38769 levenberg_marquardt_strategy.cc:115] Linear solver failure. Failed to compute a step: Eigen failure. Unable to perform dense Cholesky factorization.
W0512 21:21:37.689651 38769 levenberg_marquardt_strategy.cc:115] Linear solver failure. Failed to compute a step: Eigen failure. Unable to perform dense Cholesky factorization.
W0512 21:21:37.692306 38769 levenberg_marquardt_strategy.cc:115] Linear solver failure. Failed to compute a step: Eigen failure. Unable to perform dense Cholesky factorization.
W0512 21:21:37.694773 38769 levenberg_marquardt_strategy.cc:115] Linear solver failure. Failed to compute a step: Eigen failure. Unable to perform dense Cholesky factorization.
W0512 21:21:37.695524 38769 levenberg_marquardt_strategy.cc:115] Linear solver failure. Failed to compute a step: Eigen failure. Unable to perform dense Cholesky factorization.
W0512 21:21:37.699695 38769 levenberg_marquardt_strategy.cc:115] Linear solver failure. Failed to compute a step: Eigen failure. Unable to perform dense Cholesky factorization.
W0512 21:21:37.700461 38769 levenberg_marquardt_strategy.cc:115] Linear solver failure. Failed to compute a step: Eigen failure. Unable to perform dense Cholesky factorization.
W0512 21:21:37.704770 38769 levenberg_marquardt_strategy.cc:115] Linear solver failure. Failed to compute a step: Eigen failure. Unable to perform dense Cholesky factorization.
W0512 21:21:37.705571 38769 levenberg_marquardt_strategy.cc:115] Linear solver failure. Failed to compute a step: Eigen failure. Unable to perform dense Cholesky factorization.
W0512 21:21:37.707998 38769 levenberg_marquardt_strategy.cc:115] Linear solver failure. Failed to compute a step: Eigen failure. Unable to perform dense Cholesky factorization.
W0512 21:21:37.710481 38769 levenberg_marquardt_strategy.cc:115] Linear solver failure. Failed to compute a step: Eigen failure. Unable to perform dense Cholesky factorization.
W0512 21:21:37.711258 38769 levenberg_marquardt_strategy.cc:115] Linear solver failure. Failed to compute a step: Eigen failure. Unable to perform dense Cholesky factorization.
W0512 21:21:37.715335 38769 levenberg_marquardt_strategy.cc:115] Linear solver failure. Failed to compute a step: Eigen failure. Unable to perform dense Cholesky factorization.
W0512 21:21:37.716118 38769 levenberg_marquardt_strategy.cc:115] Linear solver failure. Failed to compute a step: Eigen failure. Unable to perform dense Cholesky factorization.
W0512 21:21:37.720604 38769 levenberg_marquardt_strategy.cc:115] Linear solver failure. Failed to compute a step: Eigen failure. Unable to perform dense Cholesky factorization.
W0512 21:21:37.721452 38769 levenberg_marquardt_strategy.cc:115] Linear solver failure. Failed to compute a step: Eigen failure. Unable to perform dense Cholesky factorization.
W0512 21:21:37.726049 38769 levenberg_marquardt_strategy.cc:115] Linear solver failure. Failed to compute a step: Eigen failure. Unable to perform dense Cholesky factorization.
W0512 21:21:37.726853 38769 levenberg_marquardt_strategy.cc:115] Linear solver failure. Failed to compute a step: Eigen failure. Unable to perform dense Cholesky factorization.
W0512 21:21:37.729683 38769 levenberg_marquardt_strategy.cc:115] Linear solver failure. Failed to compute a step: Eigen failure. Unable to perform dense Cholesky factorization.
W0512 21:21:37.732177 38769 levenberg_marquardt_strategy.cc:115] Linear solver failure. Failed to compute a step: Eigen failure. Unable to perform dense Cholesky factorization.
W0512 21:21:37.734627 38769 levenberg_marquardt_strategy.cc:115] Linear solver failure. Failed to compute a step: Eigen failure. Unable to perform dense Cholesky factorization.
W0512 21:21:37.735379 38769 levenberg_marquardt_strategy.cc:115] Linear solver failure. Failed to compute a step: Eigen failure. Unable to perform dense Cholesky factorization.
W0512 21:21:37.739494 38769 levenberg_marquardt_strategy.cc:115] Linear solver failure. Failed to compute a step: Eigen failure. Unable to perform dense Cholesky factorization.
W0512 21:21:37.740209 38769 levenberg_marquardt_strategy.cc:115] Linear solver failure. Failed to compute a step: Eigen failure. Unable to perform dense Cholesky factorization.
W0512 21:21:37.742640 38769 levenberg_marquardt_strategy.cc:115] Linear solver failure. Failed to compute a step: Eigen failure. Unable to perform dense Cholesky factorization.
W0512 21:21:37.746798 38769 levenberg_marquardt_strategy.cc:115] Linear solver failure. Failed to compute a step: Eigen failure. Unable to perform dense Cholesky factorization.
W0512 21:21:37.747545 38769 levenberg_marquardt_strategy.cc:115] Linear solver failure. Failed to compute a step: Eigen failure. Unable to perform dense Cholesky factorization.
W0512 21:21:37.751715 38769 levenberg_marquardt_strategy.cc:115] Linear solver failure. Failed to compute a step: Eigen failure. Unable to perform dense Cholesky factorization.
W0512 21:21:37.754175 38769 levenberg_marquardt_strategy.cc:115] Linear solver failure. Failed to compute a step: Eigen failure. Unable to perform dense Cholesky factorization.
W0512 21:21:37.754953 38769 levenberg_marquardt_strategy.cc:115] Linear solver failure. Failed to compute a step: Eigen failure. Unable to perform dense Cholesky factorization.
W0512 21:21:37.757365 38769 levenberg_marquardt_strategy.cc:115] Linear solver failure. Failed to compute a step: Eigen failure. Unable to perform dense Cholesky factorization.
W0512 21:21:37.759789 38769 levenberg_marquardt_strategy.cc:115] Linear solver failure. Failed to compute a step: Eigen failure. Unable to perform dense Cholesky factorization.
W0512 21:21:37.760571 38769 levenberg_marquardt_strategy.cc:115] Linear solver failure. Failed to compute a step: Eigen failure. Unable to perform dense Cholesky factorization.
W0512 21:21:37.764674 38769 levenberg_marquardt_strategy.cc:115] Linear solver failure. Failed to compute a step: Eigen failure. Unable to perform dense Cholesky factorization.
W0512 21:21:37.765409 38769 levenberg_marquardt_strategy.cc:115] Linear solver failure. Failed to compute a step: Eigen failure. Unable to perform dense Cholesky factorization.
W0512 21:21:37.768011 38769 levenberg_marquardt_strategy.cc:115] Linear solver failure. Failed to compute a step: Eigen failure. Unable to perform dense Cholesky factorization.
W0512 21:21:37.770467 38769 levenberg_marquardt_strategy.cc:115] Linear solver failure. Failed to compute a step: Eigen failure. Unable to perform dense Cholesky factorization.
W0512 21:21:37.773197 38769 levenberg_marquardt_strategy.cc:115] Linear solver failure. Failed to compute a step: Eigen failure. Unable to perform dense Cholesky factorization.
W0512 21:21:37.774091 38769 levenberg_marquardt_strategy.cc:115] Linear solver failure. Failed to compute a step: Eigen failure. Unable to perform dense Cholesky factorization.
****************** OPTIM FOUND 8 OUTLIERS : redoing optim!!
camera[4]
{
	 r_vec : (-0.0530611, 0.2327, 0.0583632)
	 t_vec : (-3.41653, -0.826633, 1.41871)
}
ADDED 358 new points
Using 6 over 15 cameras
1 1 1 1 1 0 0 0 0 0 0 0 0 1 0 
****************** OPTIM FOUND 11 OUTLIERS : redoing optim!!
camera[13]
{
	 r_vec : (-0.0839324, 0.377684, 0.129098)
	 t_vec : (-4.17032, -1.80282, 2.09944)
}
ADDED 546 new points
Using 7 over 15 cameras
1 1 1 1 1 1 0 0 0 0 0 0 0 1 0 
****************** OPTIM FOUND 16 OUTLIERS : redoing optim!!
camera[5]
{
	 r_vec : (-0.0420504, 0.309652, 0.0941804)
	 t_vec : (-4.52832, -1.03628, 1.93738)
}
ADDED 317 new points
Using 8 over 15 cameras
1 1 1 1 1 1 0 0 0 0 0 0 1 1 0 
****************** OPTIM FOUND 23 OUTLIERS : redoing optim!!
camera[12]
{
	 r_vec : (-0.0849349, 0.430825, 0.172882)
	 t_vec : (-5.24894, -2.1648, 2.19711)
}
ADDED 479 new points
Using 9 over 15 cameras
1 1 1 1 1 1 1 0 0 0 0 0 1 1 0 
****************** OPTIM FOUND 23 OUTLIERS : redoing optim!!
camera[6]
{
	 r_vec : (-0.0526974, 0.414231, 0.149663)
	 t_vec : (-5.42941, -1.3194, 2.60507)
}
ADDED 355 new points
Using 10 over 15 cameras
1 1 1 1 1 1 1 1 0 0 0 0 1 1 0 
****************** OPTIM FOUND 36 OUTLIERS : redoing optim!!
camera[7]
{
	 r_vec : (-0.0576187, 0.455623, 0.158094)
	 t_vec : (-6.32882, -1.35901, 2.81265)
}
ADDED 385 new points
Using 11 over 15 cameras
1 1 1 1 1 1 1 1 0 0 0 1 1 1 0 
****************** OPTIM FOUND 36 OUTLIERS : redoing optim!!
camera[11]
{
	 r_vec : (-0.0813914, 0.462013, 0.174249)
	 t_vec : (-6.50533, -2.40349, 2.38068)
}
ADDED 400 new points
Using 12 over 15 cameras
1 1 1 1 1 1 1 1 0 0 1 1 1 1 0 
****************** OPTIM FOUND 42 OUTLIERS : redoing optim!!
camera[10]
{
	 r_vec : (-0.0662847, 0.495981, 0.178433)
	 t_vec : (-7.36916, -2.29748, 2.84784)
}
ADDED 411 new points
Using 13 over 15 cameras
1 1 1 1 1 1 1 1 1 0 1 1 1 1 0 
****************** OPTIM FOUND 38 OUTLIERS : redoing optim!!
camera[8]
{
	 r_vec : (-0.052774, 0.546514, 0.171202)
	 t_vec : (-7.33833, -1.49181, 3.30618)
}
ADDED 476 new points
Using 14 over 15 cameras
1 1 1 1 1 1 1 1 1 1 1 1 1 1 0 
****************** OPTIM FOUND 47 OUTLIERS : redoing optim!!
camera[9]
{
	 r_vec : (-0.0550071, 0.542031, 0.177684)
	 t_vec : (-7.76696, -1.50552, 3.23172)
}
ADDED 124 new points
Using 15 over 15 cameras
1 1 1 1 1 1 1 1 1 1 1 1 1 1 1 
****************** OPTIM FOUND 45 OUTLIERS : redoing optim!!
camera[14]
{
	 r_vec : (-0.095451, 0.314489, 0.0509146)
	 t_vec : (-2.61577, -1.50905, 2.0053)
}
===== FINAL METRICS =====
Registered cameras  : 15 / 15  (success rate 100 %)
Valid 3D points     : 4687
Mean reprojection err: 1.0278 px  (focal = 1296 px)
=========================
Recostruction completed, exiting
