Header: 13 2321 12010
Seed pair (0, 5): inliers E=688 H=487
Forward-dominant motion detected, rejecting.
Try to look for a better seed pair
Seed pair (0, 1): inliers E=652 H=240
camera[0]
{
	 r_vec : (0, 0, 0)
	 t_vec : (0, 0, 0)
}
camera[1]
{
	 r_vec : (-0.00205864, -0.0858197, 0.000156908)
	 t_vec : (0.98552, 0.0512439, 0.161631)
}
camera[1]
{
	 r_vec : (-0.00219248, -0.0677785, -0.00276581)
	 t_vec : (0.82116, 0.0560593, 0.0756186)
}
ADDED 0 new points
Using 3 over 13 cameras
1 1 0 0 0 1 0 0 0 0 0 0 0 
****************** OPTIM CHEIRALITY VIOLATION for 488 points : redoing optim!!
camera[5]
{
	 r_vec : (-0.136758, 0.120157, 3.13418)
	 t_vec : (1.03188, -0.473297, -20.8095)
}
Diverged: geometry exploded (max_dist = 104.558)
Try to look for a better seed pair
Seed pair (2, 4): inliers E=617 H=346
Forward-dominant motion detected, rejecting.
Try to look for a better seed pair
Seed pair (1, 5): inliers E=594 H=264
Forward-dominant motion detected, rejecting.
Try to look for a better seed pair
Seed pair (1, 2): inliers E=592 H=217
camera[1]
{
	 r_vec : (0, 0, 0)
	 t_vec : (0, 0, 0)
}
camera[2]
{
	 r_vec : (-0.0117462, -0.160573, -0.0176467)
	 t_vec : (0.992799, -0.114283, 0.0359018)
}
camera[2]
{
	 r_vec : (-0.00575603, -0.11734, -0.0165295)
	 t_vec : (0.818954, -0.0745981, -0.0202903)
}
ADDED 1 new points
Using 3 over 13 cameras
0 1 1 0 1 0 0 0 0 0 0 0 0 
****************** OPTIM CHEIRALITY VIOLATION for 421 points : redoing optim!!
camera[4]
{
	 r_vec : (0.260673, 0.0755397, 3.10204)
	 t_vec : (-1.19677, 0.00278301, -10.5269)
}
ADDED 0 new points
Using 4 over 13 cameras
1 1 1 0 1 0 0 0 0 0 0 0 0 
****************** OPTIM CHEIRALITY VIOLATION for 93 points : redoing optim!!
camera[0]
{
	 r_vec : (0.207513, -0.128189, -3.12112)
	 t_vec : (0.814775, -0.412223, -10.7662)
}
ADDED 0 new points
Using 5 over 13 cameras
1 1 1 0 1 0 0 0 0 0 0 1 0 
****************** OPTIM CHEIRALITY VIOLATION for 30 points : redoing optim!!
camera[11]
{
	 r_vec : (97.5515, 125.428, -173.977)
	 t_vec : (-88.0652, -177.818, -6095.78)
}
Diverged: geometry exploded (max_dist = 30495)
Try to look for a better seed pair
Seed pair (3, 4): inliers E=567 H=209
camera[3]
{
	 r_vec : (0, 0, 0)
	 t_vec : (0, 0, 0)
}
camera[4]
{
	 r_vec : (0.0199956, 0.15113, -0.0184676)
	 t_vec : (-0.971869, 0.0464602, 0.230895)
}
camera[4]
{
	 r_vec : (0.015366, 0.0947445, -0.0126886)
	 t_vec : (-0.736783, 0.0305291, 0.139408)
}
ADDED 77 new points
Using 3 over 13 cameras
0 0 1 1 1 0 0 0 0 0 0 0 0 
camera[2]
{
	 r_vec : (-60.0383, 140.67, -99.0265)
	 t_vec : (-0.448721, 0.594975, 13.0305)
}
ADDED 185 new points
Using 4 over 13 cameras
0 1 1 1 1 0 0 0 0 0 0 0 0 
camera[1]
{
	 r_vec : (-0.100209, 0.241013, -0.119951)
	 t_vec : (-264.113, 134.811, 3720.74)
}
Diverged: geometry exploded (max_dist = 2620.71)
Try to look for a better seed pair
Seed pair (0, 6): inliers E=542 H=206
Forward-dominant motion detected, rejecting.
Try to look for a better seed pair
Seed pair (2, 3): inliers E=542 H=161
camera[2]
{
	 r_vec : (0, 0, 0)
	 t_vec : (0, 0, 0)
}
camera[3]
{
	 r_vec : (-0.0233819, -0.0648859, -0.0124127)
	 t_vec : (0.949551, -0.30346, 0.0791487)
}
camera[3]
{
	 r_vec : (-0.015192, -0.0509251, -0.0105369)
	 t_vec : (0.869456, -0.242674, 0.122738)
}
ADDED 1 new points
Using 3 over 13 cameras
0 0 1 1 1 0 0 0 0 0 0 0 0 
****************** OPTIM CHEIRALITY VIOLATION for 422 points : redoing optim!!
camera[4]
{
	 r_vec : (0.0932841, 0.0562265, 3.12667)
	 t_vec : (-0.545069, -0.0308728, -15.058)
}
ADDED 0 new points
Using 4 over 13 cameras
0 1 1 1 1 0 0 0 0 0 0 0 0 
****************** OPTIM CHEIRALITY VIOLATION for 53 points : redoing optim!!
camera[1]
{
	 r_vec : (37.7397, -20.8393, -30.9441)
	 t_vec : (-30.1202, -286.404, -6263.1)
}
Diverged: geometry exploded (max_dist = 31349.5)
Try to look for a better seed pair
Seed pair (0, 12): inliers E=468 H=175
Forward-dominant motion detected, rejecting.
Try to look for a better seed pair
Seed pair (1, 4): inliers E=539 H=154
camera[1]
{
	 r_vec : (0, 0, 0)
	 t_vec : (0, 0, 0)
}
camera[4]
{
	 r_vec : (0.0124162, -0.0831955, -0.0270274)
	 t_vec : (0.956502, -0.209933, 0.202565)
}
camera[4]
{
	 r_vec : (0.0118239, -0.0839367, -0.0324053)
	 t_vec : (0.957764, -0.214463, 0.196613)
}
ADDED 0 new points
Using 3 over 13 cameras
0 1 1 0 1 0 0 0 0 0 0 0 0 
****************** OPTIM CHEIRALITY VIOLATION for 426 points : redoing optim!!
camera[2]
{
	 r_vec : (-0.0739461, -0.196337, -3.14701)
	 t_vec : (-0.600285, -0.809508, -14.1863)
}
ADDED 0 new points
Using 4 over 13 cameras
1 1 1 0 1 0 0 0 0 0 0 0 0 
****************** OPTIM CHEIRALITY VIOLATION for 75 points : redoing optim!!
camera[0]
{
	 r_vec : (-87.063, 144.425, 91.1677)
	 t_vec : (204.968, -391.579, -7513.47)
}
Diverged: geometry exploded (max_dist = 37633.4)
Try to look for a better seed pair
Seed pair (0, 2): inliers E=499 H=126
camera[0]
{
	 r_vec : (0, 0, 0)
	 t_vec : (0, 0, 0)
}
camera[2]
{
	 r_vec : (-0.0120384, -0.0845871, -0.0354732)
	 t_vec : (0.984515, -0.115048, 0.132262)
}
camera[2]
{
	 r_vec : (-0.00672661, -0.0769529, -0.0303419)
	 t_vec : (0.941794, -0.0722554, 0.120656)
}
ADDED 0 new points
Using 3 over 13 cameras
1 1 1 0 0 0 0 0 0 0 0 0 0 
****************** OPTIM CHEIRALITY VIOLATION for 401 points : redoing optim!!
camera[1]
{
	 r_vec : (-8.6401, 0.735302, 4.04961)
	 t_vec : (5.75065, 0.311015, -3.978)
}
ADDED 0 new points
Using 4 over 13 cameras
1 1 1 0 1 0 0 0 0 0 0 0 0 
****************** OPTIM CHEIRALITY VIOLATION for 61 points : redoing optim!!
camera[4]
{
	 r_vec : (-0.232262, -0.145306, -3.17435)
	 t_vec : (-1.58416, -0.383254, -15.3745)
}
ADDED 2 new points
Using 5 over 13 cameras
1 1 1 0 1 1 0 0 0 0 0 0 0 
WARNING: Logging before InitGoogleLogging() is written to STDERR
W0512 14:48:18.620841 38577 levenberg_marquardt_strategy.cc:115] Linear solver failure. Failed to compute a step: Eigen failure. Unable to perform dense Cholesky factorization.
W0512 14:48:18.621042 38577 levenberg_marquardt_strategy.cc:115] Linear solver failure. Failed to compute a step: Eigen failure. Unable to perform dense Cholesky factorization.
W0512 14:48:18.621209 38577 levenberg_marquardt_strategy.cc:115] Linear solver failure. Failed to compute a step: Eigen failure. Unable to perform dense Cholesky factorization.
W0512 14:48:18.621263 38577 levenberg_marquardt_strategy.cc:115] Linear solver failure. Failed to compute a step: Eigen failure. Unable to perform dense Cholesky factorization.
****************** OPTIM CHEIRALITY VIOLATION for 24 points : redoing optim!!
W0512 14:48:18.622399 38577 levenberg_marquardt_strategy.cc:115] Linear solver failure. Failed to compute a step: Eigen failure. Unable to perform dense Cholesky factorization.
W0512 14:48:18.622427 38577 levenberg_marquardt_strategy.cc:115] Linear solver failure. Failed to compute a step: Eigen failure. Unable to perform dense Cholesky factorization.
W0512 14:48:18.622509 38577 levenberg_marquardt_strategy.cc:115] Linear solver failure. Failed to compute a step: Eigen failure. Unable to perform dense Cholesky factorization.
W0512 14:48:18.622587 38577 levenberg_marquardt_strategy.cc:115] Linear solver failure. Failed to compute a step: Eigen failure. Unable to perform dense Cholesky factorization.
camera[5]
{
	 r_vec : (0.179411, -0.120414, -3.30753)
	 t_vec : (1.2102, -0.340337, -13.9765)
}
Diverged: geometry exploded (max_dist = 170.059)
Try to look for a better seed pair
Seed pair (0, 7): inliers E=456 H=119
Forward-dominant motion detected, rejecting.
Try to look for a better seed pair
Seed pair (0, 4): inliers E=471 H=137
camera[0]
{
	 r_vec : (0, 0, 0)
	 t_vec : (0, 0, 0)
}
camera[4]
{
	 r_vec : (0.033389, -0.248522, -0.0232267)
	 t_vec : (0.977685, -0.0142, 0.209594)
}
camera[4]
{
	 r_vec : (0.024647, -0.202312, -0.0437483)
	 t_vec : (0.880043, -0.0391192, 0.224291)
}
ADDED 0 new points
Using 3 over 13 cameras
1 1 0 0 1 0 0 0 0 0 0 0 0 
****************** OPTIM CHEIRALITY VIOLATION for 366 points : redoing optim!!
camera[1]
{
	 r_vec : (-2.9849, 0.218048, 0.347335)
	 t_vec : (1.34132, -4.54906, -62.2117)
}
Diverged: geometry exploded (max_dist = 313.05)
Try to look for a better seed pair
Seed pair (6, 7): inliers E=496 H=208
camera[6]
{
	 r_vec : (0, 0, 0)
	 t_vec : (0, 0, 0)
}
camera[7]
{
	 r_vec : (-0.042341, 0.0888688, 0.0410228)
	 t_vec : (-0.919711, -0.141221, 0.366317)
}
camera[7]
{
	 r_vec : (-0.0407626, 0.0760862, 0.0429206)
	 t_vec : (-0.826338, -0.125654, 0.355025)
}
ADDED 0 new points
Using 3 over 13 cameras
1 0 0 0 0 0 1 1 0 0 0 0 0 
****************** OPTIM CHEIRALITY VIOLATION for 360 points : redoing optim!!
camera[0]
{
	 r_vec : (0.174864, -0.188206, -3.13477)
	 t_vec : (0.364905, -1.10067, -16.1746)
}
ADDED 0 new points
Using 4 over 13 cameras
1 0 0 0 0 0 1 1 1 0 0 0 0 
****************** OPTIM CHEIRALITY VIOLATION for 57 points : redoing optim!!
camera[8]
{
	 r_vec : (-6.75838, 1.82548, 6.28722)
	 t_vec : (36.7915, -15.9786, -308.726)
}
Diverged: geometry exploded (max_dist = 1558.95)
Try to look for a better seed pair
Seed pair (5, 6): inliers E=452 H=170
camera[5]
{
	 r_vec : (0, 0, 0)
	 t_vec : (0, 0, 0)
}
camera[6]
{
	 r_vec : (-0.00389705, 0.235772, 0.00960003)
	 t_vec : (-0.988244, 0.0287056, 0.150164)
}
camera[6]
{
	 r_vec : (-0.00813122, 0.164378, 0.0340729)
	 t_vec : (-0.8121, 0.0194022, 0.192987)
}
ADDED 0 new points
Using 3 over 13 cameras
1 0 0 0 0 1 1 0 0 0 0 0 0 
****************** OPTIM CHEIRALITY VIOLATION for 380 points : redoing optim!!
camera[0]
{
	 r_vec : (73.5808, 69.7715, 42.7044)
	 t_vec : (37.6078, -86.4803, -1864.5)
}
Diverged: geometry exploded (max_dist = 9335.65)
Try to look for a better seed pair
Seed pair (1, 12): inliers E=443 H=133
camera[1]
{
	 r_vec : (0, 0, 0)
	 t_vec : (0, 0, 0)
}
camera[12]
{
	 r_vec : (0.162973, 0.0451262, 0.0172485)
	 t_vec : (-0.369693, 0.919431, 0.134067)
}
camera[12]
{
	 r_vec : (0.162096, 0.0435539, 0.0169266)
	 t_vec : (-0.361191, 0.915403, 0.121476)
}
ADDED 0 new points
Using 3 over 13 cameras
1 1 0 0 0 0 0 0 0 0 0 0 1 
****************** OPTIM CHEIRALITY VIOLATION for 373 points : redoing optim!!
camera[0]
{
	 r_vec : (0.793585, -0.297881, -3.11353)
	 t_vec : (2.9782, -1.53058, -16.9839)
}
ADDED 0 new points
Using 4 over 13 cameras
1 1 1 0 0 0 0 0 0 0 0 0 1 
****************** OPTIM CHEIRALITY VIOLATION for 43 points : redoing optim!!
camera[2]
{
	 r_vec : (-19.1921, -23.2342, 73.0132)
	 t_vec : (-26.612, -41.6232, -819.892)
}
Diverged: geometry exploded (max_dist = 4108.72)
Try to look for a better seed pair
Seed pair (2, 5): inliers E=427 H=133
camera[2]
{
	 r_vec : (0, 0, 0)
	 t_vec : (0, 0, 0)
}
camera[5]
{
	 r_vec : (-0.0356209, 0.206982, 0.00481372)
	 t_vec : (-0.923457, -0.212933, 0.319198)
}
camera[5]
{
	 r_vec : (-0.0202901, 0.151768, 0.00338505)
	 t_vec : (-0.794706, -0.158352, 0.355079)
}
ADDED 0 new points
Using 3 over 13 cameras
0 1 1 0 0 1 0 0 0 0 0 0 0 
****************** OPTIM CHEIRALITY VIOLATION for 342 points : redoing optim!!
camera[1]
{
	 r_vec : (65577.7, -35285.1, -112902)
	 t_vec : (905.319, -10392.3, -166642)
}
Diverged: geometry exploded (max_dist = 834840)
Try to look for a better seed pair
Seed pair (1, 3): inliers E=440 H=104
camera[1]
{
	 r_vec : (0, 0, 0)
	 t_vec : (0, 0, 0)
}
camera[3]
{
	 r_vec : (0.0170997, -0.0890512, -0.02439)
	 t_vec : (0.99739, -0.0615086, 0.0378011)
}
camera[3]
{
	 r_vec : (0.0126384, -0.0890775, -0.0319596)
	 t_vec : (0.994736, -0.0858801, 0.0316513)
}
ADDED 0 new points
Using 3 over 13 cameras
0 1 0 1 1 0 0 0 0 0 0 0 0 
****************** OPTIM CHEIRALITY VIOLATION for 345 points : redoing optim!!
camera[4]
{
	 r_vec : (0.151373, 0.0747576, 3.10269)
	 t_vec : (-0.771732, -0.0252873, -10.5275)
}
ADDED 46 new points
Using 4 over 13 cameras
0 1 0 1 1 1 0 0 0 0 0 0 0 
****************** OPTIM CHEIRALITY VIOLATION for 12 points : redoing optim!!
camera[5]
{
	 r_vec : (0.178462, -0.343507, -0.282009)
	 t_vec : (1.98094, 0.619909, -1.82809)
}
ADDED 602 new points
Using 5 over 13 cameras
1 1 0 1 1 1 0 0 0 0 0 0 0 
****************** OPTIM CHEIRALITY VIOLATION for 220 points : redoing optim!!
****************** OPTIM CHEIRALITY VIOLATION for 9 points : redoing optim!!
****************** OPTIM CHEIRALITY VIOLATION for 8 points : redoing optim!!
****************** OPTIM CHEIRALITY VIOLATION for 7 points : redoing optim!!
****************** OPTIM CHEIRALITY VIOLATION for 9 points : redoing optim!!
****************** OPTIM CHEIRALITY VIOLATION for 7 points : redoing optim!!
camera[0]
{
	 r_vec : (0.125316, -0.150636, -0.30758)
	 t_vec : (0.835132, 0.539114, -3.79516)
}
ADDED 0 new points
Using 6 over 13 cameras
1 1 0 1 1 1 1 0 0 0 0 0 0 
****************** OPTIM CHEIRALITY VIOLATION for 231 points : redoing optim!!
W0512 14:48:19.998348 38577 levenberg_marquardt_strategy.cc:115] Linear solver failure. Failed to compute a step: Eigen failure. Unable to perform dense Cholesky factorization.
W0512 14:48:20.002735 38577 levenberg_marquardt_strategy.cc:115] Linear solver failure. Failed to compute a step: Eigen failure. Unable to perform dense Cholesky factorization.
W0512 14:48:20.003808 38577 levenberg_marquardt_strategy.cc:115] Linear solver failure. Failed to compute a step: Eigen failure. Unable to perform dense Cholesky factorization.
W0512 14:48:20.006796 38577 levenberg_marquardt_strategy.cc:115] Linear solver failure. Failed to compute a step: Eigen failure. Unable to perform dense Cholesky factorization.
W0512 14:48:20.007452 38577 levenberg_marquardt_strategy.cc:115] Linear solver failure. Failed to compute a step: Eigen failure. Unable to perform dense Cholesky factorization.
W0512 14:48:20.008476 38577 levenberg_marquardt_strategy.cc:115] Linear solver failure. Failed to compute a step: Eigen failure. Unable to perform dense Cholesky factorization.
W0512 14:48:20.009121 38577 levenberg_marquardt_strategy.cc:115] Linear solver failure. Failed to compute a step: Eigen failure. Unable to perform dense Cholesky factorization.
W0512 14:48:20.009773 38577 levenberg_marquardt_strategy.cc:115] Linear solver failure. Failed to compute a step: Eigen failure. Unable to perform dense Cholesky factorization.
W0512 14:48:20.010432 38577 levenberg_marquardt_strategy.cc:115] Linear solver failure. Failed to compute a step: Eigen failure. Unable to perform dense Cholesky factorization.
W0512 14:48:20.011364 38577 levenberg_marquardt_strategy.cc:115] Linear solver failure. Failed to compute a step: Eigen failure. Unable to perform dense Cholesky factorization.
W0512 14:48:20.012017 38577 levenberg_marquardt_strategy.cc:115] Linear solver failure. Failed to compute a step: Eigen failure. Unable to perform dense Cholesky factorization.
W0512 14:48:20.012902 38577 levenberg_marquardt_strategy.cc:115] Linear solver failure. Failed to compute a step: Eigen failure. Unable to perform dense Cholesky factorization.
W0512 14:48:20.013185 38577 levenberg_marquardt_strategy.cc:115] Linear solver failure. Failed to compute a step: Eigen failure. Unable to perform dense Cholesky factorization.
W0512 14:48:20.014364 38577 levenberg_marquardt_strategy.cc:115] Linear solver failure. Failed to compute a step: Eigen failure. Unable to perform dense Cholesky factorization.
W0512 14:48:20.015030 38577 levenberg_marquardt_strategy.cc:115] Linear solver failure. Failed to compute a step: Eigen failure. Unable to perform dense Cholesky factorization.
W0512 14:48:20.015249 38577 levenberg_marquardt_strategy.cc:115] Linear solver failure. Failed to compute a step: Eigen failure. Unable to perform dense Cholesky factorization.
W0512 14:48:20.015905 38577 levenberg_marquardt_strategy.cc:115] Linear solver failure. Failed to compute a step: Eigen failure. Unable to perform dense Cholesky factorization.
W0512 14:48:20.016579 38577 levenberg_marquardt_strategy.cc:115] Linear solver failure. Failed to compute a step: Eigen failure. Unable to perform dense Cholesky factorization.
W0512 14:48:20.017256 38577 levenberg_marquardt_strategy.cc:115] Linear solver failure. Failed to compute a step: Eigen failure. Unable to perform dense Cholesky factorization.
W0512 14:48:20.017977 38577 levenberg_marquardt_strategy.cc:115] Linear solver failure. Failed to compute a step: Eigen failure. Unable to perform dense Cholesky factorization.
W0512 14:48:20.018195 38577 levenberg_marquardt_strategy.cc:115] Linear solver failure. Failed to compute a step: Eigen failure. Unable to perform dense Cholesky factorization.
W0512 14:48:20.018857 38577 levenberg_marquardt_strategy.cc:115] Linear solver failure. Failed to compute a step: Eigen failure. Unable to perform dense Cholesky factorization.
W0512 14:48:20.019513 38577 levenberg_marquardt_strategy.cc:115] Linear solver failure. Failed to compute a step: Eigen failure. Unable to perform dense Cholesky factorization.
W0512 14:48:20.019738 38577 levenberg_marquardt_strategy.cc:115] Linear solver failure. Failed to compute a step: Eigen failure. Unable to perform dense Cholesky factorization.
W0512 14:48:20.020399 38577 levenberg_marquardt_strategy.cc:115] Linear solver failure. Failed to compute a step: Eigen failure. Unable to perform dense Cholesky factorization.
W0512 14:48:20.021060 38577 levenberg_marquardt_strategy.cc:115] Linear solver failure. Failed to compute a step: Eigen failure. Unable to perform dense Cholesky factorization.
W0512 14:48:20.021725 38577 levenberg_marquardt_strategy.cc:115] Linear solver failure. Failed to compute a step: Eigen failure. Unable to perform dense Cholesky factorization.
W0512 14:48:20.022428 38577 levenberg_marquardt_strategy.cc:115] Linear solver failure. Failed to compute a step: Eigen failure. Unable to perform dense Cholesky factorization.
W0512 14:48:20.023077 38577 levenberg_marquardt_strategy.cc:115] Linear solver failure. Failed to compute a step: Eigen failure. Unable to perform dense Cholesky factorization.
W0512 14:48:20.023304 38577 levenberg_marquardt_strategy.cc:115] Linear solver failure. Failed to compute a step: Eigen failure. Unable to perform dense Cholesky factorization.
W0512 14:48:20.023958 38577 levenberg_marquardt_strategy.cc:115] Linear solver failure. Failed to compute a step: Eigen failure. Unable to perform dense Cholesky factorization.
W0512 14:48:20.024631 38577 levenberg_marquardt_strategy.cc:115] Linear solver failure. Failed to compute a step: Eigen failure. Unable to perform dense Cholesky factorization.
W0512 14:48:20.025296 38577 levenberg_marquardt_strategy.cc:115] Linear solver failure. Failed to compute a step: Eigen failure. Unable to perform dense Cholesky factorization.
W0512 14:48:20.025514 38577 levenberg_marquardt_strategy.cc:115] Linear solver failure. Failed to compute a step: Eigen failure. Unable to perform dense Cholesky factorization.
W0512 14:48:20.026187 38577 levenberg_marquardt_strategy.cc:115] Linear solver failure. Failed to compute a step: Eigen failure. Unable to perform dense Cholesky factorization.
W0512 14:48:20.026852 38577 levenberg_marquardt_strategy.cc:115] Linear solver failure. Failed to compute a step: Eigen failure. Unable to perform dense Cholesky factorization.
W0512 14:48:20.027498 38577 levenberg_marquardt_strategy.cc:115] Linear solver failure. Failed to compute a step: Eigen failure. Unable to perform dense Cholesky factorization.
W0512 14:48:20.027709 38577 levenberg_marquardt_strategy.cc:115] Linear solver failure. Failed to compute a step: Eigen failure. Unable to perform dense Cholesky factorization.
W0512 14:48:20.028805 38577 levenberg_marquardt_strategy.cc:115] Linear solver failure. Failed to compute a step: Eigen failure. Unable to perform dense Cholesky factorization.
W0512 14:48:20.029459 38577 levenberg_marquardt_strategy.cc:115] Linear solver failure. Failed to compute a step: Eigen failure. Unable to perform dense Cholesky factorization.
W0512 14:48:20.030124 38577 levenberg_marquardt_strategy.cc:115] Linear solver failure. Failed to compute a step: Eigen failure. Unable to perform dense Cholesky factorization.
W0512 14:48:20.031052 38577 levenberg_marquardt_strategy.cc:115] Linear solver failure. Failed to compute a step: Eigen failure. Unable to perform dense Cholesky factorization.
W0512 14:48:20.031816 38577 levenberg_marquardt_strategy.cc:115] Linear solver failure. Failed to compute a step: Eigen failure. Unable to perform dense Cholesky factorization.
W0512 14:48:20.032058 38577 levenberg_marquardt_strategy.cc:115] Linear solver failure. Failed to compute a step: Eigen failure. Unable to perform dense Cholesky factorization.
W0512 14:48:20.033746 38577 levenberg_marquardt_strategy.cc:115] Linear solver failure. Failed to compute a step: Eigen failure. Unable to perform dense Cholesky factorization.
W0512 14:48:20.034508 38577 levenberg_marquardt_strategy.cc:115] Linear solver failure. Failed to compute a step: Eigen failure. Unable to perform dense Cholesky factorization.
W0512 14:48:20.035630 38577 levenberg_marquardt_strategy.cc:115] Linear solver failure. Failed to compute a step: Eigen failure. Unable to perform dense Cholesky factorization.
W0512 14:48:20.035844 38577 levenberg_marquardt_strategy.cc:115] Linear solver failure. Failed to compute a step: Eigen failure. Unable to perform dense Cholesky factorization.
W0512 14:48:20.036505 38577 levenberg_marquardt_strategy.cc:115] Linear solver failure. Failed to compute a step: Eigen failure. Unable to perform dense Cholesky factorization.
W0512 14:48:20.037163 38577 levenberg_marquardt_strategy.cc:115] Linear solver failure. Failed to compute a step: Eigen failure. Unable to perform dense Cholesky factorization.
W0512 14:48:20.037817 38577 levenberg_marquardt_strategy.cc:115] Linear solver failure. Failed to compute a step: Eigen failure. Unable to perform dense Cholesky factorization.
W0512 14:48:20.038035 38577 levenberg_marquardt_strategy.cc:115] Linear solver failure. Failed to compute a step: Eigen failure. Unable to perform dense Cholesky factorization.
W0512 14:48:20.039599 38577 levenberg_marquardt_strategy.cc:115] Linear solver failure. Failed to compute a step: Eigen failure. Unable to perform dense Cholesky factorization.
W0512 14:48:20.039821 38577 levenberg_marquardt_strategy.cc:115] Linear solver failure. Failed to compute a step: Eigen failure. Unable to perform dense Cholesky factorization.
W0512 14:48:20.040905 38577 levenberg_marquardt_strategy.cc:115] Linear solver failure. Failed to compute a step: Eigen failure. Unable to perform dense Cholesky factorization.
W0512 14:48:20.041976 38577 levenberg_marquardt_strategy.cc:115] Linear solver failure. Failed to compute a step: Eigen failure. Unable to perform dense Cholesky factorization.
camera[6]
{
	 r_vec : (0.299563, -0.513379, -1.54935)
	 t_vec : (2.16687, -0.660319, -3.46013)
}
ADDED 1 new points
Using 7 over 13 cameras
1 1 0 1 1 1 1 0 0 0 0 0 1 
W0512 14:48:20.083731 38577 levenberg_marquardt_strategy.cc:115] Linear solver failure. Failed to compute a step: Eigen failure. Unable to perform dense Cholesky factorization.
W0512 14:48:20.087287 38577 levenberg_marquardt_strategy.cc:115] Linear solver failure. Failed to compute a step: Eigen failure. Unable to perform dense Cholesky factorization.
W0512 14:48:20.088028 38577 levenberg_marquardt_strategy.cc:115] Linear solver failure. Failed to compute a step: Eigen failure. Unable to perform dense Cholesky factorization.
W0512 14:48:20.090662 38577 levenberg_marquardt_strategy.cc:115] Linear solver failure. Failed to compute a step: Eigen failure. Unable to perform dense Cholesky factorization.
W0512 14:48:20.091382 38577 levenberg_marquardt_strategy.cc:115] Linear solver failure. Failed to compute a step: Eigen failure. Unable to perform dense Cholesky factorization.
W0512 14:48:20.094515 38577 levenberg_marquardt_strategy.cc:115] Linear solver failure. Failed to compute a step: Eigen failure. Unable to perform dense Cholesky factorization.
W0512 14:48:20.095230 38577 levenberg_marquardt_strategy.cc:115] Linear solver failure. Failed to compute a step: Eigen failure. Unable to perform dense Cholesky factorization.
W0512 14:48:20.095963 38577 levenberg_marquardt_strategy.cc:115] Linear solver failure. Failed to compute a step: Eigen failure. Unable to perform dense Cholesky factorization.
W0512 14:48:20.096697 38577 levenberg_marquardt_strategy.cc:115] Linear solver failure. Failed to compute a step: Eigen failure. Unable to perform dense Cholesky factorization.
W0512 14:48:20.098424 38577 levenberg_marquardt_strategy.cc:115] Linear solver failure. Failed to compute a step: Eigen failure. Unable to perform dense Cholesky factorization.
W0512 14:48:20.098654 38577 levenberg_marquardt_strategy.cc:115] Linear solver failure. Failed to compute a step: Eigen failure. Unable to perform dense Cholesky factorization.
W0512 14:48:20.099813 38577 levenberg_marquardt_strategy.cc:115] Linear solver failure. Failed to compute a step: Eigen failure. Unable to perform dense Cholesky factorization.
W0512 14:48:20.100510 38577 levenberg_marquardt_strategy.cc:115] Linear solver failure. Failed to compute a step: Eigen failure. Unable to perform dense Cholesky factorization.
W0512 14:48:20.101219 38577 levenberg_marquardt_strategy.cc:115] Linear solver failure. Failed to compute a step: Eigen failure. Unable to perform dense Cholesky factorization.
W0512 14:48:20.101926 38577 levenberg_marquardt_strategy.cc:115] Linear solver failure. Failed to compute a step: Eigen failure. Unable to perform dense Cholesky factorization.
W0512 14:48:20.102156 38577 levenberg_marquardt_strategy.cc:115] Linear solver failure. Failed to compute a step: Eigen failure. Unable to perform dense Cholesky factorization.
W0512 14:48:20.103293 38577 levenberg_marquardt_strategy.cc:115] Linear solver failure. Failed to compute a step: Eigen failure. Unable to perform dense Cholesky factorization.
W0512 14:48:20.103528 38577 levenberg_marquardt_strategy.cc:115] Linear solver failure. Failed to compute a step: Eigen failure. Unable to perform dense Cholesky factorization.
W0512 14:48:20.104218 38577 levenberg_marquardt_strategy.cc:115] Linear solver failure. Failed to compute a step: Eigen failure. Unable to perform dense Cholesky factorization.
W0512 14:48:20.105346 38577 levenberg_marquardt_strategy.cc:115] Linear solver failure. Failed to compute a step: Eigen failure. Unable to perform dense Cholesky factorization.
W0512 14:48:20.105579 38577 levenberg_marquardt_strategy.cc:115] Linear solver failure. Failed to compute a step: Eigen failure. Unable to perform dense Cholesky factorization.
W0512 14:48:20.106711 38577 levenberg_marquardt_strategy.cc:115] Linear solver failure. Failed to compute a step: Eigen failure. Unable to perform dense Cholesky factorization.
W0512 14:48:20.106946 38577 levenberg_marquardt_strategy.cc:115] Linear solver failure. Failed to compute a step: Eigen failure. Unable to perform dense Cholesky factorization.
W0512 14:48:20.108071 38577 levenberg_marquardt_strategy.cc:115] Linear solver failure. Failed to compute a step: Eigen failure. Unable to perform dense Cholesky factorization.
W0512 14:48:20.108305 38577 levenberg_marquardt_strategy.cc:115] Linear solver failure. Failed to compute a step: Eigen failure. Unable to perform dense Cholesky factorization.
W0512 14:48:20.109432 38577 levenberg_marquardt_strategy.cc:115] Linear solver failure. Failed to compute a step: Eigen failure. Unable to perform dense Cholesky factorization.
W0512 14:48:20.109664 38577 levenberg_marquardt_strategy.cc:115] Linear solver failure. Failed to compute a step: Eigen failure. Unable to perform dense Cholesky factorization.
W0512 14:48:20.110886 38577 levenberg_marquardt_strategy.cc:115] Linear solver failure. Failed to compute a step: Eigen failure. Unable to perform dense Cholesky factorization.
W0512 14:48:20.111133 38577 levenberg_marquardt_strategy.cc:115] Linear solver failure. Failed to compute a step: Eigen failure. Unable to perform dense Cholesky factorization.
W0512 14:48:20.113107 38577 levenberg_marquardt_strategy.cc:115] Linear solver failure. Failed to compute a step: Eigen failure. Unable to perform dense Cholesky factorization.
W0512 14:48:20.113832 38577 levenberg_marquardt_strategy.cc:115] Linear solver failure. Failed to compute a step: Eigen failure. Unable to perform dense Cholesky factorization.
W0512 14:48:20.114064 38577 levenberg_marquardt_strategy.cc:115] Linear solver failure. Failed to compute a step: Eigen failure. Unable to perform dense Cholesky factorization.
W0512 14:48:20.115206 38577 levenberg_marquardt_strategy.cc:115] Linear solver failure. Failed to compute a step: Eigen failure. Unable to perform dense Cholesky factorization.
W0512 14:48:20.115442 38577 levenberg_marquardt_strategy.cc:115] Linear solver failure. Failed to compute a step: Eigen failure. Unable to perform dense Cholesky factorization.
W0512 14:48:20.116148 38577 levenberg_marquardt_strategy.cc:115] Linear solver failure. Failed to compute a step: Eigen failure. Unable to perform dense Cholesky factorization.
W0512 14:48:20.116849 38577 levenberg_marquardt_strategy.cc:115] Linear solver failure. Failed to compute a step: Eigen failure. Unable to perform dense Cholesky factorization.
W0512 14:48:20.117549 38577 levenberg_marquardt_strategy.cc:115] Linear solver failure. Failed to compute a step: Eigen failure. Unable to perform dense Cholesky factorization.
W0512 14:48:20.117787 38577 levenberg_marquardt_strategy.cc:115] Linear solver failure. Failed to compute a step: Eigen failure. Unable to perform dense Cholesky factorization.
W0512 14:48:20.118690 38577 levenberg_marquardt_strategy.cc:115] Linear solver failure. Failed to compute a step: Eigen failure. Unable to perform dense Cholesky factorization.
W0512 14:48:20.119443 38577 levenberg_marquardt_strategy.cc:115] Linear solver failure. Failed to compute a step: Eigen failure. Unable to perform dense Cholesky factorization.
W0512 14:48:20.119675 38577 levenberg_marquardt_strategy.cc:115] Linear solver failure. Failed to compute a step: Eigen failure. Unable to perform dense Cholesky factorization.
W0512 14:48:20.120854 38577 levenberg_marquardt_strategy.cc:115] Linear solver failure. Failed to compute a step: Eigen failure. Unable to perform dense Cholesky factorization.
W0512 14:48:20.121090 38577 levenberg_marquardt_strategy.cc:115] Linear solver failure. Failed to compute a step: Eigen failure. Unable to perform dense Cholesky factorization.
W0512 14:48:20.122299 38577 levenberg_marquardt_strategy.cc:115] Linear solver failure. Failed to compute a step: Eigen failure. Unable to perform dense Cholesky factorization.
W0512 14:48:20.122530 38577 levenberg_marquardt_strategy.cc:115] Linear solver failure. Failed to compute a step: Eigen failure. Unable to perform dense Cholesky factorization.
W0512 14:48:20.123718 38577 levenberg_marquardt_strategy.cc:115] Linear solver failure. Failed to compute a step: Eigen failure. Unable to perform dense Cholesky factorization.
W0512 14:48:20.123948 38577 levenberg_marquardt_strategy.cc:115] Linear solver failure. Failed to compute a step: Eigen failure. Unable to perform dense Cholesky factorization.
W0512 14:48:20.124665 38577 levenberg_marquardt_strategy.cc:115] Linear solver failure. Failed to compute a step: Eigen failure. Unable to perform dense Cholesky factorization.
W0512 14:48:20.125368 38577 levenberg_marquardt_strategy.cc:115] Linear solver failure. Failed to compute a step: Eigen failure. Unable to perform dense Cholesky factorization.
W0512 14:48:20.125602 38577 levenberg_marquardt_strategy.cc:115] Linear solver failure. Failed to compute a step: Eigen failure. Unable to perform dense Cholesky factorization.
W0512 14:48:20.127264 38577 levenberg_marquardt_strategy.cc:115] Linear solver failure. Failed to compute a step: Eigen failure. Unable to perform dense Cholesky factorization.
W0512 14:48:20.127498 38577 levenberg_marquardt_strategy.cc:115] Linear solver failure. Failed to compute a step: Eigen failure. Unable to perform dense Cholesky factorization.
W0512 14:48:20.128669 38577 levenberg_marquardt_strategy.cc:115] Linear solver failure. Failed to compute a step: Eigen failure. Unable to perform dense Cholesky factorization.
W0512 14:48:20.128901 38577 levenberg_marquardt_strategy.cc:115] Linear solver failure. Failed to compute a step: Eigen failure. Unable to perform dense Cholesky factorization.
W0512 14:48:20.129614 38577 levenberg_marquardt_strategy.cc:115] Linear solver failure. Failed to compute a step: Eigen failure. Unable to perform dense Cholesky factorization.
W0512 14:48:20.130831 38577 levenberg_marquardt_strategy.cc:115] Linear solver failure. Failed to compute a step: Eigen failure. Unable to perform dense Cholesky factorization.
****************** OPTIM CHEIRALITY VIOLATION for 89 points : redoing optim!!
camera[12]
{
	 r_vec : (0.231792, 0.0497308, 3.16652)
	 t_vec : (-0.700257, -0.306198, -4.07241)
}
ADDED 0 new points
Using 8 over 13 cameras
1 1 1 1 1 1 1 0 0 0 0 0 1 
****************** OPTIM CHEIRALITY VIOLATION for 40 points : redoing optim!!
camera[2]
{
	 r_vec : (94.5372, 430.256, -50.0954)
	 t_vec : (-33.2346, -48.2039, -759.433)
}
Diverged: geometry exploded (max_dist = 3791.87)
Try to look for a better seed pair
Seed pair (1, 6): inliers E=419 H=123
camera[1]
{
	 r_vec : (0, 0, 0)
	 t_vec : (0, 0, 0)
}
camera[6]
{
	 r_vec : (-0.00129075, 0.101739, 0.0220702)
	 t_vec : (-0.926076, -0.115023, 0.359378)
}
camera[6]
{
	 r_vec : (-0.00121399, 0.0961622, 0.0217611)
	 t_vec : (-0.906863, -0.113536, 0.382887)
}
ADDED 59 new points
Using 3 over 13 cameras
1 1 0 0 0 0 1 0 0 0 0 0 0 
****************** OPTIM CHEIRALITY VIOLATION for 294 points : redoing optim!!
****************** OPTIM CHEIRALITY VIOLATION for 40 points : redoing optim!!
camera[0]
{
	 r_vec : (-0.00868716, 0.121754, -0.103754)
	 t_vec : (-0.918972, -0.199224, -3.28449)
}
ADDED 573 new points
Using 4 over 13 cameras
1 1 0 0 0 1 1 0 0 0 0 0 0 
camera[5]
{
	 r_vec : (0.0204346, 0.126175, -0.104712)
	 t_vec : (-0.950337, -0.0968209, -2.91072)
}
ADDED 252 new points
Using 5 over 13 cameras
1 1 1 0 0 1 1 0 0 0 0 0 0 
camera[2]
{
	 r_vec : (-0.00267771, 0.181625, -0.126948)
	 t_vec : (-1.09273, -0.13613, -2.84115)
}
ADDED 205 new points
Using 6 over 13 cameras
1 1 1 0 1 1 1 0 0 0 0 0 0 
camera[4]
{
	 r_vec : (0.0277909, 0.197535, -0.144965)
	 t_vec : (-1.12518, -0.0338875, -2.73116)
}
ADDED 181 new points
Using 7 over 13 cameras
1 1 1 1 1 1 1 0 0 0 0 0 0 
****************** OPTIM FOUND 7 OUTLIERS : redoing optim!!
camera[3]
{
	 r_vec : (0.0123333, 0.243833, -0.142813)
	 t_vec : (-1.24229, -0.0711837, -2.6838)
}
ADDED 77 new points
Using 8 over 13 cameras
1 1 1 1 1 1 1 0 0 0 0 0 1 
****************** OPTIM FOUND 15 OUTLIERS : redoing optim!!
camera[12]
{
	 r_vec : (0.0154155, 0.155599, -0.117985)
	 t_vec : (-1.03744, -0.07424, -2.70553)
}
ADDED 85 new points
Using 9 over 13 cameras
1 1 1 1 1 1 1 0 0 0 0 1 1 
camera[11]
{
	 r_vec : (0.17788, 0.0312619, -0.256625)
	 t_vec : (-0.445089, 0.531537, -3.49739)
}
ADDED 0 new points
Using 10 over 13 cameras
1 1 1 1 1 1 1 1 0 0 0 1 1 
****************** OPTIM CHEIRALITY VIOLATION for 392 points : redoing optim!!
camera[7]
{
	 r_vec : (14.5024, 18.3897, -15.4336)
	 t_vec : (22.9308, -11.4378, -219.008)
}
Diverged: geometry exploded (max_dist = 1087.26)
Try to look for a better seed pair
Seed pair (5, 12): inliers E=412 H=130
camera[5]
{
	 r_vec : (0, 0, 0)
	 t_vec : (0, 0, 0)
}
camera[12]
{
	 r_vec : (0.050445, 0.00713054, 0.0243716)
	 t_vec : (0.0175341, 0.952627, -0.303634)
}
camera[12]
{
	 r_vec : (0.0776035, 0.00768406, 0.0183758)
	 t_vec : (0.00837644, 1.22231, -0.194607)
}
ADDED 537 new points
Using 3 over 13 cameras
1 0 0 0 0 1 0 0 0 0 0 0 1 
camera[0]
{
	 r_vec : (13.0613, -13.3799, -1.93222)
	 t_vec : (-0.196918, -0.155886, -0.58854)
}
ADDED 0 new points
Using 4 over 13 cameras
1 1 0 0 0 1 0 0 0 0 0 0 1 
W0512 14:48:21.656497 38577 levenberg_marquardt_strategy.cc:115] Linear solver failure. Failed to compute a step: Eigen failure. Unable to perform dense Cholesky factorization.
****************** OPTIM CHEIRALITY VIOLATION for 21 points : redoing optim!!
camera[1]
{
	 r_vec : (-0.12761, -0.226923, 3.10676)
	 t_vec : (0.493154, 1.165, -19.2785)
}
ADDED 0 new points
Using 5 over 13 cameras
1 1 0 0 0 1 1 0 0 0 0 0 1 
****************** OPTIM CHEIRALITY VIOLATION for 8 points : redoing optim!!
camera[6]
{
	 r_vec : (0.439028, -0.280578, -3.16835)
	 t_vec : (3.07188, -1.73937, -18.9373)
}
Diverged: only 6 valid points remain.
Try to look for a better seed pair
Seed pair (4, 5): inliers E=437 H=100
camera[4]
{
	 r_vec : (0, 0, 0)
	 t_vec : (0, 0, 0)
}
camera[5]
{
	 r_vec : (-0.0102245, 0.101568, 0.0240145)
	 t_vec : (-0.979217, -0.0383061, 0.199164)
}
camera[5]
{
	 r_vec : (-0.00704673, 0.105145, 0.025252)
	 t_vec : (-0.993577, -0.0212518, 0.196418)
}
ADDED 0 new points
Using 3 over 13 cameras
1 0 0 0 1 1 0 0 0 0 0 0 0 
****************** OPTIM CHEIRALITY VIOLATION for 364 points : redoing optim!!
camera[0]
{
	 r_vec : (3.01047, -0.597905, -0.0566179)
	 t_vec : (0.184954, 0.277228, 0.213641)
}
ADDED 0 new points
Using 4 over 13 cameras
1 0 1 0 1 1 0 0 0 0 0 0 0 
****************** OPTIM CHEIRALITY VIOLATION for 53 points : redoing optim!!
camera[2]
{
	 r_vec : (13.2395, -19.8821, -14.792)
	 t_vec : (-69.5335, -116.271, -1732.2)
}
Diverged: geometry exploded (max_dist = 8688.64)
Try to look for a better seed pair
Seed pair (0, 3): inliers E=398 H=78
camera[0]
{
	 r_vec : (0, 0, 0)
	 t_vec : (0, 0, 0)
}
camera[3]
{
	 r_vec : (-0.0187793, -0.313748, -0.0265459)
	 t_vec : (0.980814, -0.101794, 0.166256)
}
camera[3]
{
	 r_vec : (-0.0135396, -0.251937, -0.0289631)
	 t_vec : (0.901707, -0.087167, 0.270283)
}
ADDED 0 new points
Using 3 over 13 cameras
1 0 0 1 1 0 0 0 0 0 0 0 0 
****************** OPTIM CHEIRALITY VIOLATION for 320 points : redoing optim!!
camera[4]
{
	 r_vec : (0.395122, 0.0757647, 3.07764)
	 t_vec : (-0.77464, -0.0247631, -5.0731)
}
ADDED 0 new points
Using 4 over 13 cameras
1 0 0 1 1 1 0 0 0 0 0 0 0 
****************** OPTIM CHEIRALITY VIOLATION for 48 points : redoing optim!!
camera[5]
{
	 r_vec : (0.0533839, -0.132193, -3.14213)
	 t_vec : (0.130754, -0.135174, -5.08264)
}
ADDED 360 new points
Using 5 over 13 cameras
1 0 0 1 1 1 0 1 0 0 0 0 0 
****************** OPTIM CHEIRALITY VIOLATION for 275 points : redoing optim!!
camera[7]
{
	 r_vec : (3.33911, 4.90481, -1.36638)
	 t_vec : (0.295675, -0.264175, -0.52782)
}
ADDED 303 new points
Using 6 over 13 cameras
1 0 0 1 1 1 1 1 0 0 0 0 0 
****************** OPTIM CHEIRALITY VIOLATION for 161 points : redoing optim!!
camera[6]
{
	 r_vec : (-0.0934605, -0.121925, 0.00552076)
	 t_vec : (0.247129, -0.287761, -0.599224)
}
ADDED 162 new points
Using 7 over 13 cameras
1 0 0 1 1 1 1 1 1 0 0 0 0 
****************** OPTIM CHEIRALITY VIOLATION for 49 points : redoing optim!!
W0512 14:48:21.990011 38577 levenberg_marquardt_strategy.cc:115] Linear solver failure. Failed to compute a step: Eigen failure. Unable to perform dense Cholesky factorization.
W0512 14:48:21.990833 38577 levenberg_marquardt_strategy.cc:115] Linear solver failure. Failed to compute a step: Eigen failure. Unable to perform dense Cholesky factorization.
W0512 14:48:21.991633 38577 levenberg_marquardt_strategy.cc:115] Linear solver failure. Failed to compute a step: Eigen failure. Unable to perform dense Cholesky factorization.
W0512 14:48:21.991870 38577 levenberg_marquardt_strategy.cc:115] Linear solver failure. Failed to compute a step: Eigen failure. Unable to perform dense Cholesky factorization.
W0512 14:48:21.993187 38577 levenberg_marquardt_strategy.cc:115] Linear solver failure. Failed to compute a step: Eigen failure. Unable to perform dense Cholesky factorization.
W0512 14:48:21.993443 38577 levenberg_marquardt_strategy.cc:115] Linear solver failure. Failed to compute a step: Eigen failure. Unable to perform dense Cholesky factorization.
W0512 14:48:21.994218 38577 levenberg_marquardt_strategy.cc:115] Linear solver failure. Failed to compute a step: Eigen failure. Unable to perform dense Cholesky factorization.
W0512 14:48:21.994475 38577 levenberg_marquardt_strategy.cc:115] Linear solver failure. Failed to compute a step: Eigen failure. Unable to perform dense Cholesky factorization.
W0512 14:48:21.995837 38577 levenberg_marquardt_strategy.cc:115] Linear solver failure. Failed to compute a step: Eigen failure. Unable to perform dense Cholesky factorization.
W0512 14:48:21.996699 38577 levenberg_marquardt_strategy.cc:115] Linear solver failure. Failed to compute a step: Eigen failure. Unable to perform dense Cholesky factorization.
W0512 14:48:21.997587 38577 levenberg_marquardt_strategy.cc:115] Linear solver failure. Failed to compute a step: Eigen failure. Unable to perform dense Cholesky factorization.
W0512 14:48:21.997848 38577 levenberg_marquardt_strategy.cc:115] Linear solver failure. Failed to compute a step: Eigen failure. Unable to perform dense Cholesky factorization.
W0512 14:48:21.999210 38577 levenberg_marquardt_strategy.cc:115] Linear solver failure. Failed to compute a step: Eigen failure. Unable to perform dense Cholesky factorization.
W0512 14:48:21.999462 38577 levenberg_marquardt_strategy.cc:115] Linear solver failure. Failed to compute a step: Eigen failure. Unable to perform dense Cholesky factorization.
W0512 14:48:22.000268 38577 levenberg_marquardt_strategy.cc:115] Linear solver failure. Failed to compute a step: Eigen failure. Unable to perform dense Cholesky factorization.
W0512 14:48:22.000505 38577 levenberg_marquardt_strategy.cc:115] Linear solver failure. Failed to compute a step: Eigen failure. Unable to perform dense Cholesky factorization.
W0512 14:48:22.001830 38577 levenberg_marquardt_strategy.cc:115] Linear solver failure. Failed to compute a step: Eigen failure. Unable to perform dense Cholesky factorization.
W0512 14:48:22.002077 38577 levenberg_marquardt_strategy.cc:115] Linear solver failure. Failed to compute a step: Eigen failure. Unable to perform dense Cholesky factorization.
W0512 14:48:22.003407 38577 levenberg_marquardt_strategy.cc:115] Linear solver failure. Failed to compute a step: Eigen failure. Unable to perform dense Cholesky factorization.
W0512 14:48:22.004206 38577 levenberg_marquardt_strategy.cc:115] Linear solver failure. Failed to compute a step: Eigen failure. Unable to perform dense Cholesky factorization.
camera[8]
{
	 r_vec : (-0.0981888, -0.153301, 0.0815169)
	 t_vec : (0.327961, -0.23144, -0.530848)
}
ADDED 232 new points
Using 8 over 13 cameras
1 1 0 1 1 1 1 1 1 0 0 0 0 
****************** OPTIM CHEIRALITY VIOLATION for 163 points : redoing optim!!
camera[1]
{
	 r_vec : (-0.126302, 0.011478, -0.0183468)
	 t_vec : (0.0558273, -0.332778, -0.78324)
}
ADDED 103 new points
Using 9 over 13 cameras
1 1 0 1 1 1 1 1 1 0 0 0 1 
****************** OPTIM CHEIRALITY VIOLATION for 57 points : redoing optim!!
camera[12]
{
	 r_vec : (-0.160207, -0.0166073, -0.00388937)
	 t_vec : (0.0968062, -0.414196, -0.763886)
}
ADDED 207 new points
Using 10 over 13 cameras
1 1 1 1 1 1 1 1 1 0 0 0 1 
****************** OPTIM CHEIRALITY VIOLATION for 124 points : redoing optim!!
camera[2]
{
	 r_vec : (-0.11084, 0.0564885, -0.0305454)
	 t_vec : (0.00242494, -0.313375, -0.80903)
}
ADDED 113 new points
Using 11 over 13 cameras
1 1 1 1 1 1 1 1 1 0 0 1 1 
****************** OPTIM CHEIRALITY VIOLATION for 38 points : redoing optim!!
camera[11]
{
	 r_vec : (-0.245553, 0.171602, -0.0745784)
	 t_vec : (-0.252761, -0.564286, -0.598516)
}
ADDED 3 new points
Using 12 over 13 cameras
1 1 1 1 1 1 1 1 1 0 1 1 1 
****************** OPTIM FOUND 12 OUTLIERS : redoing optim!!
****************** OPTIM FOUND 55 OUTLIERS : redoing optim!!
camera[10]
{
	 r_vec : (155.446, 45.8979, -247.752)
	 t_vec : (44.3609, 180.063, 3043.18)
}
Diverged: geometry exploded (max_dist = 15271.2)
Try to look for a better seed pair
Seed pair (7, 8): inliers E=441 H=141
camera[7]
{
	 r_vec : (0, 0, 0)
	 t_vec : (0, 0, 0)
}
camera[8]
{
	 r_vec : (-0.00699204, 0.055023, 0.0326134)
	 t_vec : (-0.933177, -0.165895, 0.318841)
}
camera[8]
{
	 r_vec : (-0.012267, 0.0950239, 0.026797)
	 t_vec : (-1.92571, -0.327648, 1.11164)
}
ADDED 352 new points
Using 3 over 13 cameras
1 0 0 0 0 0 0 1 1 0 0 0 0 
camera[0]
{
	 r_vec : (-0.0274718, -0.26692, 0.027719)
	 t_vec : (11.1557, -0.645566, 0.516455)
}
ADDED 0 new points
Using 4 over 13 cameras
1 0 0 0 0 0 1 1 1 0 0 0 0 
****************** OPTIM CHEIRALITY VIOLATION for 504 points : redoing optim!!
camera[6]
{
	 r_vec : (0.02031, -0.109888, -3.09741)
	 t_vec : (1.30305, -2.21799, -73.4405)
}
Diverged: geometry exploded (max_dist = 393.094)
Try to look for a better seed pair
Seed pair (2, 11): inliers E=350 H=88
camera[2]
{
	 r_vec : (0, 0, 0)
	 t_vec : (0, 0, 0)
}
camera[11]
{
	 r_vec : (0.260618, -0.113801, -0.0530654)
	 t_vec : (0.353705, 0.859754, 0.368396)
}
camera[11]
{
	 r_vec : (0.231118, -0.106825, -0.0682206)
	 t_vec : (0.344888, 0.788484, 0.265507)
}
ADDED 0 new points
Using 3 over 13 cameras
0 0 1 0 1 0 0 0 0 0 0 1 0 
****************** OPTIM CHEIRALITY VIOLATION for 274 points : redoing optim!!
camera[4]
{
	 r_vec : (696.629, -545.281, -277.058)
	 t_vec : (-225.268, -48.1154, -5191.03)
}
Diverged: geometry exploded (max_dist = 25982.1)
Try to look for a better seed pair
Seed pair (5, 7): inliers E=356 H=103
camera[5]
{
	 r_vec : (0, 0, 0)
	 t_vec : (0, 0, 0)
}
camera[7]
{
	 r_vec : (-0.0698088, 0.0553792, 0.0471674)
	 t_vec : (-0.875322, -0.198067, 0.441113)
}
camera[7]
{
	 r_vec : (-0.0693307, 0.0941779, 0.0200766)
	 t_vec : (-1.05191, -0.199009, 0.317051)
}
ADDED 0 new points
Using 3 over 13 cameras
1 0 0 0 0 1 0 1 0 0 0 0 0 
****************** OPTIM CHEIRALITY VIOLATION for 303 points : redoing optim!!
camera[0]
{
	 r_vec : (1.00267, -0.974512, -2.65763)
	 t_vec : (3.74834, -3.31912, -8.87955)
}
ADDED 7 new points
Using 4 over 13 cameras
1 1 0 0 0 1 0 1 0 0 0 0 0 
camera[1]
{
	 r_vec : (-17751, 19508.8, 14101.1)
	 t_vec : (-2385.51, 1890.96, 91908.9)
}
Diverged: geometry exploded (max_dist = 102324)
Try to look for a better seed pair
Seed pair (3, 11): inliers E=380 H=87
camera[3]
{
	 r_vec : (0, 0, 0)
	 t_vec : (0, 0, 0)
}
camera[11]
{
	 r_vec : (0.266499, -0.0320082, -0.0367226)
	 t_vec : (-0.146263, 0.937214, 0.316604)
}
camera[11]
{
	 r_vec : (0.237748, -0.0436908, -0.0572982)
	 t_vec : (-0.0999906, 0.872105, 0.301862)
}
ADDED 0 new points
Using 3 over 13 cameras
0 0 1 1 0 0 0 0 0 0 0 1 0 
****************** OPTIM CHEIRALITY VIOLATION for 279 points : redoing optim!!
camera[2]
{
	 r_vec : (16.8609, -14.0674, -26.5527)
	 t_vec : (-5.99272, -15.5236, -271.219)
}
Diverged: geometry exploded (max_dist = 1360.41)
Try to look for a better seed pair
Seed pair (4, 11): inliers E=346 H=97
camera[4]
{
	 r_vec : (0, 0, 0)
	 t_vec : (0, 0, 0)
}
camera[11]
{
	 r_vec : (0.240118, -0.100564, -0.034073)
	 t_vec : (0.268423, 0.933668, 0.237092)
}
camera[11]
{
	 r_vec : (0.209164, -0.0899927, -0.0340588)
	 t_vec : (0.242622, 0.85886, 0.173607)
}
ADDED 0 new points
Using 3 over 13 cameras
0 0 1 0 1 0 0 0 0 0 0 1 0 
****************** OPTIM CHEIRALITY VIOLATION for 268 points : redoing optim!!
camera[2]
{
	 r_vec : (15.3588, -16.746, -17.4453)
	 t_vec : (-0.909912, -7.68946, -87.7392)
}
Diverged: geometry exploded (max_dist = 441.572)
Try to look for a better seed pair
Seed pair (2, 12): inliers E=344 H=91
camera[2]
{
	 r_vec : (0, 0, 0)
	 t_vec : (0, 0, 0)
}
camera[12]
{
	 r_vec : (0.149362, 0.125348, 0.0272917)
	 t_vec : (-0.753815, 0.626269, 0.198872)
}
camera[12]
{
	 r_vec : (0.142652, 0.108764, 0.021574)
	 t_vec : (-0.695215, 0.616718, 0.18837)
}
ADDED 1 new points
Using 3 over 13 cameras
0 1 1 0 0 0 0 0 0 0 0 0 1 
****************** OPTIM CHEIRALITY VIOLATION for 283 points : redoing optim!!
camera[1]
{
	 r_vec : (0.250912, -0.220508, -3.1268)
	 t_vec : (0.863716, -0.607807, -8.35104)
}
ADDED 0 new points
Using 4 over 13 cameras
0 1 1 0 1 0 0 0 0 0 0 0 1 
****************** OPTIM FOUND 45 OUTLIERS : redoing optim!!
camera[4]
{
	 r_vec : (-101644, -116690, 99732.3)
	 t_vec : (88206.2, 49007.5, 1.73246e+06)
}
Diverged: geometry exploded (max_dist = 8.67701e+06)
Try to look for a better seed pair
Seed pair (1, 7): inliers E=373 H=89
camera[1]
{
	 r_vec : (0, 0, 0)
	 t_vec : (0, 0, 0)
}
camera[7]
{
	 r_vec : (-0.048421, 0.102745, 0.046149)
	 t_vec : (-0.838906, -0.178036, 0.514335)
}
camera[7]
{
	 r_vec : (-0.0464685, 0.124399, 0.0392895)
	 t_vec : (-0.895741, -0.17184, 0.464355)
}
ADDED 38 new points
Using 3 over 13 cameras
1 1 0 0 0 0 0 1 0 0 0 0 0 
camera[0]
{
	 r_vec : (-0.0550143, 0.100397, 0.165147)
	 t_vec : (-0.352238, -0.391588, -2.75056)
}
ADDED 617 new points
Using 4 over 13 cameras
1 1 0 0 0 1 0 1 0 0 0 0 0 
camera[5]
{
	 r_vec : (-0.0316258, 0.0624253, 0.122517)
	 t_vec : (-0.226669, -0.324186, -2.7826)
}
ADDED 0 new points
Using 5 over 13 cameras
1 1 0 0 0 1 1 1 0 0 0 0 0 
****************** OPTIM CHEIRALITY VIOLATION for 569 points : redoing optim!!
camera[6]
{
	 r_vec : (-6.64137, 2.06484, -6.30212)
	 t_vec : (-3.68806, 1.1994, -1.3477)
}
ADDED 0 new points
Using 6 over 13 cameras
1 1 1 0 0 1 1 1 0 0 0 0 0 
****************** OPTIM CHEIRALITY VIOLATION for 223 points : redoing optim!!
camera[2]
{
	 r_vec : (45.8375, 16.4435, -21.1576)
	 t_vec : (-10.468, -18.9319, -379.077)
}
Diverged: geometry exploded (max_dist = 1892.04)
Try to look for a better seed pair
Seed pair (0, 11): inliers E=317 H=65
camera[0]
{
	 r_vec : (0, 0, 0)
	 t_vec : (0, 0, 0)
}
camera[11]
{
	 r_vec : (0.138856, -0.0814967, -0.0627368)
	 t_vec : (0.577395, 0.606479, 0.546624)
}
camera[11]
{
	 r_vec : (0.154929, -0.110486, -0.0871466)
	 t_vec : (0.687754, 0.637784, 0.574195)
}
ADDED 0 new points
Using 3 over 13 cameras
1 0 0 0 1 0 0 0 0 0 0 1 0 
****************** OPTIM CHEIRALITY VIOLATION for 242 points : redoing optim!!
camera[4]
{
	 r_vec : (0.136578, 0.140304, 3.08667)
	 t_vec : (-0.707679, -0.228846, -9.23415)
}
ADDED 0 new points
Using 4 over 13 cameras
1 0 0 0 1 1 0 0 0 0 0 1 0 
****************** OPTIM CHEIRALITY VIOLATION for 45 points : redoing optim!!
camera[5]
{
	 r_vec : (65.0835, -25.9333, -35.7399)
	 t_vec : (36.0127, -4.5705, -1253.04)
}
Diverged: geometry exploded (max_dist = 6270.63)
Try to look for a better seed pair
Seed pair (1, 11): inliers E=317 H=79
camera[1]
{
	 r_vec : (0, 0, 0)
	 t_vec : (0, 0, 0)
}
camera[11]
{
	 r_vec : (0.254683, -0.287316, -0.0814104)
	 t_vec : (0.765898, 0.554817, 0.324927)
}
camera[11]
{
	 r_vec : (0.242052, -0.260832, -0.0619924)
	 t_vec : (0.718011, 0.549808, 0.287871)
}
ADDED 0 new points
Using 3 over 13 cameras
0 1 1 0 0 0 0 0 0 0 0 1 0 
****************** OPTIM CHEIRALITY VIOLATION for 250 points : redoing optim!!
camera[2]
{
	 r_vec : (4000.25, -5343.31, 1681.43)
	 t_vec : (-4538.19, -4064.32, -137663)
}
Diverged: geometry exploded (max_dist = 688990)
Try to look for a better seed pair
Seed pair (0, 8): inliers E=351 H=101
camera[0]
{
	 r_vec : (0, 0, 0)
	 t_vec : (0, 0, 0)
}
camera[8]
{
	 r_vec : (-0.098881, 0.400255, 0.0600515)
	 t_vec : (-0.870311, -0.180816, 0.45811)
}
camera[8]
{
	 r_vec : (-0.0823823, 0.333435, 0.0685639)
	 t_vec : (-0.80229, -0.150754, 0.486796)
}
ADDED 0 new points
Using 3 over 13 cameras
1 0 0 0 0 0 0 1 1 0 0 0 0 
****************** OPTIM CHEIRALITY VIOLATION for 267 points : redoing optim!!
camera[7]
{
	 r_vec : (-1.92955, 0.192432, 2.59738)
	 t_vec : (2.126, -0.109543, -2.89313)
}
ADDED 551 new points
Using 4 over 13 cameras
1 0 0 0 0 1 0 1 1 0 0 0 0 
****************** OPTIM CHEIRALITY VIOLATION for 226 points : redoing optim!!
camera[5]
{
	 r_vec : (-0.00124029, 0.0332609, -0.00819558)
	 t_vec : (-0.0878977, -0.0483349, 0.207731)
}
ADDED 252 new points
Using 5 over 13 cameras
1 1 0 0 0 1 0 1 1 0 0 0 0 
****************** OPTIM CHEIRALITY VIOLATION for 69 points : redoing optim!!
camera[1]
{
	 r_vec : (-0.0163765, 0.0245432, 0.0010436)
	 t_vec : (-0.0070467, -0.00387318, 0.0980913)
}
ADDED 189 new points
Using 6 over 13 cameras
1 1 1 0 0 1 0 1 1 0 0 0 0 
****************** OPTIM CHEIRALITY VIOLATION for 32 points : redoing optim!!
camera[2]
{
	 r_vec : (-0.0115295, -0.0236445, -0.0281022)
	 t_vec : (0.169526, -0.0163823, 0.0812274)
}
ADDED 187 new points
Using 7 over 13 cameras
1 1 1 0 1 1 0 1 1 0 0 0 0 
****************** OPTIM CHEIRALITY VIOLATION for 10 points : redoing optim!!
camera[4]
{
	 r_vec : (-0.000792245, -0.0372708, -0.0469016)
	 t_vec : (0.223807, -0.064698, 0.140915)
}
ADDED 173 new points
Using 8 over 13 cameras
1 1 1 1 1 1 0 1 1 0 0 0 0 
****************** OPTIM CHEIRALITY VIOLATION for 10 points : redoing optim!!
camera[3]
{
	 r_vec : (-0.0109089, -0.048861, -0.0432553)
	 t_vec : (0.351549, -0.0582313, 0.100051)
}
ADDED 71 new points
Using 9 over 13 cameras
1 1 1 1 1 1 0 1 1 0 0 0 1 
****************** OPTIM CHEIRALITY VIOLATION for 17 points : redoing optim!!
camera[12]
{
	 r_vec : (0.132911, 0.0695346, 0.0132908)
	 t_vec : (-0.130489, 0.275155, 0.128003)
}
ADDED 0 new points
Using 10 over 13 cameras
1 1 1 1 1 1 0 1 1 0 0 1 1 
****************** OPTIM CHEIRALITY VIOLATION for 324 points : redoing optim!!
camera[11]
{
	 r_vec : (11.0595, -8.68295, -7.36468)
	 t_vec : (0.898837, -1.90765, -14.6969)
}
ADDED 113 new points
Using 11 over 13 cameras
1 1 1 1 1 1 1 1 1 0 0 1 1 
****************** OPTIM CHEIRALITY VIOLATION for 48 points : redoing optim!!
camera[6]
{
	 r_vec : (-0.00788099, 0.115524, 0.208439)
	 t_vec : (-0.344153, -0.0484497, 0.234428)
}
ADDED 0 new points
Using 12 over 13 cameras
1 1 1 1 1 1 1 1 1 1 0 1 1 
****************** OPTIM CHEIRALITY VIOLATION for 100 points : redoing optim!!
camera[9]
{
	 r_vec : (0.596315, -0.0319939, 3.1232)
	 t_vec : (-0.821318, 0.105976, -4.27055)
}
ADDED 0 new points
Using 13 over 13 cameras
1 1 1 1 1 1 1 1 1 1 1 1 1 
****************** OPTIM CHEIRALITY VIOLATION for 54 points : redoing optim!!
camera[10]
{
	 r_vec : (32.1385, -22.1377, 26.5157)
	 t_vec : (-7.04867, -9.50792, -293.948)
}
Diverged: geometry exploded (max_dist = 1473.72)
Try to look for a better seed pair
Seed pair (3, 5): inliers E=329 H=65
Forward-dominant motion detected, rejecting.
Try to look for a better seed pair
Seed pair (4, 12): inliers E=333 H=83
camera[4]
{
	 r_vec : (0, 0, 0)
	 t_vec : (0, 0, 0)
}
camera[12]
{
	 r_vec : (0.0346418, -0.0104377, 0.0645952)
	 t_vec : (-0.662637, 0.745416, -0.0725723)
}
camera[12]
{
	 r_vec : (0.067657, 0.0206474, 0.0780026)
	 t_vec : (-0.966229, 0.993789, -0.334256)
}
ADDED 0 new points
Using 3 over 13 cameras
1 0 0 0 1 0 0 0 0 0 0 0 1 
****************** OPTIM CHEIRALITY VIOLATION for 281 points : redoing optim!!
camera[0]
{
	 r_vec : (-3.2229, 0.239856, 0.838663)
	 t_vec : (4.85999, 1.09087, -3.05035)
}
ADDED 0 new points
Using 4 over 13 cameras
1 0 1 0 1 0 0 0 0 0 0 0 1 
****************** OPTIM CHEIRALITY VIOLATION for 42 points : redoing optim!!
camera[2]
{
	 r_vec : (-646258, -962317, 529314)
	 t_vec : (-1.0733e+06, -1.93767e+06, -4.43169e+07)
}
Diverged: geometry exploded (max_dist = 2.21861e+08)
Try to look for a better seed pair
Seed pair (6, 12): inliers E=325 H=93
camera[6]
{
	 r_vec : (0, 0, 0)
	 t_vec : (0, 0, 0)
}
camera[12]
{
	 r_vec : (0.217145, -0.15953, -0.00617874)
	 t_vec : (0.695681, 0.718166, -0.0162993)
}
camera[12]
{
	 r_vec : (0.196364, -0.126012, 0.0138913)
	 t_vec : (0.606361, 0.695, -0.0105949)
}
ADDED 0 new points
Using 3 over 13 cameras
1 0 0 0 0 0 1 0 0 0 0 0 1 
****************** OPTIM CHEIRALITY VIOLATION for 291 points : redoing optim!!
camera[0]
{
	 r_vec : (-2.3067, -2.46364, -9.29061)
	 t_vec : (-1.36893, -1.99583, -17.5923)
}
ADDED 0 new points
Using 4 over 13 cameras
1 1 0 0 0 0 1 0 0 0 0 0 1 
****************** OPTIM CHEIRALITY VIOLATION for 18 points : redoing optim!!
camera[1]
{
	 r_vec : (0.796507, -0.717985, -2.81627)
	 t_vec : (-0.230716, -14.7597, -188.259)
}
Diverged: geometry exploded (max_dist = 944.577)
Try to look for a better seed pair
Seed pair (2, 6): inliers E=319 H=82
camera[2]
{
	 r_vec : (0, 0, 0)
	 t_vec : (0, 0, 0)
}
camera[6]
{
	 r_vec : (-0.00264724, 0.0933338, 0.0363718)
	 t_vec : (-0.93288, -0.0718484, 0.352948)
}
camera[6]
{
	 r_vec : (-0.00351883, 0.11153, 0.0358614)
	 t_vec : (-0.984334, -0.0800374, 0.30501)
}
ADDED 591 new points
Using 3 over 13 cameras
1 0 1 0 0 0 1 0 0 0 0 0 0 
camera[0]
{
	 r_vec : (-0.00383619, 0.0847456, 0.0227073)
	 t_vec : (-0.574925, -0.0154655, -0.0529248)
}
ADDED 0 new points
Using 4 over 13 cameras
1 0 1 0 0 1 1 0 0 0 0 0 0 
****************** OPTIM CHEIRALITY VIOLATION for 622 points : redoing optim!!
camera[5]
{
	 r_vec : (1.66849, -0.118454, -2.6249)
	 t_vec : (3.96932, -0.0741335, -6.17105)
}
ADDED 2 new points
Using 5 over 13 cameras
1 1 1 0 0 1 1 0 0 0 0 0 0 
****************** OPTIM CHEIRALITY VIOLATION for 158 points : redoing optim!!
camera[1]
{
	 r_vec : (0.393011, -0.11195, -3.21563)
	 t_vec : (2.11196, 0.826865, -45.9336)
}
Diverged: geometry exploded (max_dist = 231.99)
Try to look for a better seed pair
Seed pair (4, 6): inliers E=340 H=60
camera[4]
{
	 r_vec : (0, 0, 0)
	 t_vec : (0, 0, 0)
}
camera[6]
{
	 r_vec : (-0.0189866, 0.170922, 0.0451217)
	 t_vec : (-0.975558, -0.0168038, 0.2191)
}
camera[6]
{
	 r_vec : (-0.0183181, 0.170777, 0.0477332)
	 t_vec : (-0.975304, -0.0150764, 0.221979)
}
ADDED 545 new points
Using 3 over 13 cameras
1 0 0 0 1 0 1 0 0 0 0 0 0 
camera[0]
{
	 r_vec : (-0.0159117, 0.125297, 0.0344668)
	 t_vec : (-0.603803, 0.0433275, -0.0833517)
}
ADDED 284 new points
Using 4 over 13 cameras
1 0 0 0 1 1 1 0 0 0 0 0 0 
camera[5]
{
	 r_vec : (-0.00064816, 0.10554, 0.0288828)
	 t_vec : (-0.585717, 0.00729093, 0.122824)
}
ADDED 199 new points
Using 5 over 13 cameras
1 1 0 0 1 1 1 0 0 0 0 0 0 
camera[1]
{
	 r_vec : (-0.0148468, 0.0706652, 0.030254)
	 t_vec : (-0.385412, 0.0704464, -0.0841664)
}
ADDED 0 new points
Using 6 over 13 cameras
1 1 1 0 1 1 1 0 0 0 0 0 0 
****************** OPTIM CHEIRALITY VIOLATION for 709 points : redoing optim!!
camera[2]
{
	 r_vec : (-0.037382, -0.946735, -2.92209)
	 t_vec : (0.0662847, -1.88174, -5.13502)
}
ADDED 0 new points
Using 7 over 13 cameras
1 1 1 0 1 1 1 1 0 0 0 0 0 
****************** OPTIM CHEIRALITY VIOLATION for 255 points : redoing optim!!
camera[7]
{
	 r_vec : (0.7604, -0.170342, -2.9179)
	 t_vec : (2.08338, -0.370171, -6.27627)
}
ADDED 0 new points
Using 8 over 13 cameras
1 1 1 0 1 1 1 1 0 0 0 0 1 
****************** OPTIM CHEIRALITY VIOLATION for 121 points : redoing optim!!
camera[12]
{
	 r_vec : (-2.2333, 0.477408, 2.35814)
	 t_vec : (6.83146, -8.26442, -115.048)
}
Diverged: geometry exploded (max_dist = 579.226)
Try to look for a better seed pair
Seed pair (2, 7): inliers E=295 H=65
camera[2]
{
	 r_vec : (0, 0, 0)
	 t_vec : (0, 0, 0)
}
camera[7]
{
	 r_vec : (-0.0539122, 0.232747, 0.0691125)
	 t_vec : (-0.904897, -0.115868, 0.409556)
}
camera[7]
{
	 r_vec : (-0.0520561, 0.226664, 0.0700046)
	 t_vec : (-0.897072, -0.111618, 0.415865)
}
ADDED 542 new points
Using 3 over 13 cameras
1 0 1 0 0 0 0 1 0 0 0 0 0 
camera[0]
{
	 r_vec : (-0.00782902, 0.0842231, 0.00629092)
	 t_vec : (-0.315669, -0.0234406, -0.0896107)
}
ADDED 317 new points
Using 4 over 13 cameras
1 1 1 0 0 0 0 1 0 0 0 0 0 
camera[1]
{
	 r_vec : (-0.00734345, 0.0596231, 0.0096702)
	 t_vec : (-0.232868, -0.000221318, -0.0282214)
}
ADDED 220 new points
Using 5 over 13 cameras
1 1 1 0 0 1 0 1 0 0 0 0 0 
camera[5]
{
	 r_vec : (0.00647067, 0.0757637, 0.00491564)
	 t_vec : (-0.3355, -0.0496356, 0.0930225)
}
ADDED 0 new points
Using 6 over 13 cameras
1 1 1 0 0 1 1 1 0 0 0 0 0 
****************** OPTIM CHEIRALITY VIOLATION for 403 points : redoing optim!!
****************** OPTIM CHEIRALITY VIOLATION for 40 points : redoing optim!!
W0512 14:48:26.262744 38577 levenberg_marquardt_strategy.cc:115] Linear solver failure. Failed to compute a step: Eigen failure. Unable to perform dense Cholesky factorization.
W0512 14:48:26.265256 38577 levenberg_marquardt_strategy.cc:115] Linear solver failure. Failed to compute a step: Eigen failure. Unable to perform dense Cholesky factorization.
W0512 14:48:26.267642 38577 levenberg_marquardt_strategy.cc:115] Linear solver failure. Failed to compute a step: Eigen failure. Unable to perform dense Cholesky factorization.
W0512 14:48:26.268383 38577 levenberg_marquardt_strategy.cc:115] Linear solver failure. Failed to compute a step: Eigen failure. Unable to perform dense Cholesky factorization.
W0512 14:48:26.270725 38577 levenberg_marquardt_strategy.cc:115] Linear solver failure. Failed to compute a step: Eigen failure. Unable to perform dense Cholesky factorization.
W0512 14:48:26.273029 38577 levenberg_marquardt_strategy.cc:115] Linear solver failure. Failed to compute a step: Eigen failure. Unable to perform dense Cholesky factorization.
****************** OPTIM CHEIRALITY VIOLATION for 22 points : redoing optim!!
****************** OPTIM CHEIRALITY VIOLATION for 19 points : redoing optim!!
****************** OPTIM CHEIRALITY VIOLATION for 6 points : redoing optim!!
****************** OPTIM CHEIRALITY VIOLATION for 6 points : redoing optim!!
****************** OPTIM CHEIRALITY VIOLATION for 23 points : redoing optim!!
****************** OPTIM CHEIRALITY VIOLATION for 41 points : redoing optim!!
****************** OPTIM CHEIRALITY VIOLATION for 38 points : redoing optim!!
****************** OPTIM CHEIRALITY VIOLATION for 41 points : redoing optim!!
****************** OPTIM CHEIRALITY VIOLATION for 7 points : redoing optim!!
****************** OPTIM CHEIRALITY VIOLATION for 26 points : redoing optim!!
camera[6]
{
	 r_vec : (0.0466334, 0.0102532, 0.122088)
	 t_vec : (-0.217314, 0.244868, -1.69177)
}
ADDED 196 new points
Using 7 over 13 cameras
1 1 1 0 1 1 1 1 0 0 0 0 0 
****************** OPTIM CHEIRALITY VIOLATION for 6 points : redoing optim!!
camera[4]
{
	 r_vec : (0.00369075, 0.0171143, 0.00520532)
	 t_vec : (-0.040141, -0.051788, -1.22505)
}
ADDED 0 new points
Using 8 over 13 cameras
1 1 1 1 1 1 1 1 0 0 0 0 0 
****************** OPTIM CHEIRALITY VIOLATION for 388 points : redoing optim!!
camera[3]
{
	 r_vec : (6691.22, -4517.7, 7216.28)
	 t_vec : (-1357.34, -389.863, -13774.9)
}
Diverged: geometry exploded (max_dist = 69231.1)
Try to look for a better seed pair
Seed pair (6, 8): inliers E=317 H=95
camera[6]
{
	 r_vec : (0, 0, 0)
	 t_vec : (0, 0, 0)
}
camera[8]
{
	 r_vec : (-0.0511817, 0.105583, 0.0620588)
	 t_vec : (-0.847013, -0.207292, 0.489489)
}
W0512 14:48:28.164166 38577 levenberg_marquardt_strategy.cc:115] Linear solver failure. Failed to compute a step: Eigen failure. Unable to perform dense Cholesky factorization.
W0512 14:48:28.165436 38577 levenberg_marquardt_strategy.cc:115] Linear solver failure. Failed to compute a step: Eigen failure. Unable to perform dense Cholesky factorization.
W0512 14:48:28.166188 38577 levenberg_marquardt_strategy.cc:115] Linear solver failure. Failed to compute a step: Eigen failure. Unable to perform dense Cholesky factorization.
W0512 14:48:28.166446 38577 levenberg_marquardt_strategy.cc:115] Linear solver failure. Failed to compute a step: Eigen failure. Unable to perform dense Cholesky factorization.
W0512 14:48:28.167203 38577 levenberg_marquardt_strategy.cc:115] Linear solver failure. Failed to compute a step: Eigen failure. Unable to perform dense Cholesky factorization.
W0512 14:48:28.167989 38577 levenberg_marquardt_strategy.cc:115] Linear solver failure. Failed to compute a step: Eigen failure. Unable to perform dense Cholesky factorization.
W0512 14:48:28.168262 38577 levenberg_marquardt_strategy.cc:115] Linear solver failure. Failed to compute a step: Eigen failure. Unable to perform dense Cholesky factorization.
W0512 14:48:28.170171 38577 levenberg_marquardt_strategy.cc:115] Linear solver failure. Failed to compute a step: Eigen failure. Unable to perform dense Cholesky factorization.
W0512 14:48:28.170444 38577 levenberg_marquardt_strategy.cc:115] Linear solver failure. Failed to compute a step: Eigen failure. Unable to perform dense Cholesky factorization.
W0512 14:48:28.171223 38577 levenberg_marquardt_strategy.cc:115] Linear solver failure. Failed to compute a step: Eigen failure. Unable to perform dense Cholesky factorization.
W0512 14:48:28.172013 38577 levenberg_marquardt_strategy.cc:115] Linear solver failure. Failed to compute a step: Eigen failure. Unable to perform dense Cholesky factorization.
W0512 14:48:28.172802 38577 levenberg_marquardt_strategy.cc:115] Linear solver failure. Failed to compute a step: Eigen failure. Unable to perform dense Cholesky factorization.
W0512 14:48:28.173055 38577 levenberg_marquardt_strategy.cc:115] Linear solver failure. Failed to compute a step: Eigen failure. Unable to perform dense Cholesky factorization.
W0512 14:48:28.174379 38577 levenberg_marquardt_strategy.cc:115] Linear solver failure. Failed to compute a step: Eigen failure. Unable to perform dense Cholesky factorization.
W0512 14:48:28.175161 38577 levenberg_marquardt_strategy.cc:115] Linear solver failure. Failed to compute a step: Eigen failure. Unable to perform dense Cholesky factorization.
W0512 14:48:28.175954 38577 levenberg_marquardt_strategy.cc:115] Linear solver failure. Failed to compute a step: Eigen failure. Unable to perform dense Cholesky factorization.
W0512 14:48:28.176735 38577 levenberg_marquardt_strategy.cc:115] Linear solver failure. Failed to compute a step: Eigen failure. Unable to perform dense Cholesky factorization.
W0512 14:48:28.176995 38577 levenberg_marquardt_strategy.cc:115] Linear solver failure. Failed to compute a step: Eigen failure. Unable to perform dense Cholesky factorization.
camera[8]
{
	 r_vec : (-0.0543663, 0.140108, 0.052482)
	 t_vec : (-1.06621, -0.228033, 0.655785)
}
ADDED 0 new points
Using 3 over 13 cameras
0 0 0 0 0 0 1 1 1 0 0 0 0 
****************** OPTIM CHEIRALITY VIOLATION for 248 points : redoing optim!!
camera[7]
{
	 r_vec : (0.491085, -0.0990221, -3.0736)
	 t_vec : (2.56756, -0.658012, -15.4548)
}
ADDED 0 new points
Using 4 over 13 cameras
1 0 0 0 0 0 1 1 1 0 0 0 0 
****************** OPTIM CHEIRALITY VIOLATION for 46 points : redoing optim!!
camera[0]
{
	 r_vec : (-62.0178, 58.4687, -96.6008)
	 t_vec : (-38.8036, -288.42, -4408.92)
}
Diverged: geometry exploded (max_dist = 22096.1)
Try to look for a better seed pair
Seed pair (10, 11): inliers E=331 H=74
camera[10]
{
	 r_vec : (0, 0, 0)
	 t_vec : (0, 0, 0)
}
camera[11]
{
	 r_vec : (0.0436257, 0.120968, 0.0513891)
	 t_vec : (-0.947559, 0.232057, -0.219731)
}
camera[11]
{
	 r_vec : (0.0440245, 0.130423, 0.050535)
	 t_vec : (-1.00151, 0.225146, -0.14243)
}
ADDED 0 new points
Using 3 over 13 cameras
0 0 0 1 0 0 0 0 0 0 1 1 0 
****************** OPTIM CHEIRALITY VIOLATION for 214 points : redoing optim!!
camera[3]
{
	 r_vec : (0.085391, 0.148283, -3.06735)
	 t_vec : (-0.0946852, 0.874502, -13.6364)
}
ADDED 0 new points
Using 4 over 13 cameras
1 0 0 1 0 0 0 0 0 0 1 1 0 
****************** OPTIM CHEIRALITY VIOLATION for 38 points : redoing optim!!
camera[0]
{
	 r_vec : (-2.83072, 0.225774, 1.02878)
	 t_vec : (4.68202, -1.08844, 0.357513)
}
ADDED 0 new points
Using 5 over 13 cameras
1 0 0 1 0 0 0 0 0 1 1 1 0 
****************** OPTIM CHEIRALITY VIOLATION for 8 points : redoing optim!!
camera[9]
{
	 r_vec : (-0.01097, -0.0121428, 3.12717)
	 t_vec : (0.0613694, 0.4358, -14.8309)
}
ADDED 0 new points
Using 6 over 13 cameras
1 0 0 1 0 0 0 0 0 1 1 1 1 
****************** OPTIM CHEIRALITY VIOLATION for 6 points : redoing optim!!
camera[12]
{
	 r_vec : (-2.10209, 2.69446, 0.901707)
	 t_vec : (5.18325, -1.59091, -3.47676)
}
ADDED 283 new points
Using 7 over 13 cameras
1 0 1 1 0 0 0 0 0 1 1 1 1 
****************** OPTIM CHEIRALITY VIOLATION for 247 points : redoing optim!!
camera[2]
{
	 r_vec : (-0.429378, 0.619118, -0.0110917)
	 t_vec : (-2.4877, -1.73314, 2.30459)
}
ADDED 0 new points
Using 8 over 13 cameras
1 0 1 1 1 0 0 0 0 1 1 1 1 
****************** OPTIM CHEIRALITY VIOLATION for 27 points : redoing optim!!
camera[4]
{
	 r_vec : (0.50561, 0.149621, -3.06368)
	 t_vec : (1.3885, 0.718663, -9.48462)
}
ADDED 0 new points
Using 9 over 13 cameras
1 1 1 1 1 0 0 0 0 1 1 1 1 
****************** OPTIM CHEIRALITY VIOLATION for 7 points : redoing optim!!
camera[1]
{
	 r_vec : (-2.64527, 0.814409, 1.86047)
	 t_vec : (4.65027, -1.80456, -30.4215)
}
Diverged: geometry exploded (max_dist = 179.464)
Try to look for a better seed pair
Seed pair (3, 12): inliers E=291 H=55
camera[3]
{
	 r_vec : (0, 0, 0)
	 t_vec : (0, 0, 0)
}
camera[12]
{
	 r_vec : (0.0824634, 0.00627734, 0.0763393)
	 t_vec : (-0.803206, 0.5957, 0.000972896)
}
camera[12]
{
	 r_vec : (0.104337, 0.0348476, 0.0830771)
	 t_vec : (-0.954048, 0.672739, -0.132601)
}
ADDED 0 new points
Using 3 over 13 cameras
0 1 0 1 0 0 0 0 0 0 0 0 1 
****************** OPTIM CHEIRALITY VIOLATION for 240 points : redoing optim!!
camera[1]
{
	 r_vec : (4.22106e+06, 1.06343e+07, -4.90771e+07)
	 t_vec : (192757, -4.26592e+06, -7.23264e+07)
}
Diverged: geometry exploded (max_dist = 3.62262e+08)
Try to look for a better seed pair
Seed pair (11, 12): inliers E=287 H=58
camera[11]
{
	 r_vec : (0, 0, 0)
	 t_vec : (0, 0, 0)
}
camera[12]
{
	 r_vec : (-0.0582604, 0.181444, 0.102349)
	 t_vec : (-0.957607, -0.273055, -0.0918104)
}
camera[12]
{
	 r_vec : (-0.0516133, 0.177593, 0.0933202)
	 t_vec : (-0.951928, -0.240976, -0.124022)
}
ADDED 0 new points
Using 3 over 13 cameras
1 0 0 0 0 0 0 0 0 0 0 1 1 
****************** OPTIM CHEIRALITY VIOLATION for 249 points : redoing optim!!
camera[0]
{
	 r_vec : (-13136.2, -51045.4, 22037.8)
	 t_vec : (6815.42, -16778.4, -338073)
}
Diverged: geometry exploded (max_dist = 1.69279e+06)
Try to look for a better seed pair
Seed pair (7, 12): inliers E=271 H=62
camera[7]
{
	 r_vec : (0, 0, 0)
	 t_vec : (0, 0, 0)
}
camera[12]
{
	 r_vec : (0.28402, -0.270817, -0.0254602)
	 t_vec : (0.801301, 0.598119, -0.0130654)
}
camera[12]
{
	 r_vec : (0.245255, -0.217548, -0.0220315)
	 t_vec : (0.716425, 0.558814, -0.00935863)
}
ADDED 0 new points
Using 3 over 13 cameras
1 0 0 0 0 0 0 1 0 0 0 0 1 
****************** OPTIM CHEIRALITY VIOLATION for 254 points : redoing optim!!
camera[0]
{
	 r_vec : (99.7108, 496.265, -446.1)
	 t_vec : (28.8425, -176.009, -2601)
}
Diverged: geometry exploded (max_dist = 13035.8)
Try to look for a better seed pair
Seed pair (5, 11): inliers E=285 H=53
camera[5]
{
	 r_vec : (0, 0, 0)
	 t_vec : (0, 0, 0)
}
camera[11]
{
	 r_vec : (0.186809, -0.196301, -0.077513)
	 t_vec : (0.774985, 0.609668, 0.166443)
}
camera[11]
{
	 r_vec : (0.181572, -0.189682, -0.0752428)
	 t_vec : (0.761215, 0.602243, 0.168909)
}
ADDED 614 new points
Using 3 over 13 cameras
1 0 0 0 0 1 0 0 0 0 0 1 0 
camera[0]
{
	 r_vec : (-0.0137371, 0.0230773, -0.00469631)
	 t_vec : (-0.0302079, 0.0414596, -0.182502)
}
ADDED 278 new points
Using 4 over 13 cameras
1 1 0 0 0 1 0 0 0 0 0 1 0 
camera[1]
{
	 r_vec : (-0.0126208, -0.00715052, -0.0010486)
	 t_vec : (0.10595, 0.0663534, -0.158131)
}
ADDED 0 new points
Using 5 over 13 cameras
1 1 1 0 0 1 0 0 0 0 0 1 0 
****************** OPTIM FOUND 623 OUTLIERS : redoing optim!!
camera[2]
{
	 r_vec : (-6.44527e+06, -7.85343e+06, -1.10647e+06)
	 t_vec : (277056, 861006, 2.13188e+07)
}
Diverged: geometry exploded (max_dist = 1.0669e+08)
Try to look for a better seed pair
Seed pair (1, 8): inliers E=303 H=61
camera[1]
{
	 r_vec : (0, 0, 0)
	 t_vec : (0, 0, 0)
}
camera[8]
{
	 r_vec : (-0.0653528, 0.242439, 0.0756669)
	 t_vec : (-0.863012, -0.184822, 0.470161)
}
camera[8]
{
	 r_vec : (-0.0632565, 0.256553, 0.0694955)
	 t_vec : (-0.886043, -0.178368, 0.458263)
}
ADDED 544 new points
Using 3 over 13 cameras
1 1 0 0 0 0 0 0 1 0 0 0 0 
camera[0]
{
	 r_vec : (-0.00156027, 0.0241194, -0.0144128)
	 t_vec : (-0.102819, -0.0298072, -0.0478887)
}
ADDED 309 new points
Using 4 over 13 cameras
1 1 0 0 0 1 0 0 1 0 0 0 0 
camera[5]
{
	 r_vec : (0.0121106, 0.00418736, -0.0257146)
	 t_vec : (-0.0880269, -0.0647679, 0.110758)
}
ADDED 0 new points
Using 5 over 13 cameras
1 1 0 0 0 1 1 0 1 0 0 0 0 
****************** OPTIM CHEIRALITY VIOLATION for 625 points : redoing optim!!
camera[6]
{
	 r_vec : (7.9475, -1.15233, -5.14386)
	 t_vec : (2.48782, -0.538446, -2.17814)
}
ADDED 0 new points
Using 6 over 13 cameras
1 1 1 0 0 1 1 0 1 0 0 0 0 
****************** OPTIM CHEIRALITY VIOLATION for 266 points : redoing optim!!
camera[2]
{
	 r_vec : (0.491014, -0.12984, -3.23653)
	 t_vec : (-0.863178, -2.86878, -46.6909)
}
Diverged: geometry exploded (max_dist = 236.649)
Try to look for a better seed pair
Seed pair (5, 8): inliers E=291 H=58
camera[5]
{
	 r_vec : (0, 0, 0)
	 t_vec : (0, 0, 0)
}
camera[8]
{
	 r_vec : (-0.0816638, 0.376811, 0.0874412)
	 t_vec : (-0.93476, -0.125789, 0.332266)
}
camera[8]
{
	 r_vec : (-0.0754644, 0.321099, 0.104174)
	 t_vec : (-0.862217, -0.11404, 0.336556)
}
ADDED 616 new points
Using 3 over 13 cameras
1 0 0 0 0 1 0 0 1 0 0 0 0 
camera[0]
{
	 r_vec : (-0.0269551, 0.112381, 0.0639858)
	 t_vec : (-0.205815, -0.0152724, -1.01816)
}
ADDED 248 new points
Using 4 over 13 cameras
1 1 0 0 0 1 0 0 1 0 0 0 0 
camera[1]
{
	 r_vec : (-0.0149036, 0.0502632, -0.027096)
	 t_vec : (-0.0563965, 0.00722277, -1.00009)
}
ADDED 163 new points
Using 5 over 13 cameras
1 1 0 0 0 1 1 0 1 0 0 0 0 
camera[6]
{
	 r_vec : (-0.0194753, 0.133681, -0.0179554)
	 t_vec : (-0.311205, -0.0212808, -0.93035)
}
ADDED 169 new points
Using 6 over 13 cameras
1 1 1 0 0 1 1 0 1 0 0 0 0 
camera[2]
{
	 r_vec : (-0.00866021, -0.000345729, -0.0595735)
	 t_vec : (0.0808828, 0.00712259, -1.02308)
}
ADDED 175 new points
Using 7 over 13 cameras
1 1 1 0 1 1 1 0 1 0 0 0 0 
camera[4]
{
	 r_vec : (0.000392924, -0.0165474, -0.07748)
	 t_vec : (0.127496, -0.00813193, -0.993741)
}
ADDED 170 new points
Using 8 over 13 cameras
1 1 1 1 1 1 1 0 1 0 0 0 0 
camera[3]
{
	 r_vec : (-0.0100711, -0.026068, -0.074174)
	 t_vec : (0.196066, -0.0167693, -1.01284)
}
ADDED 0 new points
Using 9 over 13 cameras
1 1 1 1 1 1 1 0 1 0 0 0 1 
****************** OPTIM CHEIRALITY VIOLATION for 686 points : redoing optim!!
camera[12]
{
	 r_vec : (0.0456037, 0.117989, 0.462253)
	 t_vec : (-0.300456, 0.117027, -1.92147)
}
ADDED 162 new points
Using 10 over 13 cameras
1 1 1 1 1 1 1 1 1 0 0 0 1 
camera[7]
{
	 r_vec : (-0.0663454, 0.229248, 0.00469117)
	 t_vec : (-0.506656, -0.0917029, -0.872341)
}
ADDED 0 new points
Using 11 over 13 cameras
1 1 1 1 1 1 1 1 1 0 0 1 1 
****************** OPTIM FOUND 243 OUTLIERS : redoing optim!!
camera[11]
{
	 r_vec : (-120940, -296259, 22874.7)
	 t_vec : (-3240.08, 86554.6, 1.41186e+06)
}
Diverged: geometry exploded (max_dist = 7.0726e+06)
Try to look for a better seed pair
Seed pair (3, 10): inliers E=251 H=59
camera[3]
{
	 r_vec : (0, 0, 0)
	 t_vec : (0, 0, 0)
}
camera[10]
{
	 r_vec : (-0.180853, 0.0287072, -0.0535372)
	 t_vec : (-0.442562, -0.643905, 0.624119)
}
camera[10]
{
	 r_vec : (-0.123816, -0.000808422, -0.0398035)
	 t_vec : (-0.302069, -0.454194, 0.469423)
}
ADDED 509 new points
Using 3 over 13 cameras
0 0 0 1 1 0 0 0 0 0 1 0 0 
camera[4]
{
	 r_vec : (-0.0323961, -0.0390327, 0.0583996)
	 t_vec : (-0.0630695, -0.254906, -0.53123)
}
ADDED 325 new points
Using 4 over 13 cameras
0 0 1 1 1 0 0 0 0 0 1 0 0 
camera[2]
{
	 r_vec : (-0.0687008, -0.0567698, 0.0760614)
	 t_vec : (-0.0307849, -0.288487, -0.598711)
}
ADDED 198 new points
Using 5 over 13 cameras
0 1 1 1 1 0 0 0 0 0 1 0 0 
camera[1]
{
	 r_vec : (-0.0779813, -0.0994044, 0.111083)
	 t_vec : (0.0257821, -0.307149, -0.618503)
}
ADDED 200 new points
Using 6 over 13 cameras
1 1 1 1 1 0 0 0 0 0 1 0 0 
camera[0]
{
	 r_vec : (-0.0732397, -0.128895, 0.124155)
	 t_vec : (0.0781146, -0.309683, -0.853353)
}
ADDED 207 new points
Using 7 over 13 cameras
1 1 1 1 1 1 0 0 0 0 1 0 0 
camera[5]
{
	 r_vec : (-0.0390268, -0.153796, 0.0941811)
	 t_vec : (0.114223, -0.234963, -0.538977)
}
ADDED 112 new points
Using 8 over 13 cameras
1 1 1 1 1 1 1 0 0 0 1 0 0 
camera[6]
{
	 r_vec : (-0.0529166, -0.238007, 0.123535)
	 t_vec : (0.246463, -0.221972, -0.409265)
}
ADDED 61 new points
Using 9 over 13 cameras
1 1 1 1 1 1 1 0 0 0 1 0 1 
****************** OPTIM FOUND 6 OUTLIERS : redoing optim!!
camera[12]
{
	 r_vec : (-0.114677, -0.138299, 0.118724)
	 t_vec : (0.10621, -0.435019, -0.618499)
}
ADDED 124 new points
Using 10 over 13 cameras
1 1 1 1 1 1 1 1 0 0 1 0 1 
camera[7]
{
	 r_vec : (-0.0696381, -0.268845, 0.166665)
	 t_vec : (0.29601, -0.188777, -0.222569)
}
ADDED 129 new points
Using 11 over 13 cameras
1 1 1 1 1 1 1 1 0 0 1 1 1 
****************** OPTIM FOUND 6 OUTLIERS : redoing optim!!
camera[11]
{
	 r_vec : (-0.121409, -0.0452755, 0.0282878)
	 t_vec : (-0.145161, -0.481501, -0.447938)
}
ADDED 113 new points
Using 12 over 13 cameras
1 1 1 1 1 1 1 1 1 0 1 1 1 
camera[8]
{
	 r_vec : (-0.0619984, -0.264968, 0.208879)
	 t_vec : (0.359017, -0.160261, -0.173949)
}
ADDED 89 new points
Using 13 over 13 cameras
1 1 1 1 1 1 1 1 1 1 1 1 1 
****************** OPTIM FOUND 14 OUTLIERS : redoing optim!!
camera[9]
{
	 r_vec : (-0.000455864, 0.0192718, -0.0786108)
	 t_vec : (-0.400638, -0.085619, -0.0881998)
}
===== FINAL METRICS =====
Registered cameras  : 13 / 13  (success rate 100 %)
Valid 3D points     : 2121
Mean reprojection err: 0.00100857 (normalized image units)
  set SFM_FOCAL_PX=<focal length in pixels> before running to print pixel error directly
=========================
Recostruction completed, exiting
