Header: 15 6367 27941
Seed pair (12, 14): inliers E=1053 H=120
camera[12]
{
	 r_vec : (0, 0, 0)
	 t_vec : (0, 0, 0)
}
camera[14]
{
	 r_vec : (-0.000699126, 0.0237821, 0.00802447)
	 t_vec : (-0.99925, 0.0305355, -0.0238207)
}
****************** OPTIM FOUND 13 OUTLIERS : redoing optim!!
camera[14]
{
	 r_vec : (-0.000955729, 0.0183624, 0.00781814)
	 t_vec : (-0.908417, 0.024724, -0.038196)
}
ADDED 135 new points
Using 3 over 15 cameras
0 0 0 0 0 0 0 0 0 0 0 0 1 1 1 
****************** OPTIM CHEIRALITY VIOLATION for 12 points : redoing optim!!
****************** OPTIM CHEIRALITY VIOLATION for 6 points : redoing optim!!
****************** OPTIM FOUND 14 OUTLIERS : redoing optim!!
camera[13]
{
	 r_vec : (0.0347346, -0.0456996, 0.00189652)
	 t_vec : (0.210294, -0.234256, -2.70509)
}
ADDED 0 new points
Using 4 over 15 cameras
0 0 0 0 0 0 1 0 0 0 0 0 1 1 1 
****************** OPTIM CHEIRALITY VIOLATION for 9 points : redoing optim!!
camera[6]
{
	 r_vec : (-0.725845, 1.02275, 2.7666)
	 t_vec : (3.46318, -6.58954, -14.9756)
}
ADDED 191 new points
Using 5 over 15 cameras
0 0 0 0 0 0 1 0 1 0 0 0 1 1 1 
****************** OPTIM CHEIRALITY VIOLATION for 78 points : redoing optim!!
camera[8]
{
	 r_vec : (0.107325, 0.0411432, 0.100143)
	 t_vec : (-0.0952557, 0.991398, -3.82833)
}
ADDED 785 new points
Using 6 over 15 cameras
0 0 0 0 0 0 1 1 1 0 0 0 1 1 1 
****************** OPTIM CHEIRALITY VIOLATION for 488 points : redoing optim!!
****************** OPTIM CHEIRALITY VIOLATION for 14 points : redoing optim!!
****************** OPTIM FOUND 30 OUTLIERS : redoing optim!!
camera[7]
{
	 r_vec : (0.0149811, 0.0832469, 0.0848281)
	 t_vec : (-0.371929, 0.521989, -3.51663)
}
Diverged: geometry exploded (max_dist = 157.053)
Try to look for a better seed pair
Seed pair (12, 13): inliers E=735 H=72
camera[12]
{
	 r_vec : (0, 0, 0)
	 t_vec : (0, 0, 0)
}
camera[13]
{
	 r_vec : (-0.0194103, -0.0602788, 0.0135262)
	 t_vec : (0.246622, -0.962516, -0.112871)
}
****************** OPTIM FOUND 11 OUTLIERS : redoing optim!!
camera[13]
{
	 r_vec : (-0.017509, -0.0587393, 0.0133348)
	 t_vec : (0.231127, -0.938292, -0.123068)
}
ADDED 1476 new points
Using 3 over 15 cameras
0 0 0 0 0 0 0 0 0 0 0 0 1 1 1 
****************** OPTIM FOUND 40 OUTLIERS : redoing optim!!
camera[14]
{
	 r_vec : (-0.00199285, -0.00477839, 0.00813659)
	 t_vec : (-0.450107, 0.0151912, 0.00676601)
}
ADDED 0 new points
Using 4 over 15 cameras
0 0 0 0 0 0 0 1 0 0 0 0 1 1 1 
****************** OPTIM CHEIRALITY VIOLATION for 15 points : redoing optim!!
camera[7]
{
	 r_vec : (-0.806017, -1.69108, -2.5744)
	 t_vec : (-4.36091, -8.60059, -14.1283)
}
ADDED 284 new points
Using 5 over 15 cameras
0 0 0 0 0 0 0 1 1 0 0 0 1 1 1 
****************** OPTIM CHEIRALITY VIOLATION for 98 points : redoing optim!!
****************** OPTIM CHEIRALITY VIOLATION for 11 points : redoing optim!!
camera[8]
{
	 r_vec : (-0.00474758, -0.0266833, 0.0849897)
	 t_vec : (0.889711, -3.66893, 20.03)
}
ADDED 0 new points
Using 6 over 15 cameras
0 0 0 0 0 0 0 1 1 1 0 0 1 1 1 
****************** OPTIM CHEIRALITY VIOLATION for 8 points : redoing optim!!
camera[9]
{
	 r_vec : (-2.52701, -1.84051, -0.0376765)
	 t_vec : (7.80954, 12.9317, -18.2995)
}
Diverged: geometry exploded (max_dist = 247.81)
Try to look for a better seed pair
Seed pair (13, 14): inliers E=668 H=69
camera[13]
{
	 r_vec : (0, 0, 0)
	 t_vec : (0, 0, 0)
}
camera[14]
{
	 r_vec : (0.0111912, 0.0511989, -0.00737411)
	 t_vec : (-0.56885, 0.821553, 0.0382121)
}
WARNING: Logging before InitGoogleLogging() is written to STDERR
W0512 14:36:38.938580 24255 levenberg_marquardt_strategy.cc:115] Linear solver failure. Failed to compute a step: Eigen failure. Unable to perform dense Cholesky factorization.
W0512 14:36:38.939160 24255 levenberg_marquardt_strategy.cc:115] Linear solver failure. Failed to compute a step: Eigen failure. Unable to perform dense Cholesky factorization.
W0512 14:36:38.941726 24255 levenberg_marquardt_strategy.cc:115] Linear solver failure. Failed to compute a step: Eigen failure. Unable to perform dense Cholesky factorization.
W0512 14:36:38.943284 24255 levenberg_marquardt_strategy.cc:115] Linear solver failure. Failed to compute a step: Eigen failure. Unable to perform dense Cholesky factorization.
W0512 14:36:38.943840 24255 levenberg_marquardt_strategy.cc:115] Linear solver failure. Failed to compute a step: Eigen failure. Unable to perform dense Cholesky factorization.
W0512 14:36:38.946429 24255 levenberg_marquardt_strategy.cc:115] Linear solver failure. Failed to compute a step: Eigen failure. Unable to perform dense Cholesky factorization.
W0512 14:36:38.946967 24255 levenberg_marquardt_strategy.cc:115] Linear solver failure. Failed to compute a step: Eigen failure. Unable to perform dense Cholesky factorization.
W0512 14:36:38.948720 24255 levenberg_marquardt_strategy.cc:115] Linear solver failure. Failed to compute a step: Eigen failure. Unable to perform dense Cholesky factorization.
W0512 14:36:38.950274 24255 levenberg_marquardt_strategy.cc:115] Linear solver failure. Failed to compute a step: Eigen failure. Unable to perform dense Cholesky factorization.
W0512 14:36:38.951766 24255 levenberg_marquardt_strategy.cc:115] Linear solver failure. Failed to compute a step: Eigen failure. Unable to perform dense Cholesky factorization.
W0512 14:36:38.952286 24255 levenberg_marquardt_strategy.cc:115] Linear solver failure. Failed to compute a step: Eigen failure. Unable to perform dense Cholesky factorization.
W0512 14:36:38.953756 24255 levenberg_marquardt_strategy.cc:115] Linear solver failure. Failed to compute a step: Eigen failure. Unable to perform dense Cholesky factorization.
W0512 14:36:38.955246 24255 levenberg_marquardt_strategy.cc:115] Linear solver failure. Failed to compute a step: Eigen failure. Unable to perform dense Cholesky factorization.
W0512 14:36:38.956717 24255 levenberg_marquardt_strategy.cc:115] Linear solver failure. Failed to compute a step: Eigen failure. Unable to perform dense Cholesky factorization.
W0512 14:36:38.957229 24255 levenberg_marquardt_strategy.cc:115] Linear solver failure. Failed to compute a step: Eigen failure. Unable to perform dense Cholesky factorization.
W0512 14:36:38.958706 24255 levenberg_marquardt_strategy.cc:115] Linear solver failure. Failed to compute a step: Eigen failure. Unable to perform dense Cholesky factorization.
W0512 14:36:38.960177 24255 levenberg_marquardt_strategy.cc:115] Linear solver failure. Failed to compute a step: Eigen failure. Unable to perform dense Cholesky factorization.
W0512 14:36:38.960711 24255 levenberg_marquardt_strategy.cc:115] Linear solver failure. Failed to compute a step: Eigen failure. Unable to perform dense Cholesky factorization.
W0512 14:36:38.963166 24255 levenberg_marquardt_strategy.cc:115] Linear solver failure. Failed to compute a step: Eigen failure. Unable to perform dense Cholesky factorization.
W0512 14:36:38.963688 24255 levenberg_marquardt_strategy.cc:115] Linear solver failure. Failed to compute a step: Eigen failure. Unable to perform dense Cholesky factorization.
camera[14]
{
	 r_vec : (0.0116297, 0.051814, -0.00804922)
	 t_vec : (-0.575946, 0.828514, 0.0532488)
}
ADDED 1570 new points
Using 3 over 15 cameras
0 0 0 0 0 0 0 0 0 0 0 0 1 1 1 
****************** OPTIM FOUND 47 OUTLIERS : redoing optim!!
camera[12]
{
	 r_vec : (0.013967, 0.0545914, -0.015581)
	 t_vec : (-0.13822, 0.815857, 0.130005)
}
ADDED 0 new points
Using 4 over 15 cameras
0 0 0 0 0 0 0 1 0 0 0 0 1 1 1 
****************** OPTIM CHEIRALITY VIOLATION for 83 points : redoing optim!!
camera[7]
{
	 r_vec : (0.513114, -0.138637, -3.12545)
	 t_vec : (2.20542, -1.59854, -18.8497)
}
ADDED 0 new points
Using 5 over 15 cameras
0 0 0 0 0 0 0 1 1 0 0 0 1 1 1 
****************** OPTIM CHEIRALITY VIOLATION for 26 points : redoing optim!!
camera[8]
{
	 r_vec : (0.86504, 0.0127615, -3.01199)
	 t_vec : (4.5904, 0.110419, -17.87)
}
ADDED 113 new points
Using 6 over 15 cameras
0 0 0 0 0 0 1 1 1 0 0 0 1 1 1 
****************** OPTIM CHEIRALITY VIOLATION for 90 points : redoing optim!!
camera[6]
{
	 r_vec : (-0.0105352, -0.0663944, -0.0374775)
	 t_vec : (2.06634, 0.568332, 0.485512)
}
Diverged: geometry exploded (max_dist = 100.879)
Try to look for a better seed pair
Seed pair (6, 9): inliers E=682 H=77
camera[6]
{
	 r_vec : (0, 0, 0)
	 t_vec : (0, 0, 0)
}
camera[9]
{
	 r_vec : (-0.0257164, 0.0173283, 0.0277524)
	 t_vec : (0.0931023, -0.811867, -0.576371)
}
****************** OPTIM FOUND 6 OUTLIERS : redoing optim!!
camera[9]
{
	 r_vec : (-0.0270482, 0.0169616, 0.0277198)
	 t_vec : (0.0965872, -0.834428, -0.573155)
}
ADDED 861 new points
Using 3 over 15 cameras
0 0 0 0 0 0 1 1 0 1 0 0 0 0 0 
W0512 14:36:39.306869 24255 levenberg_marquardt_strategy.cc:115] Linear solver failure. Failed to compute a step: Eigen failure. Unable to perform dense Cholesky factorization.
W0512 14:36:39.308224 24255 levenberg_marquardt_strategy.cc:115] Linear solver failure. Failed to compute a step: Eigen failure. Unable to perform dense Cholesky factorization.
W0512 14:36:39.312513 24255 levenberg_marquardt_strategy.cc:115] Linear solver failure. Failed to compute a step: Eigen failure. Unable to perform dense Cholesky factorization.
W0512 14:36:39.313860 24255 levenberg_marquardt_strategy.cc:115] Linear solver failure. Failed to compute a step: Eigen failure. Unable to perform dense Cholesky factorization.
W0512 14:36:39.320922 24255 levenberg_marquardt_strategy.cc:115] Linear solver failure. Failed to compute a step: Eigen failure. Unable to perform dense Cholesky factorization.
W0512 14:36:39.325093 24255 levenberg_marquardt_strategy.cc:115] Linear solver failure. Failed to compute a step: Eigen failure. Unable to perform dense Cholesky factorization.
W0512 14:36:39.329303 24255 levenberg_marquardt_strategy.cc:115] Linear solver failure. Failed to compute a step: Eigen failure. Unable to perform dense Cholesky factorization.
W0512 14:36:39.330591 24255 levenberg_marquardt_strategy.cc:115] Linear solver failure. Failed to compute a step: Eigen failure. Unable to perform dense Cholesky factorization.
W0512 14:36:39.334363 24255 levenberg_marquardt_strategy.cc:115] Linear solver failure. Failed to compute a step: Eigen failure. Unable to perform dense Cholesky factorization.
W0512 14:36:39.338286 24255 levenberg_marquardt_strategy.cc:115] Linear solver failure. Failed to compute a step: Eigen failure. Unable to perform dense Cholesky factorization.
W0512 14:36:39.342231 24255 levenberg_marquardt_strategy.cc:115] Linear solver failure. Failed to compute a step: Eigen failure. Unable to perform dense Cholesky factorization.
W0512 14:36:39.346163 24255 levenberg_marquardt_strategy.cc:115] Linear solver failure. Failed to compute a step: Eigen failure. Unable to perform dense Cholesky factorization.
W0512 14:36:39.347450 24255 levenberg_marquardt_strategy.cc:115] Linear solver failure. Failed to compute a step: Eigen failure. Unable to perform dense Cholesky factorization.
W0512 14:36:39.353720 24255 levenberg_marquardt_strategy.cc:115] Linear solver failure. Failed to compute a step: Eigen failure. Unable to perform dense Cholesky factorization.
W0512 14:36:39.357604 24255 levenberg_marquardt_strategy.cc:115] Linear solver failure. Failed to compute a step: Eigen failure. Unable to perform dense Cholesky factorization.
W0512 14:36:39.358945 24255 levenberg_marquardt_strategy.cc:115] Linear solver failure. Failed to compute a step: Eigen failure. Unable to perform dense Cholesky factorization.
W0512 14:36:39.360293 24255 levenberg_marquardt_strategy.cc:115] Linear solver failure. Failed to compute a step: Eigen failure. Unable to perform dense Cholesky factorization.
W0512 14:36:39.370762 24255 levenberg_marquardt_strategy.cc:115] Linear solver failure. Failed to compute a step: Eigen failure. Unable to perform dense Cholesky factorization.
****************** OPTIM FOUND 38 OUTLIERS : redoing optim!!
camera[7]
{
	 r_vec : (-0.0055464, 0.0432101, 0.0074186)
	 t_vec : (-1.15389, -0.0036159, 0.021156)
}
ADDED 0 new points
Using 4 over 15 cameras
0 0 0 0 0 0 1 1 0 1 0 0 1 0 0 
****************** OPTIM CHEIRALITY VIOLATION for 20 points : redoing optim!!
camera[12]
{
	 r_vec : (1.20776, -0.337467, -2.76196)
	 t_vec : (9.44885, -2.11463, -19.3315)
}
Diverged: geometry exploded (max_dist = 111.154)
Try to look for a better seed pair
Seed pair (5, 10): inliers E=650 H=85
camera[5]
{
	 r_vec : (0, 0, 0)
	 t_vec : (0, 0, 0)
}
camera[10]
{
	 r_vec : (-0.0553854, 0.0542135, 0.0421295)
	 t_vec : (0.347308, -0.92185, -0.171961)
}
camera[10]
{
	 r_vec : (-0.0547265, 0.0550095, 0.0415498)
	 t_vec : (0.339418, -0.915712, -0.176428)
}
ADDED 1 new points
Using 3 over 15 cameras
0 0 0 0 1 1 0 0 0 0 1 0 0 0 0 
****************** OPTIM CHEIRALITY VIOLATION for 388 points : redoing optim!!
camera[4]
{
	 r_vec : (-0.436047, -0.240544, -3.16616)
	 t_vec : (-3.85693, -2.11291, -24.9732)
}
Diverged: geometry exploded (max_dist = 127.137)
Try to look for a better seed pair
Seed pair (0, 1): inliers E=710 H=106
camera[0]
{
	 r_vec : (0, 0, 0)
	 t_vec : (0, 0, 0)
}
camera[1]
{
	 r_vec : (-0.0211481, 0.0327685, 0.0233952)
	 t_vec : (-0.193844, -0.903265, 0.382801)
}
camera[1]
{
	 r_vec : (-0.021525, 0.0341364, 0.0226477)
	 t_vec : (-0.207994, -0.905531, 0.39124)
}
ADDED 693 new points
Using 3 over 15 cameras
1 1 1 0 0 0 0 0 0 0 0 0 0 0 0 
****************** OPTIM FOUND 12 OUTLIERS : redoing optim!!
camera[2]
{
	 r_vec : (-0.0297605, 0.0974931, 0.0231755)
	 t_vec : (-1.6345, -0.888991, 0.752064)
}
ADDED 0 new points
Using 4 over 15 cameras
1 1 1 1 0 0 0 0 0 0 0 0 0 0 0 
****************** OPTIM CHEIRALITY VIOLATION for 42 points : redoing optim!!
camera[3]
{
	 r_vec : (-0.379046, 0.353661, 3.15897)
	 t_vec : (3.6247, -1.60809, -19.8146)
}
Diverged: geometry exploded (max_dist = 108.906)
Try to look for a better seed pair
Seed pair (8, 13): inliers E=585 H=59
camera[8]
{
	 r_vec : (0, 0, 0)
	 t_vec : (0, 0, 0)
}
camera[13]
{
	 r_vec : (0.0128334, 0.0288875, 0.00404307)
	 t_vec : (-0.937482, 0.158851, 0.309668)
}
****************** OPTIM FOUND 13 OUTLIERS : redoing optim!!
camera[13]
{
	 r_vec : (0.0122782, 0.0280429, 0.0018043)
	 t_vec : (-0.924455, 0.142582, 0.30139)
}
ADDED 1194 new points
Using 3 over 15 cameras
0 0 0 0 0 0 0 0 1 0 0 0 1 1 0 
****************** OPTIM FOUND 47 OUTLIERS : redoing optim!!
camera[12]
{
	 r_vec : (0.0157571, 0.081291, -0.0135378)
	 t_vec : (-1.04683, 0.892485, 0.528541)
}
ADDED 0 new points
Using 4 over 15 cameras
0 0 0 0 0 0 0 0 1 0 0 0 1 1 1 
****************** OPTIM CHEIRALITY VIOLATION for 104 points : redoing optim!!
camera[14]
{
	 r_vec : (1.00171, -0.204969, -2.97358)
	 t_vec : (6.61195, -1.93658, -17.9451)
}
Diverged: geometry exploded (max_dist = 100.977)
Try to look for a better seed pair
Seed pair (2, 3): inliers E=654 H=49
camera[2]
{
	 r_vec : (0, 0, 0)
	 t_vec : (0, 0, 0)
}
camera[3]
{
	 r_vec : (-0.0140748, 0.0612433, 0.00978662)
	 t_vec : (-0.967005, -0.00358631, 0.254731)
}
camera[3]
{
	 r_vec : (-0.0133477, 0.0605942, 0.00984916)
	 t_vec : (-0.958515, 0.00402618, 0.252618)
}
ADDED 675 new points
Using 3 over 15 cameras
0 0 1 1 1 0 0 0 0 0 0 0 0 0 0 
****************** OPTIM FOUND 13 OUTLIERS : redoing optim!!
camera[4]
{
	 r_vec : (-0.0191987, 0.132513, 0.0341106)
	 t_vec : (-2.0811, -0.00698119, 0.547138)
}
ADDED 361 new points
Using 4 over 15 cameras
0 0 1 1 1 1 0 0 0 0 0 0 0 0 0 
camera[5]
{
	 r_vec : (-0.00825078, 0.210561, 0.0667766)
	 t_vec : (-3.23668, -0.170201, 0.942821)
}
ADDED 633 new points
Using 5 over 15 cameras
0 0 1 1 1 1 0 0 0 0 1 0 0 0 0 
****************** OPTIM FOUND 6 OUTLIERS : redoing optim!!
camera[10]
{
	 r_vec : (-0.045621, 0.283018, 0.100688)
	 t_vec : (-3.03767, -0.861125, 0.992983)
}
ADDED 303 new points
Using 6 over 15 cameras
0 0 1 1 1 1 1 0 0 0 1 0 0 0 0 
****************** OPTIM FOUND 9 OUTLIERS : redoing optim!!
camera[6]
{
	 r_vec : (-0.0210317, 0.315026, 0.119859)
	 t_vec : (-4.21784, -0.430936, 1.46237)
}
ADDED 537 new points
Using 7 over 15 cameras
0 0 1 1 1 1 1 0 0 1 1 0 0 0 0 
****************** OPTIM FOUND 20 OUTLIERS : redoing optim!!
camera[9]
{
	 r_vec : (-0.0460041, 0.337924, 0.143788)
	 t_vec : (-4.1516, -1.17645, 1.05322)
}
ADDED 272 new points
Using 8 over 15 cameras
0 0 1 1 1 1 1 1 0 1 1 0 0 0 0 
****************** OPTIM FOUND 34 OUTLIERS : redoing optim!!
camera[7]
{
	 r_vec : (-0.024415, 0.362529, 0.128143)
	 t_vec : (-5.17899, -0.450818, 1.67476)
}
ADDED 369 new points
Using 9 over 15 cameras
0 0 1 1 1 1 1 1 1 1 1 0 0 0 0 
****************** OPTIM FOUND 22 OUTLIERS : redoing optim!!
camera[8]
{
	 r_vec : (-0.0449021, 0.368714, 0.147304)
	 t_vec : (-5.36996, -1.42656, 1.22633)
}
ADDED 375 new points
Using 10 over 15 cameras
0 0 1 1 1 1 1 1 1 1 1 0 0 1 0 
****************** OPTIM FOUND 32 OUTLIERS : redoing optim!!
camera[13]
{
	 r_vec : (-0.0303875, 0.409714, 0.153263)
	 t_vec : (-6.27873, -1.33104, 1.67986)
}
ADDED 487 new points
Using 11 over 15 cameras
0 0 1 1 1 1 1 1 1 1 1 0 1 1 0 
****************** OPTIM FOUND 13 OUTLIERS : redoing optim!!
camera[12]
{
	 r_vec : (-0.0193644, 0.459857, 0.141625)
	 t_vec : (-6.29333, -0.571725, 2.10534)
}
ADDED 521 new points
Using 12 over 15 cameras
0 0 1 1 1 1 1 1 1 1 1 0 1 1 1 
****************** OPTIM FOUND 21 OUTLIERS : redoing optim!!
camera[14]
{
	 r_vec : (-0.0235384, 0.452203, 0.147698)
	 t_vec : (-6.66826, -0.600693, 2.02548)
}
ADDED 413 new points
Using 13 over 15 cameras
0 1 1 1 1 1 1 1 1 1 1 0 1 1 1 
camera[1]
{
	 r_vec : (0.00663302, -0.0698506, -0.00536271)
	 t_vec : (1.19382, -0.026208, -0.166714)
}
ADDED 577 new points
Using 14 over 15 cameras
1 1 1 1 1 1 1 1 1 1 1 0 1 1 1 
****************** OPTIM FOUND 12 OUTLIERS : redoing optim!!
camera[0]
{
	 r_vec : (0.0285304, -0.109214, -0.0268926)
	 t_vec : (1.44462, 0.672204, -0.39174)
}
ADDED 0 new points
Using 15 over 15 cameras
1 1 1 1 1 1 1 1 1 1 1 1 1 1 1 
W0512 14:36:41.501343 24255 levenberg_marquardt_strategy.cc:115] Linear solver failure. Failed to compute a step: Eigen failure. Unable to perform dense Cholesky factorization.
W0512 14:36:41.515828 24255 levenberg_marquardt_strategy.cc:115] Linear solver failure. Failed to compute a step: Eigen failure. Unable to perform dense Cholesky factorization.
W0512 14:36:41.519841 24255 levenberg_marquardt_strategy.cc:115] Linear solver failure. Failed to compute a step: Eigen failure. Unable to perform dense Cholesky factorization.
W0512 14:36:41.546913 24255 levenberg_marquardt_strategy.cc:115] Linear solver failure. Failed to compute a step: Eigen failure. Unable to perform dense Cholesky factorization.
W0512 14:36:41.551393 24255 levenberg_marquardt_strategy.cc:115] Linear solver failure. Failed to compute a step: Eigen failure. Unable to perform dense Cholesky factorization.
****************** OPTIM CHEIRALITY VIOLATION for 223 points : redoing optim!!
camera[11]
{
	 r_vec : (-0.132781, -0.133706, -3.09942)
	 t_vec : (-1.76938, -0.854063, -21.9735)
}
Diverged: geometry exploded (max_dist = 127.466)
Try to look for a better seed pair
Seed pair (6, 7): inliers E=586 H=57
camera[6]
{
	 r_vec : (0, 0, 0)
	 t_vec : (0, 0, 0)
}
camera[7]
{
	 r_vec : (0.00134624, 0.0783526, 0.010008)
	 t_vec : (-0.998516, 0.0541816, 0.00541446)
}
camera[7]
{
	 r_vec : (0.000439126, 0.0731416, 0.010176)
	 t_vec : (-0.957195, 0.0461603, -0.00176671)
}
ADDED 1025 new points
Using 3 over 15 cameras
0 0 0 0 0 0 1 1 0 1 0 0 0 0 0 
****************** OPTIM FOUND 42 OUTLIERS : redoing optim!!
camera[9]
{
	 r_vec : (-0.0253561, 0.0297793, 0.0290655)
	 t_vec : (-0.0494126, -0.508942, -0.382207)
}
ADDED 550 new points
Using 4 over 15 cameras
0 0 0 0 0 0 1 1 1 1 0 0 0 0 0 
****************** OPTIM FOUND 29 OUTLIERS : redoing optim!!
camera[8]
{
	 r_vec : (-0.0236603, 0.0608741, 0.0294903)
	 t_vec : (-0.959925, -0.66289, -0.358403)
}
ADDED 442 new points
Using 5 over 15 cameras
0 0 0 0 0 0 1 1 1 1 0 0 0 1 0 
****************** OPTIM FOUND 42 OUTLIERS : redoing optim!!
camera[13]
{
	 r_vec : (-0.0120012, 0.104198, 0.0332149)
	 t_vec : (-1.67828, -0.58097, -0.14366)
}
ADDED 546 new points
Using 6 over 15 cameras
0 0 0 0 0 0 1 1 1 1 0 0 1 1 0 
****************** OPTIM FOUND 27 OUTLIERS : redoing optim!!
camera[12]
{
	 r_vec : (-0.00674712, 0.151521, 0.0201841)
	 t_vec : (-1.73073, -0.0770922, 0.0158033)
}
ADDED 547 new points
Using 7 over 15 cameras
0 0 0 0 0 0 1 1 1 1 0 0 1 1 1 
****************** OPTIM FOUND 16 OUTLIERS : redoing optim!!
camera[14]
{
	 r_vec : (-0.00897089, 0.144609, 0.0271476)
	 t_vec : (-1.99534, -0.0795055, -0.0221238)
}
ADDED 219 new points
Using 8 over 15 cameras
0 0 0 0 0 1 1 1 1 1 0 0 1 1 1 
****************** OPTIM FOUND 8 OUTLIERS : redoing optim!!
camera[5]
{
	 r_vec : (0.00917472, -0.103102, -0.0555314)
	 t_vec : (0.790369, 0.0112404, -0.0341618)
}
ADDED 464 new points
Using 9 over 15 cameras
0 0 0 0 0 1 1 1 1 1 1 0 1 1 1 
****************** OPTIM FOUND 18 OUTLIERS : redoing optim!!
camera[10]
{
	 r_vec : (-0.0269461, -0.0303127, -0.0150651)
	 t_vec : (0.847521, -0.39584, -0.232419)
}
ADDED 198 new points
Using 10 over 15 cameras
0 0 0 0 1 1 1 1 1 1 1 0 1 1 1 
****************** OPTIM FOUND 19 OUTLIERS : redoing optim!!
camera[4]
{
	 r_vec : (-0.001862, -0.180335, -0.0857616)
	 t_vec : (1.64559, 0.0240104, -0.0739774)
}
ADDED 322 new points
Using 11 over 15 cameras
0 0 0 1 1 1 1 1 1 1 1 0 1 1 1 
W0512 14:36:42.958544 24255 levenberg_marquardt_strategy.cc:115] Linear solver failure. Failed to compute a step: Eigen failure. Unable to perform dense Cholesky factorization.
W0512 14:36:42.963702 24255 levenberg_marquardt_strategy.cc:115] Linear solver failure. Failed to compute a step: Eigen failure. Unable to perform dense Cholesky factorization.
W0512 14:36:42.980388 24255 levenberg_marquardt_strategy.cc:115] Linear solver failure. Failed to compute a step: Eigen failure. Unable to perform dense Cholesky factorization.
W0512 14:36:43.005311 24255 levenberg_marquardt_strategy.cc:115] Linear solver failure. Failed to compute a step: Eigen failure. Unable to perform dense Cholesky factorization.
W0512 14:36:43.009194 24255 levenberg_marquardt_strategy.cc:115] Linear solver failure. Failed to compute a step: Eigen failure. Unable to perform dense Cholesky factorization.
W0512 14:36:43.023854 24255 levenberg_marquardt_strategy.cc:115] Linear solver failure. Failed to compute a step: Eigen failure. Unable to perform dense Cholesky factorization.
W0512 14:36:43.028115 24255 levenberg_marquardt_strategy.cc:115] Linear solver failure. Failed to compute a step: Eigen failure. Unable to perform dense Cholesky factorization.
W0512 14:36:43.052067 24255 levenberg_marquardt_strategy.cc:115] Linear solver failure. Failed to compute a step: Eigen failure. Unable to perform dense Cholesky factorization.
W0512 14:36:43.056077 24255 levenberg_marquardt_strategy.cc:115] Linear solver failure. Failed to compute a step: Eigen failure. Unable to perform dense Cholesky factorization.
****************** OPTIM FOUND 17 OUTLIERS : redoing optim!!
camera[3]
{
	 r_vec : (0.00365607, -0.258015, -0.11055)
	 t_vec : (2.50378, -0.0477613, -0.058602)
}
ADDED 463 new points
Using 12 over 15 cameras
0 0 1 1 1 1 1 1 1 1 1 0 1 1 1 
****************** OPTIM FOUND 14 OUTLIERS : redoing optim!!
camera[2]
{
	 r_vec : (0.0155703, -0.315689, -0.123664)
	 t_vec : (3.1709, -0.106094, -0.0626749)
}
ADDED 322 new points
Using 13 over 15 cameras
0 1 1 1 1 1 1 1 1 1 1 0 1 1 1 
****************** OPTIM FOUND 10 OUTLIERS : redoing optim!!
camera[1]
{
	 r_vec : (0.0270516, -0.376129, -0.12575)
	 t_vec : (3.97105, -0.124229, -0.00310403)
}
ADDED 567 new points
Using 14 over 15 cameras
1 1 1 1 1 1 1 1 1 1 1 0 1 1 1 
****************** OPTIM FOUND 16 OUTLIERS : redoing optim!!
camera[0]
{
	 r_vec : (0.0483975, -0.412949, -0.149417)
	 t_vec : (4.13327, 0.310136, -0.0476434)
}
ADDED 77 new points
Using 15 over 15 cameras
1 1 1 1 1 1 1 1 1 1 1 1 1 1 1 
****************** OPTIM FOUND 15 OUTLIERS : redoing optim!!
camera[11]
{
	 r_vec : (-0.0477989, -0.096909, -0.0853462)
	 t_vec : (2.05079, -0.488835, -0.0643836)
}
===== FINAL METRICS =====
Registered cameras  : 15 / 15  (success rate 100 %)
Valid 3D points     : 5945
Mean reprojection err: 1.56069 px  (focal = 892.37 px)
=========================
Recostruction completed, exiting
