Header: 15 6367 27941
Seed pair (12, 14): inliers E=1053 H=120
camera[12]
{
	 r_vec : (0, 0, 0)
	 t_vec : (0, 0, 0)
}
camera[14]
{
	 r_vec : (-0.000699126, 0.0237821, 0.00802447)
	 t_vec : (-0.99925, 0.0305355, -0.0238207)
}
****************** OPTIM FOUND 13 OUTLIERS : redoing optim!!
camera[14]
{
	 r_vec : (-0.000955729, 0.0183624, 0.00781814)
	 t_vec : (-0.908417, 0.024724, -0.038196)
}
[NBV_PYRAMID] iter=1 camera=0 visible=65 score=956 pnp_inliers=19 ratio=0.292308 skipped=bad_pnp
[NBV_PYRAMID] iter=1 camera=1 visible=80 score=1312 pnp_inliers=23 ratio=0.2875 skipped=bad_pnp
[NBV_PYRAMID] iter=1 camera=2 visible=122 score=1408 pnp_inliers=36 ratio=0.295082 skipped=bad_pnp
[NBV_PYRAMID] iter=1 camera=3 visible=151 score=1344 pnp_inliers=58 ratio=0.384106
[NBV_PYRAMID] iter=1 camera=4 visible=189 score=1632 pnp_inliers=85 ratio=0.449735
[NBV_PYRAMID] iter=1 camera=5 visible=276 score=1840 pnp_inliers=137 ratio=0.496377
[NBV_PYRAMID] iter=1 camera=6 visible=383 score=1840 pnp_inliers=248 ratio=0.64752
[NBV_PYRAMID] iter=1 camera=7 visible=489 score=2272 pnp_inliers=420 ratio=0.858896
[NBV_PYRAMID] iter=1 camera=8 visible=477 score=2144 pnp_inliers=362 ratio=0.75891
[NBV_PYRAMID] iter=1 camera=9 visible=318 score=2048 pnp_inliers=198 ratio=0.622642
[NBV_PYRAMID] iter=1 camera=10 visible=210 score=1568 pnp_inliers=95 ratio=0.452381
[NBV_PYRAMID] iter=1 camera=11 visible=77 score=1312 pnp_inliers=32 ratio=0.415584
[NBV_PYRAMID] iter=1 camera=13 visible=643 score=2464 pnp_inliers=594 ratio=0.923795
NBV selected camera 13 visible=643 pyramid_score=2464 pnp_inliers=594
ADDED 135 new points
Using 3 over 15 cameras
0 0 0 0 0 0 0 0 0 0 0 0 1 1 1 
****************** OPTIM CHEIRALITY VIOLATION for 12 points : redoing optim!!
****************** OPTIM CHEIRALITY VIOLATION for 6 points : redoing optim!!
****************** OPTIM FOUND 14 OUTLIERS : redoing optim!!
camera[13]
{
	 r_vec : (0.0347013, -0.0457135, 0.00187665)
	 t_vec : (0.209769, -0.234832, -2.69596)
}
[NBV_PYRAMID] iter=2 camera=0 visible=0 score=-1 skipped=too_few_points
[NBV_PYRAMID] iter=2 camera=1 visible=0 score=-1 skipped=too_few_points
[NBV_PYRAMID] iter=2 camera=2 visible=0 score=-1 skipped=too_few_points
[NBV_PYRAMID] iter=2 camera=3 visible=0 score=-1 skipped=too_few_points
[NBV_PYRAMID] iter=2 camera=4 visible=0 score=-1 skipped=too_few_points
[NBV_PYRAMID] iter=2 camera=5 visible=3 score=-1 skipped=too_few_points
[NBV_PYRAMID] iter=2 camera=6 visible=9 score=-1 skipped=too_few_points
[NBV_PYRAMID] iter=2 camera=7 visible=9 score=-1 skipped=too_few_points
[NBV_PYRAMID] iter=2 camera=8 visible=9 score=-1 skipped=too_few_points
[NBV_PYRAMID] iter=2 camera=9 visible=8 score=-1 skipped=too_few_points
[NBV_PYRAMID] iter=2 camera=10 visible=3 score=-1 skipped=too_few_points
[NBV_PYRAMID] iter=2 camera=11 visible=0 score=-1 skipped=too_few_points
No other positions can be optimized, exiting
Try to look for a better seed pair
Seed pair (12, 13): inliers E=735 H=72
camera[12]
{
	 r_vec : (0, 0, 0)
	 t_vec : (0, 0, 0)
}
camera[13]
{
	 r_vec : (-0.0194103, -0.0602788, 0.0135262)
	 t_vec : (0.246622, -0.962516, -0.112871)
}
****************** OPTIM FOUND 11 OUTLIERS : redoing optim!!
camera[13]
{
	 r_vec : (-0.017509, -0.0587393, 0.0133348)
	 t_vec : (0.231127, -0.938292, -0.123068)
}
[NBV_PYRAMID] iter=1 camera=0 visible=65 score=1056 pnp_inliers=27 ratio=0.415385
[NBV_PYRAMID] iter=1 camera=1 visible=76 score=1040 pnp_inliers=33 ratio=0.434211
[NBV_PYRAMID] iter=1 camera=2 visible=127 score=1424 pnp_inliers=62 ratio=0.488189
[NBV_PYRAMID] iter=1 camera=3 visible=151 score=1360 pnp_inliers=83 ratio=0.549669
[NBV_PYRAMID] iter=1 camera=4 visible=185 score=1504 pnp_inliers=122 ratio=0.659459
[NBV_PYRAMID] iter=1 camera=5 visible=246 score=1696 pnp_inliers=166 ratio=0.674797
[NBV_PYRAMID] iter=1 camera=6 visible=329 score=1856 pnp_inliers=228 ratio=0.693009
[NBV_PYRAMID] iter=1 camera=7 visible=410 score=1936 pnp_inliers=380 ratio=0.926829
[NBV_PYRAMID] iter=1 camera=8 visible=447 score=2080 pnp_inliers=411 ratio=0.919463
[NBV_PYRAMID] iter=1 camera=9 visible=285 score=1840 pnp_inliers=212 ratio=0.74386
[NBV_PYRAMID] iter=1 camera=10 visible=197 score=1632 pnp_inliers=135 ratio=0.685279
[NBV_PYRAMID] iter=1 camera=11 visible=83 score=1376 pnp_inliers=45 ratio=0.542169
[NBV_PYRAMID] iter=1 camera=14 visible=587 score=2224 pnp_inliers=576 ratio=0.981261
NBV selected camera 14 visible=587 pyramid_score=2224 pnp_inliers=576
ADDED 1476 new points
Using 3 over 15 cameras
0 0 0 0 0 0 0 0 0 0 0 0 1 1 1 
****************** OPTIM FOUND 40 OUTLIERS : redoing optim!!
camera[14]
{
	 r_vec : (-0.00199285, -0.00477839, 0.00813659)
	 t_vec : (-0.450107, 0.0151912, 0.00676601)
}
[NBV_PYRAMID] iter=2 camera=0 visible=0 score=-1 skipped=too_few_points
[NBV_PYRAMID] iter=2 camera=1 visible=0 score=-1 skipped=too_few_points
[NBV_PYRAMID] iter=2 camera=2 visible=0 score=-1 skipped=too_few_points
[NBV_PYRAMID] iter=2 camera=3 visible=0 score=-1 skipped=too_few_points
[NBV_PYRAMID] iter=2 camera=4 visible=3 score=-1 skipped=too_few_points
[NBV_PYRAMID] iter=2 camera=5 visible=10 score=-1 skipped=too_few_points
[NBV_PYRAMID] iter=2 camera=6 visible=14 score=-1 skipped=too_few_points
[NBV_PYRAMID] iter=2 camera=7 visible=15 score=-1 skipped=too_few_points
[NBV_PYRAMID] iter=2 camera=8 visible=13 score=-1 skipped=too_few_points
[NBV_PYRAMID] iter=2 camera=9 visible=9 score=-1 skipped=too_few_points
[NBV_PYRAMID] iter=2 camera=10 visible=5 score=-1 skipped=too_few_points
[NBV_PYRAMID] iter=2 camera=11 visible=0 score=-1 skipped=too_few_points
No other positions can be optimized, exiting
Try to look for a better seed pair
Seed pair (13, 14): inliers E=668 H=69
camera[13]
{
	 r_vec : (0, 0, 0)
	 t_vec : (0, 0, 0)
}
camera[14]
{
	 r_vec : (0.0111912, 0.0511989, -0.00737411)
	 t_vec : (-0.56885, 0.821553, 0.0382121)
}
WARNING: Logging before InitGoogleLogging() is written to STDERR
W0512 14:37:02.464715 24925 levenberg_marquardt_strategy.cc:115] Linear solver failure. Failed to compute a step: Eigen failure. Unable to perform dense Cholesky factorization.
W0512 14:37:02.466259 24925 levenberg_marquardt_strategy.cc:115] Linear solver failure. Failed to compute a step: Eigen failure. Unable to perform dense Cholesky factorization.
W0512 14:37:02.466737 24925 levenberg_marquardt_strategy.cc:115] Linear solver failure. Failed to compute a step: Eigen failure. Unable to perform dense Cholesky factorization.
W0512 14:37:02.468182 24925 levenberg_marquardt_strategy.cc:115] Linear solver failure. Failed to compute a step: Eigen failure. Unable to perform dense Cholesky factorization.
W0512 14:37:02.469597 24925 levenberg_marquardt_strategy.cc:115] Linear solver failure. Failed to compute a step: Eigen failure. Unable to perform dense Cholesky factorization.
W0512 14:37:02.471037 24925 levenberg_marquardt_strategy.cc:115] Linear solver failure. Failed to compute a step: Eigen failure. Unable to perform dense Cholesky factorization.
W0512 14:37:02.471531 24925 levenberg_marquardt_strategy.cc:115] Linear solver failure. Failed to compute a step: Eigen failure. Unable to perform dense Cholesky factorization.
W0512 14:37:02.473896 24925 levenberg_marquardt_strategy.cc:115] Linear solver failure. Failed to compute a step: Eigen failure. Unable to perform dense Cholesky factorization.
W0512 14:37:02.474402 24925 levenberg_marquardt_strategy.cc:115] Linear solver failure. Failed to compute a step: Eigen failure. Unable to perform dense Cholesky factorization.
W0512 14:37:02.476727 24925 levenberg_marquardt_strategy.cc:115] Linear solver failure. Failed to compute a step: Eigen failure. Unable to perform dense Cholesky factorization.
W0512 14:37:02.477221 24925 levenberg_marquardt_strategy.cc:115] Linear solver failure. Failed to compute a step: Eigen failure. Unable to perform dense Cholesky factorization.
W0512 14:37:02.478631 24925 levenberg_marquardt_strategy.cc:115] Linear solver failure. Failed to compute a step: Eigen failure. Unable to perform dense Cholesky factorization.
W0512 14:37:02.480036 24925 levenberg_marquardt_strategy.cc:115] Linear solver failure. Failed to compute a step: Eigen failure. Unable to perform dense Cholesky factorization.
W0512 14:37:02.482371 24925 levenberg_marquardt_strategy.cc:115] Linear solver failure. Failed to compute a step: Eigen failure. Unable to perform dense Cholesky factorization.
W0512 14:37:02.482841 24925 levenberg_marquardt_strategy.cc:115] Linear solver failure. Failed to compute a step: Eigen failure. Unable to perform dense Cholesky factorization.
W0512 14:37:02.483318 24925 levenberg_marquardt_strategy.cc:115] Linear solver failure. Failed to compute a step: Eigen failure. Unable to perform dense Cholesky factorization.
W0512 14:37:02.486536 24925 levenberg_marquardt_strategy.cc:115] Linear solver failure. Failed to compute a step: Eigen failure. Unable to perform dense Cholesky factorization.
W0512 14:37:02.487022 24925 levenberg_marquardt_strategy.cc:115] Linear solver failure. Failed to compute a step: Eigen failure. Unable to perform dense Cholesky factorization.
W0512 14:37:02.488401 24925 levenberg_marquardt_strategy.cc:115] Linear solver failure. Failed to compute a step: Eigen failure. Unable to perform dense Cholesky factorization.
camera[14]
{
	 r_vec : (0.0115133, 0.0518762, -0.0042151)
	 t_vec : (-0.574091, 0.829509, 0.0571562)
}
[NBV_PYRAMID] iter=1 camera=0 visible=49 score=828 pnp_inliers=25 ratio=0.510204
[NBV_PYRAMID] iter=1 camera=1 visible=59 score=1084 pnp_inliers=33 ratio=0.559322
[NBV_PYRAMID] iter=1 camera=2 visible=93 score=1276 pnp_inliers=55 ratio=0.591398
[NBV_PYRAMID] iter=1 camera=3 visible=114 score=1216 pnp_inliers=70 ratio=0.614035
[NBV_PYRAMID] iter=1 camera=4 visible=145 score=1728 pnp_inliers=102 ratio=0.703448
[NBV_PYRAMID] iter=1 camera=5 visible=218 score=1936 pnp_inliers=155 ratio=0.711009
[NBV_PYRAMID] iter=1 camera=6 visible=319 score=2128 pnp_inliers=272 ratio=0.852665
[NBV_PYRAMID] iter=1 camera=7 visible=380 score=2096 pnp_inliers=351 ratio=0.923684
[NBV_PYRAMID] iter=1 camera=8 visible=424 score=2288 pnp_inliers=401 ratio=0.945755
[NBV_PYRAMID] iter=1 camera=9 visible=270 score=1968 pnp_inliers=225 ratio=0.833333
[NBV_PYRAMID] iter=1 camera=10 visible=169 score=1568 pnp_inliers=120 ratio=0.710059
[NBV_PYRAMID] iter=1 camera=11 visible=67 score=1312 pnp_inliers=42 ratio=0.626866
[NBV_PYRAMID] iter=1 camera=12 visible=558 score=2304 pnp_inliers=551 ratio=0.987455
NBV selected camera 12 visible=558 pyramid_score=2304 pnp_inliers=551
ADDED 1570 new points
Using 3 over 15 cameras
0 0 0 0 0 0 0 0 0 0 0 0 1 1 1 
****************** OPTIM FOUND 47 OUTLIERS : redoing optim!!
camera[12]
{
	 r_vec : (0.0138564, 0.0546498, -0.0117467)
	 t_vec : (-0.136359, 0.816828, 0.133921)
}
[NBV_PYRAMID] iter=2 camera=0 visible=1 score=-1 skipped=too_few_points
[NBV_PYRAMID] iter=2 camera=1 visible=4 score=-1 skipped=too_few_points
[NBV_PYRAMID] iter=2 camera=2 visible=4 score=-1 skipped=too_few_points
[NBV_PYRAMID] iter=2 camera=3 visible=2 score=-1 skipped=too_few_points
[NBV_PYRAMID] iter=2 camera=4 visible=10 score=-1 skipped=too_few_points
[NBV_PYRAMID] iter=2 camera=5 visible=34 score=540 pnp_inliers=25 ratio=0.735294
[NBV_PYRAMID] iter=2 camera=6 visible=70 score=1264 pnp_inliers=43 ratio=0.614286
[NBV_PYRAMID] iter=2 camera=7 visible=84 score=1264 pnp_inliers=64 ratio=0.761905
[NBV_PYRAMID] iter=2 camera=8 visible=78 score=832 pnp_inliers=65 ratio=0.833333
[NBV_PYRAMID] iter=2 camera=9 visible=54 score=960 pnp_inliers=33 ratio=0.611111
[NBV_PYRAMID] iter=2 camera=10 visible=26 score=620 pnp_inliers=16 ratio=0.615385
[NBV_PYRAMID] iter=2 camera=11 visible=0 score=-1 skipped=too_few_points
NBV selected camera 7 visible=84 pyramid_score=1264 pnp_inliers=64
ADDED 0 new points
Using 4 over 15 cameras
0 0 0 0 0 0 0 1 0 0 0 0 1 1 1 
****************** OPTIM CHEIRALITY VIOLATION for 84 points : redoing optim!!
camera[7]
{
	 r_vec : (-1.07207, -2.03916, -2.00337)
	 t_vec : (-3.93389, -8.63778, -8.02699)
}
[NBV_PYRAMID] iter=3 camera=0 visible=0 score=-1 skipped=too_few_points
[NBV_PYRAMID] iter=3 camera=1 visible=0 score=-1 skipped=too_few_points
[NBV_PYRAMID] iter=3 camera=2 visible=0 score=-1 skipped=too_few_points
[NBV_PYRAMID] iter=3 camera=3 visible=0 score=-1 skipped=too_few_points
[NBV_PYRAMID] iter=3 camera=4 visible=1 score=-1 skipped=too_few_points
[NBV_PYRAMID] iter=3 camera=5 visible=9 score=-1 skipped=too_few_points
[NBV_PYRAMID] iter=3 camera=6 visible=15 score=-1 skipped=too_few_points
[NBV_PYRAMID] iter=3 camera=8 visible=26 score=540 pnp_inliers=22 ratio=0.846154
[NBV_PYRAMID] iter=3 camera=9 visible=13 score=-1 skipped=too_few_points
[NBV_PYRAMID] iter=3 camera=10 visible=7 score=-1 skipped=too_few_points
[NBV_PYRAMID] iter=3 camera=11 visible=0 score=-1 skipped=too_few_points
NBV selected camera 8 visible=26 pyramid_score=540 pnp_inliers=22
ADDED 24 new points
Using 5 over 15 cameras
0 0 0 0 0 0 0 1 1 0 0 0 1 1 1 
****************** OPTIM CHEIRALITY VIOLATION for 29 points : redoing optim!!
camera[8]
{
	 r_vec : (-0.00790975, -0.0742027, 0.00685145)
	 t_vec : (0.845743, 0.49622, -2.88251)
}
[NBV_PYRAMID] iter=4 camera=0 visible=0 score=-1 skipped=too_few_points
[NBV_PYRAMID] iter=4 camera=1 visible=0 score=-1 skipped=too_few_points
[NBV_PYRAMID] iter=4 camera=2 visible=2 score=-1 skipped=too_few_points
[NBV_PYRAMID] iter=4 camera=3 visible=4 score=-1 skipped=too_few_points
[NBV_PYRAMID] iter=4 camera=4 visible=4 score=-1 skipped=too_few_points
[NBV_PYRAMID] iter=4 camera=5 visible=12 score=-1 skipped=too_few_points
[NBV_PYRAMID] iter=4 camera=6 visible=14 score=-1 skipped=too_few_points
[NBV_PYRAMID] iter=4 camera=9 visible=12 score=-1 skipped=too_few_points
[NBV_PYRAMID] iter=4 camera=10 visible=8 score=-1 skipped=too_few_points
[NBV_PYRAMID] iter=4 camera=11 visible=1 score=-1 skipped=too_few_points
No other positions can be optimized, exiting
Try to look for a better seed pair
Seed pair (6, 9): inliers E=682 H=77
camera[6]
{
	 r_vec : (0, 0, 0)
	 t_vec : (0, 0, 0)
}
camera[9]
{
	 r_vec : (-0.0257164, 0.0173283, 0.0277524)
	 t_vec : (0.0931023, -0.811867, -0.576371)
}
****************** OPTIM FOUND 6 OUTLIERS : redoing optim!!
camera[9]
{
	 r_vec : (-0.0270482, 0.0169616, 0.0277198)
	 t_vec : (0.0965872, -0.834428, -0.573155)
}
[NBV_PYRAMID] iter=1 camera=0 visible=117 score=1440 pnp_inliers=69 ratio=0.589744
[NBV_PYRAMID] iter=1 camera=1 visible=134 score=1568 pnp_inliers=81 ratio=0.604478
[NBV_PYRAMID] iter=1 camera=2 visible=183 score=1632 pnp_inliers=132 ratio=0.721311
[NBV_PYRAMID] iter=1 camera=3 visible=222 score=1712 pnp_inliers=175 ratio=0.788288
[NBV_PYRAMID] iter=1 camera=4 visible=276 score=1632 pnp_inliers=244 ratio=0.884058
[NBV_PYRAMID] iter=1 camera=5 visible=379 score=1840 pnp_inliers=365 ratio=0.963061
[NBV_PYRAMID] iter=1 camera=7 visible=409 score=2352 pnp_inliers=386 ratio=0.943765
[NBV_PYRAMID] iter=1 camera=8 visible=378 score=2160 pnp_inliers=352 ratio=0.931217
[NBV_PYRAMID] iter=1 camera=10 visible=327 score=1904 pnp_inliers=300 ratio=0.917431
[NBV_PYRAMID] iter=1 camera=11 visible=117 score=1372 pnp_inliers=94 ratio=0.803419
[NBV_PYRAMID] iter=1 camera=12 visible=316 score=2144 pnp_inliers=252 ratio=0.797468
[NBV_PYRAMID] iter=1 camera=13 visible=324 score=2208 pnp_inliers=259 ratio=0.799383
[NBV_PYRAMID] iter=1 camera=14 visible=317 score=2016 pnp_inliers=248 ratio=0.782334
NBV selected camera 7 visible=409 pyramid_score=2352 pnp_inliers=386
ADDED 861 new points
Using 3 over 15 cameras
0 0 0 0 0 0 1 1 0 1 0 0 0 0 0 
W0512 14:37:02.921398 24925 levenberg_marquardt_strategy.cc:115] Linear solver failure. Failed to compute a step: Eigen failure. Unable to perform dense Cholesky factorization.
W0512 14:37:02.922627 24925 levenberg_marquardt_strategy.cc:115] Linear solver failure. Failed to compute a step: Eigen failure. Unable to perform dense Cholesky factorization.
W0512 14:37:02.926131 24925 levenberg_marquardt_strategy.cc:115] Linear solver failure. Failed to compute a step: Eigen failure. Unable to perform dense Cholesky factorization.
W0512 14:37:02.929803 24925 levenberg_marquardt_strategy.cc:115] Linear solver failure. Failed to compute a step: Eigen failure. Unable to perform dense Cholesky factorization.
W0512 14:37:02.931007 24925 levenberg_marquardt_strategy.cc:115] Linear solver failure. Failed to compute a step: Eigen failure. Unable to perform dense Cholesky factorization.
W0512 14:37:02.937155 24925 levenberg_marquardt_strategy.cc:115] Linear solver failure. Failed to compute a step: Eigen failure. Unable to perform dense Cholesky factorization.
W0512 14:37:02.938359 24925 levenberg_marquardt_strategy.cc:115] Linear solver failure. Failed to compute a step: Eigen failure. Unable to perform dense Cholesky factorization.
W0512 14:37:02.944481 24925 levenberg_marquardt_strategy.cc:115] Linear solver failure. Failed to compute a step: Eigen failure. Unable to perform dense Cholesky factorization.
W0512 14:37:02.945627 24925 levenberg_marquardt_strategy.cc:115] Linear solver failure. Failed to compute a step: Eigen failure. Unable to perform dense Cholesky factorization.
W0512 14:37:02.949193 24925 levenberg_marquardt_strategy.cc:115] Linear solver failure. Failed to compute a step: Eigen failure. Unable to perform dense Cholesky factorization.
W0512 14:37:02.952798 24925 levenberg_marquardt_strategy.cc:115] Linear solver failure. Failed to compute a step: Eigen failure. Unable to perform dense Cholesky factorization.
W0512 14:37:02.953969 24925 levenberg_marquardt_strategy.cc:115] Linear solver failure. Failed to compute a step: Eigen failure. Unable to perform dense Cholesky factorization.
W0512 14:37:02.960206 24925 levenberg_marquardt_strategy.cc:115] Linear solver failure. Failed to compute a step: Eigen failure. Unable to perform dense Cholesky factorization.
W0512 14:37:02.961404 24925 levenberg_marquardt_strategy.cc:115] Linear solver failure. Failed to compute a step: Eigen failure. Unable to perform dense Cholesky factorization.
W0512 14:37:02.967430 24925 levenberg_marquardt_strategy.cc:115] Linear solver failure. Failed to compute a step: Eigen failure. Unable to perform dense Cholesky factorization.
W0512 14:37:02.968681 24925 levenberg_marquardt_strategy.cc:115] Linear solver failure. Failed to compute a step: Eigen failure. Unable to perform dense Cholesky factorization.
W0512 14:37:02.972352 24925 levenberg_marquardt_strategy.cc:115] Linear solver failure. Failed to compute a step: Eigen failure. Unable to perform dense Cholesky factorization.
W0512 14:37:02.975979 24925 levenberg_marquardt_strategy.cc:115] Linear solver failure. Failed to compute a step: Eigen failure. Unable to perform dense Cholesky factorization.
W0512 14:37:02.980017 24925 levenberg_marquardt_strategy.cc:115] Linear solver failure. Failed to compute a step: Eigen failure. Unable to perform dense Cholesky factorization.
W0512 14:37:02.981201 24925 levenberg_marquardt_strategy.cc:115] Linear solver failure. Failed to compute a step: Eigen failure. Unable to perform dense Cholesky factorization.
****************** OPTIM FOUND 38 OUTLIERS : redoing optim!!
camera[7]
{
	 r_vec : (-0.0055464, 0.0432101, 0.0074186)
	 t_vec : (-1.15389, -0.0036159, 0.021156)
}
[NBV_PYRAMID] iter=2 camera=0 visible=0 score=-1 skipped=too_few_points
[NBV_PYRAMID] iter=2 camera=1 visible=1 score=-1 skipped=too_few_points
[NBV_PYRAMID] iter=2 camera=2 visible=1 score=-1 skipped=too_few_points
[NBV_PYRAMID] iter=2 camera=3 visible=0 score=-1 skipped=too_few_points
[NBV_PYRAMID] iter=2 camera=4 visible=3 score=-1 skipped=too_few_points
[NBV_PYRAMID] iter=2 camera=5 visible=19 score=-1 skipped=too_few_points
[NBV_PYRAMID] iter=2 camera=8 visible=18 score=-1 skipped=too_few_points
[NBV_PYRAMID] iter=2 camera=10 visible=13 score=-1 skipped=too_few_points
[NBV_PYRAMID] iter=2 camera=11 visible=1 score=-1 skipped=too_few_points
[NBV_PYRAMID] iter=2 camera=12 visible=20 score=396 pnp_inliers=17 ratio=0.85
[NBV_PYRAMID] iter=2 camera=13 visible=17 score=-1 skipped=too_few_points
[NBV_PYRAMID] iter=2 camera=14 visible=17 score=-1 skipped=too_few_points
NBV selected camera 12 visible=20 pyramid_score=396 pnp_inliers=17
ADDED 0 new points
Using 4 over 15 cameras
0 0 0 0 0 0 1 1 0 1 0 0 1 0 0 
****************** OPTIM CHEIRALITY VIOLATION for 20 points : redoing optim!!
camera[12]
{
	 r_vec : (1.20776, -0.337467, -2.76196)
	 t_vec : (9.44885, -2.11463, -19.3315)
}
Diverged: geometry exploded (max_dist = 111.154)
Try to look for a better seed pair
Seed pair (5, 10): inliers E=650 H=85
camera[5]
{
	 r_vec : (0, 0, 0)
	 t_vec : (0, 0, 0)
}
camera[10]
{
	 r_vec : (-0.0553854, 0.0542135, 0.0421295)
	 t_vec : (0.347308, -0.92185, -0.171961)
}
camera[10]
{
	 r_vec : (-0.0547265, 0.0550095, 0.0415498)
	 t_vec : (0.339418, -0.915712, -0.176428)
}
[NBV_PYRAMID] iter=1 camera=0 visible=135 score=1664 pnp_inliers=82 ratio=0.607407
[NBV_PYRAMID] iter=1 camera=1 visible=173 score=1664 pnp_inliers=108 ratio=0.624277
[NBV_PYRAMID] iter=1 camera=2 visible=227 score=2144 pnp_inliers=159 ratio=0.700441
[NBV_PYRAMID] iter=1 camera=3 visible=290 score=1872 pnp_inliers=245 ratio=0.844828
[NBV_PYRAMID] iter=1 camera=4 visible=387 score=1920 pnp_inliers=358 ratio=0.925065
[NBV_PYRAMID] iter=1 camera=6 visible=378 score=1920 pnp_inliers=349 ratio=0.92328
[NBV_PYRAMID] iter=1 camera=7 visible=276 score=1984 pnp_inliers=225 ratio=0.815217
[NBV_PYRAMID] iter=1 camera=8 visible=271 score=1712 pnp_inliers=197 ratio=0.726937
[NBV_PYRAMID] iter=1 camera=9 visible=362 score=1904 pnp_inliers=320 ratio=0.883978
[NBV_PYRAMID] iter=1 camera=11 visible=162 score=1584 pnp_inliers=141 ratio=0.87037
[NBV_PYRAMID] iter=1 camera=12 visible=245 score=2000 pnp_inliers=171 ratio=0.697959
[NBV_PYRAMID] iter=1 camera=13 visible=237 score=1792 pnp_inliers=158 ratio=0.666667
[NBV_PYRAMID] iter=1 camera=14 visible=247 score=1792 pnp_inliers=167 ratio=0.676113
NBV selected camera 2 visible=227 pyramid_score=2144 pnp_inliers=159
ADDED 2 new points
Using 3 over 15 cameras
0 0 1 0 0 1 0 0 0 0 1 0 0 0 0 
****************** OPTIM CHEIRALITY VIOLATION for 229 points : redoing optim!!
camera[2]
{
	 r_vec : (0.481088, -0.169, 3.10523)
	 t_vec : (-4.5564, 0.865586, -27.4841)
}
Diverged: geometry exploded (max_dist = 120.535)
Try to look for a better seed pair
Seed pair (0, 1): inliers E=710 H=106
camera[0]
{
	 r_vec : (0, 0, 0)
	 t_vec : (0, 0, 0)
}
camera[1]
{
	 r_vec : (-0.0211481, 0.0327685, 0.0233952)
	 t_vec : (-0.193844, -0.903265, 0.382801)
}
camera[1]
{
	 r_vec : (-0.021525, 0.0341364, 0.0226477)
	 t_vec : (-0.207994, -0.905531, 0.39124)
}
[NBV_PYRAMID] iter=1 camera=2 visible=370 score=1840 pnp_inliers=345 ratio=0.932432
[NBV_PYRAMID] iter=1 camera=3 visible=289 score=1792 pnp_inliers=261 ratio=0.903114
[NBV_PYRAMID] iter=1 camera=4 visible=230 score=1520 pnp_inliers=200 ratio=0.869565
[NBV_PYRAMID] iter=1 camera=5 visible=173 score=1376 pnp_inliers=143 ratio=0.82659
[NBV_PYRAMID] iter=1 camera=6 visible=146 score=1248 pnp_inliers=108 ratio=0.739726
[NBV_PYRAMID] iter=1 camera=7 visible=115 score=1312 pnp_inliers=75 ratio=0.652174
[NBV_PYRAMID] iter=1 camera=8 visible=108 score=1360 pnp_inliers=70 ratio=0.648148
[NBV_PYRAMID] iter=1 camera=9 visible=143 score=1376 pnp_inliers=104 ratio=0.727273
[NBV_PYRAMID] iter=1 camera=10 visible=181 score=1456 pnp_inliers=149 ratio=0.823204
[NBV_PYRAMID] iter=1 camera=11 visible=108 score=1372 pnp_inliers=83 ratio=0.768519
[NBV_PYRAMID] iter=1 camera=12 visible=86 score=960 pnp_inliers=56 ratio=0.651163
[NBV_PYRAMID] iter=1 camera=13 visible=94 score=1088 pnp_inliers=60 ratio=0.638298
[NBV_PYRAMID] iter=1 camera=14 visible=88 score=1088 pnp_inliers=54 ratio=0.613636
NBV selected camera 2 visible=370 pyramid_score=1840 pnp_inliers=345
ADDED 693 new points
Using 3 over 15 cameras
1 1 1 0 0 0 0 0 0 0 0 0 0 0 0 
****************** OPTIM FOUND 12 OUTLIERS : redoing optim!!
camera[2]
{
	 r_vec : (-0.0297605, 0.0974931, 0.0231755)
	 t_vec : (-1.6345, -0.888991, 0.752064)
}
[NBV_PYRAMID] iter=2 camera=3 visible=42 score=744 pnp_inliers=38 ratio=0.904762
[NBV_PYRAMID] iter=2 camera=4 visible=34 score=452 pnp_inliers=30 ratio=0.882353
[NBV_PYRAMID] iter=2 camera=5 visible=14 score=-1 skipped=too_few_points
[NBV_PYRAMID] iter=2 camera=6 visible=10 score=-1 skipped=too_few_points
[NBV_PYRAMID] iter=2 camera=7 visible=6 score=-1 skipped=too_few_points
[NBV_PYRAMID] iter=2 camera=8 visible=3 score=-1 skipped=too_few_points
[NBV_PYRAMID] iter=2 camera=9 visible=4 score=-1 skipped=too_few_points
[NBV_PYRAMID] iter=2 camera=10 visible=12 score=-1 skipped=too_few_points
[NBV_PYRAMID] iter=2 camera=11 visible=13 score=-1 skipped=too_few_points
[NBV_PYRAMID] iter=2 camera=12 visible=5 score=-1 skipped=too_few_points
[NBV_PYRAMID] iter=2 camera=13 visible=2 score=-1 skipped=too_few_points
[NBV_PYRAMID] iter=2 camera=14 visible=4 score=-1 skipped=too_few_points
NBV selected camera 3 visible=42 pyramid_score=744 pnp_inliers=38
ADDED 0 new points
Using 4 over 15 cameras
1 1 1 1 0 0 0 0 0 0 0 0 0 0 0 
****************** OPTIM CHEIRALITY VIOLATION for 42 points : redoing optim!!
camera[3]
{
	 r_vec : (-0.379046, 0.353661, 3.15897)
	 t_vec : (3.6247, -1.60809, -19.8146)
}
Diverged: geometry exploded (max_dist = 108.906)
Try to look for a better seed pair
Seed pair (8, 13): inliers E=585 H=59
camera[8]
{
	 r_vec : (0, 0, 0)
	 t_vec : (0, 0, 0)
}
camera[13]
{
	 r_vec : (0.0128334, 0.0288875, 0.00404307)
	 t_vec : (-0.937482, 0.158851, 0.309668)
}
****************** OPTIM FOUND 13 OUTLIERS : redoing optim!!
camera[13]
{
	 r_vec : (0.0122782, 0.0280429, 0.0018043)
	 t_vec : (-0.924455, 0.142582, 0.30139)
}
[NBV_PYRAMID] iter=1 camera=0 visible=70 score=940 pnp_inliers=38 ratio=0.542857
[NBV_PYRAMID] iter=1 camera=1 visible=84 score=1020 pnp_inliers=46 ratio=0.547619
[NBV_PYRAMID] iter=1 camera=2 visible=134 score=1216 pnp_inliers=88 ratio=0.656716
[NBV_PYRAMID] iter=1 camera=3 visible=161 score=1152 pnp_inliers=115 ratio=0.714286
[NBV_PYRAMID] iter=1 camera=4 visible=192 score=1360 pnp_inliers=149 ratio=0.776042
[NBV_PYRAMID] iter=1 camera=5 visible=259 score=1504 pnp_inliers=215 ratio=0.830116
[NBV_PYRAMID] iter=1 camera=6 visible=340 score=1856 pnp_inliers=291 ratio=0.855882
[NBV_PYRAMID] iter=1 camera=7 visible=403 score=2016 pnp_inliers=374 ratio=0.92804
[NBV_PYRAMID] iter=1 camera=9 visible=312 score=1872 pnp_inliers=292 ratio=0.935897
[NBV_PYRAMID] iter=1 camera=10 visible=212 score=1568 pnp_inliers=179 ratio=0.84434
[NBV_PYRAMID] iter=1 camera=11 visible=86 score=1152 pnp_inliers=70 ratio=0.813953
[NBV_PYRAMID] iter=1 camera=12 visible=427 score=2080 pnp_inliers=394 ratio=0.922717
[NBV_PYRAMID] iter=1 camera=14 visible=401 score=1888 pnp_inliers=351 ratio=0.875312
NBV selected camera 12 visible=427 pyramid_score=2080 pnp_inliers=394
ADDED 1194 new points
Using 3 over 15 cameras
0 0 0 0 0 0 0 0 1 0 0 0 1 1 0 
****************** OPTIM FOUND 47 OUTLIERS : redoing optim!!
camera[12]
{
	 r_vec : (0.0157571, 0.081291, -0.0135378)
	 t_vec : (-1.04683, 0.892485, 0.528541)
}
[NBV_PYRAMID] iter=2 camera=0 visible=2 score=-1 skipped=too_few_points
[NBV_PYRAMID] iter=2 camera=1 visible=3 score=-1 skipped=too_few_points
[NBV_PYRAMID] iter=2 camera=2 visible=3 score=-1 skipped=too_few_points
[NBV_PYRAMID] iter=2 camera=3 visible=3 score=-1 skipped=too_few_points
[NBV_PYRAMID] iter=2 camera=4 visible=6 score=-1 skipped=too_few_points
[NBV_PYRAMID] iter=2 camera=5 visible=31 score=540 pnp_inliers=24 ratio=0.774194
[NBV_PYRAMID] iter=2 camera=6 visible=61 score=848 pnp_inliers=50 ratio=0.819672
[NBV_PYRAMID] iter=2 camera=7 visible=81 score=704 pnp_inliers=66 ratio=0.814815
[NBV_PYRAMID] iter=2 camera=9 visible=55 score=816 pnp_inliers=43 ratio=0.781818
[NBV_PYRAMID] iter=2 camera=10 visible=25 score=396 pnp_inliers=19 ratio=0.76
[NBV_PYRAMID] iter=2 camera=11 visible=1 score=-1 skipped=too_few_points
[NBV_PYRAMID] iter=2 camera=14 visible=104 score=812 pnp_inliers=96 ratio=0.923077
NBV selected camera 6 visible=61 pyramid_score=848 pnp_inliers=50
ADDED 0 new points
Using 4 over 15 cameras
0 0 0 0 0 0 1 0 1 0 0 0 1 1 0 
****************** OPTIM CHEIRALITY VIOLATION for 61 points : redoing optim!!
camera[6]
{
	 r_vec : (-0.732158, 0.460924, 2.94398)
	 t_vec : (3.60761, -3.69959, -18.9717)
}
Diverged: geometry exploded (max_dist = 103.79)
Try to look for a better seed pair
Seed pair (2, 3): inliers E=654 H=49
camera[2]
{
	 r_vec : (0, 0, 0)
	 t_vec : (0, 0, 0)
}
camera[3]
{
	 r_vec : (-0.0140748, 0.0612433, 0.00978662)
	 t_vec : (-0.967005, -0.00358631, 0.254731)
}
camera[3]
{
	 r_vec : (-0.0133477, 0.0605942, 0.00984916)
	 t_vec : (-0.958515, 0.00402618, 0.252618)
}
[NBV_PYRAMID] iter=1 camera=0 visible=290 score=1984 pnp_inliers=259 ratio=0.893103
[NBV_PYRAMID] iter=1 camera=1 visible=371 score=2064 pnp_inliers=342 ratio=0.921833
[NBV_PYRAMID] iter=1 camera=4 visible=406 score=2000 pnp_inliers=392 ratio=0.965517
[NBV_PYRAMID] iter=1 camera=5 visible=289 score=1776 pnp_inliers=260 ratio=0.899654
[NBV_PYRAMID] iter=1 camera=6 visible=237 score=1584 pnp_inliers=194 ratio=0.818565
[NBV_PYRAMID] iter=1 camera=7 visible=188 score=1792 pnp_inliers=136 ratio=0.723404
[NBV_PYRAMID] iter=1 camera=8 visible=193 score=1520 pnp_inliers=132 ratio=0.683938
[NBV_PYRAMID] iter=1 camera=9 visible=235 score=1568 pnp_inliers=191 ratio=0.812766
[NBV_PYRAMID] iter=1 camera=10 visible=277 score=1648 pnp_inliers=252 ratio=0.909747
[NBV_PYRAMID] iter=1 camera=11 visible=177 score=1484 pnp_inliers=153 ratio=0.864407
[NBV_PYRAMID] iter=1 camera=12 visible=162 score=1648 pnp_inliers=114 ratio=0.703704
[NBV_PYRAMID] iter=1 camera=13 visible=169 score=1392 pnp_inliers=109 ratio=0.64497
[NBV_PYRAMID] iter=1 camera=14 visible=151 score=1648 pnp_inliers=102 ratio=0.675497
NBV selected camera 1 visible=371 pyramid_score=2064 pnp_inliers=342
ADDED 692 new points
Using 3 over 15 cameras
0 1 1 1 0 0 0 0 0 0 0 0 0 0 0 
****************** OPTIM FOUND 13 OUTLIERS : redoing optim!!
camera[1]
{
	 r_vec : (0.00609648, -0.06003, -0.0019894)
	 t_vec : (1.13495, -0.0314961, -0.180865)
}
[NBV_PYRAMID] iter=2 camera=0 visible=348 score=1728 pnp_inliers=325 ratio=0.933908
[NBV_PYRAMID] iter=2 camera=4 visible=321 score=1792 pnp_inliers=312 ratio=0.971963
[NBV_PYRAMID] iter=2 camera=5 visible=231 score=1584 pnp_inliers=215 ratio=0.930736
[NBV_PYRAMID] iter=2 camera=6 visible=185 score=1392 pnp_inliers=163 ratio=0.881081
[NBV_PYRAMID] iter=2 camera=7 visible=154 score=1472 pnp_inliers=126 ratio=0.818182
[NBV_PYRAMID] iter=2 camera=8 visible=154 score=1104 pnp_inliers=112 ratio=0.727273
[NBV_PYRAMID] iter=2 camera=9 visible=186 score=1296 pnp_inliers=152 ratio=0.817204
[NBV_PYRAMID] iter=2 camera=10 visible=230 score=1424 pnp_inliers=210 ratio=0.913043
[NBV_PYRAMID] iter=2 camera=11 visible=140 score=1248 pnp_inliers=122 ratio=0.871429
[NBV_PYRAMID] iter=2 camera=12 visible=126 score=1248 pnp_inliers=88 ratio=0.698413
[NBV_PYRAMID] iter=2 camera=13 visible=130 score=960 pnp_inliers=87 ratio=0.669231
[NBV_PYRAMID] iter=2 camera=14 visible=121 score=1312 pnp_inliers=81 ratio=0.669421
NBV selected camera 4 visible=321 pyramid_score=1792 pnp_inliers=312
ADDED 467 new points
Using 4 over 15 cameras
0 1 1 1 1 0 0 0 0 0 0 0 0 0 0 
camera[4]
{
	 r_vec : (-0.0186378, 0.136967, 0.0362892)
	 t_vec : (-2.1314, 0.00214109, 0.596485)
}
[NBV_PYRAMID] iter=3 camera=0 visible=391 score=2096 pnp_inliers=348 ratio=0.890026
[NBV_PYRAMID] iter=3 camera=5 visible=466 score=2208 pnp_inliers=430 ratio=0.922747
[NBV_PYRAMID] iter=3 camera=6 visible=361 score=1872 pnp_inliers=318 ratio=0.880886
[NBV_PYRAMID] iter=3 camera=7 visible=280 score=2016 pnp_inliers=230 ratio=0.821429
[NBV_PYRAMID] iter=3 camera=8 visible=283 score=1680 pnp_inliers=207 ratio=0.731449
[NBV_PYRAMID] iter=3 camera=9 visible=346 score=1712 pnp_inliers=291 ratio=0.84104
[NBV_PYRAMID] iter=3 camera=10 visible=442 score=2064 pnp_inliers=407 ratio=0.920814
[NBV_PYRAMID] iter=3 camera=11 visible=273 score=1648 pnp_inliers=239 ratio=0.875458
[NBV_PYRAMID] iter=3 camera=12 visible=236 score=1792 pnp_inliers=178 ratio=0.754237
[NBV_PYRAMID] iter=3 camera=13 visible=245 score=1664 pnp_inliers=172 ratio=0.702041
[NBV_PYRAMID] iter=3 camera=14 visible=226 score=1936 pnp_inliers=156 ratio=0.690265
NBV selected camera 5 visible=466 pyramid_score=2208 pnp_inliers=430
ADDED 331 new points
Using 5 over 15 cameras
0 1 1 1 1 1 0 0 0 0 0 0 0 0 0 
camera[5]
{
	 r_vec : (-0.00631015, 0.217885, 0.068659)
	 t_vec : (-3.31988, -0.152873, 1.00332)
}
[NBV_PYRAMID] iter=4 camera=0 visible=399 score=2096 pnp_inliers=367 ratio=0.919799
[NBV_PYRAMID] iter=4 camera=6 visible=558 score=2272 pnp_inliers=513 ratio=0.919355
[NBV_PYRAMID] iter=4 camera=7 visible=435 score=2080 pnp_inliers=378 ratio=0.868966
[NBV_PYRAMID] iter=4 camera=8 visible=416 score=1872 pnp_inliers=333 ratio=0.800481
[NBV_PYRAMID] iter=4 camera=9 visible=512 score=2000 pnp_inliers=456 ratio=0.890625
[NBV_PYRAMID] iter=4 camera=10 visible=650 score=2256 pnp_inliers=607 ratio=0.933846
[NBV_PYRAMID] iter=4 camera=11 visible=317 score=1648 pnp_inliers=290 ratio=0.914826
[NBV_PYRAMID] iter=4 camera=12 visible=363 score=1936 pnp_inliers=288 ratio=0.793388
[NBV_PYRAMID] iter=4 camera=13 visible=371 score=1936 pnp_inliers=281 ratio=0.757412
[NBV_PYRAMID] iter=4 camera=14 visible=355 score=2096 pnp_inliers=259 ratio=0.729577
NBV selected camera 6 visible=558 pyramid_score=2272 pnp_inliers=513
ADDED 418 new points
Using 6 over 15 cameras
0 1 1 1 1 1 1 0 0 0 0 0 0 0 0 
camera[6]
{
	 r_vec : (-0.0193627, 0.321571, 0.123106)
	 t_vec : (-4.29742, -0.422571, 1.51855)
}
[NBV_PYRAMID] iter=5 camera=0 visible=401 score=2096 pnp_inliers=367 ratio=0.915212
[NBV_PYRAMID] iter=5 camera=7 visible=651 score=2624 pnp_inliers=582 ratio=0.894009
[NBV_PYRAMID] iter=5 camera=8 visible=605 score=2080 pnp_inliers=486 ratio=0.803306
[NBV_PYRAMID] iter=5 camera=9 visible=759 score=2256 pnp_inliers=694 ratio=0.914361
[NBV_PYRAMID] iter=5 camera=10 visible=845 score=2512 pnp_inliers=803 ratio=0.950296
[NBV_PYRAMID] iter=5 camera=11 visible=324 score=1648 pnp_inliers=292 ratio=0.901235
[NBV_PYRAMID] iter=5 camera=12 visible=525 score=2496 pnp_inliers=445 ratio=0.847619
[NBV_PYRAMID] iter=5 camera=13 visible=528 score=2528 pnp_inliers=395 ratio=0.748106
[NBV_PYRAMID] iter=5 camera=14 visible=512 score=2352 pnp_inliers=402 ratio=0.785156
NBV selected camera 7 visible=651 pyramid_score=2624 pnp_inliers=582
ADDED 476 new points
Using 7 over 15 cameras
0 1 1 1 1 1 1 1 0 0 0 0 0 0 0 
****************** OPTIM FOUND 25 OUTLIERS : redoing optim!!
camera[7]
{
	 r_vec : (-0.0223012, 0.373129, 0.132075)
	 t_vec : (-5.29003, -0.444129, 1.74081)
}
[NBV_PYRAMID] iter=6 camera=0 visible=401 score=2096 pnp_inliers=365 ratio=0.910224
[NBV_PYRAMID] iter=6 camera=8 visible=843 score=2416 pnp_inliers=742 ratio=0.88019
[NBV_PYRAMID] iter=6 camera=9 visible=997 score=2464 pnp_inliers=891 ratio=0.893681
[NBV_PYRAMID] iter=6 camera=10 visible=890 score=2448 pnp_inliers=835 ratio=0.938202
[NBV_PYRAMID] iter=6 camera=11 visible=324 score=1648 pnp_inliers=285 ratio=0.87963
[NBV_PYRAMID] iter=6 camera=12 visible=748 score=2816 pnp_inliers=674 ratio=0.90107
[NBV_PYRAMID] iter=6 camera=13 visible=764 score=2592 pnp_inliers=624 ratio=0.816754
[NBV_PYRAMID] iter=6 camera=14 visible=737 score=2544 pnp_inliers=640 ratio=0.868385
NBV selected camera 12 visible=748 pyramid_score=2816 pnp_inliers=674
ADDED 355 new points
Using 8 over 15 cameras
0 1 1 1 1 1 1 1 0 0 0 0 1 0 0 
****************** OPTIM FOUND 24 OUTLIERS : redoing optim!!
camera[12]
{
	 r_vec : (-0.0179143, 0.46931, 0.145248)
	 t_vec : (-6.3929, -0.57625, 2.15598)
}
[NBV_PYRAMID] iter=7 camera=0 visible=399 score=2096 pnp_inliers=366 ratio=0.917293
[NBV_PYRAMID] iter=7 camera=8 visible=1029 score=2416 pnp_inliers=920 ratio=0.894072
[NBV_PYRAMID] iter=7 camera=9 visible=1041 score=2304 pnp_inliers=949 ratio=0.911623
[NBV_PYRAMID] iter=7 camera=10 visible=891 score=2448 pnp_inliers=838 ratio=0.940516
[NBV_PYRAMID] iter=7 camera=11 visible=321 score=1648 pnp_inliers=284 ratio=0.884735
[NBV_PYRAMID] iter=7 camera=13 visible=979 score=2592 pnp_inliers=875 ratio=0.893769
[NBV_PYRAMID] iter=7 camera=14 visible=976 score=2736 pnp_inliers=922 ratio=0.944672
NBV selected camera 14 visible=976 pyramid_score=2736 pnp_inliers=922
ADDED 966 new points
Using 9 over 15 cameras
0 1 1 1 1 1 1 1 0 0 0 0 1 0 1 
****************** OPTIM FOUND 14 OUTLIERS : redoing optim!!
camera[14]
{
	 r_vec : (-0.0216081, 0.465588, 0.152509)
	 t_vec : (-6.80365, -0.605532, 2.09671)
}
[NBV_PYRAMID] iter=8 camera=0 visible=397 score=2096 pnp_inliers=363 ratio=0.914358
[NBV_PYRAMID] iter=8 camera=8 visible=1211 score=2544 pnp_inliers=1058 ratio=0.873658
[NBV_PYRAMID] iter=8 camera=9 visible=1063 score=2304 pnp_inliers=967 ratio=0.90969
[NBV_PYRAMID] iter=8 camera=10 visible=894 score=2448 pnp_inliers=826 ratio=0.923937
[NBV_PYRAMID] iter=8 camera=11 visible=319 score=1648 pnp_inliers=268 ratio=0.840125
[NBV_PYRAMID] iter=8 camera=13 visible=1419 score=2656 pnp_inliers=1259 ratio=0.887245
NBV selected camera 13 visible=1419 pyramid_score=2656 pnp_inliers=1259
ADDED 257 new points
Using 10 over 15 cameras
0 1 1 1 1 1 1 1 0 0 0 0 1 1 1 
****************** OPTIM FOUND 31 OUTLIERS : redoing optim!!
camera[13]
{
	 r_vec : (-0.0305579, 0.418564, 0.155932)
	 t_vec : (-6.38183, -1.35233, 1.76234)
}
[NBV_PYRAMID] iter=9 camera=0 visible=395 score=2096 pnp_inliers=361 ratio=0.913924
[NBV_PYRAMID] iter=9 camera=8 visible=1277 score=2544 pnp_inliers=1172 ratio=0.917776
[NBV_PYRAMID] iter=9 camera=9 visible=1072 score=2304 pnp_inliers=973 ratio=0.907649
[NBV_PYRAMID] iter=9 camera=10 visible=890 score=2384 pnp_inliers=842 ratio=0.946067
[NBV_PYRAMID] iter=9 camera=11 visible=315 score=1648 pnp_inliers=286 ratio=0.907937
NBV selected camera 8 visible=1277 pyramid_score=2544 pnp_inliers=1172
ADDED 290 new points
Using 11 over 15 cameras
0 1 1 1 1 1 1 1 1 0 0 0 1 1 1 
****************** OPTIM FOUND 36 OUTLIERS : redoing optim!!
camera[8]
{
	 r_vec : (-0.0460143, 0.381532, 0.150619)
	 t_vec : (-5.49742, -1.4596, 1.33357)
}
[NBV_PYRAMID] iter=10 camera=0 visible=391 score=2096 pnp_inliers=363 ratio=0.928389
[NBV_PYRAMID] iter=10 camera=9 visible=1105 score=2400 pnp_inliers=1036 ratio=0.937557
[NBV_PYRAMID] iter=10 camera=10 visible=895 score=2448 pnp_inliers=831 ratio=0.928492
[NBV_PYRAMID] iter=10 camera=11 visible=312 score=1712 pnp_inliers=271 ratio=0.86859
NBV selected camera 10 visible=895 pyramid_score=2448 pnp_inliers=831
ADDED 400 new points
Using 12 over 15 cameras
0 1 1 1 1 1 1 1 1 0 1 0 1 1 1 
****************** OPTIM FOUND 21 OUTLIERS : redoing optim!!
camera[10]
{
	 r_vec : (-0.0446925, 0.288949, 0.104803)
	 t_vec : (-3.08681, -0.86067, 1.09979)
}
[NBV_PYRAMID] iter=11 camera=0 visible=397 score=2160 pnp_inliers=363 ratio=0.914358
[NBV_PYRAMID] iter=11 camera=9 visible=1132 score=2464 pnp_inliers=1046 ratio=0.924028
[NBV_PYRAMID] iter=11 camera=11 visible=315 score=1712 pnp_inliers=274 ratio=0.869841
NBV selected camera 9 visible=1132 pyramid_score=2464 pnp_inliers=1046
ADDED 294 new points
Using 13 over 15 cameras
0 1 1 1 1 1 1 1 1 1 1 0 1 1 1 
****************** OPTIM FOUND 27 OUTLIERS : redoing optim!!
camera[9]
{
	 r_vec : (-0.0464953, 0.345864, 0.148778)
	 t_vec : (-4.22329, -1.19807, 1.16298)
}
[NBV_PYRAMID] iter=12 camera=0 visible=396 score=2160 pnp_inliers=366 ratio=0.924242
[NBV_PYRAMID] iter=12 camera=11 visible=314 score=1712 pnp_inliers=289 ratio=0.920382
NBV selected camera 0 visible=396 pyramid_score=2160 pnp_inliers=366
ADDED 577 new points
Using 14 over 15 cameras
1 1 1 1 1 1 1 1 1 1 1 0 1 1 1 
****************** OPTIM FOUND 12 OUTLIERS : redoing optim!!
camera[0]
{
	 r_vec : (0.0296602, -0.103138, -0.0239488)
	 t_vec : (1.41263, 0.690984, -0.372135)
}
[NBV_PYRAMID] iter=13 camera=11 visible=315 score=1712 pnp_inliers=278 ratio=0.88254
NBV selected camera 11 visible=315 pyramid_score=1712 pnp_inliers=278
ADDED 0 new points
Using 15 over 15 cameras
1 1 1 1 1 1 1 1 1 1 1 1 1 1 1 
****************** OPTIM CHEIRALITY VIOLATION for 315 points : redoing optim!!
camera[11]
{
	 r_vec : (-0.126942, -0.0646583, -3.10153)
	 t_vec : (-1.81755, -0.435273, -22.5311)
}
Diverged: geometry exploded (max_dist = 130.742)
Try to look for a better seed pair
Seed pair (6, 7): inliers E=586 H=57
camera[6]
{
	 r_vec : (0, 0, 0)
	 t_vec : (0, 0, 0)
}
camera[7]
{
	 r_vec : (0.00134624, 0.0783526, 0.010008)
	 t_vec : (-0.998516, 0.0541816, 0.00541446)
}
camera[7]
{
	 r_vec : (0.000439126, 0.0731416, 0.010176)
	 t_vec : (-0.957195, 0.0461603, -0.00176671)
}
[NBV_PYRAMID] iter=1 camera=0 visible=92 score=1020 pnp_inliers=64 ratio=0.695652
[NBV_PYRAMID] iter=1 camera=1 visible=102 score=1164 pnp_inliers=68 ratio=0.666667
[NBV_PYRAMID] iter=1 camera=2 visible=164 score=1504 pnp_inliers=119 ratio=0.72561
[NBV_PYRAMID] iter=1 camera=3 visible=207 score=1264 pnp_inliers=178 ratio=0.859903
[NBV_PYRAMID] iter=1 camera=4 visible=253 score=1632 pnp_inliers=226 ratio=0.893281
[NBV_PYRAMID] iter=1 camera=5 visible=361 score=2064 pnp_inliers=345 ratio=0.955679
[NBV_PYRAMID] iter=1 camera=8 visible=391 score=1952 pnp_inliers=357 ratio=0.913043
[NBV_PYRAMID] iter=1 camera=9 visible=424 score=1904 pnp_inliers=404 ratio=0.95283
[NBV_PYRAMID] iter=1 camera=10 visible=292 score=1760 pnp_inliers=264 ratio=0.90411
[NBV_PYRAMID] iter=1 camera=11 visible=100 score=1312 pnp_inliers=74 ratio=0.74
[NBV_PYRAMID] iter=1 camera=12 visible=364 score=2272 pnp_inliers=336 ratio=0.923077
[NBV_PYRAMID] iter=1 camera=13 visible=362 score=2208 pnp_inliers=304 ratio=0.839779
[NBV_PYRAMID] iter=1 camera=14 visible=365 score=2208 pnp_inliers=330 ratio=0.90411
NBV selected camera 12 visible=364 pyramid_score=2272 pnp_inliers=336
ADDED 839 new points
Using 3 over 15 cameras
0 0 0 0 0 0 1 1 0 0 0 0 1 0 0 
****************** OPTIM FOUND 37 OUTLIERS : redoing optim!!
camera[12]
{
	 r_vec : (3.58966e-05, 0.164347, 0.0227571)
	 t_vec : (-1.84762, -0.0229348, -0.04032)
}
[NBV_PYRAMID] iter=2 camera=0 visible=162 score=1232 pnp_inliers=112 ratio=0.691358
[NBV_PYRAMID] iter=2 camera=1 visible=192 score=1568 pnp_inliers=136 ratio=0.708333
[NBV_PYRAMID] iter=2 camera=2 visible=293 score=1840 pnp_inliers=206 ratio=0.703072
[NBV_PYRAMID] iter=2 camera=3 visible=371 score=1776 pnp_inliers=291 ratio=0.784367
[NBV_PYRAMID] iter=2 camera=4 visible=462 score=1856 pnp_inliers=403 ratio=0.872294
[NBV_PYRAMID] iter=2 camera=5 visible=654 score=2384 pnp_inliers=617 ratio=0.943425
[NBV_PYRAMID] iter=2 camera=8 visible=905 score=2064 pnp_inliers=834 ratio=0.921547
[NBV_PYRAMID] iter=2 camera=9 visible=787 score=2112 pnp_inliers=731 ratio=0.928844
[NBV_PYRAMID] iter=2 camera=10 visible=534 score=2240 pnp_inliers=473 ratio=0.885768
[NBV_PYRAMID] iter=2 camera=11 visible=199 score=1648 pnp_inliers=141 ratio=0.708543
[NBV_PYRAMID] iter=2 camera=13 visible=918 score=2240 pnp_inliers=848 ratio=0.923747
[NBV_PYRAMID] iter=2 camera=14 visible=956 score=2256 pnp_inliers=921 ratio=0.963389
NBV selected camera 5 visible=654 pyramid_score=2384 pnp_inliers=617
ADDED 491 new points
Using 4 over 15 cameras
0 0 0 0 0 1 1 1 0 0 0 0 1 0 0 
****************** OPTIM FOUND 14 OUTLIERS : redoing optim!!
camera[5]
{
	 r_vec : (0.016431, -0.0768734, -0.0525519)
	 t_vec : (0.600669, 0.0835735, -0.10439)
}
[NBV_PYRAMID] iter=3 camera=0 visible=242 score=1648 pnp_inliers=182 ratio=0.752066
[NBV_PYRAMID] iter=3 camera=1 visible=285 score=1840 pnp_inliers=221 ratio=0.775439
[NBV_PYRAMID] iter=3 camera=2 visible=412 score=2048 pnp_inliers=331 ratio=0.803398
[NBV_PYRAMID] iter=3 camera=3 visible=534 score=1984 pnp_inliers=472 ratio=0.883895
[NBV_PYRAMID] iter=3 camera=4 visible=697 score=2208 pnp_inliers=648 ratio=0.929699
[NBV_PYRAMID] iter=3 camera=8 visible=1045 score=2064 pnp_inliers=961 ratio=0.919617
[NBV_PYRAMID] iter=3 camera=9 visible=1048 score=2240 pnp_inliers=979 ratio=0.93416
[NBV_PYRAMID] iter=3 camera=10 visible=815 score=2304 pnp_inliers=781 ratio=0.958282
[NBV_PYRAMID] iter=3 camera=11 visible=280 score=1648 pnp_inliers=241 ratio=0.860714
[NBV_PYRAMID] iter=3 camera=13 visible=1012 score=2320 pnp_inliers=899 ratio=0.88834
[NBV_PYRAMID] iter=3 camera=14 visible=1036 score=2400 pnp_inliers=990 ratio=0.955598
NBV selected camera 14 visible=1036 pyramid_score=2400 pnp_inliers=990
ADDED 996 new points
Using 5 over 15 cameras
0 0 0 0 0 1 1 1 0 0 0 0 1 0 1 
****************** OPTIM FOUND 17 OUTLIERS : redoing optim!!
camera[14]
{
	 r_vec : (-0.00286487, 0.163204, 0.0310409)
	 t_vec : (-2.15395, -0.0311843, -0.0606501)
}
[NBV_PYRAMID] iter=4 camera=0 visible=244 score=1648 pnp_inliers=187 ratio=0.766393
[NBV_PYRAMID] iter=4 camera=1 visible=287 score=1840 pnp_inliers=222 ratio=0.773519
[NBV_PYRAMID] iter=4 camera=2 visible=418 score=2048 pnp_inliers=344 ratio=0.822967
[NBV_PYRAMID] iter=4 camera=3 visible=540 score=1984 pnp_inliers=483 ratio=0.894444
[NBV_PYRAMID] iter=4 camera=4 visible=700 score=2208 pnp_inliers=655 ratio=0.935714
[NBV_PYRAMID] iter=4 camera=8 visible=1238 score=2352 pnp_inliers=1106 ratio=0.893376
[NBV_PYRAMID] iter=4 camera=9 visible=1085 score=2160 pnp_inliers=969 ratio=0.893088
[NBV_PYRAMID] iter=4 camera=10 visible=827 score=2304 pnp_inliers=784 ratio=0.948005
[NBV_PYRAMID] iter=4 camera=11 visible=281 score=1648 pnp_inliers=243 ratio=0.864769
[NBV_PYRAMID] iter=4 camera=13 visible=1465 score=2592 pnp_inliers=1307 ratio=0.89215
NBV selected camera 13 visible=1465 pyramid_score=2592 pnp_inliers=1307
ADDED 297 new points
Using 6 over 15 cameras
0 0 0 0 0 1 1 1 0 0 0 0 1 1 1 
****************** OPTIM FOUND 28 OUTLIERS : redoing optim!!
camera[13]
{
	 r_vec : (-0.00532867, 0.119226, 0.0354623)
	 t_vec : (-1.80708, -0.531027, -0.181623)
}
[NBV_PYRAMID] iter=5 camera=0 visible=247 score=1648 pnp_inliers=190 ratio=0.769231
[NBV_PYRAMID] iter=5 camera=1 visible=290 score=1840 pnp_inliers=222 ratio=0.765517
[NBV_PYRAMID] iter=5 camera=2 visible=419 score=1984 pnp_inliers=350 ratio=0.835322
[NBV_PYRAMID] iter=5 camera=3 visible=543 score=1920 pnp_inliers=479 ratio=0.882136
[NBV_PYRAMID] iter=5 camera=4 visible=706 score=2208 pnp_inliers=659 ratio=0.933428
[NBV_PYRAMID] iter=5 camera=8 visible=1332 score=2480 pnp_inliers=1235 ratio=0.927177
[NBV_PYRAMID] iter=5 camera=9 visible=1113 score=2240 pnp_inliers=1004 ratio=0.902066
[NBV_PYRAMID] iter=5 camera=10 visible=832 score=2304 pnp_inliers=790 ratio=0.949519
[NBV_PYRAMID] iter=5 camera=11 visible=280 score=1568 pnp_inliers=234 ratio=0.835714
NBV selected camera 8 visible=1332 pyramid_score=2480 pnp_inliers=1235
ADDED 331 new points
Using 7 over 15 cameras
0 0 0 0 0 1 1 1 1 0 0 0 1 1 1 
****************** OPTIM FOUND 31 OUTLIERS : redoing optim!!
camera[8]
{
	 r_vec : (-0.019533, 0.0816767, 0.0326377)
	 t_vec : (-1.12702, -0.634822, -0.390514)
}
[NBV_PYRAMID] iter=6 camera=0 visible=257 score=1648 pnp_inliers=194 ratio=0.754864
[NBV_PYRAMID] iter=6 camera=1 visible=299 score=1840 pnp_inliers=220 ratio=0.735786
[NBV_PYRAMID] iter=6 camera=2 visible=436 score=1984 pnp_inliers=355 ratio=0.81422
[NBV_PYRAMID] iter=6 camera=3 visible=556 score=1920 pnp_inliers=486 ratio=0.874101
[NBV_PYRAMID] iter=6 camera=4 visible=713 score=2208 pnp_inliers=671 ratio=0.941094
[NBV_PYRAMID] iter=6 camera=9 visible=1172 score=2400 pnp_inliers=1087 ratio=0.927474
[NBV_PYRAMID] iter=6 camera=10 visible=853 score=2368 pnp_inliers=801 ratio=0.939039
[NBV_PYRAMID] iter=6 camera=11 visible=292 score=1712 pnp_inliers=241 ratio=0.825342
NBV selected camera 9 visible=1172 pyramid_score=2400 pnp_inliers=1087
ADDED 375 new points
Using 8 over 15 cameras
0 0 0 0 0 1 1 1 1 1 0 0 1 1 1 
****************** OPTIM FOUND 35 OUTLIERS : redoing optim!!
camera[9]
{
	 r_vec : (-0.018336, 0.0476808, 0.0311086)
	 t_vec : (-0.18881, -0.45087, -0.414574)
}
[NBV_PYRAMID] iter=7 camera=0 visible=270 score=1648 pnp_inliers=192 ratio=0.711111
[NBV_PYRAMID] iter=7 camera=1 visible=312 score=1840 pnp_inliers=243 ratio=0.778846
[NBV_PYRAMID] iter=7 camera=2 visible=449 score=1984 pnp_inliers=357 ratio=0.7951
[NBV_PYRAMID] iter=7 camera=3 visible=573 score=1920 pnp_inliers=478 ratio=0.834206
[NBV_PYRAMID] iter=7 camera=4 visible=741 score=2208 pnp_inliers=660 ratio=0.890688
[NBV_PYRAMID] iter=7 camera=10 visible=901 score=2368 pnp_inliers=851 ratio=0.944506
[NBV_PYRAMID] iter=7 camera=11 visible=298 score=1712 pnp_inliers=228 ratio=0.765101
NBV selected camera 10 visible=901 pyramid_score=2368 pnp_inliers=851
ADDED 464 new points
Using 9 over 15 cameras
0 0 0 0 0 1 1 1 1 1 1 0 1 1 1 
****************** OPTIM FOUND 20 OUTLIERS : redoing optim!!
camera[10]
{
	 r_vec : (-0.0193727, -0.00723115, -0.0115013)
	 t_vec : (0.67825, -0.332673, -0.291804)
}
[NBV_PYRAMID] iter=8 camera=0 visible=304 score=1792 pnp_inliers=215 ratio=0.707237
[NBV_PYRAMID] iter=8 camera=1 visible=355 score=2000 pnp_inliers=251 ratio=0.707042
[NBV_PYRAMID] iter=8 camera=2 visible=517 score=2288 pnp_inliers=402 ratio=0.777563
[NBV_PYRAMID] iter=8 camera=3 visible=662 score=2080 pnp_inliers=566 ratio=0.854985
[NBV_PYRAMID] iter=8 camera=4 visible=868 score=2208 pnp_inliers=810 ratio=0.93318
[NBV_PYRAMID] iter=8 camera=11 visible=340 score=1712 pnp_inliers=292 ratio=0.858824
NBV selected camera 2 visible=517 pyramid_score=2288 pnp_inliers=402
ADDED 104 new points
Using 10 over 15 cameras
0 0 1 0 0 1 1 1 1 1 1 0 1 1 1 
****************** OPTIM FOUND 23 OUTLIERS : redoing optim!!
camera[2]
{
	 r_vec : (0.0243511, -0.288646, -0.116653)
	 t_vec : (3.0099, -0.0130546, -0.172649)
}
[NBV_PYRAMID] iter=9 camera=0 visible=342 score=1872 pnp_inliers=310 ratio=0.906433
[NBV_PYRAMID] iter=9 camera=1 visible=406 score=1920 pnp_inliers=359 ratio=0.884236
[NBV_PYRAMID] iter=9 camera=3 visible=717 score=2304 pnp_inliers=680 ratio=0.948396
[NBV_PYRAMID] iter=9 camera=4 visible=914 score=2352 pnp_inliers=868 ratio=0.949672
[NBV_PYRAMID] iter=9 camera=11 visible=358 score=1712 pnp_inliers=318 ratio=0.888268
NBV selected camera 4 visible=914 pyramid_score=2352 pnp_inliers=868
ADDED 331 new points
Using 11 over 15 cameras
0 0 1 0 1 1 1 1 1 1 1 0 1 1 1 
****************** OPTIM FOUND 16 OUTLIERS : redoing optim!!
camera[4]
{
	 r_vec : (0.00544234, -0.155299, -0.0814833)
	 t_vec : (1.47455, 0.0960344, -0.159435)
}
[NBV_PYRAMID] iter=10 camera=0 visible=415 score=2080 pnp_inliers=373 ratio=0.898795
[NBV_PYRAMID] iter=10 camera=1 visible=503 score=2176 pnp_inliers=476 ratio=0.946322
[NBV_PYRAMID] iter=10 camera=3 visible=914 score=2560 pnp_inliers=890 ratio=0.973742
[NBV_PYRAMID] iter=10 camera=11 visible=412 score=1712 pnp_inliers=369 ratio=0.895631
NBV selected camera 3 visible=914 pyramid_score=2560 pnp_inliers=890
ADDED 548 new points
Using 12 over 15 cameras
0 0 1 1 1 1 1 1 1 1 1 0 1 1 1 
W0512 14:37:06.971954 24925 levenberg_marquardt_strategy.cc:115] Linear solver failure. Failed to compute a step: Eigen failure. Unable to perform dense Cholesky factorization.
W0512 14:37:06.976284 24925 levenberg_marquardt_strategy.cc:115] Linear solver failure. Failed to compute a step: Eigen failure. Unable to perform dense Cholesky factorization.
W0512 14:37:07.001971 24925 levenberg_marquardt_strategy.cc:115] Linear solver failure. Failed to compute a step: Eigen failure. Unable to perform dense Cholesky factorization.
W0512 14:37:07.017104 24925 levenberg_marquardt_strategy.cc:115] Linear solver failure. Failed to compute a step: Eigen failure. Unable to perform dense Cholesky factorization.
W0512 14:37:07.032789 24925 levenberg_marquardt_strategy.cc:115] Linear solver failure. Failed to compute a step: Eigen failure. Unable to perform dense Cholesky factorization.
W0512 14:37:07.037065 24925 levenberg_marquardt_strategy.cc:115] Linear solver failure. Failed to compute a step: Eigen failure. Unable to perform dense Cholesky factorization.
W0512 14:37:07.075217 24925 levenberg_marquardt_strategy.cc:115] Linear solver failure. Failed to compute a step: Eigen failure. Unable to perform dense Cholesky factorization.
W0512 14:37:07.079581 24925 levenberg_marquardt_strategy.cc:115] Linear solver failure. Failed to compute a step: Eigen failure. Unable to perform dense Cholesky factorization.
****************** OPTIM FOUND 10 OUTLIERS : redoing optim!!
camera[3]
{
	 r_vec : (0.0120291, -0.232645, -0.105209)
	 t_vec : (2.34352, 0.0371865, -0.155593)
}
[NBV_PYRAMID] iter=11 camera=0 visible=557 score=2208 pnp_inliers=461 ratio=0.827648
[NBV_PYRAMID] iter=11 camera=1 visible=698 score=2256 pnp_inliers=643 ratio=0.921203
[NBV_PYRAMID] iter=11 camera=11 visible=464 score=1776 pnp_inliers=392 ratio=0.844828
NBV selected camera 1 visible=698 pyramid_score=2256 pnp_inliers=643
ADDED 322 new points
Using 13 over 15 cameras
0 1 1 1 1 1 1 1 1 1 1 0 1 1 1 
****************** OPTIM FOUND 10 OUTLIERS : redoing optim!!
camera[1]
{
	 r_vec : (0.0349827, -0.352972, -0.119714)
	 t_vec : (3.84188, -0.0389016, -0.110338)
}
[NBV_PYRAMID] iter=12 camera=0 visible=730 score=2416 pnp_inliers=671 ratio=0.919178
[NBV_PYRAMID] iter=12 camera=11 visible=467 score=1776 pnp_inliers=430 ratio=0.920771
NBV selected camera 0 visible=730 pyramid_score=2416 pnp_inliers=671
ADDED 567 new points
Using 14 over 15 cameras
1 1 1 1 1 1 1 1 1 1 1 0 1 1 1 
****************** OPTIM FOUND 16 OUTLIERS : redoing optim!!
camera[0]
{
	 r_vec : (0.0563673, -0.390256, -0.142955)
	 t_vec : (4.01251, 0.401144, -0.157498)
}
[NBV_PYRAMID] iter=13 camera=11 visible=464 score=1776 pnp_inliers=415 ratio=0.894397
NBV selected camera 11 visible=464 pyramid_score=1776 pnp_inliers=415
ADDED 77 new points
Using 15 over 15 cameras
1 1 1 1 1 1 1 1 1 1 1 1 1 1 1 
****************** OPTIM FOUND 15 OUTLIERS : redoing optim!!
camera[11]
{
	 r_vec : (-0.0394133, -0.0741195, -0.0815303)
	 t_vec : (1.89163, -0.413921, -0.135846)
}
===== FINAL METRICS =====
Registered cameras  : 15 / 15  (success rate 100 %)
Valid 3D points     : 6011
Mean reprojection err: 1.56176 px  (focal = 892.37 px)
=========================
Recostruction completed, exiting
