Header: 13 2174 11547
Seed pair (0, 5): inliers E=626 H=260
Forward-dominant motion detected, rejecting.
Try to look for a better seed pair
Seed pair (2, 4): inliers E=453 H=172
Forward-dominant motion detected, rejecting.
Try to look for a better seed pair
Seed pair (3, 4): inliers E=398 H=115
camera[3]
{
	 r_vec : (0, 0, 0)
	 t_vec : (0, 0, 0)
}
camera[4]
{
	 r_vec : (-0.00477374, 0.114493, -0.0193926)
	 t_vec : (-0.977377, -0.0876147, 0.192503)
}
camera[4]
{
	 r_vec : (0.00111807, 0.0892126, -0.016757)
	 t_vec : (-0.835704, -0.0494369, 0.165234)
}
ADDED 0 new points
Using 3 over 13 cameras
0 0 1 1 1 0 0 0 0 0 0 0 0 
****************** OPTIM CHEIRALITY VIOLATION for 320 points : redoing optim!!
camera[2]
{
	 r_vec : (-133.009, -378.324, 309.692)
	 t_vec : (-62.9318, -228.026, -2492.87)
}
Diverged: geometry exploded (max_dist = 12521.2)
Try to look for a better seed pair
Seed pair (0, 1): inliers E=462 H=155
camera[0]
{
	 r_vec : (0, 0, 0)
	 t_vec : (0, 0, 0)
}
camera[1]
{
	 r_vec : (0.0050864, -0.0936195, 0.00481737)
	 t_vec : (0.983215, 0.110345, 0.145303)
}
camera[1]
{
	 r_vec : (0.00468794, -0.089337, 0.00333168)
	 t_vec : (0.940007, 0.106159, 0.12565)
}
ADDED 0 new points
Using 3 over 13 cameras
1 1 0 0 0 1 0 0 0 0 0 0 0 
****************** OPTIM CHEIRALITY VIOLATION for 375 points : redoing optim!!
camera[5]
{
	 r_vec : (0.0130696, 0.230424, 3.12183)
	 t_vec : (0.0480919, -1.12109, -19.4909)
}
ADDED 476 new points
Using 4 over 13 cameras
1 1 1 0 0 1 0 0 0 0 0 0 0 
****************** OPTIM CHEIRALITY VIOLATION for 252 points : redoing optim!!
****************** OPTIM FOUND 7 OUTLIERS : redoing optim!!
camera[2]
{
	 r_vec : (0.0103789, -0.105716, -0.0282482)
	 t_vec : (1.17224, -0.0675229, -0.898983)
}
ADDED 283 new points
Using 5 over 13 cameras
1 1 1 0 1 1 0 0 0 0 0 0 0 
****************** OPTIM CHEIRALITY VIOLATION for 62 points : redoing optim!!
****************** OPTIM FOUND 11 OUTLIERS : redoing optim!!
camera[4]
{
	 r_vec : (0.0245768, -0.117346, -0.0472714)
	 t_vec : (1.42334, -0.166521, -0.460531)
}
ADDED 216 new points
Using 6 over 13 cameras
1 1 1 1 1 1 0 0 0 0 0 0 0 
****************** OPTIM CHEIRALITY VIOLATION for 30 points : redoing optim!!
****************** OPTIM FOUND 8 OUTLIERS : redoing optim!!
camera[3]
{
	 r_vec : (0.0138273, -0.124841, -0.0453595)
	 t_vec : (1.86259, -0.157987, -0.557515)
}
ADDED 64 new points
Using 7 over 13 cameras
1 1 1 1 1 1 0 0 0 0 0 1 0 
****************** OPTIM CHEIRALITY VIOLATION for 15 points : redoing optim!!
****************** OPTIM FOUND 8 OUTLIERS : redoing optim!!
camera[11]
{
	 r_vec : (0.182668, -0.197238, -0.0893189)
	 t_vec : (1.88101, 1.20185, 0.0998096)
}
ADDED 107 new points
Using 8 over 13 cameras
1 1 1 1 1 1 0 0 0 0 1 1 0 
camera[10]
{
	 r_vec : (0.141098, -0.313918, -0.128962)
	 t_vec : (2.81175, 0.834065, 0.584067)
}
ADDED 113 new points
Using 9 over 13 cameras
1 1 1 1 1 1 0 0 0 0 1 1 1 
WARNING: Logging before InitGoogleLogging() is written to STDERR
W0512 15:01:54.849411 58749 levenberg_marquardt_strategy.cc:115] Linear solver failure. Failed to compute a step: Eigen failure. Unable to perform dense Cholesky factorization.
W0512 15:01:54.853102 58749 levenberg_marquardt_strategy.cc:115] Linear solver failure. Failed to compute a step: Eigen failure. Unable to perform dense Cholesky factorization.
W0512 15:01:54.853806 58749 levenberg_marquardt_strategy.cc:115] Linear solver failure. Failed to compute a step: Eigen failure. Unable to perform dense Cholesky factorization.
W0512 15:01:54.855952 58749 levenberg_marquardt_strategy.cc:115] Linear solver failure. Failed to compute a step: Eigen failure. Unable to perform dense Cholesky factorization.
W0512 15:01:54.858381 58749 levenberg_marquardt_strategy.cc:115] Linear solver failure. Failed to compute a step: Eigen failure. Unable to perform dense Cholesky factorization.
W0512 15:01:54.861141 58749 levenberg_marquardt_strategy.cc:115] Linear solver failure. Failed to compute a step: Eigen failure. Unable to perform dense Cholesky factorization.
W0512 15:01:54.864001 58749 levenberg_marquardt_strategy.cc:115] Linear solver failure. Failed to compute a step: Eigen failure. Unable to perform dense Cholesky factorization.
W0512 15:01:54.864784 58749 levenberg_marquardt_strategy.cc:115] Linear solver failure. Failed to compute a step: Eigen failure. Unable to perform dense Cholesky factorization.
W0512 15:01:54.867589 58749 levenberg_marquardt_strategy.cc:115] Linear solver failure. Failed to compute a step: Eigen failure. Unable to perform dense Cholesky factorization.
W0512 15:01:54.868307 58749 levenberg_marquardt_strategy.cc:115] Linear solver failure. Failed to compute a step: Eigen failure. Unable to perform dense Cholesky factorization.
W0512 15:01:54.872475 58749 levenberg_marquardt_strategy.cc:115] Linear solver failure. Failed to compute a step: Eigen failure. Unable to perform dense Cholesky factorization.
W0512 15:01:54.873165 58749 levenberg_marquardt_strategy.cc:115] Linear solver failure. Failed to compute a step: Eigen failure. Unable to perform dense Cholesky factorization.
W0512 15:01:54.877723 58749 levenberg_marquardt_strategy.cc:115] Linear solver failure. Failed to compute a step: Eigen failure. Unable to perform dense Cholesky factorization.
W0512 15:01:54.880218 58749 levenberg_marquardt_strategy.cc:115] Linear solver failure. Failed to compute a step: Eigen failure. Unable to perform dense Cholesky factorization.
W0512 15:01:54.882556 58749 levenberg_marquardt_strategy.cc:115] Linear solver failure. Failed to compute a step: Eigen failure. Unable to perform dense Cholesky factorization.
W0512 15:01:54.883241 58749 levenberg_marquardt_strategy.cc:115] Linear solver failure. Failed to compute a step: Eigen failure. Unable to perform dense Cholesky factorization.
W0512 15:01:54.883901 58749 levenberg_marquardt_strategy.cc:115] Linear solver failure. Failed to compute a step: Eigen failure. Unable to perform dense Cholesky factorization.
****************** OPTIM CHEIRALITY VIOLATION for 60 points : redoing optim!!
****************** OPTIM FOUND 11 OUTLIERS : redoing optim!!
camera[12]
{
	 r_vec : (0.133132, -0.0308334, 0.0208947)
	 t_vec : (0.284116, 0.985707, -0.523642)
}
ADDED 0 new points
Using 10 over 13 cameras
1 1 1 1 1 1 1 0 0 0 1 1 1 
****************** OPTIM CHEIRALITY VIOLATION for 108 points : redoing optim!!
camera[6]
{
	 r_vec : (-0.633506, 0.0353393, -3.04554)
	 t_vec : (-2.57927, 0.215583, -16.1245)
}
ADDED 21 new points
Using 11 over 13 cameras
1 1 1 1 1 1 1 0 0 1 1 1 1 
camera[9]
{
	 r_vec : (-0.0187057, -0.41185, -0.152962)
	 t_vec : (3.34635, -0.789484, 1.288)
}
ADDED 0 new points
Using 12 over 13 cameras
1 1 1 1 1 1 1 1 0 1 1 1 1 
****************** OPTIM CHEIRALITY VIOLATION for 13 points : redoing optim!!
camera[7]
{
	 r_vec : (-7.62719, 2.79595, -13.801)
	 t_vec : (20.2613, -21.4227, -696.125)
}
Diverged: geometry exploded (max_dist = 3491.23)
Try to look for a better seed pair
Seed pair (2, 3): inliers E=405 H=84
camera[2]
{
	 r_vec : (0, 0, 0)
	 t_vec : (0, 0, 0)
}
camera[3]
{
	 r_vec : (-0.00359048, -0.0862827, -0.00274146)
	 t_vec : (0.988161, -0.14196, 0.0581783)
}
W0512 15:01:55.150460 58749 levenberg_marquardt_strategy.cc:115] Linear solver failure. Failed to compute a step: Eigen failure. Unable to perform dense Cholesky factorization.
W0512 15:01:55.150766 58749 levenberg_marquardt_strategy.cc:115] Linear solver failure. Failed to compute a step: Eigen failure. Unable to perform dense Cholesky factorization.
camera[3]
{
	 r_vec : (-0.00426577, -0.0735382, -0.00736578)
	 t_vec : (0.902157, -0.142954, 0.0578471)
}
ADDED 0 new points
Using 3 over 13 cameras
0 0 1 1 1 0 0 0 0 0 0 0 0 
W0512 15:01:55.179632 58749 levenberg_marquardt_strategy.cc:115] Linear solver failure. Failed to compute a step: Eigen failure. Unable to perform dense Cholesky factorization.
****************** OPTIM CHEIRALITY VIOLATION for 320 points : redoing optim!!
camera[4]
{
	 r_vec : (2.07074, 0.0518607, 2.50502)
	 t_vec : (-6.69786, -0.383685, -8.61526)
}
ADDED 0 new points
Using 4 over 13 cameras
0 1 1 1 1 0 0 0 0 0 0 0 0 
****************** OPTIM CHEIRALITY VIOLATION for 37 points : redoing optim!!
camera[1]
{
	 r_vec : (-0.177339, -0.556359, -3.0646)
	 t_vec : (-0.461129, -2.31636, -12.4603)
}
ADDED 0 new points
Using 5 over 13 cameras
0 1 1 1 1 0 0 0 0 0 1 0 0 
****************** OPTIM CHEIRALITY VIOLATION for 11 points : redoing optim!!
camera[10]
{
	 r_vec : (116.231, 48.0106, -168.833)
	 t_vec : (-84.4064, -173.82, -2227.49)
}
Diverged: geometry exploded (max_dist = 11179.8)
Try to look for a better seed pair
Seed pair (1, 2): inliers E=437 H=99
Seed pair rejected: poor triangulation, only 3 valid points.
Try to look for a better seed pair
Seed pair (1, 4): inliers E=404 H=97
camera[1]
{
	 r_vec : (0, 0, 0)
	 t_vec : (0, 0, 0)
}
camera[4]
{
	 r_vec : (0.00957074, -0.0813247, -0.0429348)
	 t_vec : (0.949434, -0.240589, 0.20172)
}
camera[4]
{
	 r_vec : (0.00927736, -0.0841446, -0.0424812)
	 t_vec : (0.971783, -0.244439, 0.209526)
}
ADDED 619 new points
Using 3 over 13 cameras
0 1 1 0 1 0 0 0 0 0 0 0 0 
****************** OPTIM FOUND 30 OUTLIERS : redoing optim!!
camera[2]
{
	 r_vec : (0.00582264, -0.0568154, -0.0211573)
	 t_vec : (0.670225, -0.0314445, 0.00264326)
}
ADDED 266 new points
Using 4 over 13 cameras
0 1 1 1 1 0 0 0 0 0 0 0 0 
****************** OPTIM FOUND 23 OUTLIERS : redoing optim!!
camera[3]
{
	 r_vec : (-0.00138418, -0.0944468, -0.0404235)
	 t_vec : (1.40586, -0.228509, 0.0654053)
}
ADDED 38 new points
Using 5 over 13 cameras
1 1 1 1 1 0 0 0 0 0 0 0 0 
****************** OPTIM CHEIRALITY VIOLATION for 787 points : redoing optim!!
****************** OPTIM CHEIRALITY VIOLATION for 286 points : redoing optim!!
****************** OPTIM CHEIRALITY VIOLATION for 50 points : redoing optim!!
****************** OPTIM CHEIRALITY VIOLATION for 23 points : redoing optim!!
****************** OPTIM FOUND 19 OUTLIERS : redoing optim!!
W0512 15:01:55.843716 58749 levenberg_marquardt_strategy.cc:115] Linear solver failure. Failed to compute a step: Eigen failure. Unable to perform dense Cholesky factorization.
W0512 15:01:55.844009 58749 levenberg_marquardt_strategy.cc:115] Linear solver failure. Failed to compute a step: Eigen failure. Unable to perform dense Cholesky factorization.
W0512 15:01:55.844094 58749 levenberg_marquardt_strategy.cc:115] Linear solver failure. Failed to compute a step: Eigen failure. Unable to perform dense Cholesky factorization.
W0512 15:01:55.844378 58749 levenberg_marquardt_strategy.cc:115] Linear solver failure. Failed to compute a step: Eigen failure. Unable to perform dense Cholesky factorization.
W0512 15:01:55.844847 58749 levenberg_marquardt_strategy.cc:115] Linear solver failure. Failed to compute a step: Eigen failure. Unable to perform dense Cholesky factorization.
W0512 15:01:55.844933 58749 levenberg_marquardt_strategy.cc:115] Linear solver failure. Failed to compute a step: Eigen failure. Unable to perform dense Cholesky factorization.
W0512 15:01:55.845212 58749 levenberg_marquardt_strategy.cc:115] Linear solver failure. Failed to compute a step: Eigen failure. Unable to perform dense Cholesky factorization.
W0512 15:01:55.845496 58749 levenberg_marquardt_strategy.cc:115] Linear solver failure. Failed to compute a step: Eigen failure. Unable to perform dense Cholesky factorization.
W0512 15:01:55.845582 58749 levenberg_marquardt_strategy.cc:115] Linear solver failure. Failed to compute a step: Eigen failure. Unable to perform dense Cholesky factorization.
W0512 15:01:55.846050 58749 levenberg_marquardt_strategy.cc:115] Linear solver failure. Failed to compute a step: Eigen failure. Unable to perform dense Cholesky factorization.
W0512 15:01:55.846333 58749 levenberg_marquardt_strategy.cc:115] Linear solver failure. Failed to compute a step: Eigen failure. Unable to perform dense Cholesky factorization.
W0512 15:01:55.846421 58749 levenberg_marquardt_strategy.cc:115] Linear solver failure. Failed to compute a step: Eigen failure. Unable to perform dense Cholesky factorization.
W0512 15:01:55.846890 58749 levenberg_marquardt_strategy.cc:115] Linear solver failure. Failed to compute a step: Eigen failure. Unable to perform dense Cholesky factorization.
W0512 15:01:55.846974 58749 levenberg_marquardt_strategy.cc:115] Linear solver failure. Failed to compute a step: Eigen failure. Unable to perform dense Cholesky factorization.
W0512 15:01:55.847249 58749 levenberg_marquardt_strategy.cc:115] Linear solver failure. Failed to compute a step: Eigen failure. Unable to perform dense Cholesky factorization.
W0512 15:01:55.847332 58749 levenberg_marquardt_strategy.cc:115] Linear solver failure. Failed to compute a step: Eigen failure. Unable to perform dense Cholesky factorization.
****************** OPTIM CHEIRALITY VIOLATION for 8 points : redoing optim!!
camera[0]
{
	 r_vec : (-0.00737198, -0.126389, 0.0150491)
	 t_vec : (0.598752, -0.507057, -1.94079)
}
ADDED 66 new points
Using 6 over 13 cameras
1 1 1 1 1 0 0 0 0 0 0 1 0 
W0512 15:01:55.868364 58749 levenberg_marquardt_strategy.cc:115] Linear solver failure. Failed to compute a step: Eigen failure. Unable to perform dense Cholesky factorization.
W0512 15:01:55.868482 58749 levenberg_marquardt_strategy.cc:115] Linear solver failure. Failed to compute a step: Eigen failure. Unable to perform dense Cholesky factorization.
W0512 15:01:55.868824 58749 levenberg_marquardt_strategy.cc:115] Linear solver failure. Failed to compute a step: Eigen failure. Unable to perform dense Cholesky factorization.
W0512 15:01:55.869140 58749 levenberg_marquardt_strategy.cc:115] Linear solver failure. Failed to compute a step: Eigen failure. Unable to perform dense Cholesky factorization.
W0512 15:01:55.869473 58749 levenberg_marquardt_strategy.cc:115] Linear solver failure. Failed to compute a step: Eigen failure. Unable to perform dense Cholesky factorization.
W0512 15:01:55.869578 58749 levenberg_marquardt_strategy.cc:115] Linear solver failure. Failed to compute a step: Eigen failure. Unable to perform dense Cholesky factorization.
W0512 15:01:55.869930 58749 levenberg_marquardt_strategy.cc:115] Linear solver failure. Failed to compute a step: Eigen failure. Unable to perform dense Cholesky factorization.
W0512 15:01:55.870270 58749 levenberg_marquardt_strategy.cc:115] Linear solver failure. Failed to compute a step: Eigen failure. Unable to perform dense Cholesky factorization.
W0512 15:01:55.870378 58749 levenberg_marquardt_strategy.cc:115] Linear solver failure. Failed to compute a step: Eigen failure. Unable to perform dense Cholesky factorization.
W0512 15:01:55.870950 58749 levenberg_marquardt_strategy.cc:115] Linear solver failure. Failed to compute a step: Eigen failure. Unable to perform dense Cholesky factorization.
W0512 15:01:55.871289 58749 levenberg_marquardt_strategy.cc:115] Linear solver failure. Failed to compute a step: Eigen failure. Unable to perform dense Cholesky factorization.
W0512 15:01:55.871397 58749 levenberg_marquardt_strategy.cc:115] Linear solver failure. Failed to compute a step: Eigen failure. Unable to perform dense Cholesky factorization.
W0512 15:01:55.871965 58749 levenberg_marquardt_strategy.cc:115] Linear solver failure. Failed to compute a step: Eigen failure. Unable to perform dense Cholesky factorization.
W0512 15:01:55.872071 58749 levenberg_marquardt_strategy.cc:115] Linear solver failure. Failed to compute a step: Eigen failure. Unable to perform dense Cholesky factorization.
W0512 15:01:55.872659 58749 levenberg_marquardt_strategy.cc:115] Linear solver failure. Failed to compute a step: Eigen failure. Unable to perform dense Cholesky factorization.
W0512 15:01:55.872763 58749 levenberg_marquardt_strategy.cc:115] Linear solver failure. Failed to compute a step: Eigen failure. Unable to perform dense Cholesky factorization.
W0512 15:01:55.873096 58749 levenberg_marquardt_strategy.cc:115] Linear solver failure. Failed to compute a step: Eigen failure. Unable to perform dense Cholesky factorization.
W0512 15:01:55.873445 58749 levenberg_marquardt_strategy.cc:115] Linear solver failure. Failed to compute a step: Eigen failure. Unable to perform dense Cholesky factorization.
W0512 15:01:55.873549 58749 levenberg_marquardt_strategy.cc:115] Linear solver failure. Failed to compute a step: Eigen failure. Unable to perform dense Cholesky factorization.
W0512 15:01:55.874123 58749 levenberg_marquardt_strategy.cc:115] Linear solver failure. Failed to compute a step: Eigen failure. Unable to perform dense Cholesky factorization.
W0512 15:01:55.874480 58749 levenberg_marquardt_strategy.cc:115] Linear solver failure. Failed to compute a step: Eigen failure. Unable to perform dense Cholesky factorization.
W0512 15:01:55.874603 58749 levenberg_marquardt_strategy.cc:115] Linear solver failure. Failed to compute a step: Eigen failure. Unable to perform dense Cholesky factorization.
camera[11]
{
	 r_vec : (0.0293709, -0.137082, -0.092233)
	 t_vec : (0.645879, -0.451694, -1.7706)
}
ADDED 119 new points
Using 7 over 13 cameras
1 1 1 1 1 0 0 0 0 0 1 1 0 
W0512 15:01:55.883718 58749 levenberg_marquardt_strategy.cc:115] Linear solver failure. Failed to compute a step: Eigen failure. Unable to perform dense Cholesky factorization.
W0512 15:01:55.884600 58749 levenberg_marquardt_strategy.cc:115] Linear solver failure. Failed to compute a step: Eigen failure. Unable to perform dense Cholesky factorization.
W0512 15:01:55.884763 58749 levenberg_marquardt_strategy.cc:115] Linear solver failure. Failed to compute a step: Eigen failure. Unable to perform dense Cholesky factorization.
W0512 15:01:55.885293 58749 levenberg_marquardt_strategy.cc:115] Linear solver failure. Failed to compute a step: Eigen failure. Unable to perform dense Cholesky factorization.
W0512 15:01:55.886155 58749 levenberg_marquardt_strategy.cc:115] Linear solver failure. Failed to compute a step: Eigen failure. Unable to perform dense Cholesky factorization.
W0512 15:01:55.886315 58749 levenberg_marquardt_strategy.cc:115] Linear solver failure. Failed to compute a step: Eigen failure. Unable to perform dense Cholesky factorization.
W0512 15:01:55.886478 58749 levenberg_marquardt_strategy.cc:115] Linear solver failure. Failed to compute a step: Eigen failure. Unable to perform dense Cholesky factorization.
W0512 15:01:55.887701 58749 levenberg_marquardt_strategy.cc:115] Linear solver failure. Failed to compute a step: Eigen failure. Unable to perform dense Cholesky factorization.
W0512 15:01:55.888227 58749 levenberg_marquardt_strategy.cc:115] Linear solver failure. Failed to compute a step: Eigen failure. Unable to perform dense Cholesky factorization.
W0512 15:01:55.888387 58749 levenberg_marquardt_strategy.cc:115] Linear solver failure. Failed to compute a step: Eigen failure. Unable to perform dense Cholesky factorization.
W0512 15:01:55.888900 58749 levenberg_marquardt_strategy.cc:115] Linear solver failure. Failed to compute a step: Eigen failure. Unable to perform dense Cholesky factorization.
camera[10]
{
	 r_vec : (0.0167489, -0.17075, -0.149185)
	 t_vec : (0.719293, -0.5143, -1.73056)
}
ADDED 138 new points
Using 8 over 13 cameras
1 1 1 1 1 0 0 0 0 0 1 1 1 
****************** OPTIM FOUND 8 OUTLIERS : redoing optim!!
camera[12]
{
	 r_vec : (0.0506013, -0.0212242, 0.0320665)
	 t_vec : (0.317283, -0.328573, -1.81167)
}
ADDED 233 new points
Using 9 over 13 cameras
1 1 1 1 1 1 0 0 0 0 1 1 1 
camera[5]
{
	 r_vec : (-0.0465209, -0.0276672, 0.00374503)
	 t_vec : (0.310958, -0.670834, -1.7142)
}
ADDED 72 new points
Using 10 over 13 cameras
1 1 1 1 1 1 1 0 0 0 1 1 1 
****************** OPTIM FOUND 6 OUTLIERS : redoing optim!!
camera[6]
{
	 r_vec : (-0.0644182, 0.0123374, 0.0339044)
	 t_vec : (0.137222, -0.699244, -1.6871)
}
ADDED 63 new points
Using 11 over 13 cameras
1 1 1 1 1 1 1 1 0 0 1 1 1 
camera[7]
{
	 r_vec : (-0.0934297, 0.0707992, 0.0793678)
	 t_vec : (-0.0369597, -0.749461, -1.61897)
}
ADDED 88 new points
Using 12 over 13 cameras
1 1 1 1 1 1 1 1 1 0 1 1 1 
camera[8]
{
	 r_vec : (-0.0981314, 0.228258, 0.117995)
	 t_vec : (-0.449127, -0.785348, -1.56048)
}
ADDED 21 new points
Using 13 over 13 cameras
1 1 1 1 1 1 1 1 1 1 1 1 1 
camera[9]
{
	 r_vec : (-0.0873136, -0.41459, -0.156765)
	 t_vec : (1.35224, -0.926017, -1.18818)
}
===== FINAL METRICS =====
Registered cameras  : 13 / 13  (success rate 100 %)
Valid 3D points     : 833
Mean reprojection err: 0.00158247 (normalized image units)
  set SFM_FOCAL_PX=<focal length in pixels> before running to print pixel error directly
=========================
Recostruction completed, exiting
