Header: 15 6367 27941
Alternative seed selection candidates:
  rank 1 pair (12, 14) common=1874 E=1053 H=120 pose=1053 lateral=0.999716 forward=0.0238207 score=60442.2
  rank 2 pair (12, 13) common=1444 E=735 H=72 pose=735 lateral=0.99361 forward=0.112871 score=45174.7
  rank 3 pair (13, 14) common=1383 E=668 H=69 pose=668 lateral=0.99927 forward=0.0382121 score=41950.6
  rank 4 pair (2, 3) common=1162 E=654 H=49 pose=654 lateral=0.967012 forward=0.254731 score=40981.3
  rank 5 pair (0, 1) common=1245 E=710 H=106 pose=710 lateral=0.923831 forward=0.382801 score=40543.6
  rank 6 pair (5, 10) common=1251 E=650 H=85 pose=650 lateral=0.985104 forward=0.171961 score=39502.9
  rank 7 pair (6, 9) common=1320 E=682 H=77 pose=682 lateral=0.817188 forward=0.576371 score=39350.6
  rank 8 pair (5, 6) common=1057 E=600 H=52 pose=600 lateral=0.994084 forward=0.108617 score=38395.1
  rank 9 pair (6, 7) common=1147 E=586 H=57 pose=586 lateral=0.999985 forward=0.00541446 score=37902.3
  rank 10 pair (7, 12) common=1080 E=564 H=44 pose=564 lateral=0.998696 forward=0.05106 score=37149.9
Trying alternative seed pair (12, 14) score=60442.2
Seed pair (12, 14): inliers E=1053 H=120
camera[12]
{
	 r_vec : (0, 0, 0)
	 t_vec : (0, 0, 0)
}
camera[14]
{
	 r_vec : (-0.000699126, 0.0237821, 0.00802447)
	 t_vec : (-0.99925, 0.0305355, -0.0238207)
}
****************** OPTIM FOUND 13 OUTLIERS : redoing optim!!
camera[14]
{
	 r_vec : (-0.000955729, 0.0183624, 0.00781814)
	 t_vec : (-0.908417, 0.024724, -0.038196)
}
ADDED 135 new points
Using 3 over 15 cameras
0 0 0 0 0 0 0 0 0 0 0 0 1 1 1 
****************** OPTIM CHEIRALITY VIOLATION for 12 points : redoing optim!!
****************** OPTIM CHEIRALITY VIOLATION for 6 points : redoing optim!!
****************** OPTIM FOUND 14 OUTLIERS : redoing optim!!
camera[13]
{
	 r_vec : (0.0348011, -0.0456433, 0.00187048)
	 t_vec : (0.210969, -0.233075, -2.7322)
}
ADDED 0 new points
Using 4 over 15 cameras
0 0 0 0 0 0 1 0 0 0 0 0 1 1 1 
****************** OPTIM CHEIRALITY VIOLATION for 9 points : redoing optim!!
camera[6]
{
	 r_vec : (-0.725928, 1.02283, 2.76653)
	 t_vec : (3.46245, -6.58113, -14.9276)
}
ADDED 191 new points
Using 5 over 15 cameras
0 0 0 0 0 0 1 0 1 0 0 0 1 1 1 
****************** OPTIM CHEIRALITY VIOLATION for 78 points : redoing optim!!
WARNING: Logging before InitGoogleLogging() is written to STDERR
W0512 14:36:54.808133 24607 levenberg_marquardt_strategy.cc:115] Linear solver failure. Failed to compute a step: Eigen failure. Unable to perform dense Cholesky factorization.
camera[8]
{
	 r_vec : (0.107527, 0.0411826, 0.0998169)
	 t_vec : (-0.0964646, 0.989473, -3.85088)
}
ADDED 785 new points
Using 6 over 15 cameras
0 0 0 0 0 0 1 1 1 0 0 0 1 1 1 
****************** OPTIM CHEIRALITY VIOLATION for 515 points : redoing optim!!
W0512 14:36:55.044920 24607 levenberg_marquardt_strategy.cc:115] Linear solver failure. Failed to compute a step: Eigen failure. Unable to perform dense Cholesky factorization.
****************** OPTIM CHEIRALITY VIOLATION for 8 points : redoing optim!!
****************** OPTIM FOUND 22 OUTLIERS : redoing optim!!
camera[7]
{
	 r_vec : (0.0110376, 0.0964281, 0.0891209)
	 t_vec : (-0.664858, 0.429907, -3.14508)
}
Diverged: geometry exploded (max_dist = 175.679)
Alternative seed pair failed, trying next candidate
Trying alternative seed pair (12, 13) score=45174.7
Seed pair (12, 13): inliers E=735 H=72
camera[12]
{
	 r_vec : (0, 0, 0)
	 t_vec : (0, 0, 0)
}
camera[13]
{
	 r_vec : (-0.0194103, -0.0602788, 0.0135262)
	 t_vec : (0.246622, -0.962516, -0.112871)
}
****************** OPTIM FOUND 11 OUTLIERS : redoing optim!!
camera[13]
{
	 r_vec : (-0.017509, -0.0587393, 0.0133348)
	 t_vec : (0.231127, -0.938292, -0.123068)
}
ADDED 1476 new points
Using 3 over 15 cameras
0 0 0 0 0 0 0 0 0 0 0 0 1 1 1 
****************** OPTIM FOUND 40 OUTLIERS : redoing optim!!
camera[14]
{
	 r_vec : (-0.00199285, -0.00477839, 0.00813659)
	 t_vec : (-0.450107, 0.0151912, 0.00676601)
}
ADDED 0 new points
Using 4 over 15 cameras
0 0 0 0 0 0 0 1 0 0 0 0 1 1 1 
****************** OPTIM CHEIRALITY VIOLATION for 15 points : redoing optim!!
camera[7]
{
	 r_vec : (-0.806017, -1.69108, -2.5744)
	 t_vec : (-4.36091, -8.60059, -14.1283)
}
ADDED 284 new points
Using 5 over 15 cameras
0 0 0 0 0 0 0 1 1 0 0 0 1 1 1 
****************** OPTIM CHEIRALITY VIOLATION for 98 points : redoing optim!!
****************** OPTIM CHEIRALITY VIOLATION for 11 points : redoing optim!!
camera[8]
{
	 r_vec : (-0.0146894, -0.0265299, 0.0859172)
	 t_vec : (1.12023, -4.13181, 20.1456)
}
ADDED 0 new points
Using 6 over 15 cameras
0 0 0 0 0 0 0 1 1 1 0 0 1 1 1 
****************** OPTIM CHEIRALITY VIOLATION for 13 points : redoing optim!!
camera[9]
{
	 r_vec : (2.95789, -0.803261, 0.390182)
	 t_vec : (-17.1785, 6.98191, -23.3065)
}
Diverged: geometry exploded (max_dist = 267.761)
Alternative seed pair failed, trying next candidate
Trying alternative seed pair (13, 14) score=41950.6
Seed pair (13, 14): inliers E=668 H=69
camera[13]
{
	 r_vec : (0, 0, 0)
	 t_vec : (0, 0, 0)
}
camera[14]
{
	 r_vec : (0.0111912, 0.0511989, -0.00737411)
	 t_vec : (-0.56885, 0.821553, 0.0382121)
}
W0512 14:36:55.644809 24607 levenberg_marquardt_strategy.cc:115] Linear solver failure. Failed to compute a step: Eigen failure. Unable to perform dense Cholesky factorization.
W0512 14:36:55.646296 24607 levenberg_marquardt_strategy.cc:115] Linear solver failure. Failed to compute a step: Eigen failure. Unable to perform dense Cholesky factorization.
W0512 14:36:55.646791 24607 levenberg_marquardt_strategy.cc:115] Linear solver failure. Failed to compute a step: Eigen failure. Unable to perform dense Cholesky factorization.
W0512 14:36:55.648259 24607 levenberg_marquardt_strategy.cc:115] Linear solver failure. Failed to compute a step: Eigen failure. Unable to perform dense Cholesky factorization.
W0512 14:36:55.649664 24607 levenberg_marquardt_strategy.cc:115] Linear solver failure. Failed to compute a step: Eigen failure. Unable to perform dense Cholesky factorization.
W0512 14:36:55.651103 24607 levenberg_marquardt_strategy.cc:115] Linear solver failure. Failed to compute a step: Eigen failure. Unable to perform dense Cholesky factorization.
W0512 14:36:55.652527 24607 levenberg_marquardt_strategy.cc:115] Linear solver failure. Failed to compute a step: Eigen failure. Unable to perform dense Cholesky factorization.
W0512 14:36:55.653021 24607 levenberg_marquardt_strategy.cc:115] Linear solver failure. Failed to compute a step: Eigen failure. Unable to perform dense Cholesky factorization.
W0512 14:36:55.654433 24607 levenberg_marquardt_strategy.cc:115] Linear solver failure. Failed to compute a step: Eigen failure. Unable to perform dense Cholesky factorization.
W0512 14:36:55.654932 24607 levenberg_marquardt_strategy.cc:115] Linear solver failure. Failed to compute a step: Eigen failure. Unable to perform dense Cholesky factorization.
W0512 14:36:55.657285 24607 levenberg_marquardt_strategy.cc:115] Linear solver failure. Failed to compute a step: Eigen failure. Unable to perform dense Cholesky factorization.
W0512 14:36:55.658674 24607 levenberg_marquardt_strategy.cc:115] Linear solver failure. Failed to compute a step: Eigen failure. Unable to perform dense Cholesky factorization.
W0512 14:36:55.659157 24607 levenberg_marquardt_strategy.cc:115] Linear solver failure. Failed to compute a step: Eigen failure. Unable to perform dense Cholesky factorization.
W0512 14:36:55.661509 24607 levenberg_marquardt_strategy.cc:115] Linear solver failure. Failed to compute a step: Eigen failure. Unable to perform dense Cholesky factorization.
W0512 14:36:55.662904 24607 levenberg_marquardt_strategy.cc:115] Linear solver failure. Failed to compute a step: Eigen failure. Unable to perform dense Cholesky factorization.
W0512 14:36:55.664305 24607 levenberg_marquardt_strategy.cc:115] Linear solver failure. Failed to compute a step: Eigen failure. Unable to perform dense Cholesky factorization.
W0512 14:36:55.664788 24607 levenberg_marquardt_strategy.cc:115] Linear solver failure. Failed to compute a step: Eigen failure. Unable to perform dense Cholesky factorization.
W0512 14:36:55.666185 24607 levenberg_marquardt_strategy.cc:115] Linear solver failure. Failed to compute a step: Eigen failure. Unable to perform dense Cholesky factorization.
W0512 14:36:55.667585 24607 levenberg_marquardt_strategy.cc:115] Linear solver failure. Failed to compute a step: Eigen failure. Unable to perform dense Cholesky factorization.
W0512 14:36:55.668076 24607 levenberg_marquardt_strategy.cc:115] Linear solver failure. Failed to compute a step: Eigen failure. Unable to perform dense Cholesky factorization.
W0512 14:36:55.669492 24607 levenberg_marquardt_strategy.cc:115] Linear solver failure. Failed to compute a step: Eigen failure. Unable to perform dense Cholesky factorization.
camera[14]
{
	 r_vec : (0.0114357, 0.0516699, -0.00713406)
	 t_vec : (-0.573929, 0.827942, 0.0413858)
}
ADDED 1570 new points
Using 3 over 15 cameras
0 0 0 0 0 0 0 0 0 0 0 0 1 1 1 
****************** OPTIM FOUND 47 OUTLIERS : redoing optim!!
camera[12]
{
	 r_vec : (0.0137737, 0.0544471, -0.014665)
	 t_vec : (-0.13646, 0.815298, 0.118094)
}
ADDED 0 new points
Using 4 over 15 cameras
0 0 0 0 0 0 0 1 0 0 0 0 1 1 1 
****************** OPTIM CHEIRALITY VIOLATION for 83 points : redoing optim!!
camera[7]
{
	 r_vec : (0.512685, -0.138487, -3.12459)
	 t_vec : (2.20578, -1.59847, -18.8516)
}
ADDED 0 new points
Using 5 over 15 cameras
0 0 0 0 0 0 0 1 1 0 0 0 1 1 1 
****************** OPTIM CHEIRALITY VIOLATION for 26 points : redoing optim!!
camera[8]
{
	 r_vec : (0.886855, 0.00922522, -3.00431)
	 t_vec : (4.71632, 0.0902454, -17.7865)
}
Diverged: geometry exploded (max_dist = 100.136)
Alternative seed pair failed, trying next candidate
Trying alternative seed pair (2, 3) score=40981.3
Seed pair (2, 3): inliers E=654 H=49
camera[2]
{
	 r_vec : (0, 0, 0)
	 t_vec : (0, 0, 0)
}
camera[3]
{
	 r_vec : (-0.0140748, 0.0612433, 0.00978662)
	 t_vec : (-0.967005, -0.00358631, 0.254731)
}
camera[3]
{
	 r_vec : (-0.0133477, 0.0605942, 0.00984916)
	 t_vec : (-0.958515, 0.00402618, 0.252618)
}
ADDED 675 new points
Using 3 over 15 cameras
0 0 1 1 1 0 0 0 0 0 0 0 0 0 0 
****************** OPTIM FOUND 13 OUTLIERS : redoing optim!!
camera[4]
{
	 r_vec : (-0.0191987, 0.132513, 0.0341106)
	 t_vec : (-2.0811, -0.00698119, 0.547138)
}
ADDED 361 new points
Using 4 over 15 cameras
0 0 1 1 1 1 0 0 0 0 0 0 0 0 0 
camera[5]
{
	 r_vec : (-0.00825078, 0.210561, 0.0667766)
	 t_vec : (-3.23668, -0.170201, 0.942821)
}
ADDED 633 new points
Using 5 over 15 cameras
0 0 1 1 1 1 0 0 0 0 1 0 0 0 0 
****************** OPTIM FOUND 6 OUTLIERS : redoing optim!!
camera[10]
{
	 r_vec : (-0.045621, 0.283018, 0.100688)
	 t_vec : (-3.03767, -0.861125, 0.992983)
}
ADDED 303 new points
Using 6 over 15 cameras
0 0 1 1 1 1 1 0 0 0 1 0 0 0 0 
****************** OPTIM FOUND 9 OUTLIERS : redoing optim!!
camera[6]
{
	 r_vec : (-0.0210317, 0.315026, 0.119859)
	 t_vec : (-4.21784, -0.430936, 1.46237)
}
ADDED 537 new points
Using 7 over 15 cameras
0 0 1 1 1 1 1 0 0 1 1 0 0 0 0 
****************** OPTIM FOUND 20 OUTLIERS : redoing optim!!
camera[9]
{
	 r_vec : (-0.0460041, 0.337924, 0.143788)
	 t_vec : (-4.1516, -1.17645, 1.05322)
}
ADDED 272 new points
Using 8 over 15 cameras
0 0 1 1 1 1 1 1 0 1 1 0 0 0 0 
****************** OPTIM FOUND 34 OUTLIERS : redoing optim!!
camera[7]
{
	 r_vec : (-0.024415, 0.362529, 0.128143)
	 t_vec : (-5.17899, -0.450818, 1.67476)
}
ADDED 369 new points
Using 9 over 15 cameras
0 0 1 1 1 1 1 1 1 1 1 0 0 0 0 
****************** OPTIM FOUND 22 OUTLIERS : redoing optim!!
camera[8]
{
	 r_vec : (-0.0449021, 0.368714, 0.147304)
	 t_vec : (-5.36996, -1.42656, 1.22633)
}
ADDED 375 new points
Using 10 over 15 cameras
0 0 1 1 1 1 1 1 1 1 1 0 0 1 0 
****************** OPTIM FOUND 32 OUTLIERS : redoing optim!!
camera[13]
{
	 r_vec : (-0.0303875, 0.409714, 0.153263)
	 t_vec : (-6.27873, -1.33104, 1.67986)
}
ADDED 487 new points
Using 11 over 15 cameras
0 0 1 1 1 1 1 1 1 1 1 0 1 1 0 
****************** OPTIM FOUND 13 OUTLIERS : redoing optim!!
camera[12]
{
	 r_vec : (-0.0193644, 0.459857, 0.141625)
	 t_vec : (-6.29333, -0.571725, 2.10534)
}
ADDED 521 new points
Using 12 over 15 cameras
0 0 1 1 1 1 1 1 1 1 1 0 1 1 1 
****************** OPTIM FOUND 21 OUTLIERS : redoing optim!!
camera[14]
{
	 r_vec : (-0.0235384, 0.452203, 0.147698)
	 t_vec : (-6.66826, -0.600693, 2.02548)
}
ADDED 413 new points
Using 13 over 15 cameras
0 1 1 1 1 1 1 1 1 1 1 0 1 1 1 
camera[1]
{
	 r_vec : (0.00663302, -0.0698506, -0.00536271)
	 t_vec : (1.19382, -0.026208, -0.166714)
}
ADDED 577 new points
Using 14 over 15 cameras
1 1 1 1 1 1 1 1 1 1 1 0 1 1 1 
****************** OPTIM FOUND 12 OUTLIERS : redoing optim!!
camera[0]
{
	 r_vec : (0.0285304, -0.109214, -0.0268926)
	 t_vec : (1.44462, 0.672204, -0.39174)
}
ADDED 0 new points
Using 15 over 15 cameras
1 1 1 1 1 1 1 1 1 1 1 1 1 1 1 
W0512 14:36:57.315881 24607 levenberg_marquardt_strategy.cc:115] Linear solver failure. Failed to compute a step: Eigen failure. Unable to perform dense Cholesky factorization.
W0512 14:36:57.329291 24607 levenberg_marquardt_strategy.cc:115] Linear solver failure. Failed to compute a step: Eigen failure. Unable to perform dense Cholesky factorization.
W0512 14:36:57.342970 24607 levenberg_marquardt_strategy.cc:115] Linear solver failure. Failed to compute a step: Eigen failure. Unable to perform dense Cholesky factorization.
W0512 14:36:57.346500 24607 levenberg_marquardt_strategy.cc:115] Linear solver failure. Failed to compute a step: Eigen failure. Unable to perform dense Cholesky factorization.
W0512 14:36:57.371469 24607 levenberg_marquardt_strategy.cc:115] Linear solver failure. Failed to compute a step: Eigen failure. Unable to perform dense Cholesky factorization.
W0512 14:36:57.375535 24607 levenberg_marquardt_strategy.cc:115] Linear solver failure. Failed to compute a step: Eigen failure. Unable to perform dense Cholesky factorization.
****************** OPTIM CHEIRALITY VIOLATION for 223 points : redoing optim!!
camera[11]
{
	 r_vec : (-0.132781, -0.133706, -3.09942)
	 t_vec : (-1.76938, -0.854063, -21.9735)
}
Diverged: geometry exploded (max_dist = 127.466)
Alternative seed pair failed, trying next candidate
Trying alternative seed pair (0, 1) score=40543.6
Seed pair (0, 1): inliers E=710 H=106
camera[0]
{
	 r_vec : (0, 0, 0)
	 t_vec : (0, 0, 0)
}
camera[1]
{
	 r_vec : (-0.0211481, 0.0327685, 0.0233952)
	 t_vec : (-0.193844, -0.903265, 0.382801)
}
camera[1]
{
	 r_vec : (-0.021525, 0.0341364, 0.0226477)
	 t_vec : (-0.207994, -0.905531, 0.39124)
}
ADDED 693 new points
Using 3 over 15 cameras
1 1 1 0 0 0 0 0 0 0 0 0 0 0 0 
****************** OPTIM FOUND 12 OUTLIERS : redoing optim!!
camera[2]
{
	 r_vec : (-0.0297605, 0.0974931, 0.0231755)
	 t_vec : (-1.6345, -0.888991, 0.752064)
}
ADDED 0 new points
Using 4 over 15 cameras
1 1 1 1 0 0 0 0 0 0 0 0 0 0 0 
****************** OPTIM CHEIRALITY VIOLATION for 42 points : redoing optim!!
camera[3]
{
	 r_vec : (-0.379046, 0.353661, 3.15897)
	 t_vec : (3.6247, -1.60809, -19.8146)
}
Diverged: geometry exploded (max_dist = 108.906)
Alternative seed pair failed, trying next candidate
Trying alternative seed pair (5, 10) score=39502.9
Seed pair (5, 10): inliers E=650 H=85
camera[5]
{
	 r_vec : (0, 0, 0)
	 t_vec : (0, 0, 0)
}
camera[10]
{
	 r_vec : (-0.0553854, 0.0542135, 0.0421295)
	 t_vec : (0.347308, -0.92185, -0.171961)
}
camera[10]
{
	 r_vec : (-0.0547265, 0.0550095, 0.0415498)
	 t_vec : (0.339418, -0.915712, -0.176428)
}
ADDED 1 new points
Using 3 over 15 cameras
0 0 0 0 1 1 0 0 0 0 1 0 0 0 0 
****************** OPTIM CHEIRALITY VIOLATION for 388 points : redoing optim!!
camera[4]
{
	 r_vec : (-0.436047, -0.240544, -3.16616)
	 t_vec : (-3.85693, -2.11291, -24.9732)
}
Diverged: geometry exploded (max_dist = 127.137)
Alternative seed pair failed, trying next candidate
Trying alternative seed pair (6, 9) score=39350.6
Seed pair (6, 9): inliers E=682 H=77
camera[6]
{
	 r_vec : (0, 0, 0)
	 t_vec : (0, 0, 0)
}
camera[9]
{
	 r_vec : (-0.0257164, 0.0173283, 0.0277524)
	 t_vec : (0.0931023, -0.811867, -0.576371)
}
****************** OPTIM FOUND 6 OUTLIERS : redoing optim!!
camera[9]
{
	 r_vec : (-0.0270482, 0.0169616, 0.0277198)
	 t_vec : (0.0965872, -0.834428, -0.573155)
}
ADDED 861 new points
Using 3 over 15 cameras
0 0 0 0 0 0 1 1 0 1 0 0 0 0 0 
W0512 14:36:57.840526 24607 levenberg_marquardt_strategy.cc:115] Linear solver failure. Failed to compute a step: Eigen failure. Unable to perform dense Cholesky factorization.
W0512 14:36:57.841832 24607 levenberg_marquardt_strategy.cc:115] Linear solver failure. Failed to compute a step: Eigen failure. Unable to perform dense Cholesky factorization.
W0512 14:36:57.848405 24607 levenberg_marquardt_strategy.cc:115] Linear solver failure. Failed to compute a step: Eigen failure. Unable to perform dense Cholesky factorization.
W0512 14:36:57.852276 24607 levenberg_marquardt_strategy.cc:115] Linear solver failure. Failed to compute a step: Eigen failure. Unable to perform dense Cholesky factorization.
W0512 14:36:57.853582 24607 levenberg_marquardt_strategy.cc:115] Linear solver failure. Failed to compute a step: Eigen failure. Unable to perform dense Cholesky factorization.
W0512 14:36:57.857416 24607 levenberg_marquardt_strategy.cc:115] Linear solver failure. Failed to compute a step: Eigen failure. Unable to perform dense Cholesky factorization.
W0512 14:36:57.863739 24607 levenberg_marquardt_strategy.cc:115] Linear solver failure. Failed to compute a step: Eigen failure. Unable to perform dense Cholesky factorization.
W0512 14:36:57.865090 24607 levenberg_marquardt_strategy.cc:115] Linear solver failure. Failed to compute a step: Eigen failure. Unable to perform dense Cholesky factorization.
W0512 14:36:57.869019 24607 levenberg_marquardt_strategy.cc:115] Linear solver failure. Failed to compute a step: Eigen failure. Unable to perform dense Cholesky factorization.
W0512 14:36:57.872730 24607 levenberg_marquardt_strategy.cc:115] Linear solver failure. Failed to compute a step: Eigen failure. Unable to perform dense Cholesky factorization.
W0512 14:36:57.873979 24607 levenberg_marquardt_strategy.cc:115] Linear solver failure. Failed to compute a step: Eigen failure. Unable to perform dense Cholesky factorization.
W0512 14:36:57.877869 24607 levenberg_marquardt_strategy.cc:115] Linear solver failure. Failed to compute a step: Eigen failure. Unable to perform dense Cholesky factorization.
W0512 14:36:57.881690 24607 levenberg_marquardt_strategy.cc:115] Linear solver failure. Failed to compute a step: Eigen failure. Unable to perform dense Cholesky factorization.
W0512 14:36:57.885650 24607 levenberg_marquardt_strategy.cc:115] Linear solver failure. Failed to compute a step: Eigen failure. Unable to perform dense Cholesky factorization.
W0512 14:36:57.889719 24607 levenberg_marquardt_strategy.cc:115] Linear solver failure. Failed to compute a step: Eigen failure. Unable to perform dense Cholesky factorization.
W0512 14:36:57.891044 24607 levenberg_marquardt_strategy.cc:115] Linear solver failure. Failed to compute a step: Eigen failure. Unable to perform dense Cholesky factorization.
W0512 14:36:57.895176 24607 levenberg_marquardt_strategy.cc:115] Linear solver failure. Failed to compute a step: Eigen failure. Unable to perform dense Cholesky factorization.
W0512 14:36:57.899565 24607 levenberg_marquardt_strategy.cc:115] Linear solver failure. Failed to compute a step: Eigen failure. Unable to perform dense Cholesky factorization.
W0512 14:36:57.903625 24607 levenberg_marquardt_strategy.cc:115] Linear solver failure. Failed to compute a step: Eigen failure. Unable to perform dense Cholesky factorization.
W0512 14:36:57.907452 24607 levenberg_marquardt_strategy.cc:115] Linear solver failure. Failed to compute a step: Eigen failure. Unable to perform dense Cholesky factorization.
W0512 14:36:57.908782 24607 levenberg_marquardt_strategy.cc:115] Linear solver failure. Failed to compute a step: Eigen failure. Unable to perform dense Cholesky factorization.
W0512 14:36:57.913111 24607 levenberg_marquardt_strategy.cc:115] Linear solver failure. Failed to compute a step: Eigen failure. Unable to perform dense Cholesky factorization.
****************** OPTIM FOUND 38 OUTLIERS : redoing optim!!
camera[7]
{
	 r_vec : (-0.0055464, 0.0432101, 0.0074186)
	 t_vec : (-1.15389, -0.0036159, 0.021156)
}
ADDED 0 new points
Using 4 over 15 cameras
0 0 0 0 0 0 1 1 0 1 0 0 1 0 0 
****************** OPTIM CHEIRALITY VIOLATION for 20 points : redoing optim!!
camera[12]
{
	 r_vec : (1.20776, -0.337467, -2.76196)
	 t_vec : (9.44885, -2.11463, -19.3315)
}
Diverged: geometry exploded (max_dist = 111.154)
Alternative seed pair failed, trying next candidate
Trying alternative seed pair (5, 6) score=38395.1
Seed pair (5, 6): inliers E=600 H=52
camera[5]
{
	 r_vec : (0, 0, 0)
	 t_vec : (0, 0, 0)
}
camera[6]
{
	 r_vec : (-0.0142235, 0.122058, 0.0566942)
	 t_vec : (-0.987806, -0.111538, 0.108617)
}
camera[6]
{
	 r_vec : (-0.0134804, 0.117455, 0.0560305)
	 t_vec : (-0.95026, -0.106336, 0.0922156)
}
ADDED 1022 new points
Using 3 over 15 cameras
0 0 0 0 0 1 1 0 0 1 0 0 0 0 0 
****************** OPTIM FOUND 32 OUTLIERS : redoing optim!!
camera[9]
{
	 r_vec : (-0.0357475, 0.135073, 0.0808376)
	 t_vec : (-0.890192, -0.622172, -0.308438)
}
ADDED 417 new points
Using 4 over 15 cameras
0 0 0 0 0 1 1 1 0 1 0 0 0 0 0 
****************** OPTIM FOUND 25 OUTLIERS : redoing optim!!
camera[7]
{
	 r_vec : (-0.0179453, 0.161946, 0.0629786)
	 t_vec : (-1.70051, -0.112846, 0.128351)
}
ADDED 431 new points
Using 5 over 15 cameras
0 0 0 0 0 1 1 1 1 1 0 0 0 0 0 
****************** OPTIM FOUND 28 OUTLIERS : redoing optim!!
camera[8]
{
	 r_vec : (-0.0368378, 0.169202, 0.0838169)
	 t_vec : (-1.86506, -0.816246, -0.226555)
}
ADDED 408 new points
Using 6 over 15 cameras
0 0 0 0 0 1 1 1 1 1 0 0 0 1 0 
****************** OPTIM FOUND 39 OUTLIERS : redoing optim!!
camera[13]
{
	 r_vec : (-0.0238085, 0.210938, 0.0883422)
	 t_vec : (-2.59887, -0.729922, 0.0337982)
}
ADDED 500 new points
Using 7 over 15 cameras
0 0 0 0 0 1 1 1 1 1 0 0 1 1 0 
****************** OPTIM FOUND 20 OUTLIERS : redoing optim!!
camera[12]
{
	 r_vec : (-0.0158524, 0.258778, 0.0762446)
	 t_vec : (-2.65128, -0.185581, 0.237489)
}
ADDED 528 new points
Using 8 over 15 cameras
0 0 0 0 0 1 1 1 1 1 0 0 1 1 1 
****************** OPTIM FOUND 15 OUTLIERS : redoing optim!!
camera[14]
{
	 r_vec : (-0.0187758, 0.252001, 0.0830537)
	 t_vec : (-2.93049, -0.194429, 0.193176)
}
ADDED 485 new points
Using 9 over 15 cameras
0 0 0 0 0 1 1 1 1 1 1 0 1 1 1 
****************** OPTIM FOUND 18 OUTLIERS : redoing optim!!
camera[10]
{
	 r_vec : (-0.0386756, 0.0781369, 0.0383095)
	 t_vec : (0.0210253, -0.485091, -0.179326)
}
ADDED 208 new points
Using 10 over 15 cameras
0 0 0 0 1 1 1 1 1 1 1 0 1 1 1 
****************** OPTIM FOUND 19 OUTLIERS : redoing optim!!
camera[4]
{
	 r_vec : (-0.014365, -0.0725707, -0.0318588)
	 t_vec : (0.860927, 0.011383, -0.145538)
}
ADDED 323 new points
Using 11 over 15 cameras
0 0 0 1 1 1 1 1 1 1 1 0 1 1 1 
W0512 14:36:59.263738 24607 levenberg_marquardt_strategy.cc:115] Linear solver failure. Failed to compute a step: Eigen failure. Unable to perform dense Cholesky factorization.
W0512 14:36:59.277257 24607 levenberg_marquardt_strategy.cc:115] Linear solver failure. Failed to compute a step: Eigen failure. Unable to perform dense Cholesky factorization.
W0512 14:36:59.281280 24607 levenberg_marquardt_strategy.cc:115] Linear solver failure. Failed to compute a step: Eigen failure. Unable to perform dense Cholesky factorization.
W0512 14:36:59.304880 24607 levenberg_marquardt_strategy.cc:115] Linear solver failure. Failed to compute a step: Eigen failure. Unable to perform dense Cholesky factorization.
W0512 14:36:59.308808 24607 levenberg_marquardt_strategy.cc:115] Linear solver failure. Failed to compute a step: Eigen failure. Unable to perform dense Cholesky factorization.
W0512 14:36:59.332355 24607 levenberg_marquardt_strategy.cc:115] Linear solver failure. Failed to compute a step: Eigen failure. Unable to perform dense Cholesky factorization.
W0512 14:36:59.336361 24607 levenberg_marquardt_strategy.cc:115] Linear solver failure. Failed to compute a step: Eigen failure. Unable to perform dense Cholesky factorization.
W0512 14:36:59.350821 24607 levenberg_marquardt_strategy.cc:115] Linear solver failure. Failed to compute a step: Eigen failure. Unable to perform dense Cholesky factorization.
W0512 14:36:59.365170 24607 levenberg_marquardt_strategy.cc:115] Linear solver failure. Failed to compute a step: Eigen failure. Unable to perform dense Cholesky factorization.
W0512 14:36:59.369171 24607 levenberg_marquardt_strategy.cc:115] Linear solver failure. Failed to compute a step: Eigen failure. Unable to perform dense Cholesky factorization.
****************** OPTIM FOUND 18 OUTLIERS : redoing optim!!
camera[3]
{
	 r_vec : (-0.00944464, -0.149693, -0.056792)
	 t_vec : (1.76673, -0.0409328, -0.198368)
}
ADDED 463 new points
Using 12 over 15 cameras
0 0 1 1 1 1 1 1 1 1 1 0 1 1 1 
****************** OPTIM FOUND 13 OUTLIERS : redoing optim!!
camera[2]
{
	 r_vec : (0.00155539, -0.207781, -0.0694476)
	 t_vec : (2.47731, -0.0903599, -0.252049)
}
ADDED 322 new points
Using 13 over 15 cameras
0 1 1 1 1 1 1 1 1 1 1 0 1 1 1 
****************** OPTIM FOUND 10 OUTLIERS : redoing optim!!
camera[1]
{
	 r_vec : (0.0114113, -0.268607, -0.0714334)
	 t_vec : (3.33068, -0.107188, -0.241127)
}
ADDED 567 new points
Using 14 over 15 cameras
1 1 1 1 1 1 1 1 1 1 1 0 1 1 1 
****************** OPTIM FOUND 16 OUTLIERS : redoing optim!!
camera[0]
{
	 r_vec : (0.0331645, -0.306059, -0.0945268)
	 t_vec : (3.51225, 0.372597, -0.319445)
}
ADDED 11 new points
Using 15 over 15 cameras
1 1 1 1 1 1 1 1 1 1 1 1 1 1 1 
****************** OPTIM CHEIRALITY VIOLATION for 47 points : redoing optim!!
****************** OPTIM FOUND 9 OUTLIERS : redoing optim!!
camera[11]
{
	 r_vec : (-0.0617519, -0.00239054, -0.0399609)
	 t_vec : (1.36954, -0.619839, -0.633249)
}
===== FINAL METRICS =====
Registered cameras  : 15 / 15  (success rate 100 %)
Valid 3D points     : 5865
Mean reprojection err: 1.55056 px  (focal = 892.37 px)
=========================
Recostruction completed, exiting
