Header: 15 6359 20466
Alternative seed selection candidates:
  rank 1 pair (0, 1) common=964 E=888 H=113 pose=888 lateral=0.935479 forward=0.353383 score=49054.4
  rank 2 pair (5, 13) common=755 E=627 H=101 pose=627 lateral=0.979557 forward=0.201168 score=36397.5
  rank 3 pair (1, 2) common=681 E=585 H=61 pose=585 lateral=0.976827 forward=0.21403 score=36011.5
  rank 4 pair (10, 11) common=680 E=554 H=77 pose=554 lateral=0.967391 forward=0.253288 score=33423.9
  rank 5 pair (2, 3) common=684 E=523 H=58 pose=523 lateral=0.977853 forward=0.209293 score=32963.6
  rank 6 pair (9, 10) common=732 E=532 H=82 pose=525 lateral=0.976945 forward=0.213493 score=32295.8
  rank 7 pair (8, 10) common=692 E=517 H=88 pose=517 lateral=0.992118 forward=0.125304 score=31491.7
  rank 8 pair (4, 5) common=590 E=501 H=65 pose=501 lateral=0.979143 forward=0.203174 score=31307.2
  rank 9 pair (6, 12) common=709 E=524 H=92 pose=524 lateral=0.83446 forward=0.551069 score=29364
  rank 10 pair (7, 12) common=554 E=449 H=46 pose=449 lateral=0.928684 forward=0.370871 score=28658.3
Trying alternative seed pair (0, 1) score=49054.4
Seed pair (0, 1): inliers E=888 H=113
camera[0]
{
	 r_vec : (0, 0, 0)
	 t_vec : (0, 0, 0)
}
camera[1]
{
	 r_vec : (-0.0350512, 0.0440793, 0.0216099)
	 t_vec : (-0.280834, -0.89233, 0.353383)
}
camera[1]
{
	 r_vec : (-0.0325073, 0.0426476, 0.0208526)
	 t_vec : (-0.263741, -0.863435, 0.345609)
}
ADDED 514 new points
Using 3 over 15 cameras
1 1 1 0 0 0 0 0 0 0 0 0 0 0 0 
camera[2]
{
	 r_vec : (-0.0421617, 0.0997224, 0.0214349)
	 t_vec : (-1.37349, -0.865276, 0.632178)
}
ADDED 484 new points
Using 4 over 15 cameras
1 1 1 1 0 0 0 0 0 0 0 0 0 0 0 
camera[3]
{
	 r_vec : (-0.0484042, 0.161635, 0.0337337)
	 t_vec : (-2.33493, -0.805591, 1.00016)
}
ADDED 381 new points
Using 5 over 15 cameras
1 1 1 1 1 0 0 0 0 0 0 0 0 0 0 
WARNING: Logging before InitGoogleLogging() is written to STDERR
W0512 21:07:40.625883 28257 levenberg_marquardt_strategy.cc:115] Linear solver failure. Failed to compute a step: Eigen failure. Unable to perform dense Cholesky factorization.
W0512 21:07:40.629757 28257 levenberg_marquardt_strategy.cc:115] Linear solver failure. Failed to compute a step: Eigen failure. Unable to perform dense Cholesky factorization.
W0512 21:07:40.630519 28257 levenberg_marquardt_strategy.cc:115] Linear solver failure. Failed to compute a step: Eigen failure. Unable to perform dense Cholesky factorization.
W0512 21:07:40.632718 28257 levenberg_marquardt_strategy.cc:115] Linear solver failure. Failed to compute a step: Eigen failure. Unable to perform dense Cholesky factorization.
W0512 21:07:40.634964 28257 levenberg_marquardt_strategy.cc:115] Linear solver failure. Failed to compute a step: Eigen failure. Unable to perform dense Cholesky factorization.
W0512 21:07:40.635725 28257 levenberg_marquardt_strategy.cc:115] Linear solver failure. Failed to compute a step: Eigen failure. Unable to perform dense Cholesky factorization.
W0512 21:07:40.638000 28257 levenberg_marquardt_strategy.cc:115] Linear solver failure. Failed to compute a step: Eigen failure. Unable to perform dense Cholesky factorization.
W0512 21:07:40.643167 28257 levenberg_marquardt_strategy.cc:115] Linear solver failure. Failed to compute a step: Eigen failure. Unable to perform dense Cholesky factorization.
W0512 21:07:40.645387 28257 levenberg_marquardt_strategy.cc:115] Linear solver failure. Failed to compute a step: Eigen failure. Unable to perform dense Cholesky factorization.
W0512 21:07:40.646128 28257 levenberg_marquardt_strategy.cc:115] Linear solver failure. Failed to compute a step: Eigen failure. Unable to perform dense Cholesky factorization.
W0512 21:07:40.648303 28257 levenberg_marquardt_strategy.cc:115] Linear solver failure. Failed to compute a step: Eigen failure. Unable to perform dense Cholesky factorization.
W0512 21:07:40.650532 28257 levenberg_marquardt_strategy.cc:115] Linear solver failure. Failed to compute a step: Eigen failure. Unable to perform dense Cholesky factorization.
W0512 21:07:40.651268 28257 levenberg_marquardt_strategy.cc:115] Linear solver failure. Failed to compute a step: Eigen failure. Unable to perform dense Cholesky factorization.
W0512 21:07:40.655377 28257 levenberg_marquardt_strategy.cc:115] Linear solver failure. Failed to compute a step: Eigen failure. Unable to perform dense Cholesky factorization.
W0512 21:07:40.656137 28257 levenberg_marquardt_strategy.cc:115] Linear solver failure. Failed to compute a step: Eigen failure. Unable to perform dense Cholesky factorization.
W0512 21:07:40.658527 28257 levenberg_marquardt_strategy.cc:115] Linear solver failure. Failed to compute a step: Eigen failure. Unable to perform dense Cholesky factorization.
W0512 21:07:40.662415 28257 levenberg_marquardt_strategy.cc:115] Linear solver failure. Failed to compute a step: Eigen failure. Unable to perform dense Cholesky factorization.
W0512 21:07:40.663196 28257 levenberg_marquardt_strategy.cc:115] Linear solver failure. Failed to compute a step: Eigen failure. Unable to perform dense Cholesky factorization.
W0512 21:07:40.665534 28257 levenberg_marquardt_strategy.cc:115] Linear solver failure. Failed to compute a step: Eigen failure. Unable to perform dense Cholesky factorization.
W0512 21:07:40.667876 28257 levenberg_marquardt_strategy.cc:115] Linear solver failure. Failed to compute a step: Eigen failure. Unable to perform dense Cholesky factorization.
W0512 21:07:40.670055 28257 levenberg_marquardt_strategy.cc:115] Linear solver failure. Failed to compute a step: Eigen failure. Unable to perform dense Cholesky factorization.
W0512 21:07:40.670771 28257 levenberg_marquardt_strategy.cc:115] Linear solver failure. Failed to compute a step: Eigen failure. Unable to perform dense Cholesky factorization.
W0512 21:07:40.672983 28257 levenberg_marquardt_strategy.cc:115] Linear solver failure. Failed to compute a step: Eigen failure. Unable to perform dense Cholesky factorization.
W0512 21:07:40.675221 28257 levenberg_marquardt_strategy.cc:115] Linear solver failure. Failed to compute a step: Eigen failure. Unable to perform dense Cholesky factorization.
W0512 21:07:40.677789 28257 levenberg_marquardt_strategy.cc:115] Linear solver failure. Failed to compute a step: Eigen failure. Unable to perform dense Cholesky factorization.
W0512 21:07:40.678632 28257 levenberg_marquardt_strategy.cc:115] Linear solver failure. Failed to compute a step: Eigen failure. Unable to perform dense Cholesky factorization.
W0512 21:07:40.681174 28257 levenberg_marquardt_strategy.cc:115] Linear solver failure. Failed to compute a step: Eigen failure. Unable to perform dense Cholesky factorization.
W0512 21:07:40.685369 28257 levenberg_marquardt_strategy.cc:115] Linear solver failure. Failed to compute a step: Eigen failure. Unable to perform dense Cholesky factorization.
W0512 21:07:40.686215 28257 levenberg_marquardt_strategy.cc:115] Linear solver failure. Failed to compute a step: Eigen failure. Unable to perform dense Cholesky factorization.
W0512 21:07:40.690429 28257 levenberg_marquardt_strategy.cc:115] Linear solver failure. Failed to compute a step: Eigen failure. Unable to perform dense Cholesky factorization.
W0512 21:07:40.691234 28257 levenberg_marquardt_strategy.cc:115] Linear solver failure. Failed to compute a step: Eigen failure. Unable to perform dense Cholesky factorization.
W0512 21:07:40.695464 28257 levenberg_marquardt_strategy.cc:115] Linear solver failure. Failed to compute a step: Eigen failure. Unable to perform dense Cholesky factorization.
W0512 21:07:40.696278 28257 levenberg_marquardt_strategy.cc:115] Linear solver failure. Failed to compute a step: Eigen failure. Unable to perform dense Cholesky factorization.
W0512 21:07:40.698788 28257 levenberg_marquardt_strategy.cc:115] Linear solver failure. Failed to compute a step: Eigen failure. Unable to perform dense Cholesky factorization.
W0512 21:07:40.701196 28257 levenberg_marquardt_strategy.cc:115] Linear solver failure. Failed to compute a step: Eigen failure. Unable to perform dense Cholesky factorization.
W0512 21:07:40.703490 28257 levenberg_marquardt_strategy.cc:115] Linear solver failure. Failed to compute a step: Eigen failure. Unable to perform dense Cholesky factorization.
W0512 21:07:40.704244 28257 levenberg_marquardt_strategy.cc:115] Linear solver failure. Failed to compute a step: Eigen failure. Unable to perform dense Cholesky factorization.
W0512 21:07:40.708335 28257 levenberg_marquardt_strategy.cc:115] Linear solver failure. Failed to compute a step: Eigen failure. Unable to perform dense Cholesky factorization.
W0512 21:07:40.709193 28257 levenberg_marquardt_strategy.cc:115] Linear solver failure. Failed to compute a step: Eigen failure. Unable to perform dense Cholesky factorization.
W0512 21:07:40.711655 28257 levenberg_marquardt_strategy.cc:115] Linear solver failure. Failed to compute a step: Eigen failure. Unable to perform dense Cholesky factorization.
W0512 21:07:40.714151 28257 levenberg_marquardt_strategy.cc:115] Linear solver failure. Failed to compute a step: Eigen failure. Unable to perform dense Cholesky factorization.
W0512 21:07:40.715013 28257 levenberg_marquardt_strategy.cc:115] Linear solver failure. Failed to compute a step: Eigen failure. Unable to perform dense Cholesky factorization.
W0512 21:07:40.719076 28257 levenberg_marquardt_strategy.cc:115] Linear solver failure. Failed to compute a step: Eigen failure. Unable to perform dense Cholesky factorization.
W0512 21:07:40.721323 28257 levenberg_marquardt_strategy.cc:115] Linear solver failure. Failed to compute a step: Eigen failure. Unable to perform dense Cholesky factorization.
W0512 21:07:40.723533 28257 levenberg_marquardt_strategy.cc:115] Linear solver failure. Failed to compute a step: Eigen failure. Unable to perform dense Cholesky factorization.
W0512 21:07:40.724273 28257 levenberg_marquardt_strategy.cc:115] Linear solver failure. Failed to compute a step: Eigen failure. Unable to perform dense Cholesky factorization.
W0512 21:07:40.727972 28257 levenberg_marquardt_strategy.cc:115] Linear solver failure. Failed to compute a step: Eigen failure. Unable to perform dense Cholesky factorization.
W0512 21:07:40.728749 28257 levenberg_marquardt_strategy.cc:115] Linear solver failure. Failed to compute a step: Eigen failure. Unable to perform dense Cholesky factorization.
W0512 21:07:40.731081 28257 levenberg_marquardt_strategy.cc:115] Linear solver failure. Failed to compute a step: Eigen failure. Unable to perform dense Cholesky factorization.
W0512 21:07:40.734897 28257 levenberg_marquardt_strategy.cc:115] Linear solver failure. Failed to compute a step: Eigen failure. Unable to perform dense Cholesky factorization.
W0512 21:07:40.735651 28257 levenberg_marquardt_strategy.cc:115] Linear solver failure. Failed to compute a step: Eigen failure. Unable to perform dense Cholesky factorization.
W0512 21:07:40.739542 28257 levenberg_marquardt_strategy.cc:115] Linear solver failure. Failed to compute a step: Eigen failure. Unable to perform dense Cholesky factorization.
W0512 21:07:40.740257 28257 levenberg_marquardt_strategy.cc:115] Linear solver failure. Failed to compute a step: Eigen failure. Unable to perform dense Cholesky factorization.
****************** OPTIM FOUND 8 OUTLIERS : redoing optim!!
camera[4]
{
	 r_vec : (-0.0530611, 0.2327, 0.0583632)
	 t_vec : (-3.41653, -0.826633, 1.41871)
}
ADDED 358 new points
Using 6 over 15 cameras
1 1 1 1 1 0 0 0 0 0 0 0 0 1 0 
****************** OPTIM FOUND 11 OUTLIERS : redoing optim!!
camera[13]
{
	 r_vec : (-0.0839324, 0.377684, 0.129098)
	 t_vec : (-4.17032, -1.80282, 2.09944)
}
ADDED 546 new points
Using 7 over 15 cameras
1 1 1 1 1 1 0 0 0 0 0 0 0 1 0 
****************** OPTIM FOUND 16 OUTLIERS : redoing optim!!
camera[5]
{
	 r_vec : (-0.0420504, 0.309652, 0.0941804)
	 t_vec : (-4.52832, -1.03628, 1.93738)
}
ADDED 317 new points
Using 8 over 15 cameras
1 1 1 1 1 1 0 0 0 0 0 0 1 1 0 
****************** OPTIM FOUND 23 OUTLIERS : redoing optim!!
camera[12]
{
	 r_vec : (-0.0849349, 0.430825, 0.172882)
	 t_vec : (-5.24894, -2.1648, 2.19711)
}
ADDED 479 new points
Using 9 over 15 cameras
1 1 1 1 1 1 1 0 0 0 0 0 1 1 0 
****************** OPTIM FOUND 23 OUTLIERS : redoing optim!!
camera[6]
{
	 r_vec : (-0.0526974, 0.414231, 0.149663)
	 t_vec : (-5.42941, -1.3194, 2.60507)
}
ADDED 355 new points
Using 10 over 15 cameras
1 1 1 1 1 1 1 1 0 0 0 0 1 1 0 
****************** OPTIM FOUND 36 OUTLIERS : redoing optim!!
camera[7]
{
	 r_vec : (-0.0576187, 0.455623, 0.158094)
	 t_vec : (-6.32882, -1.35901, 2.81265)
}
ADDED 385 new points
Using 11 over 15 cameras
1 1 1 1 1 1 1 1 0 0 0 1 1 1 0 
****************** OPTIM FOUND 36 OUTLIERS : redoing optim!!
camera[11]
{
	 r_vec : (-0.0813914, 0.462013, 0.174249)
	 t_vec : (-6.50533, -2.40349, 2.38068)
}
ADDED 400 new points
Using 12 over 15 cameras
1 1 1 1 1 1 1 1 0 0 1 1 1 1 0 
****************** OPTIM FOUND 42 OUTLIERS : redoing optim!!
camera[10]
{
	 r_vec : (-0.0662847, 0.495981, 0.178433)
	 t_vec : (-7.36916, -2.29748, 2.84784)
}
ADDED 411 new points
Using 13 over 15 cameras
1 1 1 1 1 1 1 1 1 0 1 1 1 1 0 
****************** OPTIM FOUND 38 OUTLIERS : redoing optim!!
camera[8]
{
	 r_vec : (-0.052774, 0.546514, 0.171202)
	 t_vec : (-7.33833, -1.49181, 3.30618)
}
ADDED 476 new points
Using 14 over 15 cameras
1 1 1 1 1 1 1 1 1 1 1 1 1 1 0 
****************** OPTIM FOUND 47 OUTLIERS : redoing optim!!
camera[9]
{
	 r_vec : (-0.0550071, 0.542031, 0.177684)
	 t_vec : (-7.76696, -1.50552, 3.23172)
}
ADDED 124 new points
Using 15 over 15 cameras
1 1 1 1 1 1 1 1 1 1 1 1 1 1 1 
****************** OPTIM FOUND 45 OUTLIERS : redoing optim!!
camera[14]
{
	 r_vec : (-0.095451, 0.314489, 0.0509146)
	 t_vec : (-2.61577, -1.50905, 2.0053)
}
===== FINAL METRICS =====
Registered cameras  : 15 / 15  (success rate 100 %)
Valid 3D points     : 4687
Mean reprojection err: 1.0278 px  (focal = 1296 px)
=========================
Recostruction completed, exiting
