Header: 17 11042 55871
Alternative seed selection candidates:
  rank 1 pair (0, 1) common=2040 E=1898 H=489 pose=1898 lateral=0.998579 forward=0.0532981 score=86181.4
  rank 2 pair (5, 7) common=1832 E=1717 H=386 pose=1715 lateral=0.983667 forward=0.179996 score=81063.3
  rank 3 pair (6, 8) common=1528 E=1440 H=257 pose=1440 lateral=0.98674 forward=0.162307 score=72574.2
  rank 4 pair (5, 9) common=1879 E=1682 H=510 pose=1682 lateral=0.924023 forward=0.382337 score=72158.3
  rank 5 pair (1, 2) common=1691 E=1567 H=420 pose=1567 lateral=0.999471 forward=0.0325257 score=71780.5
  rank 6 pair (7, 8) common=1637 E=1528 H=415 pose=1527 lateral=0.970738 forward=0.240139 score=69143.6
  rank 7 pair (0, 5) common=1527 E=1370 H=279 pose=1370 lateral=0.963427 forward=0.267972 score=67381.5
  rank 8 pair (0, 12) common=1795 E=1534 H=445 pose=1534 lateral=0.908417 forward=0.418065 score=67330.2
  rank 9 pair (9, 10) common=1684 E=1574 H=523 pose=1574 lateral=0.996762 forward=0.0804046 score=66839.1
  rank 10 pair (11, 12) common=1681 E=1575 H=548 pose=1575 lateral=0.998576 forward=0.0533545 score=65717.2
Trying alternative seed pair (0, 1) score=86181.4
Seed pair (0, 1): inliers E=1898 H=489
camera[0]
{
	 r_vec : (0, 0, 0)
	 t_vec : (0, 0, 0)
}
camera[1]
{
	 r_vec : (-0.00290675, 0.0895956, 0.0103493)
	 t_vec : (-0.998379, -0.0199433, 0.0532981)
}
camera[1]
{
	 r_vec : (-0.00208455, 0.0632665, 0.0104668)
	 t_vec : (-0.870221, -0.015772, 0.124808)
}
ADDED 1610 new points
Using 3 over 17 cameras
1 1 0 0 1 0 0 0 0 0 0 0 0 0 0 0 0 
****************** OPTIM FOUND 9 OUTLIERS : redoing optim!!
camera[4]
{
	 r_vec : (-0.000302733, 0.0450521, 0.010392)
	 t_vec : (-0.241533, -0.0833492, 0.281169)
}
ADDED 743 new points
Using 4 over 17 cameras
1 1 0 0 1 0 0 0 0 0 0 1 0 0 0 0 0 
****************** OPTIM FOUND 20 OUTLIERS : redoing optim!!
camera[11]
{
	 r_vec : (0.00271983, 0.048097, 0.00896071)
	 t_vec : (-0.440858, -0.265259, 0.711565)
}
ADDED 498 new points
Using 5 over 17 cameras
1 1 0 0 1 0 0 0 0 0 1 1 0 0 0 0 0 
****************** OPTIM FOUND 24 OUTLIERS : redoing optim!!
camera[10]
{
	 r_vec : (0.00176114, 0.0175365, -0.00146894)
	 t_vec : (0.0161969, -0.269613, 0.700776)
}
ADDED 489 new points
Using 6 over 17 cameras
1 1 0 0 1 0 0 0 0 0 1 1 1 0 0 0 0 
****************** OPTIM FOUND 22 OUTLIERS : redoing optim!!
camera[12]
{
	 r_vec : (0.00409883, 0.064353, 0.0136108)
	 t_vec : (-0.807863, -0.268728, 0.734219)
}
ADDED 487 new points
Using 7 over 17 cameras
1 1 0 0 1 0 0 0 0 1 1 1 1 0 0 0 0 
****************** OPTIM FOUND 29 OUTLIERS : redoing optim!!
camera[9]
{
	 r_vec : (0.00013713, 0.00375584, -0.00585413)
	 t_vec : (0.417949, -0.269083, 0.677135)
}
ADDED 401 new points
Using 8 over 17 cameras
1 1 0 0 1 0 0 0 0 1 1 1 1 1 0 0 0 
****************** OPTIM FOUND 33 OUTLIERS : redoing optim!!
camera[13]
{
	 r_vec : (0.00598341, 0.0897878, 0.023641)
	 t_vec : (-1.16262, -0.255547, 0.753684)
}
ADDED 703 new points
Using 9 over 17 cameras
1 1 0 0 1 1 0 0 0 1 1 1 1 1 0 0 0 
****************** OPTIM FOUND 42 OUTLIERS : redoing optim!!
camera[5]
{
	 r_vec : (2.3639e-05, 0.0197557, -0.000351561)
	 t_vec : (0.806039, -0.14896, 0.406204)
}
ADDED 850 new points
Using 10 over 17 cameras
1 1 0 0 1 1 1 0 0 1 1 1 1 1 0 0 0 
****************** OPTIM FOUND 43 OUTLIERS : redoing optim!!
camera[6]
{
	 r_vec : (-0.00424336, -0.0307895, -0.0229032)
	 t_vec : (1.18115, -0.201902, 0.53134)
}
ADDED 805 new points
Using 11 over 17 cameras
1 1 0 0 1 1 1 1 0 1 1 1 1 1 0 0 0 
WARNING: Logging before InitGoogleLogging() is written to STDERR
W0512 21:08:49.470439 29722 levenberg_marquardt_strategy.cc:115] Linear solver failure. Failed to compute a step: Eigen failure. Unable to perform dense Cholesky factorization.
W0512 21:08:49.477602 29722 levenberg_marquardt_strategy.cc:115] Linear solver failure. Failed to compute a step: Eigen failure. Unable to perform dense Cholesky factorization.
W0512 21:08:49.503767 29722 levenberg_marquardt_strategy.cc:115] Linear solver failure. Failed to compute a step: Eigen failure. Unable to perform dense Cholesky factorization.
W0512 21:08:49.549430 29722 levenberg_marquardt_strategy.cc:115] Linear solver failure. Failed to compute a step: Eigen failure. Unable to perform dense Cholesky factorization.
W0512 21:08:49.556720 29722 levenberg_marquardt_strategy.cc:115] Linear solver failure. Failed to compute a step: Eigen failure. Unable to perform dense Cholesky factorization.
W0512 21:08:49.583340 29722 levenberg_marquardt_strategy.cc:115] Linear solver failure. Failed to compute a step: Eigen failure. Unable to perform dense Cholesky factorization.
W0512 21:08:49.609102 29722 levenberg_marquardt_strategy.cc:115] Linear solver failure. Failed to compute a step: Eigen failure. Unable to perform dense Cholesky factorization.
W0512 21:08:49.636076 29722 levenberg_marquardt_strategy.cc:115] Linear solver failure. Failed to compute a step: Eigen failure. Unable to perform dense Cholesky factorization.
W0512 21:08:49.642999 29722 levenberg_marquardt_strategy.cc:115] Linear solver failure. Failed to compute a step: Eigen failure. Unable to perform dense Cholesky factorization.
W0512 21:08:49.689299 29722 levenberg_marquardt_strategy.cc:115] Linear solver failure. Failed to compute a step: Eigen failure. Unable to perform dense Cholesky factorization.
W0512 21:08:49.696415 29722 levenberg_marquardt_strategy.cc:115] Linear solver failure. Failed to compute a step: Eigen failure. Unable to perform dense Cholesky factorization.
W0512 21:08:49.722678 29722 levenberg_marquardt_strategy.cc:115] Linear solver failure. Failed to compute a step: Eigen failure. Unable to perform dense Cholesky factorization.
W0512 21:08:49.729930 29722 levenberg_marquardt_strategy.cc:115] Linear solver failure. Failed to compute a step: Eigen failure. Unable to perform dense Cholesky factorization.
W0512 21:08:49.794199 29722 levenberg_marquardt_strategy.cc:115] Linear solver failure. Failed to compute a step: Eigen failure. Unable to perform dense Cholesky factorization.
W0512 21:08:49.801353 29722 levenberg_marquardt_strategy.cc:115] Linear solver failure. Failed to compute a step: Eigen failure. Unable to perform dense Cholesky factorization.
****************** OPTIM FOUND 37 OUTLIERS : redoing optim!!
camera[7]
{
	 r_vec : (-0.00605471, -0.0938517, -0.0490216)
	 t_vec : (1.40915, -0.265974, 0.683332)
}
ADDED 506 new points
Using 12 over 17 cameras
1 1 1 0 1 1 1 1 0 1 1 1 1 1 0 0 0 
****************** OPTIM FOUND 44 OUTLIERS : redoing optim!!
camera[2]
{
	 r_vec : (0.00708123, 0.0942023, 0.02583)
	 t_vec : (-1.45676, -0.0145502, 0.209023)
}
ADDED 483 new points
Using 13 over 17 cameras
1 1 1 0 1 1 1 1 0 1 1 1 1 1 1 0 0 
****************** OPTIM FOUND 37 OUTLIERS : redoing optim!!
camera[14]
{
	 r_vec : (0.0105488, 0.150192, 0.0490633)
	 t_vec : (-1.48774, -0.247872, 0.820148)
}
ADDED 546 new points
Using 14 over 17 cameras
1 1 1 1 1 1 1 1 0 1 1 1 1 1 1 0 0 
****************** OPTIM FOUND 43 OUTLIERS : redoing optim!!
camera[3]
{
	 r_vec : (0.0106835, 0.173615, 0.055673)
	 t_vec : (-1.88789, -0.0381245, 0.323934)
}
ADDED 361 new points
Using 15 over 17 cameras
1 1 1 1 1 1 1 1 0 1 1 1 1 1 1 1 0 
****************** OPTIM FOUND 36 OUTLIERS : redoing optim!!
camera[15]
{
	 r_vec : (0.0152203, 0.215444, 0.071662)
	 t_vec : (-1.87028, -0.277045, 0.958498)
}
ADDED 294 new points
Using 16 over 17 cameras
1 1 1 1 1 1 1 1 0 1 1 1 1 1 1 1 1 
****************** OPTIM FOUND 33 OUTLIERS : redoing optim!!
camera[16]
{
	 r_vec : (0.0157241, 0.244379, 0.083264)
	 t_vec : (-2.1604, -0.310404, 1.04867)
}
ADDED 359 new points
Using 17 over 17 cameras
1 1 1 1 1 1 1 1 1 1 1 1 1 1 1 1 1 
W0512 21:08:54.062402 29722 levenberg_marquardt_strategy.cc:115] Linear solver failure. Failed to compute a step: Eigen failure. Unable to perform dense Cholesky factorization.
W0512 21:08:54.103226 29722 levenberg_marquardt_strategy.cc:115] Linear solver failure. Failed to compute a step: Eigen failure. Unable to perform dense Cholesky factorization.
W0512 21:08:54.113468 29722 levenberg_marquardt_strategy.cc:115] Linear solver failure. Failed to compute a step: Eigen failure. Unable to perform dense Cholesky factorization.
W0512 21:08:54.153543 29722 levenberg_marquardt_strategy.cc:115] Linear solver failure. Failed to compute a step: Eigen failure. Unable to perform dense Cholesky factorization.
W0512 21:08:54.220067 29722 levenberg_marquardt_strategy.cc:115] Linear solver failure. Failed to compute a step: Eigen failure. Unable to perform dense Cholesky factorization.
W0512 21:08:54.230587 29722 levenberg_marquardt_strategy.cc:115] Linear solver failure. Failed to compute a step: Eigen failure. Unable to perform dense Cholesky factorization.
W0512 21:08:54.269161 29722 levenberg_marquardt_strategy.cc:115] Linear solver failure. Failed to compute a step: Eigen failure. Unable to perform dense Cholesky factorization.
W0512 21:08:54.308077 29722 levenberg_marquardt_strategy.cc:115] Linear solver failure. Failed to compute a step: Eigen failure. Unable to perform dense Cholesky factorization.
W0512 21:08:54.345541 29722 levenberg_marquardt_strategy.cc:115] Linear solver failure. Failed to compute a step: Eigen failure. Unable to perform dense Cholesky factorization.
W0512 21:08:54.356154 29722 levenberg_marquardt_strategy.cc:115] Linear solver failure. Failed to compute a step: Eigen failure. Unable to perform dense Cholesky factorization.
W0512 21:08:54.439611 29722 levenberg_marquardt_strategy.cc:115] Linear solver failure. Failed to compute a step: Eigen failure. Unable to perform dense Cholesky factorization.
W0512 21:08:54.478211 29722 levenberg_marquardt_strategy.cc:115] Linear solver failure. Failed to compute a step: Eigen failure. Unable to perform dense Cholesky factorization.
W0512 21:08:54.488425 29722 levenberg_marquardt_strategy.cc:115] Linear solver failure. Failed to compute a step: Eigen failure. Unable to perform dense Cholesky factorization.
W0512 21:08:54.526469 29722 levenberg_marquardt_strategy.cc:115] Linear solver failure. Failed to compute a step: Eigen failure. Unable to perform dense Cholesky factorization.
W0512 21:08:54.566835 29722 levenberg_marquardt_strategy.cc:115] Linear solver failure. Failed to compute a step: Eigen failure. Unable to perform dense Cholesky factorization.
W0512 21:08:54.576893 29722 levenberg_marquardt_strategy.cc:115] Linear solver failure. Failed to compute a step: Eigen failure. Unable to perform dense Cholesky factorization.
W0512 21:08:54.644613 29722 levenberg_marquardt_strategy.cc:115] Linear solver failure. Failed to compute a step: Eigen failure. Unable to perform dense Cholesky factorization.
W0512 21:08:54.654898 29722 levenberg_marquardt_strategy.cc:115] Linear solver failure. Failed to compute a step: Eigen failure. Unable to perform dense Cholesky factorization.
W0512 21:08:54.720779 29722 levenberg_marquardt_strategy.cc:115] Linear solver failure. Failed to compute a step: Eigen failure. Unable to perform dense Cholesky factorization.
W0512 21:08:54.759382 29722 levenberg_marquardt_strategy.cc:115] Linear solver failure. Failed to compute a step: Eigen failure. Unable to perform dense Cholesky factorization.
W0512 21:08:54.769649 29722 levenberg_marquardt_strategy.cc:115] Linear solver failure. Failed to compute a step: Eigen failure. Unable to perform dense Cholesky factorization.
W0512 21:08:54.837749 29722 levenberg_marquardt_strategy.cc:115] Linear solver failure. Failed to compute a step: Eigen failure. Unable to perform dense Cholesky factorization.
W0512 21:08:54.848358 29722 levenberg_marquardt_strategy.cc:115] Linear solver failure. Failed to compute a step: Eigen failure. Unable to perform dense Cholesky factorization.
W0512 21:08:54.917793 29722 levenberg_marquardt_strategy.cc:115] Linear solver failure. Failed to compute a step: Eigen failure. Unable to perform dense Cholesky factorization.
W0512 21:08:54.956259 29722 levenberg_marquardt_strategy.cc:115] Linear solver failure. Failed to compute a step: Eigen failure. Unable to perform dense Cholesky factorization.
W0512 21:08:54.967835 29722 levenberg_marquardt_strategy.cc:115] Linear solver failure. Failed to compute a step: Eigen failure. Unable to perform dense Cholesky factorization.
W0512 21:08:54.978251 29722 levenberg_marquardt_strategy.cc:115] Linear solver failure. Failed to compute a step: Eigen failure. Unable to perform dense Cholesky factorization.
****************** OPTIM FOUND 92 OUTLIERS : redoing optim!!
camera[8]
{
	 r_vec : (-0.00908711, -0.160329, -0.0776342)
	 t_vec : (2.00756, -0.361448, 0.86454)
}
===== FINAL METRICS =====
Registered cameras  : 17 / 17  (success rate 100 %)
Valid 3D points     : 10468
Mean reprojection err: 0.859833 px  (focal = 1296 px)
=========================
Recostruction completed, exiting
