Header: 13 2174 11547
Seed pair (0, 5): inliers E=626 H=260
Forward-dominant motion detected, rejecting.
Try to look for a better seed pair
Seed pair (2, 4): inliers E=453 H=172
Forward-dominant motion detected, rejecting.
Try to look for a better seed pair
Seed pair (3, 4): inliers E=398 H=115
camera[3]
{
	 r_vec : (0, 0, 0)
	 t_vec : (0, 0, 0)
}
camera[4]
{
	 r_vec : (-0.00477374, 0.114493, -0.0193926)
	 t_vec : (-0.977377, -0.0876147, 0.192503)
}
camera[4]
{
	 r_vec : (0.00111807, 0.0892126, -0.016757)
	 t_vec : (-0.835704, -0.0494369, 0.165234)
}
[NBV_PYRAMID] iter=1 camera=0 visible=242 score=1376 pnp_inliers=221 ratio=0.913223
[NBV_PYRAMID] iter=1 camera=1 visible=286 score=1520 pnp_inliers=262 ratio=0.916084
[NBV_PYRAMID] iter=1 camera=2 visible=320 score=1456 pnp_inliers=310 ratio=0.96875
[NBV_PYRAMID] iter=1 camera=5 visible=227 score=1376 pnp_inliers=201 ratio=0.885463
[NBV_PYRAMID] iter=1 camera=6 visible=185 score=1184 pnp_inliers=147 ratio=0.794595
[NBV_PYRAMID] iter=1 camera=7 visible=126 score=956 pnp_inliers=102 ratio=0.809524
[NBV_PYRAMID] iter=1 camera=8 visible=103 score=876 pnp_inliers=70 ratio=0.679612
[NBV_PYRAMID] iter=1 camera=9 visible=85 score=880 pnp_inliers=76 ratio=0.894118
[NBV_PYRAMID] iter=1 camera=10 visible=180 score=1376 pnp_inliers=149 ratio=0.827778
[NBV_PYRAMID] iter=1 camera=11 visible=239 score=1392 pnp_inliers=212 ratio=0.887029
[NBV_PYRAMID] iter=1 camera=12 visible=212 score=1264 pnp_inliers=172 ratio=0.811321
NBV selected camera 1 visible=286 pyramid_score=1520 pnp_inliers=262
ADDED 0 new points
Using 3 over 13 cameras
0 1 0 1 1 0 0 0 0 0 0 0 0 
****************** OPTIM FOUND 283 OUTLIERS : redoing optim!!
camera[1]
{
	 r_vec : (-1.27843e+08, 1.0475e+08, -1.03817e+08)
	 t_vec : (-2.07443e+06, 1.03135e+08, 1.08337e+09)
}
Diverged: geometry exploded (max_dist = 5.44135e+09)
Try to look for a better seed pair
Seed pair (0, 1): inliers E=462 H=155
camera[0]
{
	 r_vec : (0, 0, 0)
	 t_vec : (0, 0, 0)
}
camera[1]
{
	 r_vec : (0.0050864, -0.0936195, 0.00481737)
	 t_vec : (0.983215, 0.110345, 0.145303)
}
camera[1]
{
	 r_vec : (0.00468794, -0.089337, 0.00333168)
	 t_vec : (0.940007, 0.106159, 0.12565)
}
[NBV_PYRAMID] iter=1 camera=2 visible=348 score=1728 pnp_inliers=330 ratio=0.948276
[NBV_PYRAMID] iter=1 camera=3 visible=301 score=1564 pnp_inliers=261 ratio=0.86711
[NBV_PYRAMID] iter=1 camera=4 visible=336 score=1568 pnp_inliers=313 ratio=0.931548
[NBV_PYRAMID] iter=1 camera=5 visible=375 score=1632 pnp_inliers=372 ratio=0.992
[NBV_PYRAMID] iter=1 camera=6 visible=296 score=1168 pnp_inliers=274 ratio=0.925676
[NBV_PYRAMID] iter=1 camera=7 visible=214 score=1212 pnp_inliers=198 ratio=0.925234
[NBV_PYRAMID] iter=1 camera=8 visible=176 score=1228 pnp_inliers=152 ratio=0.863636
[NBV_PYRAMID] iter=1 camera=9 visible=98 score=944 pnp_inliers=76 ratio=0.77551
[NBV_PYRAMID] iter=1 camera=10 visible=203 score=1456 pnp_inliers=177 ratio=0.871921
[NBV_PYRAMID] iter=1 camera=11 visible=286 score=1584 pnp_inliers=254 ratio=0.888112
[NBV_PYRAMID] iter=1 camera=12 visible=332 score=1584 pnp_inliers=305 ratio=0.918675
NBV selected camera 2 visible=348 pyramid_score=1728 pnp_inliers=330
ADDED 0 new points
Using 3 over 13 cameras
1 1 1 0 0 0 0 0 0 0 0 0 0 
****************** OPTIM CHEIRALITY VIOLATION for 347 points : redoing optim!!
camera[2]
{
	 r_vec : (0.51194, 0.379679, 3.00651)
	 t_vec : (3.35436, -0.954417, -15.0214)
}
[NBV_PYRAMID] iter=2 camera=3 visible=34 score=940 pnp_inliers=31 ratio=0.911765
[NBV_PYRAMID] iter=2 camera=4 visible=40 score=748 pnp_inliers=38 ratio=0.95
[NBV_PYRAMID] iter=2 camera=5 visible=85 score=1376 pnp_inliers=84 ratio=0.988235
[NBV_PYRAMID] iter=2 camera=6 visible=51 score=812 pnp_inliers=49 ratio=0.960784
[NBV_PYRAMID] iter=2 camera=7 visible=34 score=668 pnp_inliers=31 ratio=0.911765
[NBV_PYRAMID] iter=2 camera=8 visible=33 score=748 pnp_inliers=24 ratio=0.727273
[NBV_PYRAMID] iter=2 camera=9 visible=9 score=-1 skipped=too_few_points
[NBV_PYRAMID] iter=2 camera=10 visible=18 score=-1 skipped=too_few_points
[NBV_PYRAMID] iter=2 camera=11 visible=28 score=704 pnp_inliers=25 ratio=0.892857
[NBV_PYRAMID] iter=2 camera=12 visible=63 score=1248 pnp_inliers=58 ratio=0.920635
NBV selected camera 5 visible=85 pyramid_score=1376 pnp_inliers=84
ADDED 0 new points
Using 4 over 13 cameras
1 1 1 0 0 1 0 0 0 0 0 0 0 
****************** OPTIM CHEIRALITY VIOLATION for 85 points : redoing optim!!
camera[5]
{
	 r_vec : (3.93658, -0.613406, 8.47215)
	 t_vec : (-6.82503, 1.98844, -15.5711)
}
Diverged: geometry exploded (max_dist = 212.976)
Try to look for a better seed pair
Seed pair (2, 3): inliers E=405 H=84
camera[2]
{
	 r_vec : (0, 0, 0)
	 t_vec : (0, 0, 0)
}
camera[3]
{
	 r_vec : (-0.00359048, -0.0862827, -0.00274146)
	 t_vec : (0.988161, -0.14196, 0.0581783)
}
WARNING: Logging before InitGoogleLogging() is written to STDERR
W0512 21:12:18.905911 36629 levenberg_marquardt_strategy.cc:115] Linear solver failure. Failed to compute a step: Eigen failure. Unable to perform dense Cholesky factorization.
W0512 21:12:18.906335 36629 levenberg_marquardt_strategy.cc:115] Linear solver failure. Failed to compute a step: Eigen failure. Unable to perform dense Cholesky factorization.
camera[3]
{
	 r_vec : (-0.00426927, -0.0735379, -0.00740764)
	 t_vec : (0.902132, -0.142994, 0.0583557)
}
[NBV_PYRAMID] iter=1 camera=0 visible=259 score=1520 pnp_inliers=240 ratio=0.926641
[NBV_PYRAMID] iter=1 camera=1 visible=300 score=1600 pnp_inliers=285 ratio=0.95
[NBV_PYRAMID] iter=1 camera=4 visible=320 score=1584 pnp_inliers=303 ratio=0.946875
[NBV_PYRAMID] iter=1 camera=5 visible=235 score=1312 pnp_inliers=217 ratio=0.923404
[NBV_PYRAMID] iter=1 camera=6 visible=188 score=1116 pnp_inliers=172 ratio=0.914894
[NBV_PYRAMID] iter=1 camera=7 visible=134 score=876 pnp_inliers=115 ratio=0.858209
[NBV_PYRAMID] iter=1 camera=8 visible=109 score=748 pnp_inliers=90 ratio=0.825688
[NBV_PYRAMID] iter=1 camera=9 visible=90 score=1040 pnp_inliers=78 ratio=0.866667
[NBV_PYRAMID] iter=1 camera=10 visible=184 score=1312 pnp_inliers=167 ratio=0.907609
[NBV_PYRAMID] iter=1 camera=11 visible=254 score=1664 pnp_inliers=221 ratio=0.870079
[NBV_PYRAMID] iter=1 camera=12 visible=228 score=1472 pnp_inliers=199 ratio=0.872807
NBV selected camera 11 visible=254 pyramid_score=1664 pnp_inliers=221
ADDED 0 new points
Using 3 over 13 cameras
0 0 1 1 0 0 0 0 0 0 0 1 0 
****************** OPTIM CHEIRALITY VIOLATION for 254 points : redoing optim!!
camera[11]
{
	 r_vec : (0.331513, 0.518682, 3.01525)
	 t_vec : (-1.32721, -2.09394, -13.2638)
}
[NBV_PYRAMID] iter=2 camera=0 visible=58 score=1184 pnp_inliers=51 ratio=0.87931
[NBV_PYRAMID] iter=2 camera=1 visible=80 score=1328 pnp_inliers=77 ratio=0.9625
[NBV_PYRAMID] iter=2 camera=4 visible=97 score=1372 pnp_inliers=92 ratio=0.948454
[NBV_PYRAMID] iter=2 camera=5 visible=60 score=1184 pnp_inliers=54 ratio=0.9
[NBV_PYRAMID] iter=2 camera=6 visible=42 score=972 pnp_inliers=36 ratio=0.857143
[NBV_PYRAMID] iter=2 camera=7 visible=26 score=812 pnp_inliers=20 ratio=0.769231
[NBV_PYRAMID] iter=2 camera=8 visible=19 score=-1 skipped=too_few_points
[NBV_PYRAMID] iter=2 camera=9 visible=12 score=-1 skipped=too_few_points
[NBV_PYRAMID] iter=2 camera=10 visible=20 score=560 pnp_inliers=19 ratio=0.95
[NBV_PYRAMID] iter=2 camera=12 visible=48 score=1056 pnp_inliers=45 ratio=0.9375
NBV selected camera 4 visible=97 pyramid_score=1372 pnp_inliers=92
ADDED 648 new points
Using 4 over 13 cameras
0 0 1 1 1 0 0 0 0 0 0 1 0 
****************** OPTIM CHEIRALITY VIOLATION for 271 points : redoing optim!!
****************** OPTIM FOUND 15 OUTLIERS : redoing optim!!
camera[4]
{
	 r_vec : (0.00761653, -0.0446742, -0.0179933)
	 t_vec : (0.367508, -0.142271, 0.157332)
}
[NBV_PYRAMID] iter=3 camera=0 visible=165 score=1856 pnp_inliers=140 ratio=0.848485
[NBV_PYRAMID] iter=3 camera=1 visible=217 score=1984 pnp_inliers=194 ratio=0.894009
[NBV_PYRAMID] iter=3 camera=5 visible=167 score=1664 pnp_inliers=133 ratio=0.796407
[NBV_PYRAMID] iter=3 camera=6 visible=115 score=1372 pnp_inliers=86 ratio=0.747826
[NBV_PYRAMID] iter=3 camera=7 visible=73 score=972 pnp_inliers=47 ratio=0.643836
[NBV_PYRAMID] iter=3 camera=8 visible=60 score=828 pnp_inliers=39 ratio=0.65
[NBV_PYRAMID] iter=3 camera=9 visible=26 score=816 pnp_inliers=22 ratio=0.846154
[NBV_PYRAMID] iter=3 camera=10 visible=45 score=1120 pnp_inliers=36 ratio=0.8
[NBV_PYRAMID] iter=3 camera=12 visible=107 score=1472 pnp_inliers=78 ratio=0.728972
NBV selected camera 1 visible=217 pyramid_score=1984 pnp_inliers=194
ADDED 221 new points
Using 5 over 13 cameras
0 1 1 1 1 0 0 0 0 0 0 1 0 
****************** OPTIM CHEIRALITY VIOLATION for 70 points : redoing optim!!
camera[1]
{
	 r_vec : (-0.00735144, 0.020608, 0.0299111)
	 t_vec : (-0.35184, 0.0157545, 0.046219)
}
[NBV_PYRAMID] iter=4 camera=0 visible=249 score=2128 pnp_inliers=210 ratio=0.843373
[NBV_PYRAMID] iter=4 camera=5 visible=239 score=1728 pnp_inliers=212 ratio=0.887029
[NBV_PYRAMID] iter=4 camera=6 visible=159 score=1564 pnp_inliers=126 ratio=0.792453
[NBV_PYRAMID] iter=4 camera=7 visible=104 score=1164 pnp_inliers=76 ratio=0.730769
[NBV_PYRAMID] iter=4 camera=8 visible=87 score=1328 pnp_inliers=59 ratio=0.678161
[NBV_PYRAMID] iter=4 camera=9 visible=40 score=960 pnp_inliers=33 ratio=0.825
[NBV_PYRAMID] iter=4 camera=10 visible=63 score=1392 pnp_inliers=46 ratio=0.730159
[NBV_PYRAMID] iter=4 camera=12 visible=168 score=1936 pnp_inliers=137 ratio=0.815476
NBV selected camera 0 visible=249 pyramid_score=2128 pnp_inliers=210
ADDED 188 new points
Using 6 over 13 cameras
1 1 1 1 1 0 0 0 0 0 0 1 0 
****************** OPTIM CHEIRALITY VIOLATION for 20 points : redoing optim!!
****************** OPTIM FOUND 6 OUTLIERS : redoing optim!!
camera[0]
{
	 r_vec : (-0.00721167, 0.0571239, 0.0332348)
	 t_vec : (-0.655028, -0.0443046, -0.115991)
}
[NBV_PYRAMID] iter=5 camera=5 visible=343 score=1936 pnp_inliers=315 ratio=0.918367
[NBV_PYRAMID] iter=5 camera=6 visible=212 score=1628 pnp_inliers=182 ratio=0.858491
[NBV_PYRAMID] iter=5 camera=7 visible=139 score=1164 pnp_inliers=116 ratio=0.834532
[NBV_PYRAMID] iter=5 camera=8 visible=114 score=1248 pnp_inliers=88 ratio=0.77193
[NBV_PYRAMID] iter=5 camera=9 visible=47 score=960 pnp_inliers=39 ratio=0.829787
[NBV_PYRAMID] iter=5 camera=10 visible=74 score=1392 pnp_inliers=57 ratio=0.77027
[NBV_PYRAMID] iter=5 camera=12 visible=221 score=2128 pnp_inliers=194 ratio=0.877828
NBV selected camera 12 visible=221 pyramid_score=2128 pnp_inliers=194
ADDED 102 new points
Using 7 over 13 cameras
1 1 1 1 1 0 0 0 0 0 0 1 1 
****************** OPTIM CHEIRALITY VIOLATION for 20 points : redoing optim!!
****************** OPTIM FOUND 11 OUTLIERS : redoing optim!!
camera[12]
{
	 r_vec : (0.115632, 0.0381081, 0.0519073)
	 t_vec : (-0.572579, 0.726667, 0.0943672)
}
[NBV_PYRAMID] iter=6 camera=5 visible=387 score=2064 pnp_inliers=367 ratio=0.94832
[NBV_PYRAMID] iter=6 camera=6 visible=245 score=1692 pnp_inliers=223 ratio=0.910204
[NBV_PYRAMID] iter=6 camera=7 visible=161 score=1228 pnp_inliers=137 ratio=0.850932
[NBV_PYRAMID] iter=6 camera=8 visible=128 score=1184 pnp_inliers=101 ratio=0.789062
[NBV_PYRAMID] iter=6 camera=9 visible=45 score=816 pnp_inliers=40 ratio=0.888889
[NBV_PYRAMID] iter=6 camera=10 visible=73 score=1408 pnp_inliers=57 ratio=0.780822
NBV selected camera 5 visible=387 pyramid_score=2064 pnp_inliers=367
ADDED 182 new points
Using 8 over 13 cameras
1 1 1 1 1 1 0 0 0 0 0 1 1 
****************** OPTIM CHEIRALITY VIOLATION for 8 points : redoing optim!!
****************** OPTIM FOUND 11 OUTLIERS : redoing optim!!
camera[5]
{
	 r_vec : (0.0123629, 0.028994, 0.025178)
	 t_vec : (-0.568005, -0.0884441, 0.271106)
}
[NBV_PYRAMID] iter=7 camera=6 visible=287 score=1692 pnp_inliers=243 ratio=0.84669
[NBV_PYRAMID] iter=7 camera=7 visible=182 score=1356 pnp_inliers=148 ratio=0.813187
[NBV_PYRAMID] iter=7 camera=8 visible=139 score=1264 pnp_inliers=105 ratio=0.755396
[NBV_PYRAMID] iter=7 camera=9 visible=44 score=816 pnp_inliers=39 ratio=0.886364
[NBV_PYRAMID] iter=7 camera=10 visible=75 score=1536 pnp_inliers=62 ratio=0.826667
NBV selected camera 6 visible=287 pyramid_score=1692 pnp_inliers=243
ADDED 67 new points
Using 9 over 13 cameras
1 1 1 1 1 1 1 0 0 0 0 1 1 
****************** OPTIM FOUND 7 OUTLIERS : redoing optim!!
camera[6]
{
	 r_vec : (-0.00539091, 0.0717312, 0.0547053)
	 t_vec : (-1.18364, -0.124615, 0.433159)
}
[NBV_PYRAMID] iter=8 camera=7 visible=197 score=1436 pnp_inliers=176 ratio=0.893401
[NBV_PYRAMID] iter=8 camera=8 visible=153 score=1408 pnp_inliers=130 ratio=0.849673
[NBV_PYRAMID] iter=8 camera=9 visible=44 score=816 pnp_inliers=37 ratio=0.840909
[NBV_PYRAMID] iter=8 camera=10 visible=77 score=1600 pnp_inliers=60 ratio=0.779221
NBV selected camera 10 visible=77 pyramid_score=1600 pnp_inliers=60
ADDED 0 new points
Using 10 over 13 cameras
1 1 1 1 1 1 1 0 0 0 1 1 1 
****************** OPTIM CHEIRALITY VIOLATION for 77 points : redoing optim!!
camera[10]
{
	 r_vec : (0.812751, 0.236486, 2.9278)
	 t_vec : (-3.23071, -0.821653, -12.8073)
}
[NBV_PYRAMID] iter=9 camera=7 visible=184 score=1372 pnp_inliers=161 ratio=0.875
[NBV_PYRAMID] iter=9 camera=8 visible=139 score=1408 pnp_inliers=118 ratio=0.848921
[NBV_PYRAMID] iter=9 camera=9 visible=27 score=816 pnp_inliers=25 ratio=0.925926
NBV selected camera 8 visible=139 pyramid_score=1408 pnp_inliers=118
ADDED 50 new points
Using 11 over 13 cameras
1 1 1 1 1 1 1 0 1 0 1 1 1 
****************** OPTIM FOUND 6 OUTLIERS : redoing optim!!
camera[8]
{
	 r_vec : (-0.0370853, 0.274858, 0.1319)
	 t_vec : (-2.39044, -0.285249, 1.14516)
}
[NBV_PYRAMID] iter=10 camera=7 visible=216 score=1500 pnp_inliers=194 ratio=0.898148
[NBV_PYRAMID] iter=10 camera=9 visible=27 score=816 pnp_inliers=24 ratio=0.888889
NBV selected camera 7 visible=216 pyramid_score=1500 pnp_inliers=194
ADDED 98 new points
Using 12 over 13 cameras
1 1 1 1 1 1 1 1 1 0 1 1 1 
****************** OPTIM FOUND 8 OUTLIERS : redoing optim!!
camera[7]
{
	 r_vec : (-0.0387233, 0.134328, 0.0931809)
	 t_vec : (-1.70192, -0.206057, 0.81183)
}
[NBV_PYRAMID] iter=11 camera=9 visible=26 score=752 pnp_inliers=23 ratio=0.884615
NBV selected camera 9 visible=26 pyramid_score=752 pnp_inliers=23
ADDED 16 new points
Using 13 over 13 cameras
1 1 1 1 1 1 1 1 1 1 1 1 1 
****************** OPTIM CHEIRALITY VIOLATION for 10 points : redoing optim!!
camera[9]
{
	 r_vec : (-0.028396, -0.314409, -0.129462)
	 t_vec : (1.78718, -0.513172, 1.23987)
}
===== FINAL METRICS =====
Registered cameras  : 13 / 13  (success rate 100 %)
Valid 3D points     : 1174
Mean reprojection err: 2.1105 px  (focal = 1296 px)
=========================
Recostruction completed, exiting
