Header: 13 2321 12010
Seed pair (0, 5): inliers E=688 H=487
Forward-dominant motion detected, rejecting.
Try to look for a better seed pair
Seed pair (0, 1): inliers E=652 H=240
camera[0]
{
	 r_vec : (0, 0, 0)
	 t_vec : (0, 0, 0)
}
camera[1]
{
	 r_vec : (-0.00205864, -0.0858197, 0.000156908)
	 t_vec : (0.98552, 0.0512439, 0.161631)
}
camera[1]
{
	 r_vec : (-0.00219248, -0.0677785, -0.00276581)
	 t_vec : (0.82116, 0.0560593, 0.0756186)
}
ADDED 0 new points
Using 3 over 13 cameras
1 1 0 0 0 1 0 0 0 0 0 0 0 
****************** OPTIM CHEIRALITY VIOLATION for 488 points : redoing optim!!
camera[5]
{
	 r_vec : (-0.136758, 0.120157, 3.13418)
	 t_vec : (1.03188, -0.473297, -20.8095)
}
Diverged: geometry exploded (max_dist = 104.558)
Try to look for a better seed pair
Seed pair (2, 4): inliers E=617 H=346
Forward-dominant motion detected, rejecting.
Try to look for a better seed pair
Seed pair (1, 5): inliers E=594 H=264
Forward-dominant motion detected, rejecting.
Try to look for a better seed pair
Seed pair (1, 2): inliers E=592 H=217
camera[1]
{
	 r_vec : (0, 0, 0)
	 t_vec : (0, 0, 0)
}
camera[2]
{
	 r_vec : (-0.0117462, -0.160573, -0.0176467)
	 t_vec : (0.992799, -0.114283, 0.0359018)
}
camera[2]
{
	 r_vec : (-0.00575603, -0.11734, -0.0165295)
	 t_vec : (0.818954, -0.0745981, -0.0202903)
}
ADDED 1 new points
Using 3 over 13 cameras
0 1 1 0 1 0 0 0 0 0 0 0 0 
****************** OPTIM CHEIRALITY VIOLATION for 421 points : redoing optim!!
camera[4]
{
	 r_vec : (0.260673, 0.0755397, 3.10204)
	 t_vec : (-1.19677, 0.00278301, -10.5269)
}
ADDED 0 new points
Using 4 over 13 cameras
1 1 1 0 1 0 0 0 0 0 0 0 0 
****************** OPTIM CHEIRALITY VIOLATION for 93 points : redoing optim!!
camera[0]
{
	 r_vec : (0.207513, -0.128189, -3.12112)
	 t_vec : (0.814775, -0.412223, -10.7662)
}
ADDED 0 new points
Using 5 over 13 cameras
1 1 1 0 1 0 0 0 0 0 0 1 0 
****************** OPTIM CHEIRALITY VIOLATION for 30 points : redoing optim!!
camera[11]
{
	 r_vec : (81.3675, 118.512, -170.918)
	 t_vec : (-27.7321, -52.806, -1872.47)
}
Diverged: geometry exploded (max_dist = 9367.09)
Try to look for a better seed pair
Seed pair (3, 4): inliers E=567 H=209
camera[3]
{
	 r_vec : (0, 0, 0)
	 t_vec : (0, 0, 0)
}
camera[4]
{
	 r_vec : (0.0199956, 0.15113, -0.0184676)
	 t_vec : (-0.971869, 0.0464602, 0.230895)
}
camera[4]
{
	 r_vec : (0.015366, 0.0947445, -0.0126886)
	 t_vec : (-0.736783, 0.0305291, 0.139408)
}
ADDED 77 new points
Using 3 over 13 cameras
0 0 1 1 1 0 0 0 0 0 0 0 0 
camera[2]
{
	 r_vec : (-60.0384, 140.67, -99.0265)
	 t_vec : (-0.4541, 0.631274, 13.8038)
}
ADDED 187 new points
Using 4 over 13 cameras
0 1 1 1 1 0 0 0 0 0 0 0 0 
camera[1]
{
	 r_vec : (-0.125965, 0.295545, -0.160511)
	 t_vec : (-333.894, 187.628, 4962.75)
}
Diverged: geometry exploded (max_dist = 3347.98)
Try to look for a better seed pair
Seed pair (0, 6): inliers E=542 H=206
Forward-dominant motion detected, rejecting.
Try to look for a better seed pair
Seed pair (2, 3): inliers E=542 H=161
camera[2]
{
	 r_vec : (0, 0, 0)
	 t_vec : (0, 0, 0)
}
camera[3]
{
	 r_vec : (-0.0233819, -0.0648859, -0.0124127)
	 t_vec : (0.949551, -0.30346, 0.0791487)
}
camera[3]
{
	 r_vec : (-0.015192, -0.0509251, -0.0105369)
	 t_vec : (0.869456, -0.242674, 0.122738)
}
ADDED 1 new points
Using 3 over 13 cameras
0 0 1 1 1 0 0 0 0 0 0 0 0 
****************** OPTIM CHEIRALITY VIOLATION for 422 points : redoing optim!!
camera[4]
{
	 r_vec : (0.0932841, 0.0562265, 3.12667)
	 t_vec : (-0.545069, -0.0308728, -15.058)
}
ADDED 0 new points
Using 4 over 13 cameras
0 1 1 1 1 0 0 0 0 0 0 0 0 
****************** OPTIM CHEIRALITY VIOLATION for 53 points : redoing optim!!
camera[1]
{
	 r_vec : (37.7397, -20.8393, -30.9441)
	 t_vec : (-30.1202, -286.404, -6263.1)
}
Diverged: geometry exploded (max_dist = 31349.5)
Try to look for a better seed pair
Seed pair (0, 12): inliers E=468 H=175
Forward-dominant motion detected, rejecting.
Try to look for a better seed pair
Seed pair (1, 4): inliers E=539 H=154
camera[1]
{
	 r_vec : (0, 0, 0)
	 t_vec : (0, 0, 0)
}
camera[4]
{
	 r_vec : (0.0124162, -0.0831955, -0.0270274)
	 t_vec : (0.956502, -0.209933, 0.202565)
}
camera[4]
{
	 r_vec : (0.0118239, -0.0839367, -0.0324053)
	 t_vec : (0.957764, -0.214463, 0.196613)
}
ADDED 0 new points
Using 3 over 13 cameras
0 1 1 0 1 0 0 0 0 0 0 0 0 
****************** OPTIM CHEIRALITY VIOLATION for 426 points : redoing optim!!
camera[2]
{
	 r_vec : (-0.0739461, -0.196337, -3.14701)
	 t_vec : (-0.600285, -0.809508, -14.1863)
}
ADDED 0 new points
Using 4 over 13 cameras
1 1 1 0 1 0 0 0 0 0 0 0 0 
****************** OPTIM CHEIRALITY VIOLATION for 75 points : redoing optim!!
camera[0]
{
	 r_vec : (-87.063, 144.425, 91.1677)
	 t_vec : (204.968, -391.579, -7513.47)
}
Diverged: geometry exploded (max_dist = 37633.4)
Try to look for a better seed pair
Seed pair (0, 2): inliers E=499 H=126
camera[0]
{
	 r_vec : (0, 0, 0)
	 t_vec : (0, 0, 0)
}
camera[2]
{
	 r_vec : (-0.0120384, -0.0845871, -0.0354732)
	 t_vec : (0.984515, -0.115048, 0.132262)
}
camera[2]
{
	 r_vec : (-0.00672661, -0.0769529, -0.0303419)
	 t_vec : (0.941794, -0.0722554, 0.120656)
}
ADDED 0 new points
Using 3 over 13 cameras
1 1 1 0 0 0 0 0 0 0 0 0 0 
****************** OPTIM CHEIRALITY VIOLATION for 401 points : redoing optim!!
camera[1]
{
	 r_vec : (-8.6401, 0.735302, 4.04961)
	 t_vec : (5.75065, 0.311015, -3.978)
}
ADDED 0 new points
Using 4 over 13 cameras
1 1 1 0 1 0 0 0 0 0 0 0 0 
****************** OPTIM CHEIRALITY VIOLATION for 61 points : redoing optim!!
camera[4]
{
	 r_vec : (-0.232262, -0.145306, -3.17435)
	 t_vec : (-1.58416, -0.383254, -15.3745)
}
ADDED 2 new points
Using 5 over 13 cameras
1 1 1 0 1 1 0 0 0 0 0 0 0 
WARNING: Logging before InitGoogleLogging() is written to STDERR
W0512 21:10:29.779925 31510 levenberg_marquardt_strategy.cc:115] Linear solver failure. Failed to compute a step: Eigen failure. Unable to perform dense Cholesky factorization.
W0512 21:10:29.780030 31510 levenberg_marquardt_strategy.cc:115] Linear solver failure. Failed to compute a step: Eigen failure. Unable to perform dense Cholesky factorization.
****************** OPTIM CHEIRALITY VIOLATION for 24 points : redoing optim!!
W0512 21:10:29.781325 31510 levenberg_marquardt_strategy.cc:115] Linear solver failure. Failed to compute a step: Eigen failure. Unable to perform dense Cholesky factorization.
W0512 21:10:29.781350 31510 levenberg_marquardt_strategy.cc:115] Linear solver failure. Failed to compute a step: Eigen failure. Unable to perform dense Cholesky factorization.
W0512 21:10:29.781472 31510 levenberg_marquardt_strategy.cc:115] Linear solver failure. Failed to compute a step: Eigen failure. Unable to perform dense Cholesky factorization.
camera[5]
{
	 r_vec : (0.179417, -0.120412, -3.30735)
	 t_vec : (1.21008, -0.340381, -13.9779)
}
Diverged: geometry exploded (max_dist = 170.057)
Try to look for a better seed pair
Seed pair (0, 7): inliers E=456 H=119
Forward-dominant motion detected, rejecting.
Try to look for a better seed pair
Seed pair (0, 4): inliers E=471 H=137
camera[0]
{
	 r_vec : (0, 0, 0)
	 t_vec : (0, 0, 0)
}
camera[4]
{
	 r_vec : (0.033389, -0.248522, -0.0232267)
	 t_vec : (0.977685, -0.0142, 0.209594)
}
camera[4]
{
	 r_vec : (0.024647, -0.202312, -0.0437483)
	 t_vec : (0.880043, -0.0391192, 0.224291)
}
ADDED 0 new points
Using 3 over 13 cameras
1 1 0 0 1 0 0 0 0 0 0 0 0 
****************** OPTIM CHEIRALITY VIOLATION for 366 points : redoing optim!!
camera[1]
{
	 r_vec : (-2.9849, 0.218048, 0.347335)
	 t_vec : (1.34132, -4.54906, -62.2117)
}
Diverged: geometry exploded (max_dist = 313.05)
Try to look for a better seed pair
Seed pair (6, 7): inliers E=496 H=208
camera[6]
{
	 r_vec : (0, 0, 0)
	 t_vec : (0, 0, 0)
}
camera[7]
{
	 r_vec : (-0.042341, 0.0888688, 0.0410228)
	 t_vec : (-0.919711, -0.141221, 0.366317)
}
camera[7]
{
	 r_vec : (-0.0407626, 0.0760862, 0.0429206)
	 t_vec : (-0.826338, -0.125654, 0.355025)
}
ADDED 0 new points
Using 3 over 13 cameras
1 0 0 0 0 0 1 1 0 0 0 0 0 
****************** OPTIM CHEIRALITY VIOLATION for 360 points : redoing optim!!
camera[0]
{
	 r_vec : (0.174864, -0.188206, -3.13477)
	 t_vec : (0.364905, -1.10067, -16.1746)
}
ADDED 0 new points
Using 4 over 13 cameras
1 0 0 0 0 0 1 1 1 0 0 0 0 
****************** OPTIM CHEIRALITY VIOLATION for 57 points : redoing optim!!
camera[8]
{
	 r_vec : (-6.75838, 1.82548, 6.28722)
	 t_vec : (36.7915, -15.9786, -308.726)
}
Diverged: geometry exploded (max_dist = 1558.95)
Try to look for a better seed pair
Seed pair (5, 6): inliers E=452 H=170
camera[5]
{
	 r_vec : (0, 0, 0)
	 t_vec : (0, 0, 0)
}
camera[6]
{
	 r_vec : (-0.00389705, 0.235772, 0.00960003)
	 t_vec : (-0.988244, 0.0287056, 0.150164)
}
camera[6]
{
	 r_vec : (-0.00813122, 0.164378, 0.0340729)
	 t_vec : (-0.8121, 0.0194022, 0.192987)
}
ADDED 0 new points
Using 3 over 13 cameras
1 0 0 0 0 1 1 0 0 0 0 0 0 
****************** OPTIM CHEIRALITY VIOLATION for 380 points : redoing optim!!
camera[0]
{
	 r_vec : (73.5808, 69.7715, 42.7044)
	 t_vec : (37.6078, -86.4803, -1864.5)
}
Diverged: geometry exploded (max_dist = 9335.65)
Try to look for a better seed pair
Seed pair (1, 12): inliers E=443 H=133
camera[1]
{
	 r_vec : (0, 0, 0)
	 t_vec : (0, 0, 0)
}
camera[12]
{
	 r_vec : (0.162973, 0.0451262, 0.0172485)
	 t_vec : (-0.369693, 0.919431, 0.134067)
}
camera[12]
{
	 r_vec : (0.162096, 0.0435539, 0.0169266)
	 t_vec : (-0.361191, 0.915403, 0.121476)
}
ADDED 0 new points
Using 3 over 13 cameras
1 1 0 0 0 0 0 0 0 0 0 0 1 
****************** OPTIM CHEIRALITY VIOLATION for 373 points : redoing optim!!
camera[0]
{
	 r_vec : (0.793585, -0.297881, -3.11353)
	 t_vec : (2.9782, -1.53058, -16.9839)
}
ADDED 0 new points
Using 4 over 13 cameras
1 1 1 0 0 0 0 0 0 0 0 0 1 
****************** OPTIM CHEIRALITY VIOLATION for 43 points : redoing optim!!
camera[2]
{
	 r_vec : (-19.1921, -23.2342, 73.0132)
	 t_vec : (-26.612, -41.6232, -819.892)
}
Diverged: geometry exploded (max_dist = 4108.72)
Try to look for a better seed pair
Seed pair (2, 5): inliers E=427 H=133
camera[2]
{
	 r_vec : (0, 0, 0)
	 t_vec : (0, 0, 0)
}
camera[5]
{
	 r_vec : (-0.0356209, 0.206982, 0.00481372)
	 t_vec : (-0.923457, -0.212933, 0.319198)
}
camera[5]
{
	 r_vec : (-0.0202901, 0.151768, 0.00338505)
	 t_vec : (-0.794706, -0.158352, 0.355079)
}
ADDED 0 new points
Using 3 over 13 cameras
0 1 1 0 0 1 0 0 0 0 0 0 0 
****************** OPTIM CHEIRALITY VIOLATION for 342 points : redoing optim!!
camera[1]
{
	 r_vec : (65577.7, -35285.1, -112902)
	 t_vec : (905.319, -10392.3, -166642)
}
Diverged: geometry exploded (max_dist = 834840)
Try to look for a better seed pair
Seed pair (1, 3): inliers E=440 H=104
camera[1]
{
	 r_vec : (0, 0, 0)
	 t_vec : (0, 0, 0)
}
camera[3]
{
	 r_vec : (0.0170997, -0.0890512, -0.02439)
	 t_vec : (0.99739, -0.0615086, 0.0378011)
}
camera[3]
{
	 r_vec : (0.0126384, -0.0890775, -0.0319596)
	 t_vec : (0.994736, -0.0858801, 0.0316513)
}
ADDED 0 new points
Using 3 over 13 cameras
0 1 0 1 1 0 0 0 0 0 0 0 0 
****************** OPTIM CHEIRALITY VIOLATION for 345 points : redoing optim!!
camera[4]
{
	 r_vec : (0.151373, 0.0747576, 3.10269)
	 t_vec : (-0.771732, -0.0252873, -10.5275)
}
ADDED 46 new points
Using 4 over 13 cameras
0 1 0 1 1 1 0 0 0 0 0 0 0 
****************** OPTIM CHEIRALITY VIOLATION for 12 points : redoing optim!!
camera[5]
{
	 r_vec : (0.178462, -0.343507, -0.282009)
	 t_vec : (1.98094, 0.619909, -1.82809)
}
ADDED 602 new points
Using 5 over 13 cameras
1 1 0 1 1 1 0 0 0 0 0 0 0 
****************** OPTIM CHEIRALITY VIOLATION for 212 points : redoing optim!!
****************** OPTIM CHEIRALITY VIOLATION for 9 points : redoing optim!!
****************** OPTIM CHEIRALITY VIOLATION for 10 points : redoing optim!!
camera[0]
{
	 r_vec : (0.120396, -0.143556, -0.308703)
	 t_vec : (0.829639, 0.507653, -4.00299)
}
ADDED 184 new points
Using 6 over 13 cameras
1 1 0 1 1 1 1 0 0 0 0 0 0 
camera[6]
{
	 r_vec : (0.108792, -0.0485919, -0.511962)
	 t_vec : (0.427136, 0.481312, -4.49897)
}
ADDED 0 new points
Using 7 over 13 cameras
1 1 0 1 1 1 1 1 0 0 0 0 0 
****************** OPTIM CHEIRALITY VIOLATION for 302 points : redoing optim!!
camera[7]
{
	 r_vec : (-0.157079, 0.0959603, 2.65133)
	 t_vec : (0.353494, -0.503835, -4.67633)
}
ADDED 0 new points
Using 8 over 13 cameras
1 1 0 1 1 1 1 1 0 0 0 0 1 
camera[12]
{
	 r_vec : (8.30267, 4.39107, 15.8445)
	 t_vec : (0.449866, -0.995309, -4.80242)
}
ADDED 320 new points
Using 9 over 13 cameras
1 1 1 1 1 1 1 1 0 0 0 0 1 
****************** OPTIM FOUND 24 OUTLIERS : redoing optim!!
****************** OPTIM CHEIRALITY VIOLATION for 11 points : redoing optim!!
camera[2]
{
	 r_vec : (0.0759307, -0.042886, -0.462052)
	 t_vec : (0.432667, 0.413575, -4.77959)
}
ADDED 0 new points
Using 10 over 13 cameras
1 1 1 1 1 1 1 1 0 0 0 1 1 
****************** OPTIM CHEIRALITY VIOLATION for 141 points : redoing optim!!
camera[11]
{
	 r_vec : (26.5952, 5.5805, 9.55869)
	 t_vec : (-2.28027, -3.10574, 2.4206)
}
ADDED 0 new points
Using 11 over 13 cameras
1 1 1 1 1 1 1 1 1 0 0 1 1 
****************** OPTIM CHEIRALITY VIOLATION for 46 points : redoing optim!!
camera[8]
{
	 r_vec : (0.858123, -21.7984, -27.1031)
	 t_vec : (3.27274, -9.62767, -56.5127)
}
Diverged: geometry exploded (max_dist = 300.406)
Try to look for a better seed pair
Seed pair (1, 6): inliers E=419 H=123
camera[1]
{
	 r_vec : (0, 0, 0)
	 t_vec : (0, 0, 0)
}
camera[6]
{
	 r_vec : (-0.00129075, 0.101739, 0.0220702)
	 t_vec : (-0.926076, -0.115023, 0.359378)
}
camera[6]
{
	 r_vec : (-0.00121399, 0.0961622, 0.0217611)
	 t_vec : (-0.906863, -0.113536, 0.382887)
}
ADDED 59 new points
Using 3 over 13 cameras
1 1 0 0 0 0 1 0 0 0 0 0 0 
****************** OPTIM CHEIRALITY VIOLATION for 292 points : redoing optim!!
****************** OPTIM CHEIRALITY VIOLATION for 21 points : redoing optim!!
camera[0]
{
	 r_vec : (-0.0135736, 0.128214, -0.0582185)
	 t_vec : (-0.896195, -0.166382, -3.07808)
}
ADDED 573 new points
Using 4 over 13 cameras
1 1 0 0 0 1 1 0 0 0 0 0 0 
camera[5]
{
	 r_vec : (0.0174092, 0.121277, -0.0604552)
	 t_vec : (-0.885517, -0.0664076, -2.87585)
}
ADDED 250 new points
Using 5 over 13 cameras
1 1 1 0 0 1 1 0 0 0 0 0 0 
camera[2]
{
	 r_vec : (-0.00678666, 0.185979, -0.0835084)
	 t_vec : (-1.055, -0.1108, -2.67351)
}
ADDED 204 new points
Using 6 over 13 cameras
1 1 1 0 1 1 1 0 0 0 0 0 0 
camera[4]
{
	 r_vec : (0.0241116, 0.201402, -0.101625)
	 t_vec : (-1.08526, -0.0135999, -2.564)
}
ADDED 180 new points
Using 7 over 13 cameras
1 1 1 1 1 1 1 0 0 0 0 0 0 
****************** OPTIM FOUND 6 OUTLIERS : redoing optim!!
camera[3]
{
	 r_vec : (0.00967557, 0.248785, -0.099568)
	 t_vec : (-1.19677, -0.0484734, -2.51345)
}
ADDED 78 new points
Using 8 over 13 cameras
1 1 1 1 1 1 1 0 0 0 0 0 1 
****************** OPTIM FOUND 13 OUTLIERS : redoing optim!!
camera[12]
{
	 r_vec : (0.00952598, 0.159152, -0.0772278)
	 t_vec : (-0.99985, -0.0557968, -2.53682)
}
ADDED 85 new points
Using 9 over 13 cameras
1 1 1 1 1 1 1 0 0 0 0 1 1 
camera[11]
{
	 r_vec : (0.169509, 0.0326842, -0.220722)
	 t_vec : (-0.442232, 0.520662, -3.31605)
}
ADDED 0 new points
Using 10 over 13 cameras
1 1 1 1 1 1 1 1 0 0 0 1 1 
****************** OPTIM CHEIRALITY VIOLATION for 401 points : redoing optim!!
camera[7]
{
	 r_vec : (19.2654, 11.3433, -34.3625)
	 t_vec : (31.5657, -18.2225, -283.228)
}
Diverged: geometry exploded (max_dist = 1413.43)
Try to look for a better seed pair
Seed pair (5, 12): inliers E=412 H=130
camera[5]
{
	 r_vec : (0, 0, 0)
	 t_vec : (0, 0, 0)
}
camera[12]
{
	 r_vec : (0.050445, 0.00713054, 0.0243716)
	 t_vec : (0.0175341, 0.952627, -0.303634)
}
camera[12]
{
	 r_vec : (0.0776035, 0.00768406, 0.0183758)
	 t_vec : (0.00837644, 1.22231, -0.194607)
}
ADDED 537 new points
Using 3 over 13 cameras
1 0 0 0 0 1 0 0 0 0 0 0 1 
camera[0]
{
	 r_vec : (13.0613, -13.3799, -1.93222)
	 t_vec : (-0.196918, -0.155886, -0.58854)
}
ADDED 0 new points
Using 4 over 13 cameras
1 1 0 0 0 1 0 0 0 0 0 0 1 
****************** OPTIM CHEIRALITY VIOLATION for 21 points : redoing optim!!
camera[1]
{
	 r_vec : (-0.12761, -0.226923, 3.10676)
	 t_vec : (0.493154, 1.165, -19.2785)
}
ADDED 0 new points
Using 5 over 13 cameras
1 1 0 0 0 1 1 0 0 0 0 0 1 
****************** OPTIM CHEIRALITY VIOLATION for 8 points : redoing optim!!
camera[6]
{
	 r_vec : (0.439028, -0.280578, -3.16835)
	 t_vec : (3.07188, -1.73937, -18.9373)
}
Diverged: only 6 valid points remain.
Try to look for a better seed pair
Seed pair (4, 5): inliers E=437 H=100
camera[4]
{
	 r_vec : (0, 0, 0)
	 t_vec : (0, 0, 0)
}
camera[5]
{
	 r_vec : (-0.0102245, 0.101568, 0.0240145)
	 t_vec : (-0.979217, -0.0383061, 0.199164)
}
camera[5]
{
	 r_vec : (-0.00704673, 0.105145, 0.025252)
	 t_vec : (-0.993577, -0.0212518, 0.196418)
}
ADDED 0 new points
Using 3 over 13 cameras
1 0 0 0 1 1 0 0 0 0 0 0 0 
****************** OPTIM CHEIRALITY VIOLATION for 364 points : redoing optim!!
camera[0]
{
	 r_vec : (3.01047, -0.597905, -0.0566179)
	 t_vec : (0.184954, 0.277228, 0.213641)
}
ADDED 0 new points
Using 4 over 13 cameras
1 0 1 0 1 1 0 0 0 0 0 0 0 
****************** OPTIM CHEIRALITY VIOLATION for 53 points : redoing optim!!
camera[2]
{
	 r_vec : (13.2395, -19.8821, -14.792)
	 t_vec : (-69.5335, -116.271, -1732.2)
}
Diverged: geometry exploded (max_dist = 8688.64)
Try to look for a better seed pair
Seed pair (0, 3): inliers E=398 H=78
camera[0]
{
	 r_vec : (0, 0, 0)
	 t_vec : (0, 0, 0)
}
camera[3]
{
	 r_vec : (-0.0187793, -0.313748, -0.0265459)
	 t_vec : (0.980814, -0.101794, 0.166256)
}
camera[3]
{
	 r_vec : (-0.0135396, -0.251937, -0.0289631)
	 t_vec : (0.901707, -0.087167, 0.270283)
}
ADDED 0 new points
Using 3 over 13 cameras
1 0 0 1 1 0 0 0 0 0 0 0 0 
****************** OPTIM CHEIRALITY VIOLATION for 320 points : redoing optim!!
camera[4]
{
	 r_vec : (0.395122, 0.0757647, 3.07764)
	 t_vec : (-0.77464, -0.0247631, -5.0731)
}
ADDED 0 new points
Using 4 over 13 cameras
1 0 0 1 1 1 0 0 0 0 0 0 0 
****************** OPTIM CHEIRALITY VIOLATION for 48 points : redoing optim!!
camera[5]
{
	 r_vec : (0.0533839, -0.132193, -3.14213)
	 t_vec : (0.130754, -0.135174, -5.08264)
}
ADDED 360 new points
Using 5 over 13 cameras
1 0 0 1 1 1 0 1 0 0 0 0 0 
****************** OPTIM CHEIRALITY VIOLATION for 275 points : redoing optim!!
camera[7]
{
	 r_vec : (3.33911, 4.90481, -1.36638)
	 t_vec : (0.295675, -0.264175, -0.52782)
}
ADDED 303 new points
Using 6 over 13 cameras
1 0 0 1 1 1 1 1 0 0 0 0 0 
****************** OPTIM CHEIRALITY VIOLATION for 161 points : redoing optim!!
camera[6]
{
	 r_vec : (-0.0934605, -0.121925, 0.00552076)
	 t_vec : (0.247129, -0.287761, -0.599224)
}
ADDED 162 new points
Using 7 over 13 cameras
1 0 0 1 1 1 1 1 1 0 0 0 0 
****************** OPTIM CHEIRALITY VIOLATION for 49 points : redoing optim!!
W0512 21:10:33.661854 31510 levenberg_marquardt_strategy.cc:115] Linear solver failure. Failed to compute a step: Eigen failure. Unable to perform dense Cholesky factorization.
W0512 21:10:33.662132 31510 levenberg_marquardt_strategy.cc:115] Linear solver failure. Failed to compute a step: Eigen failure. Unable to perform dense Cholesky factorization.
W0512 21:10:33.663561 31510 levenberg_marquardt_strategy.cc:115] Linear solver failure. Failed to compute a step: Eigen failure. Unable to perform dense Cholesky factorization.
W0512 21:10:33.663836 31510 levenberg_marquardt_strategy.cc:115] Linear solver failure. Failed to compute a step: Eigen failure. Unable to perform dense Cholesky factorization.
W0512 21:10:33.664698 31510 levenberg_marquardt_strategy.cc:115] Linear solver failure. Failed to compute a step: Eigen failure. Unable to perform dense Cholesky factorization.
W0512 21:10:33.665556 31510 levenberg_marquardt_strategy.cc:115] Linear solver failure. Failed to compute a step: Eigen failure. Unable to perform dense Cholesky factorization.
W0512 21:10:33.665822 31510 levenberg_marquardt_strategy.cc:115] Linear solver failure. Failed to compute a step: Eigen failure. Unable to perform dense Cholesky factorization.
W0512 21:10:33.667276 31510 levenberg_marquardt_strategy.cc:115] Linear solver failure. Failed to compute a step: Eigen failure. Unable to perform dense Cholesky factorization.
W0512 21:10:33.668148 31510 levenberg_marquardt_strategy.cc:115] Linear solver failure. Failed to compute a step: Eigen failure. Unable to perform dense Cholesky factorization.
W0512 21:10:33.668987 31510 levenberg_marquardt_strategy.cc:115] Linear solver failure. Failed to compute a step: Eigen failure. Unable to perform dense Cholesky factorization.
W0512 21:10:33.669252 31510 levenberg_marquardt_strategy.cc:115] Linear solver failure. Failed to compute a step: Eigen failure. Unable to perform dense Cholesky factorization.
W0512 21:10:33.670120 31510 levenberg_marquardt_strategy.cc:115] Linear solver failure. Failed to compute a step: Eigen failure. Unable to perform dense Cholesky factorization.
W0512 21:10:33.670974 31510 levenberg_marquardt_strategy.cc:115] Linear solver failure. Failed to compute a step: Eigen failure. Unable to perform dense Cholesky factorization.
W0512 21:10:33.672415 31510 levenberg_marquardt_strategy.cc:115] Linear solver failure. Failed to compute a step: Eigen failure. Unable to perform dense Cholesky factorization.
W0512 21:10:33.672683 31510 levenberg_marquardt_strategy.cc:115] Linear solver failure. Failed to compute a step: Eigen failure. Unable to perform dense Cholesky factorization.
W0512 21:10:33.673525 31510 levenberg_marquardt_strategy.cc:115] Linear solver failure. Failed to compute a step: Eigen failure. Unable to perform dense Cholesky factorization.
W0512 21:10:33.673796 31510 levenberg_marquardt_strategy.cc:115] Linear solver failure. Failed to compute a step: Eigen failure. Unable to perform dense Cholesky factorization.
W0512 21:10:33.675238 31510 levenberg_marquardt_strategy.cc:115] Linear solver failure. Failed to compute a step: Eigen failure. Unable to perform dense Cholesky factorization.
W0512 21:10:33.676067 31510 levenberg_marquardt_strategy.cc:115] Linear solver failure. Failed to compute a step: Eigen failure. Unable to perform dense Cholesky factorization.
camera[8]
{
	 r_vec : (-0.0992457, -0.158371, 0.0841337)
	 t_vec : (0.346757, -0.255341, -0.576231)
}
ADDED 232 new points
Using 8 over 13 cameras
1 1 0 1 1 1 1 1 1 0 0 0 0 
****************** OPTIM CHEIRALITY VIOLATION for 163 points : redoing optim!!
camera[1]
{
	 r_vec : (-0.126959, 0.00566135, -0.0156598)
	 t_vec : (0.068608, -0.357994, -0.827831)
}
ADDED 103 new points
Using 9 over 13 cameras
1 1 0 1 1 1 1 1 1 0 0 0 1 
****************** OPTIM CHEIRALITY VIOLATION for 57 points : redoing optim!!
camera[12]
{
	 r_vec : (-0.1615, -0.0214317, -0.00108512)
	 t_vec : (0.108574, -0.440474, -0.808713)
}
ADDED 207 new points
Using 10 over 13 cameras
1 1 1 1 1 1 1 1 1 0 0 0 1 
****************** OPTIM CHEIRALITY VIOLATION for 124 points : redoing optim!!
camera[2]
{
	 r_vec : (-0.11208, 0.0518794, -0.027832)
	 t_vec : (0.010558, -0.338983, -0.853909)
}
ADDED 113 new points
Using 11 over 13 cameras
1 1 1 1 1 1 1 1 1 0 0 1 1 
****************** OPTIM CHEIRALITY VIOLATION for 38 points : redoing optim!!
camera[11]
{
	 r_vec : (-0.247016, 0.166375, -0.0711678)
	 t_vec : (-0.246907, -0.592512, -0.643376)
}
ADDED 0 new points
Using 12 over 13 cameras
1 1 1 1 1 1 1 1 1 0 1 1 1 
****************** OPTIM CHEIRALITY VIOLATION for 70 points : redoing optim!!
camera[10]
{
	 r_vec : (-2432.8, 410.403, -708.414)
	 t_vec : (-34.7162, -58.3258, -1399.12)
}
Diverged: geometry exploded (max_dist = 7005.25)
Try to look for a better seed pair
Seed pair (7, 8): inliers E=441 H=141
camera[7]
{
	 r_vec : (0, 0, 0)
	 t_vec : (0, 0, 0)
}
camera[8]
{
	 r_vec : (-0.00699204, 0.055023, 0.0326134)
	 t_vec : (-0.933177, -0.165895, 0.318841)
}
camera[8]
{
	 r_vec : (-0.012267, 0.0950239, 0.026797)
	 t_vec : (-1.92571, -0.327648, 1.11164)
}
ADDED 352 new points
Using 3 over 13 cameras
1 0 0 0 0 0 0 1 1 0 0 0 0 
camera[0]
{
	 r_vec : (-0.0274718, -0.26692, 0.027719)
	 t_vec : (11.1557, -0.645566, 0.516455)
}
ADDED 0 new points
Using 4 over 13 cameras
1 0 0 0 0 0 1 1 1 0 0 0 0 
****************** OPTIM CHEIRALITY VIOLATION for 504 points : redoing optim!!
camera[6]
{
	 r_vec : (0.02031, -0.109887, -3.09741)
	 t_vec : (1.30305, -2.21799, -73.4405)
}
Diverged: geometry exploded (max_dist = 393.094)
Try to look for a better seed pair
Seed pair (2, 11): inliers E=350 H=88
camera[2]
{
	 r_vec : (0, 0, 0)
	 t_vec : (0, 0, 0)
}
camera[11]
{
	 r_vec : (0.260618, -0.113801, -0.0530654)
	 t_vec : (0.353705, 0.859754, 0.368396)
}
camera[11]
{
	 r_vec : (0.231118, -0.106825, -0.0682206)
	 t_vec : (0.344888, 0.788484, 0.265507)
}
ADDED 0 new points
Using 3 over 13 cameras
0 0 1 0 1 0 0 0 0 0 0 1 0 
****************** OPTIM CHEIRALITY VIOLATION for 274 points : redoing optim!!
camera[4]
{
	 r_vec : (696.629, -545.281, -277.058)
	 t_vec : (-225.268, -48.1154, -5191.03)
}
Diverged: geometry exploded (max_dist = 25982.1)
Try to look for a better seed pair
Seed pair (5, 7): inliers E=356 H=103
camera[5]
{
	 r_vec : (0, 0, 0)
	 t_vec : (0, 0, 0)
}
camera[7]
{
	 r_vec : (-0.0698088, 0.0553792, 0.0471674)
	 t_vec : (-0.875322, -0.198067, 0.441113)
}
camera[7]
{
	 r_vec : (-0.0693307, 0.0941779, 0.0200766)
	 t_vec : (-1.05191, -0.199009, 0.317051)
}
ADDED 0 new points
Using 3 over 13 cameras
1 0 0 0 0 1 0 1 0 0 0 0 0 
****************** OPTIM CHEIRALITY VIOLATION for 303 points : redoing optim!!
camera[0]
{
	 r_vec : (1.00267, -0.974512, -2.65763)
	 t_vec : (3.74834, -3.31912, -8.87955)
}
ADDED 7 new points
Using 4 over 13 cameras
1 1 0 0 0 1 0 1 0 0 0 0 0 
camera[1]
{
	 r_vec : (-17751, 19508.8, 14101.1)
	 t_vec : (-2385.51, 1890.96, 91908.9)
}
Diverged: geometry exploded (max_dist = 102324)
Try to look for a better seed pair
Seed pair (3, 11): inliers E=380 H=87
camera[3]
{
	 r_vec : (0, 0, 0)
	 t_vec : (0, 0, 0)
}
camera[11]
{
	 r_vec : (0.266499, -0.0320082, -0.0367226)
	 t_vec : (-0.146263, 0.937214, 0.316604)
}
camera[11]
{
	 r_vec : (0.237748, -0.0436908, -0.0572982)
	 t_vec : (-0.0999906, 0.872105, 0.301862)
}
ADDED 0 new points
Using 3 over 13 cameras
0 0 1 1 0 0 0 0 0 0 0 1 0 
****************** OPTIM CHEIRALITY VIOLATION for 279 points : redoing optim!!
camera[2]
{
	 r_vec : (16.8609, -14.0674, -26.5527)
	 t_vec : (-5.99272, -15.5236, -271.219)
}
Diverged: geometry exploded (max_dist = 1360.41)
Try to look for a better seed pair
Seed pair (4, 11): inliers E=346 H=97
camera[4]
{
	 r_vec : (0, 0, 0)
	 t_vec : (0, 0, 0)
}
camera[11]
{
	 r_vec : (0.240118, -0.100564, -0.034073)
	 t_vec : (0.268423, 0.933668, 0.237092)
}
camera[11]
{
	 r_vec : (0.209164, -0.0899927, -0.0340588)
	 t_vec : (0.242622, 0.85886, 0.173607)
}
ADDED 0 new points
Using 3 over 13 cameras
0 0 1 0 1 0 0 0 0 0 0 1 0 
****************** OPTIM CHEIRALITY VIOLATION for 268 points : redoing optim!!
camera[2]
{
	 r_vec : (15.3588, -16.746, -17.4453)
	 t_vec : (-0.909912, -7.68946, -87.7392)
}
Diverged: geometry exploded (max_dist = 441.572)
Try to look for a better seed pair
Seed pair (2, 12): inliers E=344 H=91
camera[2]
{
	 r_vec : (0, 0, 0)
	 t_vec : (0, 0, 0)
}
camera[12]
{
	 r_vec : (0.149362, 0.125348, 0.0272917)
	 t_vec : (-0.753815, 0.626269, 0.198872)
}
camera[12]
{
	 r_vec : (0.142652, 0.108764, 0.021574)
	 t_vec : (-0.695215, 0.616718, 0.18837)
}
ADDED 1 new points
Using 3 over 13 cameras
0 1 1 0 0 0 0 0 0 0 0 0 1 
****************** OPTIM CHEIRALITY VIOLATION for 283 points : redoing optim!!
camera[1]
{
	 r_vec : (0.250912, -0.220508, -3.1268)
	 t_vec : (0.863716, -0.607807, -8.35104)
}
ADDED 0 new points
Using 4 over 13 cameras
0 1 1 0 1 0 0 0 0 0 0 0 1 
****************** OPTIM FOUND 45 OUTLIERS : redoing optim!!
camera[4]
{
	 r_vec : (-101644, -116690, 99732.3)
	 t_vec : (88206.2, 49007.5, 1.73246e+06)
}
Diverged: geometry exploded (max_dist = 8.67701e+06)
Try to look for a better seed pair
Seed pair (1, 7): inliers E=373 H=89
camera[1]
{
	 r_vec : (0, 0, 0)
	 t_vec : (0, 0, 0)
}
camera[7]
{
	 r_vec : (-0.048421, 0.102745, 0.046149)
	 t_vec : (-0.838906, -0.178036, 0.514335)
}
camera[7]
{
	 r_vec : (-0.0464685, 0.124399, 0.0392895)
	 t_vec : (-0.895741, -0.17184, 0.464355)
}
ADDED 38 new points
Using 3 over 13 cameras
1 1 0 0 0 0 0 1 0 0 0 0 0 
camera[0]
{
	 r_vec : (-0.0551917, 0.100658, 0.166089)
	 t_vec : (-0.353822, -0.391466, -2.74096)
}
ADDED 617 new points
Using 4 over 13 cameras
1 1 0 0 0 1 0 1 0 0 0 0 0 
camera[5]
{
	 r_vec : (-0.031805, 0.0611737, 0.120372)
	 t_vec : (-0.221753, -0.32531, -2.76048)
}
ADDED 0 new points
Using 5 over 13 cameras
1 1 0 0 0 1 1 1 0 0 0 0 0 
****************** OPTIM CHEIRALITY VIOLATION for 565 points : redoing optim!!
camera[6]
{
	 r_vec : (4.5595, 0.0241571, -8.13575)
	 t_vec : (37.435, -12.9963, -389.326)
}
Diverged: geometry exploded (max_dist = 1944.46)
Try to look for a better seed pair
Seed pair (0, 11): inliers E=317 H=65
camera[0]
{
	 r_vec : (0, 0, 0)
	 t_vec : (0, 0, 0)
}
camera[11]
{
	 r_vec : (0.138856, -0.0814967, -0.0627368)
	 t_vec : (0.577395, 0.606479, 0.546624)
}
camera[11]
{
	 r_vec : (0.154929, -0.110486, -0.0871466)
	 t_vec : (0.687754, 0.637784, 0.574195)
}
ADDED 0 new points
Using 3 over 13 cameras
1 0 0 0 1 0 0 0 0 0 0 1 0 
****************** OPTIM CHEIRALITY VIOLATION for 242 points : redoing optim!!
camera[4]
{
	 r_vec : (0.136578, 0.140304, 3.08667)
	 t_vec : (-0.707679, -0.228846, -9.23415)
}
ADDED 0 new points
Using 4 over 13 cameras
1 0 0 0 1 1 0 0 0 0 0 1 0 
****************** OPTIM CHEIRALITY VIOLATION for 45 points : redoing optim!!
camera[5]
{
	 r_vec : (65.0835, -25.9333, -35.7399)
	 t_vec : (36.0127, -4.5705, -1253.04)
}
Diverged: geometry exploded (max_dist = 6270.63)
Try to look for a better seed pair
Seed pair (1, 11): inliers E=317 H=79
camera[1]
{
	 r_vec : (0, 0, 0)
	 t_vec : (0, 0, 0)
}
camera[11]
{
	 r_vec : (0.254683, -0.287316, -0.0814104)
	 t_vec : (0.765898, 0.554817, 0.324927)
}
camera[11]
{
	 r_vec : (0.242052, -0.260832, -0.0619924)
	 t_vec : (0.718011, 0.549808, 0.287871)
}
ADDED 0 new points
Using 3 over 13 cameras
0 1 1 0 0 0 0 0 0 0 0 1 0 
****************** OPTIM CHEIRALITY VIOLATION for 250 points : redoing optim!!
camera[2]
{
	 r_vec : (4000.25, -5343.31, 1681.43)
	 t_vec : (-4538.19, -4064.32, -137663)
}
Diverged: geometry exploded (max_dist = 688990)
Try to look for a better seed pair
Seed pair (0, 8): inliers E=351 H=101
camera[0]
{
	 r_vec : (0, 0, 0)
	 t_vec : (0, 0, 0)
}
camera[8]
{
	 r_vec : (-0.098881, 0.400255, 0.0600515)
	 t_vec : (-0.870311, -0.180816, 0.45811)
}
camera[8]
{
	 r_vec : (-0.0823823, 0.333435, 0.0685639)
	 t_vec : (-0.80229, -0.150754, 0.486796)
}
ADDED 0 new points
Using 3 over 13 cameras
1 0 0 0 0 0 0 1 1 0 0 0 0 
****************** OPTIM CHEIRALITY VIOLATION for 267 points : redoing optim!!
camera[7]
{
	 r_vec : (-1.92955, 0.192432, 2.59738)
	 t_vec : (2.126, -0.109543, -2.89313)
}
ADDED 551 new points
Using 4 over 13 cameras
1 0 0 0 0 1 0 1 1 0 0 0 0 
****************** OPTIM CHEIRALITY VIOLATION for 226 points : redoing optim!!
camera[5]
{
	 r_vec : (-0.00124029, 0.0332609, -0.00819558)
	 t_vec : (-0.0878977, -0.0483349, 0.207731)
}
ADDED 252 new points
Using 5 over 13 cameras
1 1 0 0 0 1 0 1 1 0 0 0 0 
****************** OPTIM CHEIRALITY VIOLATION for 69 points : redoing optim!!
camera[1]
{
	 r_vec : (-0.0163765, 0.0245432, 0.0010436)
	 t_vec : (-0.0070467, -0.00387318, 0.0980913)
}
ADDED 189 new points
Using 6 over 13 cameras
1 1 1 0 0 1 0 1 1 0 0 0 0 
****************** OPTIM CHEIRALITY VIOLATION for 32 points : redoing optim!!
camera[2]
{
	 r_vec : (-0.0115295, -0.0236445, -0.0281022)
	 t_vec : (0.169526, -0.0163823, 0.0812274)
}
ADDED 187 new points
Using 7 over 13 cameras
1 1 1 0 1 1 0 1 1 0 0 0 0 
****************** OPTIM CHEIRALITY VIOLATION for 10 points : redoing optim!!
camera[4]
{
	 r_vec : (-0.000792245, -0.0372708, -0.0469016)
	 t_vec : (0.223807, -0.064698, 0.140915)
}
ADDED 173 new points
Using 8 over 13 cameras
1 1 1 1 1 1 0 1 1 0 0 0 0 
****************** OPTIM CHEIRALITY VIOLATION for 10 points : redoing optim!!
camera[3]
{
	 r_vec : (-0.0109089, -0.048861, -0.0432553)
	 t_vec : (0.351549, -0.0582313, 0.100051)
}
ADDED 71 new points
Using 9 over 13 cameras
1 1 1 1 1 1 0 1 1 0 0 0 1 
****************** OPTIM CHEIRALITY VIOLATION for 17 points : redoing optim!!
camera[12]
{
	 r_vec : (0.132911, 0.0695346, 0.0132908)
	 t_vec : (-0.130489, 0.275155, 0.128003)
}
ADDED 0 new points
Using 10 over 13 cameras
1 1 1 1 1 1 0 1 1 0 0 1 1 
****************** OPTIM CHEIRALITY VIOLATION for 324 points : redoing optim!!
camera[11]
{
	 r_vec : (11.0595, -8.68312, -7.36447)
	 t_vec : (0.898741, -1.90783, -14.7014)
}
ADDED 113 new points
Using 11 over 13 cameras
1 1 1 1 1 1 1 1 1 0 0 1 1 
****************** OPTIM CHEIRALITY VIOLATION for 48 points : redoing optim!!
camera[6]
{
	 r_vec : (-0.00788132, 0.115523, 0.208431)
	 t_vec : (-0.344153, -0.0484499, 0.234427)
}
ADDED 0 new points
Using 12 over 13 cameras
1 1 1 1 1 1 1 1 1 1 0 1 1 
****************** OPTIM CHEIRALITY VIOLATION for 100 points : redoing optim!!
camera[9]
{
	 r_vec : (0.596315, -0.0319913, 3.12319)
	 t_vec : (-0.821319, 0.105976, -4.27055)
}
ADDED 0 new points
Using 13 over 13 cameras
1 1 1 1 1 1 1 1 1 1 1 1 1 
****************** OPTIM CHEIRALITY VIOLATION for 54 points : redoing optim!!
camera[10]
{
	 r_vec : (34.2127, -29.2447, 28.8066)
	 t_vec : (-7.98109, -10.8758, -339.604)
}
Diverged: geometry exploded (max_dist = 1702.14)
Try to look for a better seed pair
Seed pair (3, 5): inliers E=329 H=65
Forward-dominant motion detected, rejecting.
Try to look for a better seed pair
Seed pair (4, 12): inliers E=333 H=83
camera[4]
{
	 r_vec : (0, 0, 0)
	 t_vec : (0, 0, 0)
}
camera[12]
{
	 r_vec : (0.0346418, -0.0104377, 0.0645952)
	 t_vec : (-0.662637, 0.745416, -0.0725723)
}
camera[12]
{
	 r_vec : (0.067657, 0.0206474, 0.0780026)
	 t_vec : (-0.966229, 0.993789, -0.334256)
}
ADDED 0 new points
Using 3 over 13 cameras
1 0 0 0 1 0 0 0 0 0 0 0 1 
****************** OPTIM CHEIRALITY VIOLATION for 281 points : redoing optim!!
camera[0]
{
	 r_vec : (-3.2229, 0.239856, 0.838664)
	 t_vec : (4.85999, 1.09087, -3.05035)
}
ADDED 0 new points
Using 4 over 13 cameras
1 0 1 0 1 0 0 0 0 0 0 0 1 
****************** OPTIM CHEIRALITY VIOLATION for 42 points : redoing optim!!
camera[2]
{
	 r_vec : (-646258, -962317, 529314)
	 t_vec : (-1.0733e+06, -1.93767e+06, -4.43169e+07)
}
Diverged: geometry exploded (max_dist = 2.21861e+08)
Try to look for a better seed pair
Seed pair (6, 12): inliers E=325 H=93
camera[6]
{
	 r_vec : (0, 0, 0)
	 t_vec : (0, 0, 0)
}
camera[12]
{
	 r_vec : (0.217145, -0.15953, -0.00617874)
	 t_vec : (0.695681, 0.718166, -0.0162993)
}
camera[12]
{
	 r_vec : (0.196364, -0.126012, 0.0138913)
	 t_vec : (0.606361, 0.695, -0.0105949)
}
ADDED 0 new points
Using 3 over 13 cameras
1 0 0 0 0 0 1 0 0 0 0 0 1 
****************** OPTIM CHEIRALITY VIOLATION for 291 points : redoing optim!!
camera[0]
{
	 r_vec : (-2.3067, -2.46364, -9.29061)
	 t_vec : (-1.36893, -1.99583, -17.5923)
}
ADDED 0 new points
Using 4 over 13 cameras
1 1 0 0 0 0 1 0 0 0 0 0 1 
****************** OPTIM CHEIRALITY VIOLATION for 18 points : redoing optim!!
camera[1]
{
	 r_vec : (0.796507, -0.717985, -2.81627)
	 t_vec : (-0.230716, -14.7597, -188.259)
}
Diverged: geometry exploded (max_dist = 944.577)
Try to look for a better seed pair
Seed pair (2, 6): inliers E=319 H=82
camera[2]
{
	 r_vec : (0, 0, 0)
	 t_vec : (0, 0, 0)
}
camera[6]
{
	 r_vec : (-0.00264724, 0.0933338, 0.0363718)
	 t_vec : (-0.93288, -0.0718484, 0.352948)
}
camera[6]
{
	 r_vec : (-0.00351883, 0.11153, 0.0358614)
	 t_vec : (-0.984334, -0.0800374, 0.30501)
}
ADDED 591 new points
Using 3 over 13 cameras
1 0 1 0 0 0 1 0 0 0 0 0 0 
camera[0]
{
	 r_vec : (-0.00383619, 0.0847456, 0.0227073)
	 t_vec : (-0.574925, -0.0154655, -0.0529248)
}
ADDED 0 new points
Using 4 over 13 cameras
1 0 1 0 0 1 1 0 0 0 0 0 0 
****************** OPTIM CHEIRALITY VIOLATION for 622 points : redoing optim!!
camera[5]
{
	 r_vec : (1.66849, -0.118454, -2.6249)
	 t_vec : (3.96932, -0.0741335, -6.17105)
}
ADDED 2 new points
Using 5 over 13 cameras
1 1 1 0 0 1 1 0 0 0 0 0 0 
****************** OPTIM CHEIRALITY VIOLATION for 158 points : redoing optim!!
camera[1]
{
	 r_vec : (0.393011, -0.11195, -3.21563)
	 t_vec : (2.11196, 0.826865, -45.9336)
}
Diverged: geometry exploded (max_dist = 231.99)
Try to look for a better seed pair
Seed pair (4, 6): inliers E=340 H=60
camera[4]
{
	 r_vec : (0, 0, 0)
	 t_vec : (0, 0, 0)
}
camera[6]
{
	 r_vec : (-0.0189866, 0.170922, 0.0451217)
	 t_vec : (-0.975558, -0.0168038, 0.2191)
}
camera[6]
{
	 r_vec : (-0.0183181, 0.170777, 0.0477332)
	 t_vec : (-0.975304, -0.0150764, 0.221979)
}
ADDED 545 new points
Using 3 over 13 cameras
1 0 0 0 1 0 1 0 0 0 0 0 0 
camera[0]
{
	 r_vec : (-0.0159117, 0.125297, 0.0344668)
	 t_vec : (-0.603803, 0.0433275, -0.0833517)
}
ADDED 284 new points
Using 4 over 13 cameras
1 0 0 0 1 1 1 0 0 0 0 0 0 
camera[5]
{
	 r_vec : (-0.00064816, 0.10554, 0.0288828)
	 t_vec : (-0.585717, 0.00729093, 0.122824)
}
ADDED 199 new points
Using 5 over 13 cameras
1 1 0 0 1 1 1 0 0 0 0 0 0 
camera[1]
{
	 r_vec : (-0.0148468, 0.0706652, 0.030254)
	 t_vec : (-0.385412, 0.0704464, -0.0841664)
}
ADDED 0 new points
Using 6 over 13 cameras
1 1 1 0 1 1 1 0 0 0 0 0 0 
****************** OPTIM CHEIRALITY VIOLATION for 709 points : redoing optim!!
camera[2]
{
	 r_vec : (-0.037382, -0.946735, -2.92209)
	 t_vec : (0.0662847, -1.88174, -5.13502)
}
ADDED 0 new points
Using 7 over 13 cameras
1 1 1 0 1 1 1 1 0 0 0 0 0 
****************** OPTIM CHEIRALITY VIOLATION for 255 points : redoing optim!!
camera[7]
{
	 r_vec : (0.7604, -0.170342, -2.9179)
	 t_vec : (2.08338, -0.370171, -6.27627)
}
ADDED 0 new points
Using 8 over 13 cameras
1 1 1 0 1 1 1 1 0 0 0 0 1 
****************** OPTIM CHEIRALITY VIOLATION for 121 points : redoing optim!!
camera[12]
{
	 r_vec : (-2.2333, 0.477408, 2.35814)
	 t_vec : (6.83146, -8.26442, -115.048)
}
Diverged: geometry exploded (max_dist = 579.226)
Try to look for a better seed pair
Seed pair (2, 7): inliers E=295 H=65
camera[2]
{
	 r_vec : (0, 0, 0)
	 t_vec : (0, 0, 0)
}
camera[7]
{
	 r_vec : (-0.0539122, 0.232747, 0.0691125)
	 t_vec : (-0.904897, -0.115868, 0.409556)
}
camera[7]
{
	 r_vec : (-0.0520561, 0.226664, 0.0700046)
	 t_vec : (-0.897072, -0.111618, 0.415865)
}
ADDED 542 new points
Using 3 over 13 cameras
1 0 1 0 0 0 0 1 0 0 0 0 0 
camera[0]
{
	 r_vec : (-0.00782902, 0.0842231, 0.00629092)
	 t_vec : (-0.315669, -0.0234406, -0.0896107)
}
ADDED 317 new points
Using 4 over 13 cameras
1 1 1 0 0 0 0 1 0 0 0 0 0 
camera[1]
{
	 r_vec : (-0.00734345, 0.0596231, 0.0096702)
	 t_vec : (-0.232868, -0.000221318, -0.0282214)
}
ADDED 220 new points
Using 5 over 13 cameras
1 1 1 0 0 1 0 1 0 0 0 0 0 
camera[5]
{
	 r_vec : (0.00647067, 0.0757637, 0.00491564)
	 t_vec : (-0.3355, -0.0496356, 0.0930225)
}
ADDED 0 new points
Using 6 over 13 cameras
1 1 1 0 0 1 1 1 0 0 0 0 0 
****************** OPTIM CHEIRALITY VIOLATION for 89 points : redoing optim!!
****************** OPTIM CHEIRALITY VIOLATION for 319 points : redoing optim!!
****************** OPTIM CHEIRALITY VIOLATION for 38 points : redoing optim!!
****************** OPTIM CHEIRALITY VIOLATION for 29 points : redoing optim!!
****************** OPTIM CHEIRALITY VIOLATION for 12 points : redoing optim!!
****************** OPTIM CHEIRALITY VIOLATION for 7 points : redoing optim!!
****************** OPTIM CHEIRALITY VIOLATION for 7 points : redoing optim!!
****************** OPTIM CHEIRALITY VIOLATION for 20 points : redoing optim!!
****************** OPTIM CHEIRALITY VIOLATION for 6 points : redoing optim!!
****************** OPTIM CHEIRALITY VIOLATION for 8 points : redoing optim!!
****************** OPTIM CHEIRALITY VIOLATION for 13 points : redoing optim!!
****************** OPTIM CHEIRALITY VIOLATION for 10 points : redoing optim!!
****************** OPTIM CHEIRALITY VIOLATION for 24 points : redoing optim!!
****************** OPTIM FOUND 23 OUTLIERS : redoing optim!!
****************** OPTIM CHEIRALITY VIOLATION for 29 points : redoing optim!!
****************** OPTIM CHEIRALITY VIOLATION for 47 points : redoing optim!!
****************** OPTIM CHEIRALITY VIOLATION for 195 points : redoing optim!!
****************** OPTIM CHEIRALITY VIOLATION for 12 points : redoing optim!!
camera[6]
{
	 r_vec : (0.0147586, 0.0506844, 0.0722011)
	 t_vec : (-0.349036, -0.029279, -0.0560966)
}
ADDED 197 new points
Using 7 over 13 cameras
1 1 1 0 1 1 1 1 0 0 0 0 0 
camera[4]
{
	 r_vec : (0.0257474, 0.025134, -0.0339941)
	 t_vec : (-0.135773, -0.0357842, -0.223648)
}
ADDED 174 new points
Using 8 over 13 cameras
1 1 1 1 1 1 1 1 0 0 0 0 0 
camera[3]
{
	 r_vec : (0.0170579, 0.016233, -0.0310028)
	 t_vec : (-0.0624669, -0.0352531, -0.257297)
}
ADDED 7 new points
Using 9 over 13 cameras
1 1 1 1 1 1 1 1 0 0 0 1 0 
W0512 21:10:42.301607 31510 levenberg_marquardt_strategy.cc:115] Linear solver failure. Failed to compute a step: Eigen failure. Unable to perform dense Cholesky factorization.
****************** OPTIM CHEIRALITY VIOLATION for 72 points : redoing optim!!
****************** OPTIM CHEIRALITY VIOLATION for 43 points : redoing optim!!
****************** OPTIM CHEIRALITY VIOLATION for 32 points : redoing optim!!
****************** OPTIM CHEIRALITY VIOLATION for 15 points : redoing optim!!
****************** OPTIM CHEIRALITY VIOLATION for 6 points : redoing optim!!
camera[11]
{
	 r_vec : (0.174286, -0.0575652, -0.0627704)
	 t_vec : (-0.0524921, 0.211597, -0.187436)
}
ADDED 77 new points
Using 10 over 13 cameras
1 1 1 1 1 1 1 1 0 0 0 1 1 
camera[12]
{
	 r_vec : (0.140265, 0.138746, 0.0359673)
	 t_vec : (-0.388578, 0.161352, -0.202159)
}
ADDED 145 new points
Using 11 over 13 cameras
1 1 1 1 1 1 1 1 1 0 0 1 1 
camera[8]
{
	 r_vec : (-0.0585324, 0.387854, 0.0908318)
	 t_vec : (-0.802179, -0.144811, 0.0905213)
}
ADDED 0 new points
Using 12 over 13 cameras
1 1 1 1 1 1 1 1 1 1 0 1 1 
****************** OPTIM CHEIRALITY VIOLATION for 156 points : redoing optim!!
camera[9]
{
	 r_vec : (112.42, -198.613, 149.992)
	 t_vec : (-52.5323, -40.44, -2303.45)
}
Diverged: geometry exploded (max_dist = 11522.5)
Try to look for a better seed pair
Seed pair (6, 8): inliers E=317 H=95
camera[6]
{
	 r_vec : (0, 0, 0)
	 t_vec : (0, 0, 0)
}
camera[8]
{
	 r_vec : (-0.0511817, 0.105583, 0.0620588)
	 t_vec : (-0.847013, -0.207292, 0.489489)
}
W0512 21:10:42.958278 31510 levenberg_marquardt_strategy.cc:115] Linear solver failure. Failed to compute a step: Eigen failure. Unable to perform dense Cholesky factorization.
W0512 21:10:42.959005 31510 levenberg_marquardt_strategy.cc:115] Linear solver failure. Failed to compute a step: Eigen failure. Unable to perform dense Cholesky factorization.
W0512 21:10:42.959726 31510 levenberg_marquardt_strategy.cc:115] Linear solver failure. Failed to compute a step: Eigen failure. Unable to perform dense Cholesky factorization.
W0512 21:10:42.959967 31510 levenberg_marquardt_strategy.cc:115] Linear solver failure. Failed to compute a step: Eigen failure. Unable to perform dense Cholesky factorization.
W0512 21:10:42.961144 31510 levenberg_marquardt_strategy.cc:115] Linear solver failure. Failed to compute a step: Eigen failure. Unable to perform dense Cholesky factorization.
W0512 21:10:42.961848 31510 levenberg_marquardt_strategy.cc:115] Linear solver failure. Failed to compute a step: Eigen failure. Unable to perform dense Cholesky factorization.
W0512 21:10:42.962085 31510 levenberg_marquardt_strategy.cc:115] Linear solver failure. Failed to compute a step: Eigen failure. Unable to perform dense Cholesky factorization.
W0512 21:10:42.963943 31510 levenberg_marquardt_strategy.cc:115] Linear solver failure. Failed to compute a step: Eigen failure. Unable to perform dense Cholesky factorization.
W0512 21:10:42.964239 31510 levenberg_marquardt_strategy.cc:115] Linear solver failure. Failed to compute a step: Eigen failure. Unable to perform dense Cholesky factorization.
W0512 21:10:42.965571 31510 levenberg_marquardt_strategy.cc:115] Linear solver failure. Failed to compute a step: Eigen failure. Unable to perform dense Cholesky factorization.
W0512 21:10:42.965808 31510 levenberg_marquardt_strategy.cc:115] Linear solver failure. Failed to compute a step: Eigen failure. Unable to perform dense Cholesky factorization.
W0512 21:10:42.966516 31510 levenberg_marquardt_strategy.cc:115] Linear solver failure. Failed to compute a step: Eigen failure. Unable to perform dense Cholesky factorization.
W0512 21:10:42.967218 31510 levenberg_marquardt_strategy.cc:115] Linear solver failure. Failed to compute a step: Eigen failure. Unable to perform dense Cholesky factorization.
W0512 21:10:42.967932 31510 levenberg_marquardt_strategy.cc:115] Linear solver failure. Failed to compute a step: Eigen failure. Unable to perform dense Cholesky factorization.
W0512 21:10:42.968163 31510 levenberg_marquardt_strategy.cc:115] Linear solver failure. Failed to compute a step: Eigen failure. Unable to perform dense Cholesky factorization.
W0512 21:10:42.969449 31510 levenberg_marquardt_strategy.cc:115] Linear solver failure. Failed to compute a step: Eigen failure. Unable to perform dense Cholesky factorization.
W0512 21:10:42.970966 31510 levenberg_marquardt_strategy.cc:115] Linear solver failure. Failed to compute a step: Eigen failure. Unable to perform dense Cholesky factorization.
W0512 21:10:42.971909 31510 levenberg_marquardt_strategy.cc:115] Linear solver failure. Failed to compute a step: Eigen failure. Unable to perform dense Cholesky factorization.
camera[8]
{
	 r_vec : (-0.0543798, 0.140188, 0.0535282)
	 t_vec : (-1.06524, -0.228358, 0.657189)
}
ADDED 0 new points
Using 3 over 13 cameras
0 0 0 0 0 0 1 1 1 0 0 0 0 
****************** OPTIM CHEIRALITY VIOLATION for 248 points : redoing optim!!
camera[7]
{
	 r_vec : (0.490952, -0.099114, -3.07256)
	 t_vec : (2.56613, -0.657366, -15.4512)
}
ADDED 0 new points
Using 4 over 13 cameras
1 0 0 0 0 0 1 1 1 0 0 0 0 
****************** OPTIM CHEIRALITY VIOLATION for 46 points : redoing optim!!
camera[0]
{
	 r_vec : (50.9007, -27.5336, -31.7448)
	 t_vec : (-9.9249, -232.561, -3451.27)
}
Diverged: geometry exploded (max_dist = 17299)
Try to look for a better seed pair
Seed pair (10, 11): inliers E=331 H=74
camera[10]
{
	 r_vec : (0, 0, 0)
	 t_vec : (0, 0, 0)
}
camera[11]
{
	 r_vec : (0.0436257, 0.120968, 0.0513891)
	 t_vec : (-0.947559, 0.232057, -0.219731)
}
camera[11]
{
	 r_vec : (0.0440245, 0.130423, 0.050535)
	 t_vec : (-1.00151, 0.225146, -0.14243)
}
ADDED 0 new points
Using 3 over 13 cameras
0 0 0 1 0 0 0 0 0 0 1 1 0 
****************** OPTIM CHEIRALITY VIOLATION for 214 points : redoing optim!!
camera[3]
{
	 r_vec : (0.085391, 0.148283, -3.06735)
	 t_vec : (-0.0946852, 0.874502, -13.6364)
}
ADDED 0 new points
Using 4 over 13 cameras
1 0 0 1 0 0 0 0 0 0 1 1 0 
****************** OPTIM CHEIRALITY VIOLATION for 38 points : redoing optim!!
camera[0]
{
	 r_vec : (-2.83072, 0.225774, 1.02878)
	 t_vec : (4.68202, -1.08844, 0.357513)
}
ADDED 0 new points
Using 5 over 13 cameras
1 0 0 1 0 0 0 0 0 1 1 1 0 
****************** OPTIM CHEIRALITY VIOLATION for 8 points : redoing optim!!
camera[9]
{
	 r_vec : (-0.01097, -0.0121428, 3.12717)
	 t_vec : (0.0613694, 0.4358, -14.8309)
}
ADDED 0 new points
Using 6 over 13 cameras
1 0 0 1 0 0 0 0 0 1 1 1 1 
****************** OPTIM CHEIRALITY VIOLATION for 6 points : redoing optim!!
camera[12]
{
	 r_vec : (-2.10209, 2.69446, 0.901707)
	 t_vec : (5.18325, -1.59091, -3.47676)
}
ADDED 283 new points
Using 7 over 13 cameras
1 0 1 1 0 0 0 0 0 1 1 1 1 
****************** OPTIM CHEIRALITY VIOLATION for 247 points : redoing optim!!
camera[2]
{
	 r_vec : (-0.429378, 0.619118, -0.0110917)
	 t_vec : (-2.4877, -1.73314, 2.30459)
}
ADDED 0 new points
Using 8 over 13 cameras
1 0 1 1 1 0 0 0 0 1 1 1 1 
****************** OPTIM CHEIRALITY VIOLATION for 27 points : redoing optim!!
camera[4]
{
	 r_vec : (0.50561, 0.149621, -3.06368)
	 t_vec : (1.3885, 0.718663, -9.48462)
}
ADDED 0 new points
Using 9 over 13 cameras
1 1 1 1 1 0 0 0 0 1 1 1 1 
****************** OPTIM CHEIRALITY VIOLATION for 7 points : redoing optim!!
camera[1]
{
	 r_vec : (-2.64527, 0.814409, 1.86047)
	 t_vec : (4.65027, -1.80456, -30.4215)
}
Diverged: geometry exploded (max_dist = 179.464)
Try to look for a better seed pair
Seed pair (3, 12): inliers E=291 H=55
camera[3]
{
	 r_vec : (0, 0, 0)
	 t_vec : (0, 0, 0)
}
camera[12]
{
	 r_vec : (0.0824634, 0.00627734, 0.0763393)
	 t_vec : (-0.803206, 0.5957, 0.000972896)
}
camera[12]
{
	 r_vec : (0.104337, 0.0348476, 0.0830771)
	 t_vec : (-0.954048, 0.672739, -0.132601)
}
ADDED 0 new points
Using 3 over 13 cameras
0 1 0 1 0 0 0 0 0 0 0 0 1 
****************** OPTIM CHEIRALITY VIOLATION for 240 points : redoing optim!!
camera[1]
{
	 r_vec : (4.22106e+06, 1.06343e+07, -4.90771e+07)
	 t_vec : (192757, -4.26592e+06, -7.23264e+07)
}
Diverged: geometry exploded (max_dist = 3.62262e+08)
Try to look for a better seed pair
Seed pair (11, 12): inliers E=287 H=58
camera[11]
{
	 r_vec : (0, 0, 0)
	 t_vec : (0, 0, 0)
}
camera[12]
{
	 r_vec : (-0.0582604, 0.181444, 0.102349)
	 t_vec : (-0.957607, -0.273055, -0.0918104)
}
camera[12]
{
	 r_vec : (-0.0516133, 0.177593, 0.0933202)
	 t_vec : (-0.951928, -0.240976, -0.124022)
}
ADDED 0 new points
Using 3 over 13 cameras
1 0 0 0 0 0 0 0 0 0 0 1 1 
****************** OPTIM CHEIRALITY VIOLATION for 249 points : redoing optim!!
camera[0]
{
	 r_vec : (-13136.2, -51045.4, 22037.8)
	 t_vec : (6815.42, -16778.4, -338073)
}
Diverged: geometry exploded (max_dist = 1.69279e+06)
Try to look for a better seed pair
Seed pair (7, 12): inliers E=271 H=62
camera[7]
{
	 r_vec : (0, 0, 0)
	 t_vec : (0, 0, 0)
}
camera[12]
{
	 r_vec : (0.28402, -0.270817, -0.0254602)
	 t_vec : (0.801301, 0.598119, -0.0130654)
}
camera[12]
{
	 r_vec : (0.245255, -0.217548, -0.0220315)
	 t_vec : (0.716425, 0.558814, -0.00935863)
}
ADDED 0 new points
Using 3 over 13 cameras
1 0 0 0 0 0 0 1 0 0 0 0 1 
****************** OPTIM CHEIRALITY VIOLATION for 254 points : redoing optim!!
camera[0]
{
	 r_vec : (99.7108, 496.265, -446.1)
	 t_vec : (28.8425, -176.009, -2601)
}
Diverged: geometry exploded (max_dist = 13035.8)
Try to look for a better seed pair
Seed pair (5, 11): inliers E=285 H=53
camera[5]
{
	 r_vec : (0, 0, 0)
	 t_vec : (0, 0, 0)
}
camera[11]
{
	 r_vec : (0.186809, -0.196301, -0.077513)
	 t_vec : (0.774985, 0.609668, 0.166443)
}
camera[11]
{
	 r_vec : (0.181572, -0.189682, -0.0752428)
	 t_vec : (0.761215, 0.602243, 0.168909)
}
ADDED 614 new points
Using 3 over 13 cameras
1 0 0 0 0 1 0 0 0 0 0 1 0 
camera[0]
{
	 r_vec : (-0.0137371, 0.0230773, -0.00469631)
	 t_vec : (-0.0302079, 0.0414596, -0.182502)
}
ADDED 278 new points
Using 4 over 13 cameras
1 1 0 0 0 1 0 0 0 0 0 1 0 
camera[1]
{
	 r_vec : (-0.0126208, -0.00715052, -0.0010486)
	 t_vec : (0.10595, 0.0663534, -0.158131)
}
ADDED 0 new points
Using 5 over 13 cameras
1 1 1 0 0 1 0 0 0 0 0 1 0 
****************** OPTIM CHEIRALITY VIOLATION for 645 points : redoing optim!!
camera[2]
{
	 r_vec : (-197118, 1.13282e+06, -3.06258e+06)
	 t_vec : (-52136, -76997.3, -1.53906e+06)
}
Diverged: geometry exploded (max_dist = 7.70936e+06)
Try to look for a better seed pair
Seed pair (1, 8): inliers E=303 H=61
camera[1]
{
	 r_vec : (0, 0, 0)
	 t_vec : (0, 0, 0)
}
camera[8]
{
	 r_vec : (-0.0653528, 0.242439, 0.0756669)
	 t_vec : (-0.863012, -0.184822, 0.470161)
}
camera[8]
{
	 r_vec : (-0.0632565, 0.256553, 0.0694955)
	 t_vec : (-0.886043, -0.178368, 0.458263)
}
ADDED 544 new points
Using 3 over 13 cameras
1 1 0 0 0 0 0 0 1 0 0 0 0 
camera[0]
{
	 r_vec : (-0.00156027, 0.0241194, -0.0144128)
	 t_vec : (-0.102819, -0.0298072, -0.0478887)
}
ADDED 309 new points
Using 4 over 13 cameras
1 1 0 0 0 1 0 0 1 0 0 0 0 
camera[5]
{
	 r_vec : (0.0121106, 0.00418736, -0.0257146)
	 t_vec : (-0.0880269, -0.0647679, 0.110758)
}
ADDED 0 new points
Using 5 over 13 cameras
1 1 0 0 0 1 1 0 1 0 0 0 0 
****************** OPTIM CHEIRALITY VIOLATION for 625 points : redoing optim!!
camera[6]
{
	 r_vec : (7.9475, -1.15233, -5.14386)
	 t_vec : (2.48782, -0.538446, -2.17814)
}
ADDED 0 new points
Using 6 over 13 cameras
1 1 1 0 0 1 1 0 1 0 0 0 0 
****************** OPTIM CHEIRALITY VIOLATION for 266 points : redoing optim!!
camera[2]
{
	 r_vec : (0.491014, -0.12984, -3.23653)
	 t_vec : (-0.863178, -2.86878, -46.6909)
}
Diverged: geometry exploded (max_dist = 236.649)
Try to look for a better seed pair
Seed pair (5, 8): inliers E=291 H=58
camera[5]
{
	 r_vec : (0, 0, 0)
	 t_vec : (0, 0, 0)
}
camera[8]
{
	 r_vec : (-0.0816638, 0.376811, 0.0874412)
	 t_vec : (-0.93476, -0.125789, 0.332266)
}
camera[8]
{
	 r_vec : (-0.0754644, 0.321099, 0.104174)
	 t_vec : (-0.862217, -0.11404, 0.336556)
}
ADDED 616 new points
Using 3 over 13 cameras
1 0 0 0 0 1 0 0 1 0 0 0 0 
camera[0]
{
	 r_vec : (-0.0269551, 0.112381, 0.0639858)
	 t_vec : (-0.205815, -0.0152724, -1.01816)
}
ADDED 248 new points
Using 4 over 13 cameras
1 1 0 0 0 1 0 0 1 0 0 0 0 
camera[1]
{
	 r_vec : (-0.0149036, 0.0502632, -0.027096)
	 t_vec : (-0.0563965, 0.00722277, -1.00009)
}
ADDED 163 new points
Using 5 over 13 cameras
1 1 0 0 0 1 1 0 1 0 0 0 0 
camera[6]
{
	 r_vec : (-0.0194753, 0.133681, -0.0179554)
	 t_vec : (-0.311205, -0.0212808, -0.93035)
}
ADDED 169 new points
Using 6 over 13 cameras
1 1 1 0 0 1 1 0 1 0 0 0 0 
camera[2]
{
	 r_vec : (-0.00866021, -0.00034573, -0.0595735)
	 t_vec : (0.0808828, 0.00712259, -1.02308)
}
ADDED 175 new points
Using 7 over 13 cameras
1 1 1 0 1 1 1 0 1 0 0 0 0 
camera[4]
{
	 r_vec : (0.000392924, -0.0165474, -0.07748)
	 t_vec : (0.127496, -0.00813193, -0.993741)
}
ADDED 170 new points
Using 8 over 13 cameras
1 1 1 1 1 1 1 0 1 0 0 0 0 
camera[3]
{
	 r_vec : (-0.0100711, -0.026068, -0.074174)
	 t_vec : (0.196066, -0.0167693, -1.01284)
}
ADDED 0 new points
Using 9 over 13 cameras
1 1 1 1 1 1 1 0 1 0 0 0 1 
****************** OPTIM CHEIRALITY VIOLATION for 679 points : redoing optim!!
camera[12]
{
	 r_vec : (0.075423, 0.150631, 0.283921)
	 t_vec : (-0.264236, -0.0481029, -1.99789)
}
ADDED 6 new points
Using 10 over 13 cameras
1 1 1 1 1 1 1 1 1 0 0 0 1 
****************** OPTIM CHEIRALITY VIOLATION for 180 points : redoing optim!!
W0512 21:10:44.828154 31510 levenberg_marquardt_strategy.cc:115] Linear solver failure. Failed to compute a step: Eigen failure. Unable to perform dense Cholesky factorization.
W0512 21:10:44.830668 31510 levenberg_marquardt_strategy.cc:115] Linear solver failure. Failed to compute a step: Eigen failure. Unable to perform dense Cholesky factorization.
W0512 21:10:44.833196 31510 levenberg_marquardt_strategy.cc:115] Linear solver failure. Failed to compute a step: Eigen failure. Unable to perform dense Cholesky factorization.
W0512 21:10:44.833971 31510 levenberg_marquardt_strategy.cc:115] Linear solver failure. Failed to compute a step: Eigen failure. Unable to perform dense Cholesky factorization.
W0512 21:10:44.838126 31510 levenberg_marquardt_strategy.cc:115] Linear solver failure. Failed to compute a step: Eigen failure. Unable to perform dense Cholesky factorization.
W0512 21:10:44.838933 31510 levenberg_marquardt_strategy.cc:115] Linear solver failure. Failed to compute a step: Eigen failure. Unable to perform dense Cholesky factorization.
W0512 21:10:44.843116 31510 levenberg_marquardt_strategy.cc:115] Linear solver failure. Failed to compute a step: Eigen failure. Unable to perform dense Cholesky factorization.
W0512 21:10:44.845605 31510 levenberg_marquardt_strategy.cc:115] Linear solver failure. Failed to compute a step: Eigen failure. Unable to perform dense Cholesky factorization.
W0512 21:10:44.846405 31510 levenberg_marquardt_strategy.cc:115] Linear solver failure. Failed to compute a step: Eigen failure. Unable to perform dense Cholesky factorization.
W0512 21:10:44.850814 31510 levenberg_marquardt_strategy.cc:115] Linear solver failure. Failed to compute a step: Eigen failure. Unable to perform dense Cholesky factorization.
W0512 21:10:44.851611 31510 levenberg_marquardt_strategy.cc:115] Linear solver failure. Failed to compute a step: Eigen failure. Unable to perform dense Cholesky factorization.
W0512 21:10:44.854261 31510 levenberg_marquardt_strategy.cc:115] Linear solver failure. Failed to compute a step: Eigen failure. Unable to perform dense Cholesky factorization.
W0512 21:10:44.856783 31510 levenberg_marquardt_strategy.cc:115] Linear solver failure. Failed to compute a step: Eigen failure. Unable to perform dense Cholesky factorization.
W0512 21:10:44.857549 31510 levenberg_marquardt_strategy.cc:115] Linear solver failure. Failed to compute a step: Eigen failure. Unable to perform dense Cholesky factorization.
W0512 21:10:44.862042 31510 levenberg_marquardt_strategy.cc:115] Linear solver failure. Failed to compute a step: Eigen failure. Unable to perform dense Cholesky factorization.
W0512 21:10:44.862910 31510 levenberg_marquardt_strategy.cc:115] Linear solver failure. Failed to compute a step: Eigen failure. Unable to perform dense Cholesky factorization.
W0512 21:10:44.867430 31510 levenberg_marquardt_strategy.cc:115] Linear solver failure. Failed to compute a step: Eigen failure. Unable to perform dense Cholesky factorization.
W0512 21:10:44.868311 31510 levenberg_marquardt_strategy.cc:115] Linear solver failure. Failed to compute a step: Eigen failure. Unable to perform dense Cholesky factorization.
W0512 21:10:44.871098 31510 levenberg_marquardt_strategy.cc:115] Linear solver failure. Failed to compute a step: Eigen failure. Unable to perform dense Cholesky factorization.
W0512 21:10:44.873819 31510 levenberg_marquardt_strategy.cc:115] Linear solver failure. Failed to compute a step: Eigen failure. Unable to perform dense Cholesky factorization.
****************** OPTIM CHEIRALITY VIOLATION for 79 points : redoing optim!!
****************** OPTIM CHEIRALITY VIOLATION for 32 points : redoing optim!!
****************** OPTIM CHEIRALITY VIOLATION for 26 points : redoing optim!!
****************** OPTIM CHEIRALITY VIOLATION for 12 points : redoing optim!!
****************** OPTIM CHEIRALITY VIOLATION for 6 points : redoing optim!!
W0512 21:10:45.651877 31510 levenberg_marquardt_strategy.cc:115] Linear solver failure. Failed to compute a step: Eigen failure. Unable to perform dense Cholesky factorization.
W0512 21:10:45.654083 31510 levenberg_marquardt_strategy.cc:115] Linear solver failure. Failed to compute a step: Eigen failure. Unable to perform dense Cholesky factorization.
W0512 21:10:45.656279 31510 levenberg_marquardt_strategy.cc:115] Linear solver failure. Failed to compute a step: Eigen failure. Unable to perform dense Cholesky factorization.
W0512 21:10:45.656958 31510 levenberg_marquardt_strategy.cc:115] Linear solver failure. Failed to compute a step: Eigen failure. Unable to perform dense Cholesky factorization.
W0512 21:10:45.660998 31510 levenberg_marquardt_strategy.cc:115] Linear solver failure. Failed to compute a step: Eigen failure. Unable to perform dense Cholesky factorization.
W0512 21:10:45.661770 31510 levenberg_marquardt_strategy.cc:115] Linear solver failure. Failed to compute a step: Eigen failure. Unable to perform dense Cholesky factorization.
W0512 21:10:45.666024 31510 levenberg_marquardt_strategy.cc:115] Linear solver failure. Failed to compute a step: Eigen failure. Unable to perform dense Cholesky factorization.
W0512 21:10:45.666826 31510 levenberg_marquardt_strategy.cc:115] Linear solver failure. Failed to compute a step: Eigen failure. Unable to perform dense Cholesky factorization.
W0512 21:10:45.669296 31510 levenberg_marquardt_strategy.cc:115] Linear solver failure. Failed to compute a step: Eigen failure. Unable to perform dense Cholesky factorization.
W0512 21:10:45.671677 31510 levenberg_marquardt_strategy.cc:115] Linear solver failure. Failed to compute a step: Eigen failure. Unable to perform dense Cholesky factorization.
W0512 21:10:45.673959 31510 levenberg_marquardt_strategy.cc:115] Linear solver failure. Failed to compute a step: Eigen failure. Unable to perform dense Cholesky factorization.
W0512 21:10:45.674628 31510 levenberg_marquardt_strategy.cc:115] Linear solver failure. Failed to compute a step: Eigen failure. Unable to perform dense Cholesky factorization.
W0512 21:10:45.678411 31510 levenberg_marquardt_strategy.cc:115] Linear solver failure. Failed to compute a step: Eigen failure. Unable to perform dense Cholesky factorization.
W0512 21:10:45.679091 31510 levenberg_marquardt_strategy.cc:115] Linear solver failure. Failed to compute a step: Eigen failure. Unable to perform dense Cholesky factorization.
W0512 21:10:45.681320 31510 levenberg_marquardt_strategy.cc:115] Linear solver failure. Failed to compute a step: Eigen failure. Unable to perform dense Cholesky factorization.
W0512 21:10:45.685125 31510 levenberg_marquardt_strategy.cc:115] Linear solver failure. Failed to compute a step: Eigen failure. Unable to perform dense Cholesky factorization.
W0512 21:10:45.685827 31510 levenberg_marquardt_strategy.cc:115] Linear solver failure. Failed to compute a step: Eigen failure. Unable to perform dense Cholesky factorization.
W0512 21:10:45.688050 31510 levenberg_marquardt_strategy.cc:115] Linear solver failure. Failed to compute a step: Eigen failure. Unable to perform dense Cholesky factorization.
W0512 21:10:45.690246 31510 levenberg_marquardt_strategy.cc:115] Linear solver failure. Failed to compute a step: Eigen failure. Unable to perform dense Cholesky factorization.
W0512 21:10:45.690941 31510 levenberg_marquardt_strategy.cc:115] Linear solver failure. Failed to compute a step: Eigen failure. Unable to perform dense Cholesky factorization.
camera[7]
{
	 r_vec : (-0.0458693, -0.0122434, 0.18245)
	 t_vec : (-0.0345214, -0.0376658, -1.1261)
}
ADDED 77 new points
Using 11 over 13 cameras
1 1 1 1 1 1 1 1 1 0 0 1 1 
****************** OPTIM CHEIRALITY VIOLATION for 6 points : redoing optim!!
camera[11]
{
	 r_vec : (0.159312, -0.0723171, -0.155295)
	 t_vec : (0.108452, 0.223437, -1.33766)
}
ADDED 0 new points
Using 12 over 13 cameras
1 1 1 1 1 1 1 1 1 0 1 1 1 
****************** OPTIM CHEIRALITY VIOLATION for 127 points : redoing optim!!
camera[10]
{
	 r_vec : (-47444.9, 45029.7, 8015.34)
	 t_vec : (-1122.4, -2501.26, -42870.2)
}
Diverged: geometry exploded (max_dist = 214783)
Try to look for a better seed pair
Seed pair (3, 10): inliers E=251 H=59
camera[3]
{
	 r_vec : (0, 0, 0)
	 t_vec : (0, 0, 0)
}
camera[10]
{
	 r_vec : (-0.180853, 0.0287072, -0.0535372)
	 t_vec : (-0.442562, -0.643905, 0.624119)
}
camera[10]
{
	 r_vec : (-0.123816, -0.000808422, -0.0398035)
	 t_vec : (-0.302069, -0.454194, 0.469423)
}
ADDED 509 new points
Using 3 over 13 cameras
0 0 0 1 1 0 0 0 0 0 1 0 0 
camera[4]
{
	 r_vec : (-0.0323961, -0.0390327, 0.0583996)
	 t_vec : (-0.0630695, -0.254906, -0.53123)
}
ADDED 325 new points
Using 4 over 13 cameras
0 0 1 1 1 0 0 0 0 0 1 0 0 
camera[2]
{
	 r_vec : (-0.0687008, -0.0567698, 0.0760614)
	 t_vec : (-0.0307849, -0.288487, -0.598711)
}
ADDED 198 new points
Using 5 over 13 cameras
0 1 1 1 1 0 0 0 0 0 1 0 0 
camera[1]
{
	 r_vec : (-0.0779813, -0.0994044, 0.111083)
	 t_vec : (0.0257821, -0.307149, -0.618503)
}
ADDED 200 new points
Using 6 over 13 cameras
1 1 1 1 1 0 0 0 0 0 1 0 0 
camera[0]
{
	 r_vec : (-0.0732397, -0.128895, 0.124155)
	 t_vec : (0.0781146, -0.309683, -0.853353)
}
ADDED 207 new points
Using 7 over 13 cameras
1 1 1 1 1 1 0 0 0 0 1 0 0 
camera[5]
{
	 r_vec : (-0.0390268, -0.153796, 0.0941811)
	 t_vec : (0.114223, -0.234963, -0.538977)
}
ADDED 112 new points
Using 8 over 13 cameras
1 1 1 1 1 1 1 0 0 0 1 0 0 
camera[6]
{
	 r_vec : (-0.0529166, -0.238007, 0.123535)
	 t_vec : (0.246463, -0.221972, -0.409265)
}
ADDED 61 new points
Using 9 over 13 cameras
1 1 1 1 1 1 1 0 0 0 1 0 1 
****************** OPTIM FOUND 6 OUTLIERS : redoing optim!!
camera[12]
{
	 r_vec : (-0.114677, -0.138299, 0.118724)
	 t_vec : (0.10621, -0.435019, -0.618499)
}
ADDED 124 new points
Using 10 over 13 cameras
1 1 1 1 1 1 1 1 0 0 1 0 1 
camera[7]
{
	 r_vec : (-0.0695791, -0.269009, 0.16661)
	 t_vec : (0.29649, -0.188476, -0.222121)
}
ADDED 129 new points
Using 11 over 13 cameras
1 1 1 1 1 1 1 1 0 0 1 1 1 
****************** OPTIM FOUND 6 OUTLIERS : redoing optim!!
camera[11]
{
	 r_vec : (-0.121522, -0.0451963, 0.0282416)
	 t_vec : (-0.145478, -0.481861, -0.447638)
}
ADDED 113 new points
Using 12 over 13 cameras
1 1 1 1 1 1 1 1 1 0 1 1 1 
camera[8]
{
	 r_vec : (-0.0619831, -0.264977, 0.208824)
	 t_vec : (0.35909, -0.160212, -0.174159)
}
ADDED 89 new points
Using 13 over 13 cameras
1 1 1 1 1 1 1 1 1 1 1 1 1 
****************** OPTIM FOUND 14 OUTLIERS : redoing optim!!
camera[9]
{
	 r_vec : (-0.000449526, 0.0192623, -0.0786675)
	 t_vec : (-0.400614, -0.0855664, -0.0884155)
}
===== FINAL METRICS =====
Registered cameras  : 13 / 13  (success rate 100 %)
Valid 3D points     : 2121
Mean reprojection err: 1.3071 px  (focal = 1296 px)
=========================
Recostruction completed, exiting
