Header: 13 2174 11547
Seed pair (0, 5): inliers E=626 H=260
Forward-dominant motion detected, rejecting.
Try to look for a better seed pair
Seed pair (2, 4): inliers E=453 H=172
Forward-dominant motion detected, rejecting.
Try to look for a better seed pair
Seed pair (3, 4): inliers E=398 H=115
camera[3]
{
	 r_vec : (0, 0, 0)
	 t_vec : (0, 0, 0)
}
camera[4]
{
	 r_vec : (-0.00477374, 0.114493, -0.0193926)
	 t_vec : (-0.977377, -0.0876147, 0.192503)
}
camera[4]
{
	 r_vec : (0.00111807, 0.0892126, -0.016757)
	 t_vec : (-0.835704, -0.0494369, 0.165234)
}
ADDED 0 new points
Using 3 over 13 cameras
0 0 1 1 1 0 0 0 0 0 0 0 0 
****************** OPTIM CHEIRALITY VIOLATION for 320 points : redoing optim!!
camera[2]
{
	 r_vec : (-133.009, -378.324, 309.692)
	 t_vec : (-62.9318, -228.026, -2492.87)
}
Diverged: geometry exploded (max_dist = 12521.2)
Try to look for a better seed pair
Seed pair (0, 1): inliers E=462 H=155
camera[0]
{
	 r_vec : (0, 0, 0)
	 t_vec : (0, 0, 0)
}
camera[1]
{
	 r_vec : (0.0050864, -0.0936195, 0.00481737)
	 t_vec : (0.983215, 0.110345, 0.145303)
}
camera[1]
{
	 r_vec : (0.00468794, -0.089337, 0.00333168)
	 t_vec : (0.940007, 0.106159, 0.12565)
}
ADDED 0 new points
Using 3 over 13 cameras
1 1 0 0 0 1 0 0 0 0 0 0 0 
****************** OPTIM CHEIRALITY VIOLATION for 375 points : redoing optim!!
camera[5]
{
	 r_vec : (0.0130696, 0.230424, 3.12183)
	 t_vec : (0.0480919, -1.12109, -19.4909)
}
ADDED 476 new points
Using 4 over 13 cameras
1 1 1 0 0 1 0 0 0 0 0 0 0 
****************** OPTIM CHEIRALITY VIOLATION for 252 points : redoing optim!!
****************** OPTIM FOUND 7 OUTLIERS : redoing optim!!
camera[2]
{
	 r_vec : (0.0103789, -0.105716, -0.0282482)
	 t_vec : (1.17224, -0.0675229, -0.898983)
}
ADDED 283 new points
Using 5 over 13 cameras
1 1 1 0 1 1 0 0 0 0 0 0 0 
****************** OPTIM CHEIRALITY VIOLATION for 62 points : redoing optim!!
****************** OPTIM FOUND 11 OUTLIERS : redoing optim!!
camera[4]
{
	 r_vec : (0.0245768, -0.117346, -0.0472714)
	 t_vec : (1.42334, -0.166521, -0.460531)
}
ADDED 216 new points
Using 6 over 13 cameras
1 1 1 1 1 1 0 0 0 0 0 0 0 
****************** OPTIM CHEIRALITY VIOLATION for 30 points : redoing optim!!
****************** OPTIM FOUND 8 OUTLIERS : redoing optim!!
camera[3]
{
	 r_vec : (0.0132466, -0.123833, -0.0450888)
	 t_vec : (1.86075, -0.161671, -0.543871)
}
ADDED 64 new points
Using 7 over 13 cameras
1 1 1 1 1 1 0 0 0 0 0 1 0 
****************** OPTIM CHEIRALITY VIOLATION for 15 points : redoing optim!!
****************** OPTIM FOUND 8 OUTLIERS : redoing optim!!
camera[11]
{
	 r_vec : (0.182102, -0.196244, -0.0889913)
	 t_vec : (1.87799, 1.20121, 0.114529)
}
ADDED 107 new points
Using 8 over 13 cameras
1 1 1 1 1 1 0 0 0 0 1 1 0 
camera[10]
{
	 r_vec : (0.140526, -0.312856, -0.128789)
	 t_vec : (2.81016, 0.832981, 0.599143)
}
ADDED 113 new points
Using 9 over 13 cameras
1 1 1 1 1 1 0 0 0 0 1 1 1 
WARNING: Logging before InitGoogleLogging() is written to STDERR
W0512 21:11:57.287091 36090 levenberg_marquardt_strategy.cc:115] Linear solver failure. Failed to compute a step: Eigen failure. Unable to perform dense Cholesky factorization.
W0512 21:11:57.290783 36090 levenberg_marquardt_strategy.cc:115] Linear solver failure. Failed to compute a step: Eigen failure. Unable to perform dense Cholesky factorization.
W0512 21:11:57.291503 36090 levenberg_marquardt_strategy.cc:115] Linear solver failure. Failed to compute a step: Eigen failure. Unable to perform dense Cholesky factorization.
W0512 21:11:57.293663 36090 levenberg_marquardt_strategy.cc:115] Linear solver failure. Failed to compute a step: Eigen failure. Unable to perform dense Cholesky factorization.
W0512 21:11:57.294344 36090 levenberg_marquardt_strategy.cc:115] Linear solver failure. Failed to compute a step: Eigen failure. Unable to perform dense Cholesky factorization.
W0512 21:11:57.296433 36090 levenberg_marquardt_strategy.cc:115] Linear solver failure. Failed to compute a step: Eigen failure. Unable to perform dense Cholesky factorization.
W0512 21:11:57.298626 36090 levenberg_marquardt_strategy.cc:115] Linear solver failure. Failed to compute a step: Eigen failure. Unable to perform dense Cholesky factorization.
W0512 21:11:57.302242 36090 levenberg_marquardt_strategy.cc:115] Linear solver failure. Failed to compute a step: Eigen failure. Unable to perform dense Cholesky factorization.
W0512 21:11:57.302902 36090 levenberg_marquardt_strategy.cc:115] Linear solver failure. Failed to compute a step: Eigen failure. Unable to perform dense Cholesky factorization.
W0512 21:11:57.303543 36090 levenberg_marquardt_strategy.cc:115] Linear solver failure. Failed to compute a step: Eigen failure. Unable to perform dense Cholesky factorization.
W0512 21:11:57.308802 36090 levenberg_marquardt_strategy.cc:115] Linear solver failure. Failed to compute a step: Eigen failure. Unable to perform dense Cholesky factorization.
W0512 21:11:57.310952 36090 levenberg_marquardt_strategy.cc:115] Linear solver failure. Failed to compute a step: Eigen failure. Unable to perform dense Cholesky factorization.
W0512 21:11:57.313097 36090 levenberg_marquardt_strategy.cc:115] Linear solver failure. Failed to compute a step: Eigen failure. Unable to perform dense Cholesky factorization.
W0512 21:11:57.313731 36090 levenberg_marquardt_strategy.cc:115] Linear solver failure. Failed to compute a step: Eigen failure. Unable to perform dense Cholesky factorization.
****************** OPTIM CHEIRALITY VIOLATION for 60 points : redoing optim!!
****************** OPTIM FOUND 11 OUTLIERS : redoing optim!!
camera[12]
{
	 r_vec : (0.132498, -0.02981, 0.0211474)
	 t_vec : (0.277522, 0.983649, -0.510028)
}
ADDED 0 new points
Using 10 over 13 cameras
1 1 1 1 1 1 1 0 0 0 1 1 1 
****************** OPTIM CHEIRALITY VIOLATION for 108 points : redoing optim!!
camera[6]
{
	 r_vec : (-0.631905, 0.0364173, -3.0458)
	 t_vec : (-2.57596, 0.220166, -16.1741)
}
ADDED 21 new points
Using 11 over 13 cameras
1 1 1 1 1 1 1 0 0 1 1 1 1 
camera[9]
{
	 r_vec : (-0.0192745, -0.410759, -0.152902)
	 t_vec : (3.34551, -0.794158, 1.30508)
}
ADDED 0 new points
Using 12 over 13 cameras
1 1 1 1 1 1 1 1 0 1 1 1 1 
****************** OPTIM CHEIRALITY VIOLATION for 13 points : redoing optim!!
camera[7]
{
	 r_vec : (-7.39733, 3.08156, -13.7068)
	 t_vec : (20.7377, -20.9845, -697.655)
}
Diverged: geometry exploded (max_dist = 3498.96)
Try to look for a better seed pair
Seed pair (2, 3): inliers E=405 H=84
camera[2]
{
	 r_vec : (0, 0, 0)
	 t_vec : (0, 0, 0)
}
camera[3]
{
	 r_vec : (-0.00359048, -0.0862827, -0.00274146)
	 t_vec : (0.988161, -0.14196, 0.0581783)
}
camera[3]
{
	 r_vec : (-0.00426409, -0.0735461, -0.00747502)
	 t_vec : (0.902118, -0.142943, 0.0582093)
}
ADDED 0 new points
Using 3 over 13 cameras
0 0 1 1 1 0 0 0 0 0 0 0 0 
****************** OPTIM CHEIRALITY VIOLATION for 320 points : redoing optim!!
camera[4]
{
	 r_vec : (2.09443, -0.0304297, 2.47161)
	 t_vec : (-6.72156, -0.0929517, -8.449)
}
ADDED 0 new points
Using 4 over 13 cameras
0 1 1 1 1 0 0 0 0 0 0 0 0 
****************** OPTIM CHEIRALITY VIOLATION for 37 points : redoing optim!!
camera[1]
{
	 r_vec : (-0.177326, -0.556384, -3.0647)
	 t_vec : (-0.461065, -2.3163, -12.4603)
}
ADDED 0 new points
Using 5 over 13 cameras
0 1 1 1 1 0 0 0 0 0 1 0 0 
****************** OPTIM CHEIRALITY VIOLATION for 11 points : redoing optim!!
camera[10]
{
	 r_vec : (112.837, 36.1664, -166.453)
	 t_vec : (-84.597, -170.354, -2196.43)
}
Diverged: geometry exploded (max_dist = 11023.7)
Try to look for a better seed pair
Seed pair (1, 2): inliers E=437 H=99
Seed pair rejected: poor triangulation, only 3 valid points.
Try to look for a better seed pair
Seed pair (1, 4): inliers E=404 H=97
camera[1]
{
	 r_vec : (0, 0, 0)
	 t_vec : (0, 0, 0)
}
camera[4]
{
	 r_vec : (0.00957074, -0.0813247, -0.0429348)
	 t_vec : (0.949434, -0.240589, 0.20172)
}
camera[4]
{
	 r_vec : (0.00927736, -0.0841446, -0.0424812)
	 t_vec : (0.971783, -0.244439, 0.209526)
}
ADDED 619 new points
Using 3 over 13 cameras
0 1 1 0 1 0 0 0 0 0 0 0 0 
****************** OPTIM FOUND 30 OUTLIERS : redoing optim!!
camera[2]
{
	 r_vec : (0.00582264, -0.0568154, -0.0211573)
	 t_vec : (0.670225, -0.0314445, 0.00264326)
}
ADDED 266 new points
Using 4 over 13 cameras
0 1 1 1 1 0 0 0 0 0 0 0 0 
****************** OPTIM FOUND 23 OUTLIERS : redoing optim!!
camera[3]
{
	 r_vec : (-0.00138418, -0.0944468, -0.0404235)
	 t_vec : (1.40586, -0.228509, 0.0654053)
}
ADDED 38 new points
Using 5 over 13 cameras
1 1 1 1 1 0 0 0 0 0 0 0 0 
****************** OPTIM CHEIRALITY VIOLATION for 415 points : redoing optim!!
****************** OPTIM CHEIRALITY VIOLATION for 90 points : redoing optim!!
****************** OPTIM CHEIRALITY VIOLATION for 44 points : redoing optim!!
W0512 21:11:58.165187 36090 levenberg_marquardt_strategy.cc:115] Linear solver failure. Failed to compute a step: Eigen failure. Unable to perform dense Cholesky factorization.
W0512 21:11:58.165808 36090 levenberg_marquardt_strategy.cc:115] Linear solver failure. Failed to compute a step: Eigen failure. Unable to perform dense Cholesky factorization.
W0512 21:11:58.169114 36090 levenberg_marquardt_strategy.cc:115] Linear solver failure. Failed to compute a step: Eigen failure. Unable to perform dense Cholesky factorization.
W0512 21:11:58.169684 36090 levenberg_marquardt_strategy.cc:115] Linear solver failure. Failed to compute a step: Eigen failure. Unable to perform dense Cholesky factorization.
W0512 21:11:58.171497 36090 levenberg_marquardt_strategy.cc:115] Linear solver failure. Failed to compute a step: Eigen failure. Unable to perform dense Cholesky factorization.
W0512 21:11:58.173377 36090 levenberg_marquardt_strategy.cc:115] Linear solver failure. Failed to compute a step: Eigen failure. Unable to perform dense Cholesky factorization.
W0512 21:11:58.175122 36090 levenberg_marquardt_strategy.cc:115] Linear solver failure. Failed to compute a step: Eigen failure. Unable to perform dense Cholesky factorization.
W0512 21:11:58.176867 36090 levenberg_marquardt_strategy.cc:115] Linear solver failure. Failed to compute a step: Eigen failure. Unable to perform dense Cholesky factorization.
W0512 21:11:58.177405 36090 levenberg_marquardt_strategy.cc:115] Linear solver failure. Failed to compute a step: Eigen failure. Unable to perform dense Cholesky factorization.
****************** OPTIM CHEIRALITY VIOLATION for 20 points : redoing optim!!
W0512 21:11:58.246974 36090 levenberg_marquardt_strategy.cc:115] Linear solver failure. Failed to compute a step: Eigen failure. Unable to perform dense Cholesky factorization.
W0512 21:11:58.249397 36090 levenberg_marquardt_strategy.cc:115] Linear solver failure. Failed to compute a step: Eigen failure. Unable to perform dense Cholesky factorization.
W0512 21:11:58.251592 36090 levenberg_marquardt_strategy.cc:115] Linear solver failure. Failed to compute a step: Eigen failure. Unable to perform dense Cholesky factorization.
W0512 21:11:58.253402 36090 levenberg_marquardt_strategy.cc:115] Linear solver failure. Failed to compute a step: Eigen failure. Unable to perform dense Cholesky factorization.
W0512 21:11:58.253970 36090 levenberg_marquardt_strategy.cc:115] Linear solver failure. Failed to compute a step: Eigen failure. Unable to perform dense Cholesky factorization.
W0512 21:11:58.255722 36090 levenberg_marquardt_strategy.cc:115] Linear solver failure. Failed to compute a step: Eigen failure. Unable to perform dense Cholesky factorization.
W0512 21:11:58.257470 36090 levenberg_marquardt_strategy.cc:115] Linear solver failure. Failed to compute a step: Eigen failure. Unable to perform dense Cholesky factorization.
W0512 21:11:58.258005 36090 levenberg_marquardt_strategy.cc:115] Linear solver failure. Failed to compute a step: Eigen failure. Unable to perform dense Cholesky factorization.
****************** OPTIM CHEIRALITY VIOLATION for 14 points : redoing optim!!
W0512 21:11:58.420607 36090 levenberg_marquardt_strategy.cc:115] Linear solver failure. Failed to compute a step: Eigen failure. Unable to perform dense Cholesky factorization.
W0512 21:11:58.445637 36090 levenberg_marquardt_strategy.cc:115] Linear solver failure. Failed to compute a step: Eigen failure. Unable to perform dense Cholesky factorization.
W0512 21:11:58.447844 36090 levenberg_marquardt_strategy.cc:115] Linear solver failure. Failed to compute a step: Eigen failure. Unable to perform dense Cholesky factorization.
W0512 21:11:58.450024 36090 levenberg_marquardt_strategy.cc:115] Linear solver failure. Failed to compute a step: Eigen failure. Unable to perform dense Cholesky factorization.
W0512 21:11:58.450659 36090 levenberg_marquardt_strategy.cc:115] Linear solver failure. Failed to compute a step: Eigen failure. Unable to perform dense Cholesky factorization.
W0512 21:11:58.452476 36090 levenberg_marquardt_strategy.cc:115] Linear solver failure. Failed to compute a step: Eigen failure. Unable to perform dense Cholesky factorization.
W0512 21:11:58.454131 36090 levenberg_marquardt_strategy.cc:115] Linear solver failure. Failed to compute a step: Eigen failure. Unable to perform dense Cholesky factorization.
W0512 21:11:58.455799 36090 levenberg_marquardt_strategy.cc:115] Linear solver failure. Failed to compute a step: Eigen failure. Unable to perform dense Cholesky factorization.
W0512 21:11:58.456348 36090 levenberg_marquardt_strategy.cc:115] Linear solver failure. Failed to compute a step: Eigen failure. Unable to perform dense Cholesky factorization.
****************** OPTIM CHEIRALITY VIOLATION for 7 points : redoing optim!!
****************** OPTIM CHEIRALITY VIOLATION for 21 points : redoing optim!!
W0512 21:11:58.678539 36090 levenberg_marquardt_strategy.cc:115] Linear solver failure. Failed to compute a step: Eigen failure. Unable to perform dense Cholesky factorization.
W0512 21:11:58.680322 36090 levenberg_marquardt_strategy.cc:115] Linear solver failure. Failed to compute a step: Eigen failure. Unable to perform dense Cholesky factorization.
W0512 21:11:58.682156 36090 levenberg_marquardt_strategy.cc:115] Linear solver failure. Failed to compute a step: Eigen failure. Unable to perform dense Cholesky factorization.
W0512 21:11:58.683961 36090 levenberg_marquardt_strategy.cc:115] Linear solver failure. Failed to compute a step: Eigen failure. Unable to perform dense Cholesky factorization.
W0512 21:11:58.685735 36090 levenberg_marquardt_strategy.cc:115] Linear solver failure. Failed to compute a step: Eigen failure. Unable to perform dense Cholesky factorization.
W0512 21:11:58.687418 36090 levenberg_marquardt_strategy.cc:115] Linear solver failure. Failed to compute a step: Eigen failure. Unable to perform dense Cholesky factorization.
W0512 21:11:58.687963 36090 levenberg_marquardt_strategy.cc:115] Linear solver failure. Failed to compute a step: Eigen failure. Unable to perform dense Cholesky factorization.
W0512 21:11:58.689672 36090 levenberg_marquardt_strategy.cc:115] Linear solver failure. Failed to compute a step: Eigen failure. Unable to perform dense Cholesky factorization.
W0512 21:11:58.691426 36090 levenberg_marquardt_strategy.cc:115] Linear solver failure. Failed to compute a step: Eigen failure. Unable to perform dense Cholesky factorization.
W0512 21:11:58.693226 36090 levenberg_marquardt_strategy.cc:115] Linear solver failure. Failed to compute a step: Eigen failure. Unable to perform dense Cholesky factorization.
W0512 21:11:58.693794 36090 levenberg_marquardt_strategy.cc:115] Linear solver failure. Failed to compute a step: Eigen failure. Unable to perform dense Cholesky factorization.
camera[0]
{
	 r_vec : (0.0152454, -0.101283, 0.0097944)
	 t_vec : (0.667758, -0.326395, -4.44739)
}
ADDED 83 new points
Using 6 over 13 cameras
1 1 1 1 1 0 0 0 0 0 0 1 0 
W0512 21:11:58.730638 36090 levenberg_marquardt_strategy.cc:115] Linear solver failure. Failed to compute a step: Eigen failure. Unable to perform dense Cholesky factorization.
****************** OPTIM FOUND 12 OUTLIERS : redoing optim!!
W0512 21:11:58.766316 36090 levenberg_marquardt_strategy.cc:115] Linear solver failure. Failed to compute a step: Eigen failure. Unable to perform dense Cholesky factorization.
camera[11]
{
	 r_vec : (0.156386, -0.226898, -0.0944824)
	 t_vec : (1.33845, 0.333125, -4.25102)
}
ADDED 304 new points
Using 7 over 13 cameras
1 1 1 1 1 1 0 0 0 0 0 1 0 
W0512 21:11:58.796277 36090 levenberg_marquardt_strategy.cc:115] Linear solver failure. Failed to compute a step: Eigen failure. Unable to perform dense Cholesky factorization.
W0512 21:11:58.797183 36090 levenberg_marquardt_strategy.cc:115] Linear solver failure. Failed to compute a step: Eigen failure. Unable to perform dense Cholesky factorization.
W0512 21:11:58.800134 36090 levenberg_marquardt_strategy.cc:115] Linear solver failure. Failed to compute a step: Eigen failure. Unable to perform dense Cholesky factorization.
W0512 21:11:58.801064 36090 levenberg_marquardt_strategy.cc:115] Linear solver failure. Failed to compute a step: Eigen failure. Unable to perform dense Cholesky factorization.
W0512 21:11:58.805928 36090 levenberg_marquardt_strategy.cc:115] Linear solver failure. Failed to compute a step: Eigen failure. Unable to perform dense Cholesky factorization.
W0512 21:11:58.806838 36090 levenberg_marquardt_strategy.cc:115] Linear solver failure. Failed to compute a step: Eigen failure. Unable to perform dense Cholesky factorization.
****************** OPTIM FOUND 12 OUTLIERS : redoing optim!!
camera[5]
{
	 r_vec : (0.0376471, -0.108629, -5.27287e-05)
	 t_vec : (0.691401, -0.234674, -4.39379)
}
ADDED 74 new points
Using 8 over 13 cameras
1 1 1 1 1 1 0 0 0 0 0 1 1 
W0512 21:11:58.861227 36090 levenberg_marquardt_strategy.cc:115] Linear solver failure. Failed to compute a step: Eigen failure. Unable to perform dense Cholesky factorization.
W0512 21:11:58.863914 36090 levenberg_marquardt_strategy.cc:115] Linear solver failure. Failed to compute a step: Eigen failure. Unable to perform dense Cholesky factorization.
W0512 21:11:58.864746 36090 levenberg_marquardt_strategy.cc:115] Linear solver failure. Failed to compute a step: Eigen failure. Unable to perform dense Cholesky factorization.
****************** OPTIM FOUND 9 OUTLIERS : redoing optim!!
W0512 21:11:58.895255 36090 levenberg_marquardt_strategy.cc:115] Linear solver failure. Failed to compute a step: Eigen failure. Unable to perform dense Cholesky factorization.
W0512 21:11:58.896088 36090 levenberg_marquardt_strategy.cc:115] Linear solver failure. Failed to compute a step: Eigen failure. Unable to perform dense Cholesky factorization.
camera[12]
{
	 r_vec : (0.12768, -0.101572, 0.0166182)
	 t_vec : (0.664946, 0.266948, -4.42638)
}
ADDED 73 new points
Using 9 over 13 cameras
1 1 1 1 1 1 1 0 0 0 0 1 1 
****************** OPTIM FOUND 7 OUTLIERS : redoing optim!!
camera[6]
{
	 r_vec : (0.0172234, -0.0710801, 0.0293943)
	 t_vec : (0.462367, -0.320249, -4.39915)
}
ADDED 101 new points
Using 10 over 13 cameras
1 1 1 1 1 1 1 0 0 0 1 1 1 
camera[10]
{
	 r_vec : (0.122759, -0.362048, -0.135007)
	 t_vec : (1.99279, 0.0744648, -4.02229)
}
ADDED 63 new points
Using 11 over 13 cameras
1 1 1 1 1 1 1 1 0 0 1 1 1 
W0512 21:11:59.023826 36090 levenberg_marquardt_strategy.cc:115] Linear solver failure. Failed to compute a step: Eigen failure. Unable to perform dense Cholesky factorization.
W0512 21:11:59.028482 36090 levenberg_marquardt_strategy.cc:115] Linear solver failure. Failed to compute a step: Eigen failure. Unable to perform dense Cholesky factorization.
W0512 21:11:59.029739 36090 levenberg_marquardt_strategy.cc:115] Linear solver failure. Failed to compute a step: Eigen failure. Unable to perform dense Cholesky factorization.
W0512 21:11:59.036721 36090 levenberg_marquardt_strategy.cc:115] Linear solver failure. Failed to compute a step: Eigen failure. Unable to perform dense Cholesky factorization.
W0512 21:11:59.037899 36090 levenberg_marquardt_strategy.cc:115] Linear solver failure. Failed to compute a step: Eigen failure. Unable to perform dense Cholesky factorization.
W0512 21:11:59.041712 36090 levenberg_marquardt_strategy.cc:115] Linear solver failure. Failed to compute a step: Eigen failure. Unable to perform dense Cholesky factorization.
W0512 21:11:59.045224 36090 levenberg_marquardt_strategy.cc:115] Linear solver failure. Failed to compute a step: Eigen failure. Unable to perform dense Cholesky factorization.
W0512 21:11:59.048571 36090 levenberg_marquardt_strategy.cc:115] Linear solver failure. Failed to compute a step: Eigen failure. Unable to perform dense Cholesky factorization.
W0512 21:11:59.052273 36090 levenberg_marquardt_strategy.cc:115] Linear solver failure. Failed to compute a step: Eigen failure. Unable to perform dense Cholesky factorization.
W0512 21:11:59.053351 36090 levenberg_marquardt_strategy.cc:115] Linear solver failure. Failed to compute a step: Eigen failure. Unable to perform dense Cholesky factorization.
W0512 21:11:59.056977 36090 levenberg_marquardt_strategy.cc:115] Linear solver failure. Failed to compute a step: Eigen failure. Unable to perform dense Cholesky factorization.
W0512 21:11:59.060559 36090 levenberg_marquardt_strategy.cc:115] Linear solver failure. Failed to compute a step: Eigen failure. Unable to perform dense Cholesky factorization.
W0512 21:11:59.061606 36090 levenberg_marquardt_strategy.cc:115] Linear solver failure. Failed to compute a step: Eigen failure. Unable to perform dense Cholesky factorization.
W0512 21:11:59.067526 36090 levenberg_marquardt_strategy.cc:115] Linear solver failure. Failed to compute a step: Eigen failure. Unable to perform dense Cholesky factorization.
W0512 21:11:59.068668 36090 levenberg_marquardt_strategy.cc:115] Linear solver failure. Failed to compute a step: Eigen failure. Unable to perform dense Cholesky factorization.
W0512 21:11:59.075209 36090 levenberg_marquardt_strategy.cc:115] Linear solver failure. Failed to compute a step: Eigen failure. Unable to perform dense Cholesky factorization.
W0512 21:11:59.076300 36090 levenberg_marquardt_strategy.cc:115] Linear solver failure. Failed to compute a step: Eigen failure. Unable to perform dense Cholesky factorization.
W0512 21:11:59.080451 36090 levenberg_marquardt_strategy.cc:115] Linear solver failure. Failed to compute a step: Eigen failure. Unable to perform dense Cholesky factorization.
W0512 21:11:59.086495 36090 levenberg_marquardt_strategy.cc:115] Linear solver failure. Failed to compute a step: Eigen failure. Unable to perform dense Cholesky factorization.
W0512 21:11:59.087540 36090 levenberg_marquardt_strategy.cc:115] Linear solver failure. Failed to compute a step: Eigen failure. Unable to perform dense Cholesky factorization.
W0512 21:11:59.090937 36090 levenberg_marquardt_strategy.cc:115] Linear solver failure. Failed to compute a step: Eigen failure. Unable to perform dense Cholesky factorization.
W0512 21:11:59.091853 36090 levenberg_marquardt_strategy.cc:115] Linear solver failure. Failed to compute a step: Eigen failure. Unable to perform dense Cholesky factorization.
W0512 21:11:59.097779 36090 levenberg_marquardt_strategy.cc:115] Linear solver failure. Failed to compute a step: Eigen failure. Unable to perform dense Cholesky factorization.
W0512 21:11:59.098923 36090 levenberg_marquardt_strategy.cc:115] Linear solver failure. Failed to compute a step: Eigen failure. Unable to perform dense Cholesky factorization.
W0512 21:11:59.105265 36090 levenberg_marquardt_strategy.cc:115] Linear solver failure. Failed to compute a step: Eigen failure. Unable to perform dense Cholesky factorization.
W0512 21:11:59.108923 36090 levenberg_marquardt_strategy.cc:115] Linear solver failure. Failed to compute a step: Eigen failure. Unable to perform dense Cholesky factorization.
W0512 21:11:59.109972 36090 levenberg_marquardt_strategy.cc:115] Linear solver failure. Failed to compute a step: Eigen failure. Unable to perform dense Cholesky factorization.
W0512 21:11:59.113260 36090 levenberg_marquardt_strategy.cc:115] Linear solver failure. Failed to compute a step: Eigen failure. Unable to perform dense Cholesky factorization.
W0512 21:11:59.116506 36090 levenberg_marquardt_strategy.cc:115] Linear solver failure. Failed to compute a step: Eigen failure. Unable to perform dense Cholesky factorization.
W0512 21:11:59.119887 36090 levenberg_marquardt_strategy.cc:115] Linear solver failure. Failed to compute a step: Eigen failure. Unable to perform dense Cholesky factorization.
W0512 21:11:59.120931 36090 levenberg_marquardt_strategy.cc:115] Linear solver failure. Failed to compute a step: Eigen failure. Unable to perform dense Cholesky factorization.
W0512 21:11:59.124599 36090 levenberg_marquardt_strategy.cc:115] Linear solver failure. Failed to compute a step: Eigen failure. Unable to perform dense Cholesky factorization.
W0512 21:11:59.128057 36090 levenberg_marquardt_strategy.cc:115] Linear solver failure. Failed to compute a step: Eigen failure. Unable to perform dense Cholesky factorization.
W0512 21:11:59.131573 36090 levenberg_marquardt_strategy.cc:115] Linear solver failure. Failed to compute a step: Eigen failure. Unable to perform dense Cholesky factorization.
W0512 21:11:59.135728 36090 levenberg_marquardt_strategy.cc:115] Linear solver failure. Failed to compute a step: Eigen failure. Unable to perform dense Cholesky factorization.
W0512 21:11:59.136996 36090 levenberg_marquardt_strategy.cc:115] Linear solver failure. Failed to compute a step: Eigen failure. Unable to perform dense Cholesky factorization.
W0512 21:11:59.140916 36090 levenberg_marquardt_strategy.cc:115] Linear solver failure. Failed to compute a step: Eigen failure. Unable to perform dense Cholesky factorization.
W0512 21:11:59.145097 36090 levenberg_marquardt_strategy.cc:115] Linear solver failure. Failed to compute a step: Eigen failure. Unable to perform dense Cholesky factorization.
W0512 21:11:59.146237 36090 levenberg_marquardt_strategy.cc:115] Linear solver failure. Failed to compute a step: Eigen failure. Unable to perform dense Cholesky factorization.
W0512 21:11:59.152472 36090 levenberg_marquardt_strategy.cc:115] Linear solver failure. Failed to compute a step: Eigen failure. Unable to perform dense Cholesky factorization.
W0512 21:11:59.153430 36090 levenberg_marquardt_strategy.cc:115] Linear solver failure. Failed to compute a step: Eigen failure. Unable to perform dense Cholesky factorization.
W0512 21:11:59.159366 36090 levenberg_marquardt_strategy.cc:115] Linear solver failure. Failed to compute a step: Eigen failure. Unable to perform dense Cholesky factorization.
W0512 21:11:59.160465 36090 levenberg_marquardt_strategy.cc:115] Linear solver failure. Failed to compute a step: Eigen failure. Unable to perform dense Cholesky factorization.
W0512 21:11:59.166877 36090 levenberg_marquardt_strategy.cc:115] Linear solver failure. Failed to compute a step: Eigen failure. Unable to perform dense Cholesky factorization.
W0512 21:11:59.167882 36090 levenberg_marquardt_strategy.cc:115] Linear solver failure. Failed to compute a step: Eigen failure. Unable to perform dense Cholesky factorization.
camera[7]
{
	 r_vec : (-0.0106559, -0.0135419, 0.0740129)
	 t_vec : (0.165388, -0.441856, -4.37332)
}
ADDED 87 new points
Using 12 over 13 cameras
1 1 1 1 1 1 1 1 1 0 1 1 1 
camera[8]
{
	 r_vec : (-0.0140188, 0.138602, 0.108935)
	 t_vec : (-0.588251, -0.495807, -4.33465)
}
ADDED 0 new points
Using 13 over 13 cameras
1 1 1 1 1 1 1 1 1 1 1 1 1 
****************** OPTIM CHEIRALITY VIOLATION for 82 points : redoing optim!!
camera[9]
{
	 r_vec : (3.50068, -7.67378, 4.76482)
	 t_vec : (-2.83, 3.21809, 0.904252)
}
===== FINAL METRICS =====
Registered cameras  : 13 / 13  (success rate 100 %)
Valid 3D points     : 1279
Mean reprojection err: 2.37995 px  (focal = 1296 px)
=========================
Recostruction completed, exiting
