Header: 15 6367 27941
Seed pair (12, 14): inliers E=1053 H=120
camera[12]
{
	 r_vec : (0, 0, 0)
	 t_vec : (0, 0, 0)
}
camera[14]
{
	 r_vec : (-0.000699126, 0.0237821, 0.00802447)
	 t_vec : (-0.99925, 0.0305355, -0.0238207)
}
****************** OPTIM FOUND 13 OUTLIERS : redoing optim!!
camera[14]
{
	 r_vec : (-0.000955729, 0.0183624, 0.00781814)
	 t_vec : (-0.908417, 0.024724, -0.038196)
}
ADDED 135 new points
Using 3 over 15 cameras
0 0 0 0 0 0 0 0 0 0 0 0 1 1 1 
****************** OPTIM CHEIRALITY VIOLATION for 12 points : redoing optim!!
****************** OPTIM CHEIRALITY VIOLATION for 6 points : redoing optim!!
****************** OPTIM FOUND 14 OUTLIERS : redoing optim!!
camera[13]
{
	 r_vec : (0.0347741, -0.0456324, 0.00189066)
	 t_vec : (0.210601, -0.233455, -2.72347)
}
ADDED 0 new points
Using 4 over 15 cameras
0 0 0 0 0 0 1 0 0 0 0 0 1 1 1 
****************** OPTIM CHEIRALITY VIOLATION for 9 points : redoing optim!!
camera[6]
{
	 r_vec : (-0.725939, 1.0228, 2.76657)
	 t_vec : (3.46258, -6.58331, -14.9417)
}
ADDED 191 new points
Using 5 over 15 cameras
0 0 0 0 0 0 1 0 1 0 0 0 1 1 1 
****************** OPTIM CHEIRALITY VIOLATION for 78 points : redoing optim!!
WARNING: Logging before InitGoogleLogging() is written to STDERR
W0512 21:07:51.491998 28516 levenberg_marquardt_strategy.cc:115] Linear solver failure. Failed to compute a step: Eigen failure. Unable to perform dense Cholesky factorization.
camera[8]
{
	 r_vec : (0.107465, 0.0411723, 0.0998513)
	 t_vec : (-0.0959501, 0.990263, -3.84395)
}
ADDED 785 new points
Using 6 over 15 cameras
0 0 0 0 0 0 1 1 1 0 0 0 1 1 1 
****************** OPTIM CHEIRALITY VIOLATION for 497 points : redoing optim!!
****************** OPTIM FOUND 31 OUTLIERS : redoing optim!!
****************** OPTIM CHEIRALITY VIOLATION for 10 points : redoing optim!!
camera[7]
{
	 r_vec : (0.0158305, 0.0797701, 0.0548315)
	 t_vec : (-0.408856, 0.48384, -3.27525)
}
Diverged: geometry exploded (max_dist = 200.919)
Try to look for a better seed pair
Seed pair (12, 13): inliers E=735 H=72
camera[12]
{
	 r_vec : (0, 0, 0)
	 t_vec : (0, 0, 0)
}
camera[13]
{
	 r_vec : (-0.0194103, -0.0602788, 0.0135262)
	 t_vec : (0.246622, -0.962516, -0.112871)
}
****************** OPTIM FOUND 11 OUTLIERS : redoing optim!!
camera[13]
{
	 r_vec : (-0.017509, -0.0587393, 0.0133348)
	 t_vec : (0.231127, -0.938292, -0.123068)
}
ADDED 1476 new points
Using 3 over 15 cameras
0 0 0 0 0 0 0 0 0 0 0 0 1 1 1 
****************** OPTIM FOUND 40 OUTLIERS : redoing optim!!
camera[14]
{
	 r_vec : (-0.00199285, -0.00477839, 0.00813659)
	 t_vec : (-0.450107, 0.0151912, 0.00676601)
}
ADDED 0 new points
Using 4 over 15 cameras
0 0 0 0 0 0 0 1 0 0 0 0 1 1 1 
****************** OPTIM CHEIRALITY VIOLATION for 15 points : redoing optim!!
camera[7]
{
	 r_vec : (-0.806017, -1.69108, -2.5744)
	 t_vec : (-4.36091, -8.60059, -14.1283)
}
ADDED 284 new points
Using 5 over 15 cameras
0 0 0 0 0 0 0 1 1 0 0 0 1 1 1 
****************** OPTIM CHEIRALITY VIOLATION for 98 points : redoing optim!!
****************** OPTIM CHEIRALITY VIOLATION for 11 points : redoing optim!!
camera[8]
{
	 r_vec : (-0.0124552, -0.0267995, 0.0847396)
	 t_vec : (1.10475, -4.03136, 19.9876)
}
ADDED 464 new points
Using 6 over 15 cameras
0 0 0 0 0 0 0 1 1 1 0 0 1 1 1 
****************** OPTIM FOUND 18 OUTLIERS : redoing optim!!
camera[9]
{
	 r_vec : (-0.0352468, -0.0366546, 0.0728405)
	 t_vec : (9.6855, -3.01672, 19.977)
}
ADDED 535 new points
Using 7 over 15 cameras
0 0 0 0 0 0 1 1 1 1 0 0 1 1 1 
****************** OPTIM FOUND 13 OUTLIERS : redoing optim!!
camera[6]
{
	 r_vec : (-0.01468, -0.0616229, 0.0380348)
	 t_vec : (9.1843, 1.40252, 24.4879)
}
Diverged: geometry exploded (max_dist = 103.621)
Try to look for a better seed pair
Seed pair (13, 14): inliers E=668 H=69
camera[13]
{
	 r_vec : (0, 0, 0)
	 t_vec : (0, 0, 0)
}
camera[14]
{
	 r_vec : (0.0111912, 0.0511989, -0.00737411)
	 t_vec : (-0.56885, 0.821553, 0.0382121)
}
W0512 21:07:52.330494 28516 levenberg_marquardt_strategy.cc:115] Linear solver failure. Failed to compute a step: Eigen failure. Unable to perform dense Cholesky factorization.
W0512 21:07:52.331014 28516 levenberg_marquardt_strategy.cc:115] Linear solver failure. Failed to compute a step: Eigen failure. Unable to perform dense Cholesky factorization.
W0512 21:07:52.333361 28516 levenberg_marquardt_strategy.cc:115] Linear solver failure. Failed to compute a step: Eigen failure. Unable to perform dense Cholesky factorization.
W0512 21:07:52.333846 28516 levenberg_marquardt_strategy.cc:115] Linear solver failure. Failed to compute a step: Eigen failure. Unable to perform dense Cholesky factorization.
W0512 21:07:52.336213 28516 levenberg_marquardt_strategy.cc:115] Linear solver failure. Failed to compute a step: Eigen failure. Unable to perform dense Cholesky factorization.
W0512 21:07:52.336724 28516 levenberg_marquardt_strategy.cc:115] Linear solver failure. Failed to compute a step: Eigen failure. Unable to perform dense Cholesky factorization.
W0512 21:07:52.339206 28516 levenberg_marquardt_strategy.cc:115] Linear solver failure. Failed to compute a step: Eigen failure. Unable to perform dense Cholesky factorization.
W0512 21:07:52.339711 28516 levenberg_marquardt_strategy.cc:115] Linear solver failure. Failed to compute a step: Eigen failure. Unable to perform dense Cholesky factorization.
W0512 21:07:52.342170 28516 levenberg_marquardt_strategy.cc:115] Linear solver failure. Failed to compute a step: Eigen failure. Unable to perform dense Cholesky factorization.
W0512 21:07:52.342664 28516 levenberg_marquardt_strategy.cc:115] Linear solver failure. Failed to compute a step: Eigen failure. Unable to perform dense Cholesky factorization.
W0512 21:07:52.344146 28516 levenberg_marquardt_strategy.cc:115] Linear solver failure. Failed to compute a step: Eigen failure. Unable to perform dense Cholesky factorization.
W0512 21:07:52.345611 28516 levenberg_marquardt_strategy.cc:115] Linear solver failure. Failed to compute a step: Eigen failure. Unable to perform dense Cholesky factorization.
W0512 21:07:52.346120 28516 levenberg_marquardt_strategy.cc:115] Linear solver failure. Failed to compute a step: Eigen failure. Unable to perform dense Cholesky factorization.
W0512 21:07:52.349593 28516 levenberg_marquardt_strategy.cc:115] Linear solver failure. Failed to compute a step: Eigen failure. Unable to perform dense Cholesky factorization.
W0512 21:07:52.350095 28516 levenberg_marquardt_strategy.cc:115] Linear solver failure. Failed to compute a step: Eigen failure. Unable to perform dense Cholesky factorization.
W0512 21:07:52.351497 28516 levenberg_marquardt_strategy.cc:115] Linear solver failure. Failed to compute a step: Eigen failure. Unable to perform dense Cholesky factorization.
camera[14]
{
	 r_vec : (0.0115787, 0.0518137, -0.00425487)
	 t_vec : (-0.575695, 0.828805, 0.0559473)
}
ADDED 1570 new points
Using 3 over 15 cameras
0 0 0 0 0 0 0 0 0 0 0 0 1 1 1 
****************** OPTIM FOUND 47 OUTLIERS : redoing optim!!
camera[12]
{
	 r_vec : (0.0139216, 0.0545873, -0.0117868)
	 t_vec : (-0.137918, 0.816138, 0.13272)
}
ADDED 0 new points
Using 4 over 15 cameras
0 0 0 0 0 0 0 1 0 0 0 0 1 1 1 
****************** OPTIM CHEIRALITY VIOLATION for 84 points : redoing optim!!
camera[7]
{
	 r_vec : (-1.08526, -2.062, -1.97767)
	 t_vec : (-3.91205, -8.58408, -7.91124)
}
ADDED 0 new points
Using 5 over 15 cameras
0 0 0 0 0 0 0 1 1 0 0 0 1 1 1 
****************** OPTIM CHEIRALITY VIOLATION for 26 points : redoing optim!!
camera[8]
{
	 r_vec : (0.887906, 0.0186619, -3.00069)
	 t_vec : (4.72064, 0.157346, -17.7745)
}
Diverged: geometry exploded (max_dist = 110.911)
Try to look for a better seed pair
Seed pair (6, 9): inliers E=682 H=77
camera[6]
{
	 r_vec : (0, 0, 0)
	 t_vec : (0, 0, 0)
}
camera[9]
{
	 r_vec : (-0.0257164, 0.0173283, 0.0277524)
	 t_vec : (0.0931023, -0.811867, -0.576371)
}
****************** OPTIM FOUND 6 OUTLIERS : redoing optim!!
camera[9]
{
	 r_vec : (-0.0270482, 0.0169616, 0.0277198)
	 t_vec : (0.0965872, -0.834428, -0.573155)
}
ADDED 861 new points
Using 3 over 15 cameras
0 0 0 0 0 0 1 1 0 1 0 0 0 0 0 
W0512 21:07:52.738979 28516 levenberg_marquardt_strategy.cc:115] Linear solver failure. Failed to compute a step: Eigen failure. Unable to perform dense Cholesky factorization.
W0512 21:07:52.740329 28516 levenberg_marquardt_strategy.cc:115] Linear solver failure. Failed to compute a step: Eigen failure. Unable to perform dense Cholesky factorization.
W0512 21:07:52.744305 28516 levenberg_marquardt_strategy.cc:115] Linear solver failure. Failed to compute a step: Eigen failure. Unable to perform dense Cholesky factorization.
W0512 21:07:52.748198 28516 levenberg_marquardt_strategy.cc:115] Linear solver failure. Failed to compute a step: Eigen failure. Unable to perform dense Cholesky factorization.
W0512 21:07:52.752104 28516 levenberg_marquardt_strategy.cc:115] Linear solver failure. Failed to compute a step: Eigen failure. Unable to perform dense Cholesky factorization.
W0512 21:07:52.753401 28516 levenberg_marquardt_strategy.cc:115] Linear solver failure. Failed to compute a step: Eigen failure. Unable to perform dense Cholesky factorization.
W0512 21:07:52.757464 28516 levenberg_marquardt_strategy.cc:115] Linear solver failure. Failed to compute a step: Eigen failure. Unable to perform dense Cholesky factorization.
W0512 21:07:52.761528 28516 levenberg_marquardt_strategy.cc:115] Linear solver failure. Failed to compute a step: Eigen failure. Unable to perform dense Cholesky factorization.
W0512 21:07:52.765884 28516 levenberg_marquardt_strategy.cc:115] Linear solver failure. Failed to compute a step: Eigen failure. Unable to perform dense Cholesky factorization.
W0512 21:07:52.767282 28516 levenberg_marquardt_strategy.cc:115] Linear solver failure. Failed to compute a step: Eigen failure. Unable to perform dense Cholesky factorization.
W0512 21:07:52.771878 28516 levenberg_marquardt_strategy.cc:115] Linear solver failure. Failed to compute a step: Eigen failure. Unable to perform dense Cholesky factorization.
W0512 21:07:52.779349 28516 levenberg_marquardt_strategy.cc:115] Linear solver failure. Failed to compute a step: Eigen failure. Unable to perform dense Cholesky factorization.
W0512 21:07:52.780721 28516 levenberg_marquardt_strategy.cc:115] Linear solver failure. Failed to compute a step: Eigen failure. Unable to perform dense Cholesky factorization.
W0512 21:07:52.784744 28516 levenberg_marquardt_strategy.cc:115] Linear solver failure. Failed to compute a step: Eigen failure. Unable to perform dense Cholesky factorization.
W0512 21:07:52.788869 28516 levenberg_marquardt_strategy.cc:115] Linear solver failure. Failed to compute a step: Eigen failure. Unable to perform dense Cholesky factorization.
W0512 21:07:52.790201 28516 levenberg_marquardt_strategy.cc:115] Linear solver failure. Failed to compute a step: Eigen failure. Unable to perform dense Cholesky factorization.
W0512 21:07:52.794486 28516 levenberg_marquardt_strategy.cc:115] Linear solver failure. Failed to compute a step: Eigen failure. Unable to perform dense Cholesky factorization.
W0512 21:07:52.798363 28516 levenberg_marquardt_strategy.cc:115] Linear solver failure. Failed to compute a step: Eigen failure. Unable to perform dense Cholesky factorization.
W0512 21:07:52.799553 28516 levenberg_marquardt_strategy.cc:115] Linear solver failure. Failed to compute a step: Eigen failure. Unable to perform dense Cholesky factorization.
W0512 21:07:52.806149 28516 levenberg_marquardt_strategy.cc:115] Linear solver failure. Failed to compute a step: Eigen failure. Unable to perform dense Cholesky factorization.
W0512 21:07:52.807443 28516 levenberg_marquardt_strategy.cc:115] Linear solver failure. Failed to compute a step: Eigen failure. Unable to perform dense Cholesky factorization.
****************** OPTIM FOUND 38 OUTLIERS : redoing optim!!
camera[7]
{
	 r_vec : (-0.0055464, 0.0432101, 0.0074186)
	 t_vec : (-1.15389, -0.0036159, 0.021156)
}
ADDED 0 new points
Using 4 over 15 cameras
0 0 0 0 0 0 1 1 0 1 0 0 1 0 0 
****************** OPTIM CHEIRALITY VIOLATION for 20 points : redoing optim!!
camera[12]
{
	 r_vec : (1.20776, -0.337467, -2.76196)
	 t_vec : (9.44885, -2.11463, -19.3315)
}
Diverged: geometry exploded (max_dist = 111.154)
Try to look for a better seed pair
Seed pair (5, 10): inliers E=650 H=85
camera[5]
{
	 r_vec : (0, 0, 0)
	 t_vec : (0, 0, 0)
}
camera[10]
{
	 r_vec : (-0.0553854, 0.0542135, 0.0421295)
	 t_vec : (0.347308, -0.92185, -0.171961)
}
camera[10]
{
	 r_vec : (-0.0547265, 0.0550095, 0.0415498)
	 t_vec : (0.339418, -0.915712, -0.176428)
}
ADDED 1 new points
Using 3 over 15 cameras
0 0 0 0 1 1 0 0 0 0 1 0 0 0 0 
****************** OPTIM CHEIRALITY VIOLATION for 388 points : redoing optim!!
camera[4]
{
	 r_vec : (-0.436047, -0.240544, -3.16616)
	 t_vec : (-3.85693, -2.11291, -24.9732)
}
Diverged: geometry exploded (max_dist = 127.137)
Try to look for a better seed pair
Seed pair (0, 1): inliers E=710 H=106
camera[0]
{
	 r_vec : (0, 0, 0)
	 t_vec : (0, 0, 0)
}
camera[1]
{
	 r_vec : (-0.0211481, 0.0327685, 0.0233952)
	 t_vec : (-0.193844, -0.903265, 0.382801)
}
camera[1]
{
	 r_vec : (-0.021525, 0.0341364, 0.0226477)
	 t_vec : (-0.207994, -0.905531, 0.39124)
}
ADDED 693 new points
Using 3 over 15 cameras
1 1 1 0 0 0 0 0 0 0 0 0 0 0 0 
****************** OPTIM FOUND 12 OUTLIERS : redoing optim!!
camera[2]
{
	 r_vec : (-0.0297605, 0.0974931, 0.0231755)
	 t_vec : (-1.6345, -0.888991, 0.752064)
}
ADDED 0 new points
Using 4 over 15 cameras
1 1 1 1 0 0 0 0 0 0 0 0 0 0 0 
****************** OPTIM CHEIRALITY VIOLATION for 42 points : redoing optim!!
camera[3]
{
	 r_vec : (-0.379046, 0.353661, 3.15897)
	 t_vec : (3.6247, -1.60809, -19.8146)
}
Diverged: geometry exploded (max_dist = 108.906)
Try to look for a better seed pair
Seed pair (8, 13): inliers E=585 H=59
camera[8]
{
	 r_vec : (0, 0, 0)
	 t_vec : (0, 0, 0)
}
camera[13]
{
	 r_vec : (0.0128334, 0.0288875, 0.00404307)
	 t_vec : (-0.937482, 0.158851, 0.309668)
}
****************** OPTIM FOUND 13 OUTLIERS : redoing optim!!
camera[13]
{
	 r_vec : (0.0122782, 0.0280429, 0.0018043)
	 t_vec : (-0.924455, 0.142582, 0.30139)
}
ADDED 1194 new points
Using 3 over 15 cameras
0 0 0 0 0 0 0 0 1 0 0 0 1 1 0 
****************** OPTIM FOUND 47 OUTLIERS : redoing optim!!
camera[12]
{
	 r_vec : (0.0157571, 0.081291, -0.0135378)
	 t_vec : (-1.04683, 0.892485, 0.528541)
}
ADDED 0 new points
Using 4 over 15 cameras
0 0 0 0 0 0 0 0 1 0 0 0 1 1 1 
****************** OPTIM CHEIRALITY VIOLATION for 104 points : redoing optim!!
camera[14]
{
	 r_vec : (1.00171, -0.204969, -2.97358)
	 t_vec : (6.61195, -1.93658, -17.9451)
}
Diverged: geometry exploded (max_dist = 100.977)
Try to look for a better seed pair
Seed pair (2, 3): inliers E=654 H=49
camera[2]
{
	 r_vec : (0, 0, 0)
	 t_vec : (0, 0, 0)
}
camera[3]
{
	 r_vec : (-0.0140748, 0.0612433, 0.00978662)
	 t_vec : (-0.967005, -0.00358631, 0.254731)
}
camera[3]
{
	 r_vec : (-0.0133477, 0.0605942, 0.00984916)
	 t_vec : (-0.958515, 0.00402618, 0.252618)
}
ADDED 675 new points
Using 3 over 15 cameras
0 0 1 1 1 0 0 0 0 0 0 0 0 0 0 
****************** OPTIM FOUND 13 OUTLIERS : redoing optim!!
camera[4]
{
	 r_vec : (-0.0191987, 0.132513, 0.0341106)
	 t_vec : (-2.0811, -0.00698119, 0.547138)
}
ADDED 361 new points
Using 4 over 15 cameras
0 0 1 1 1 1 0 0 0 0 0 0 0 0 0 
camera[5]
{
	 r_vec : (-0.00825078, 0.210561, 0.0667766)
	 t_vec : (-3.23668, -0.170201, 0.942821)
}
ADDED 633 new points
Using 5 over 15 cameras
0 0 1 1 1 1 0 0 0 0 1 0 0 0 0 
****************** OPTIM FOUND 6 OUTLIERS : redoing optim!!
camera[10]
{
	 r_vec : (-0.045621, 0.283018, 0.100688)
	 t_vec : (-3.03767, -0.861125, 0.992983)
}
ADDED 303 new points
Using 6 over 15 cameras
0 0 1 1 1 1 1 0 0 0 1 0 0 0 0 
****************** OPTIM FOUND 9 OUTLIERS : redoing optim!!
camera[6]
{
	 r_vec : (-0.0210317, 0.315026, 0.119859)
	 t_vec : (-4.21784, -0.430936, 1.46237)
}
ADDED 537 new points
Using 7 over 15 cameras
0 0 1 1 1 1 1 0 0 1 1 0 0 0 0 
****************** OPTIM FOUND 20 OUTLIERS : redoing optim!!
camera[9]
{
	 r_vec : (-0.0460041, 0.337924, 0.143788)
	 t_vec : (-4.1516, -1.17645, 1.05322)
}
ADDED 272 new points
Using 8 over 15 cameras
0 0 1 1 1 1 1 1 0 1 1 0 0 0 0 
****************** OPTIM FOUND 34 OUTLIERS : redoing optim!!
camera[7]
{
	 r_vec : (-0.024415, 0.362529, 0.128143)
	 t_vec : (-5.17899, -0.450818, 1.67476)
}
ADDED 369 new points
Using 9 over 15 cameras
0 0 1 1 1 1 1 1 1 1 1 0 0 0 0 
****************** OPTIM FOUND 22 OUTLIERS : redoing optim!!
camera[8]
{
	 r_vec : (-0.0449021, 0.368714, 0.147304)
	 t_vec : (-5.36996, -1.42656, 1.22633)
}
ADDED 375 new points
Using 10 over 15 cameras
0 0 1 1 1 1 1 1 1 1 1 0 0 1 0 
****************** OPTIM FOUND 32 OUTLIERS : redoing optim!!
camera[13]
{
	 r_vec : (-0.0303875, 0.409714, 0.153263)
	 t_vec : (-6.27873, -1.33104, 1.67986)
}
ADDED 487 new points
Using 11 over 15 cameras
0 0 1 1 1 1 1 1 1 1 1 0 1 1 0 
****************** OPTIM FOUND 13 OUTLIERS : redoing optim!!
camera[12]
{
	 r_vec : (-0.0193644, 0.459857, 0.141625)
	 t_vec : (-6.29333, -0.571725, 2.10534)
}
ADDED 521 new points
Using 12 over 15 cameras
0 0 1 1 1 1 1 1 1 1 1 0 1 1 1 
****************** OPTIM FOUND 21 OUTLIERS : redoing optim!!
camera[14]
{
	 r_vec : (-0.0235384, 0.452203, 0.147698)
	 t_vec : (-6.66826, -0.600693, 2.02548)
}
ADDED 413 new points
Using 13 over 15 cameras
0 1 1 1 1 1 1 1 1 1 1 0 1 1 1 
camera[1]
{
	 r_vec : (0.00663302, -0.0698506, -0.00536271)
	 t_vec : (1.19382, -0.026208, -0.166714)
}
ADDED 577 new points
Using 14 over 15 cameras
1 1 1 1 1 1 1 1 1 1 1 0 1 1 1 
****************** OPTIM FOUND 12 OUTLIERS : redoing optim!!
camera[0]
{
	 r_vec : (0.0285304, -0.109214, -0.0268926)
	 t_vec : (1.44462, 0.672204, -0.39174)
}
ADDED 0 new points
Using 15 over 15 cameras
1 1 1 1 1 1 1 1 1 1 1 1 1 1 1 
W0512 21:07:54.851559 28516 levenberg_marquardt_strategy.cc:115] Linear solver failure. Failed to compute a step: Eigen failure. Unable to perform dense Cholesky factorization.
W0512 21:07:54.873555 28516 levenberg_marquardt_strategy.cc:115] Linear solver failure. Failed to compute a step: Eigen failure. Unable to perform dense Cholesky factorization.
W0512 21:07:54.877452 28516 levenberg_marquardt_strategy.cc:115] Linear solver failure. Failed to compute a step: Eigen failure. Unable to perform dense Cholesky factorization.
W0512 21:07:54.892417 28516 levenberg_marquardt_strategy.cc:115] Linear solver failure. Failed to compute a step: Eigen failure. Unable to perform dense Cholesky factorization.
****************** OPTIM CHEIRALITY VIOLATION for 223 points : redoing optim!!
camera[11]
{
	 r_vec : (-0.132781, -0.133706, -3.09942)
	 t_vec : (-1.76938, -0.854063, -21.9735)
}
Diverged: geometry exploded (max_dist = 127.466)
Try to look for a better seed pair
Seed pair (6, 7): inliers E=586 H=57
camera[6]
{
	 r_vec : (0, 0, 0)
	 t_vec : (0, 0, 0)
}
camera[7]
{
	 r_vec : (0.00134624, 0.0783526, 0.010008)
	 t_vec : (-0.998516, 0.0541816, 0.00541446)
}
camera[7]
{
	 r_vec : (0.000439126, 0.0731416, 0.010176)
	 t_vec : (-0.957195, 0.0461603, -0.00176671)
}
ADDED 1025 new points
Using 3 over 15 cameras
0 0 0 0 0 0 1 1 0 1 0 0 0 0 0 
****************** OPTIM FOUND 42 OUTLIERS : redoing optim!!
camera[9]
{
	 r_vec : (-0.0253561, 0.0297793, 0.0290655)
	 t_vec : (-0.0494127, -0.508942, -0.382207)
}
ADDED 550 new points
Using 4 over 15 cameras
0 0 0 0 0 0 1 1 1 1 0 0 0 0 0 
****************** OPTIM FOUND 29 OUTLIERS : redoing optim!!
camera[8]
{
	 r_vec : (-0.0236603, 0.0608741, 0.0294903)
	 t_vec : (-0.959925, -0.66289, -0.358403)
}
ADDED 442 new points
Using 5 over 15 cameras
0 0 0 0 0 0 1 1 1 1 0 0 0 1 0 
****************** OPTIM FOUND 42 OUTLIERS : redoing optim!!
camera[13]
{
	 r_vec : (-0.0120012, 0.104198, 0.0332149)
	 t_vec : (-1.67828, -0.58097, -0.14366)
}
ADDED 546 new points
Using 6 over 15 cameras
0 0 0 0 0 0 1 1 1 1 0 0 1 1 0 
****************** OPTIM FOUND 27 OUTLIERS : redoing optim!!
camera[12]
{
	 r_vec : (-0.00678573, 0.151489, 0.0201902)
	 t_vec : (-1.7304, -0.0773805, 0.0161933)
}
ADDED 547 new points
Using 7 over 15 cameras
0 0 0 0 0 0 1 1 1 1 0 0 1 1 1 
****************** OPTIM FOUND 16 OUTLIERS : redoing optim!!
camera[14]
{
	 r_vec : (-0.00900924, 0.144578, 0.0271537)
	 t_vec : (-1.99501, -0.07979, -0.0217298)
}
ADDED 219 new points
Using 8 over 15 cameras
0 0 0 0 0 1 1 1 1 1 0 0 1 1 1 
****************** OPTIM FOUND 8 OUTLIERS : redoing optim!!
camera[5]
{
	 r_vec : (0.00913466, -0.103131, -0.0555305)
	 t_vec : (0.79048, 0.0109299, -0.0337216)
}
ADDED 464 new points
Using 9 over 15 cameras
0 0 0 0 0 1 1 1 1 1 1 0 1 1 1 
****************** OPTIM FOUND 18 OUTLIERS : redoing optim!!
camera[10]
{
	 r_vec : (-0.0269855, -0.0303429, -0.0150622)
	 t_vec : (0.847674, -0.396116, -0.231974)
}
ADDED 198 new points
Using 10 over 15 cameras
0 0 0 0 1 1 1 1 1 1 1 0 1 1 1 
****************** OPTIM FOUND 19 OUTLIERS : redoing optim!!
camera[4]
{
	 r_vec : (-0.00190255, -0.180364, -0.085762)
	 t_vec : (1.64563, 0.0237011, -0.0735239)
}
ADDED 322 new points
Using 11 over 15 cameras
0 0 0 1 1 1 1 1 1 1 1 0 1 1 1 
W0512 21:07:56.302403 28516 levenberg_marquardt_strategy.cc:115] Linear solver failure. Failed to compute a step: Eigen failure. Unable to perform dense Cholesky factorization.
W0512 21:07:56.329267 28516 levenberg_marquardt_strategy.cc:115] Linear solver failure. Failed to compute a step: Eigen failure. Unable to perform dense Cholesky factorization.
W0512 21:07:56.333338 28516 levenberg_marquardt_strategy.cc:115] Linear solver failure. Failed to compute a step: Eigen failure. Unable to perform dense Cholesky factorization.
W0512 21:07:56.350346 28516 levenberg_marquardt_strategy.cc:115] Linear solver failure. Failed to compute a step: Eigen failure. Unable to perform dense Cholesky factorization.
W0512 21:07:56.365393 28516 levenberg_marquardt_strategy.cc:115] Linear solver failure. Failed to compute a step: Eigen failure. Unable to perform dense Cholesky factorization.
W0512 21:07:56.379648 28516 levenberg_marquardt_strategy.cc:115] Linear solver failure. Failed to compute a step: Eigen failure. Unable to perform dense Cholesky factorization.
W0512 21:07:56.383667 28516 levenberg_marquardt_strategy.cc:115] Linear solver failure. Failed to compute a step: Eigen failure. Unable to perform dense Cholesky factorization.
W0512 21:07:56.398278 28516 levenberg_marquardt_strategy.cc:115] Linear solver failure. Failed to compute a step: Eigen failure. Unable to perform dense Cholesky factorization.
W0512 21:07:56.413492 28516 levenberg_marquardt_strategy.cc:115] Linear solver failure. Failed to compute a step: Eigen failure. Unable to perform dense Cholesky factorization.
****************** OPTIM FOUND 17 OUTLIERS : redoing optim!!
camera[3]
{
	 r_vec : (0.00361514, -0.258043, -0.110552)
	 t_vec : (2.50375, -0.0480719, -0.0581447)
}
ADDED 463 new points
Using 12 over 15 cameras
0 0 1 1 1 1 1 1 1 1 1 0 1 1 1 
****************** OPTIM FOUND 14 OUTLIERS : redoing optim!!
camera[2]
{
	 r_vec : (0.0155292, -0.315717, -0.123667)
	 t_vec : (3.17082, -0.106408, -0.0622188)
}
ADDED 322 new points
Using 13 over 15 cameras
0 1 1 1 1 1 1 1 1 1 1 0 1 1 1 
****************** OPTIM FOUND 10 OUTLIERS : redoing optim!!
camera[1]
{
	 r_vec : (0.026951, -0.376195, -0.125674)
	 t_vec : (3.97165, -0.124917, -0.00264701)
}
ADDED 567 new points
Using 14 over 15 cameras
1 1 1 1 1 1 1 1 1 1 1 0 1 1 1 
****************** OPTIM FOUND 16 OUTLIERS : redoing optim!!
camera[0]
{
	 r_vec : (0.0482949, -0.413014, -0.149343)
	 t_vec : (4.13386, 0.30947, -0.0471955)
}
ADDED 77 new points
Using 15 over 15 cameras
1 1 1 1 1 1 1 1 1 1 1 1 1 1 1 
****************** OPTIM FOUND 15 OUTLIERS : redoing optim!!
camera[11]
{
	 r_vec : (-0.0478857, -0.0969735, -0.0852552)
	 t_vec : (2.05138, -0.489512, -0.0639899)
}
===== FINAL METRICS =====
Registered cameras  : 15 / 15  (success rate 100 %)
Valid 3D points     : 5945
Mean reprojection err: 2.2666 px  (focal = 1296 px)
=========================
Recostruction completed, exiting
